<?xml version="1.0" encoding="UTF-8"?>
<testng-results skipped="0" failed="8" total="204" passed="196">
  <reporter-output>
  </reporter-output>
  <suite name="Iterator" duration-ms="853" started-at="2016-11-08T06:51:49Z" finished-at="2016-11-08T06:51:49Z">
    <groups>
    </groups>
    <test name="IUSingleList" duration-ms="853" started-at="2016-11-08T06:51:49Z" finished-at="2016-11-08T06:51:49Z">
      <class name="ItrTest_A_addToRearB_AB">
        <test-method status="PASS" signature="testItrNextNextRemove_hasNext()[pri:0, instance:ItrTest_A_addToRearB_AB@457e2f02]" name="testItrNextNextRemove_hasNext" duration-ms="0" started-at="2016-11-07T23:51:49Z" finished-at="2016-11-07T23:51:49Z">
          <reporter-output>
          </reporter-output>
        </test-method> <!-- testItrNextNextRemove_hasNext -->
        <test-method status="PASS" signature="initList(java.lang.String)[pri:0, instance:ItrTest_A_addToRearB_AB@457e2f02]" name="initList" is-config="true" duration-ms="0" started-at="2016-11-07T23:51:49Z" finished-at="2016-11-07T23:51:49Z">
          <params>
            <param index="0">
              <value>
                <![CDATA[singleLinkedList]]>
              </value>
            </param>
          </params>
          <reporter-output>
          </reporter-output>
        </test-method> <!-- initList -->
        <test-method status="PASS" signature="initList(java.lang.String)[pri:0, instance:ItrTest_A_addToRearB_AB@457e2f02]" name="initList" is-config="true" duration-ms="0" started-at="2016-11-07T23:51:49Z" finished-at="2016-11-07T23:51:49Z">
          <params>
            <param index="0">
              <value>
                <![CDATA[singleLinkedList]]>
              </value>
            </param>
          </params>
          <reporter-output>
          </reporter-output>
        </test-method> <!-- initList -->
        <test-method status="PASS" signature="testItrNextNextRemove_next()[pri:0, instance:ItrTest_A_addToRearB_AB@457e2f02]" name="testItrNextNextRemove_next" duration-ms="0" started-at="2016-11-07T23:51:49Z" finished-at="2016-11-07T23:51:49Z">
          <exception class="java.util.NoSuchElementException">
            <message>
              <![CDATA[IUSingleLinkedListIterator - next]]>
            </message>
            <full-stacktrace>
              <![CDATA[java.util.NoSuchElementException: IUSingleLinkedListIterator - next
	at IUSingleLinkedList$ListIterator.next(IUSingleLinkedList.java:446)
	at TestCase.next(TestCase.java:281)
	at ItrTest_A_addToRearB_AB.testItrNextNextRemove_next(ItrTest_A_addToRearB_AB.java:236)
	at sun.reflect.NativeMethodAccessorImpl.invoke0(Native Method)
	at sun.reflect.NativeMethodAccessorImpl.invoke(NativeMethodAccessorImpl.java:62)
	at sun.reflect.DelegatingMethodAccessorImpl.invoke(DelegatingMethodAccessorImpl.java:43)
	at java.lang.reflect.Method.invoke(Method.java:498)
	at org.testng.internal.MethodInvocationHelper.invokeMethod(MethodInvocationHelper.java:100)
	at org.testng.internal.Invoker.invokeMethod(Invoker.java:646)
	at org.testng.internal.Invoker.invokeTestMethod(Invoker.java:811)
	at org.testng.internal.Invoker.invokeTestMethods(Invoker.java:1137)
	at org.testng.internal.TestMethodWorker.invokeTestMethods(TestMethodWorker.java:129)
	at org.testng.internal.TestMethodWorker.run(TestMethodWorker.java:112)
	at org.testng.TestRunner.privateRun(TestRunner.java:753)
	at org.testng.TestRunner.run(TestRunner.java:607)
	at org.testng.SuiteRunner.runTest(SuiteRunner.java:368)
	at org.testng.SuiteRunner.runSequentially(SuiteRunner.java:363)
	at org.testng.SuiteRunner.privateRun(SuiteRunner.java:321)
	at org.testng.SuiteRunner.run(SuiteRunner.java:270)
	at org.testng.SuiteRunnerWorker.runSuite(SuiteRunnerWorker.java:52)
	at org.testng.SuiteRunnerWorker.run(SuiteRunnerWorker.java:86)
	at org.testng.TestNG.runSuitesSequentially(TestNG.java:1284)
	at org.testng.TestNG.runSuitesLocally(TestNG.java:1209)
	at org.testng.TestNG.runSuites(TestNG.java:1124)
	at org.testng.TestNG.run(TestNG.java:1096)
	at org.testng.remote.AbstractRemoteTestNG.run(AbstractRemoteTestNG.java:132)
	at org.testng.remote.RemoteTestNG.initAndRun(RemoteTestNG.java:236)
	at org.testng.remote.RemoteTestNG.main(RemoteTestNG.java:81)
]]>
            </full-stacktrace>
          </exception> <!-- java.util.NoSuchElementException -->
          <reporter-output>
          </reporter-output>
        </test-method> <!-- testItrNextNextRemove_next -->
        <test-method status="PASS" signature="testItrNextNextRemove_remove()[pri:0, instance:ItrTest_A_addToRearB_AB@457e2f02]" name="testItrNextNextRemove_remove" duration-ms="0" started-at="2016-11-07T23:51:49Z" finished-at="2016-11-07T23:51:49Z">
          <exception class="java.lang.IllegalStateException">
            <message>
              <![CDATA[IUSingleLinkedListIterator - remove]]>
            </message>
            <full-stacktrace>
              <![CDATA[java.lang.IllegalStateException: IUSingleLinkedListIterator - remove
	at IUSingleLinkedList$ListIterator.remove(IUSingleLinkedList.java:464)
	at TestCase.remove(TestCase.java:291)
	at ItrTest_A_addToRearB_AB.testItrNextNextRemove_remove(ItrTest_A_addToRearB_AB.java:247)
	at sun.reflect.NativeMethodAccessorImpl.invoke0(Native Method)
	at sun.reflect.NativeMethodAccessorImpl.invoke(NativeMethodAccessorImpl.java:62)
	at sun.reflect.DelegatingMethodAccessorImpl.invoke(DelegatingMethodAccessorImpl.java:43)
	at java.lang.reflect.Method.invoke(Method.java:498)
	at org.testng.internal.MethodInvocationHelper.invokeMethod(MethodInvocationHelper.java:100)
	at org.testng.internal.Invoker.invokeMethod(Invoker.java:646)
	at org.testng.internal.Invoker.invokeTestMethod(Invoker.java:811)
	at org.testng.internal.Invoker.invokeTestMethods(Invoker.java:1137)
	at org.testng.internal.TestMethodWorker.invokeTestMethods(TestMethodWorker.java:129)
	at org.testng.internal.TestMethodWorker.run(TestMethodWorker.java:112)
	at org.testng.TestRunner.privateRun(TestRunner.java:753)
	at org.testng.TestRunner.run(TestRunner.java:607)
	at org.testng.SuiteRunner.runTest(SuiteRunner.java:368)
	at org.testng.SuiteRunner.runSequentially(SuiteRunner.java:363)
	at org.testng.SuiteRunner.privateRun(SuiteRunner.java:321)
	at org.testng.SuiteRunner.run(SuiteRunner.java:270)
	at org.testng.SuiteRunnerWorker.runSuite(SuiteRunnerWorker.java:52)
	at org.testng.SuiteRunnerWorker.run(SuiteRunnerWorker.java:86)
	at org.testng.TestNG.runSuitesSequentially(TestNG.java:1284)
	at org.testng.TestNG.runSuitesLocally(TestNG.java:1209)
	at org.testng.TestNG.runSuites(TestNG.java:1124)
	at org.testng.TestNG.run(TestNG.java:1096)
	at org.testng.remote.AbstractRemoteTestNG.run(AbstractRemoteTestNG.java:132)
	at org.testng.remote.RemoteTestNG.initAndRun(RemoteTestNG.java:236)
	at org.testng.remote.RemoteTestNG.main(RemoteTestNG.java:81)
]]>
            </full-stacktrace>
          </exception> <!-- java.lang.IllegalStateException -->
          <reporter-output>
          </reporter-output>
        </test-method> <!-- testItrNextNextRemove_remove -->
        <test-method status="PASS" signature="initList(java.lang.String)[pri:0, instance:ItrTest_A_addToRearB_AB@457e2f02]" name="initList" is-config="true" duration-ms="0" started-at="2016-11-07T23:51:49Z" finished-at="2016-11-07T23:51:49Z">
          <params>
            <param index="0">
              <value>
                <![CDATA[singleLinkedList]]>
              </value>
            </param>
          </params>
          <reporter-output>
          </reporter-output>
        </test-method> <!-- initList -->
        <test-method status="PASS" signature="testItrNextNext_hasNext()[pri:0, instance:ItrTest_A_addToRearB_AB@457e2f02]" name="testItrNextNext_hasNext" duration-ms="0" started-at="2016-11-07T23:51:49Z" finished-at="2016-11-07T23:51:49Z">
          <reporter-output>
          </reporter-output>
        </test-method> <!-- testItrNextNext_hasNext -->
        <test-method status="PASS" signature="initList(java.lang.String)[pri:0, instance:ItrTest_A_addToRearB_AB@457e2f02]" name="initList" is-config="true" duration-ms="0" started-at="2016-11-07T23:51:49Z" finished-at="2016-11-07T23:51:49Z">
          <params>
            <param index="0">
              <value>
                <![CDATA[singleLinkedList]]>
              </value>
            </param>
          </params>
          <reporter-output>
          </reporter-output>
        </test-method> <!-- initList -->
        <test-method status="PASS" signature="initList(java.lang.String)[pri:0, instance:ItrTest_A_addToRearB_AB@457e2f02]" name="initList" is-config="true" duration-ms="0" started-at="2016-11-07T23:51:49Z" finished-at="2016-11-07T23:51:49Z">
          <params>
            <param index="0">
              <value>
                <![CDATA[singleLinkedList]]>
              </value>
            </param>
          </params>
          <reporter-output>
          </reporter-output>
        </test-method> <!-- initList -->
        <test-method status="PASS" signature="testItrNextNext_next()[pri:0, instance:ItrTest_A_addToRearB_AB@457e2f02]" name="testItrNextNext_next" duration-ms="0" started-at="2016-11-07T23:51:49Z" finished-at="2016-11-07T23:51:49Z">
          <exception class="java.util.NoSuchElementException">
            <message>
              <![CDATA[IUSingleLinkedListIterator - next]]>
            </message>
            <full-stacktrace>
              <![CDATA[java.util.NoSuchElementException: IUSingleLinkedListIterator - next
	at IUSingleLinkedList$ListIterator.next(IUSingleLinkedList.java:446)
	at TestCase.next(TestCase.java:281)
	at ItrTest_A_addToRearB_AB.testItrNextNext_next(ItrTest_A_addToRearB_AB.java:134)
	at sun.reflect.NativeMethodAccessorImpl.invoke0(Native Method)
	at sun.reflect.NativeMethodAccessorImpl.invoke(NativeMethodAccessorImpl.java:62)
	at sun.reflect.DelegatingMethodAccessorImpl.invoke(DelegatingMethodAccessorImpl.java:43)
	at java.lang.reflect.Method.invoke(Method.java:498)
	at org.testng.internal.MethodInvocationHelper.invokeMethod(MethodInvocationHelper.java:100)
	at org.testng.internal.Invoker.invokeMethod(Invoker.java:646)
	at org.testng.internal.Invoker.invokeTestMethod(Invoker.java:811)
	at org.testng.internal.Invoker.invokeTestMethods(Invoker.java:1137)
	at org.testng.internal.TestMethodWorker.invokeTestMethods(TestMethodWorker.java:129)
	at org.testng.internal.TestMethodWorker.run(TestMethodWorker.java:112)
	at org.testng.TestRunner.privateRun(TestRunner.java:753)
	at org.testng.TestRunner.run(TestRunner.java:607)
	at org.testng.SuiteRunner.runTest(SuiteRunner.java:368)
	at org.testng.SuiteRunner.runSequentially(SuiteRunner.java:363)
	at org.testng.SuiteRunner.privateRun(SuiteRunner.java:321)
	at org.testng.SuiteRunner.run(SuiteRunner.java:270)
	at org.testng.SuiteRunnerWorker.runSuite(SuiteRunnerWorker.java:52)
	at org.testng.SuiteRunnerWorker.run(SuiteRunnerWorker.java:86)
	at org.testng.TestNG.runSuitesSequentially(TestNG.java:1284)
	at org.testng.TestNG.runSuitesLocally(TestNG.java:1209)
	at org.testng.TestNG.runSuites(TestNG.java:1124)
	at org.testng.TestNG.run(TestNG.java:1096)
	at org.testng.remote.AbstractRemoteTestNG.run(AbstractRemoteTestNG.java:132)
	at org.testng.remote.RemoteTestNG.initAndRun(RemoteTestNG.java:236)
	at org.testng.remote.RemoteTestNG.main(RemoteTestNG.java:81)
]]>
            </full-stacktrace>
          </exception> <!-- java.util.NoSuchElementException -->
          <reporter-output>
          </reporter-output>
        </test-method> <!-- testItrNextNext_next -->
        <test-method status="PASS" signature="testItrNextNext_remove()[pri:0, instance:ItrTest_A_addToRearB_AB@457e2f02]" name="testItrNextNext_remove" duration-ms="0" started-at="2016-11-07T23:51:49Z" finished-at="2016-11-07T23:51:49Z">
          <reporter-output>
          </reporter-output>
        </test-method> <!-- testItrNextNext_remove -->
        <test-method status="PASS" signature="initList(java.lang.String)[pri:0, instance:ItrTest_A_addToRearB_AB@457e2f02]" name="initList" is-config="true" duration-ms="0" started-at="2016-11-07T23:51:49Z" finished-at="2016-11-07T23:51:49Z">
          <params>
            <param index="0">
              <value>
                <![CDATA[singleLinkedList]]>
              </value>
            </param>
          </params>
          <reporter-output>
          </reporter-output>
        </test-method> <!-- initList -->
        <test-method status="PASS" signature="initList(java.lang.String)[pri:0, instance:ItrTest_A_addToRearB_AB@457e2f02]" name="initList" is-config="true" duration-ms="0" started-at="2016-11-07T23:51:49Z" finished-at="2016-11-07T23:51:49Z">
          <params>
            <param index="0">
              <value>
                <![CDATA[singleLinkedList]]>
              </value>
            </param>
          </params>
          <reporter-output>
          </reporter-output>
        </test-method> <!-- initList -->
        <test-method status="PASS" signature="testItrNextRemoveNext_hasNext()[pri:0, instance:ItrTest_A_addToRearB_AB@457e2f02]" name="testItrNextRemoveNext_hasNext" duration-ms="0" started-at="2016-11-07T23:51:49Z" finished-at="2016-11-07T23:51:49Z">
          <reporter-output>
          </reporter-output>
        </test-method> <!-- testItrNextRemoveNext_hasNext -->
        <test-method status="PASS" signature="testItrNextRemoveNext_next()[pri:0, instance:ItrTest_A_addToRearB_AB@457e2f02]" name="testItrNextRemoveNext_next" duration-ms="3" started-at="2016-11-07T23:51:49Z" finished-at="2016-11-07T23:51:49Z">
          <exception class="java.util.NoSuchElementException">
            <message>
              <![CDATA[IUSingleLinkedListIterator - next]]>
            </message>
            <full-stacktrace>
              <![CDATA[java.util.NoSuchElementException: IUSingleLinkedListIterator - next
	at IUSingleLinkedList$ListIterator.next(IUSingleLinkedList.java:446)
	at TestCase.next(TestCase.java:281)
	at ItrTest_A_addToRearB_AB.testItrNextRemoveNext_next(ItrTest_A_addToRearB_AB.java:202)
	at sun.reflect.NativeMethodAccessorImpl.invoke0(Native Method)
	at sun.reflect.NativeMethodAccessorImpl.invoke(NativeMethodAccessorImpl.java:62)
	at sun.reflect.DelegatingMethodAccessorImpl.invoke(DelegatingMethodAccessorImpl.java:43)
	at java.lang.reflect.Method.invoke(Method.java:498)
	at org.testng.internal.MethodInvocationHelper.invokeMethod(MethodInvocationHelper.java:100)
	at org.testng.internal.Invoker.invokeMethod(Invoker.java:646)
	at org.testng.internal.Invoker.invokeTestMethod(Invoker.java:811)
	at org.testng.internal.Invoker.invokeTestMethods(Invoker.java:1137)
	at org.testng.internal.TestMethodWorker.invokeTestMethods(TestMethodWorker.java:129)
	at org.testng.internal.TestMethodWorker.run(TestMethodWorker.java:112)
	at org.testng.TestRunner.privateRun(TestRunner.java:753)
	at org.testng.TestRunner.run(TestRunner.java:607)
	at org.testng.SuiteRunner.runTest(SuiteRunner.java:368)
	at org.testng.SuiteRunner.runSequentially(SuiteRunner.java:363)
	at org.testng.SuiteRunner.privateRun(SuiteRunner.java:321)
	at org.testng.SuiteRunner.run(SuiteRunner.java:270)
	at org.testng.SuiteRunnerWorker.runSuite(SuiteRunnerWorker.java:52)
	at org.testng.SuiteRunnerWorker.run(SuiteRunnerWorker.java:86)
	at org.testng.TestNG.runSuitesSequentially(TestNG.java:1284)
	at org.testng.TestNG.runSuitesLocally(TestNG.java:1209)
	at org.testng.TestNG.runSuites(TestNG.java:1124)
	at org.testng.TestNG.run(TestNG.java:1096)
	at org.testng.remote.AbstractRemoteTestNG.run(AbstractRemoteTestNG.java:132)
	at org.testng.remote.RemoteTestNG.initAndRun(RemoteTestNG.java:236)
	at org.testng.remote.RemoteTestNG.main(RemoteTestNG.java:81)
]]>
            </full-stacktrace>
          </exception> <!-- java.util.NoSuchElementException -->
          <reporter-output>
          </reporter-output>
        </test-method> <!-- testItrNextRemoveNext_next -->
        <test-method status="PASS" signature="initList(java.lang.String)[pri:0, instance:ItrTest_A_addToRearB_AB@457e2f02]" name="initList" is-config="true" duration-ms="0" started-at="2016-11-07T23:51:49Z" finished-at="2016-11-07T23:51:49Z">
          <params>
            <param index="0">
              <value>
                <![CDATA[singleLinkedList]]>
              </value>
            </param>
          </params>
          <reporter-output>
          </reporter-output>
        </test-method> <!-- initList -->
        <test-method status="PASS" signature="testItrNextRemoveNext_remove()[pri:0, instance:ItrTest_A_addToRearB_AB@457e2f02]" name="testItrNextRemoveNext_remove" duration-ms="1" started-at="2016-11-07T23:51:49Z" finished-at="2016-11-07T23:51:49Z">
          <reporter-output>
          </reporter-output>
        </test-method> <!-- testItrNextRemoveNext_remove -->
        <test-method status="PASS" signature="initList(java.lang.String)[pri:0, instance:ItrTest_A_addToRearB_AB@457e2f02]" name="initList" is-config="true" duration-ms="0" started-at="2016-11-07T23:51:49Z" finished-at="2016-11-07T23:51:49Z">
          <params>
            <param index="0">
              <value>
                <![CDATA[singleLinkedList]]>
              </value>
            </param>
          </params>
          <reporter-output>
          </reporter-output>
        </test-method> <!-- initList -->
        <test-method status="PASS" signature="testItrNextRemove_hasNext()[pri:0, instance:ItrTest_A_addToRearB_AB@457e2f02]" name="testItrNextRemove_hasNext" duration-ms="1" started-at="2016-11-07T23:51:49Z" finished-at="2016-11-07T23:51:49Z">
          <reporter-output>
          </reporter-output>
        </test-method> <!-- testItrNextRemove_hasNext -->
        <test-method status="PASS" signature="initList(java.lang.String)[pri:0, instance:ItrTest_A_addToRearB_AB@457e2f02]" name="initList" is-config="true" duration-ms="0" started-at="2016-11-07T23:51:49Z" finished-at="2016-11-07T23:51:49Z">
          <params>
            <param index="0">
              <value>
                <![CDATA[singleLinkedList]]>
              </value>
            </param>
          </params>
          <reporter-output>
          </reporter-output>
        </test-method> <!-- initList -->
        <test-method status="PASS" signature="initList(java.lang.String)[pri:0, instance:ItrTest_A_addToRearB_AB@457e2f02]" name="initList" is-config="true" duration-ms="1" started-at="2016-11-07T23:51:49Z" finished-at="2016-11-07T23:51:49Z">
          <params>
            <param index="0">
              <value>
                <![CDATA[singleLinkedList]]>
              </value>
            </param>
          </params>
          <reporter-output>
          </reporter-output>
        </test-method> <!-- initList -->
        <test-method status="PASS" signature="testItrNextRemove_next()[pri:0, instance:ItrTest_A_addToRearB_AB@457e2f02]" name="testItrNextRemove_next" duration-ms="0" started-at="2016-11-07T23:51:49Z" finished-at="2016-11-07T23:51:49Z">
          <reporter-output>
          </reporter-output>
        </test-method> <!-- testItrNextRemove_next -->
        <test-method status="PASS" signature="initList(java.lang.String)[pri:0, instance:ItrTest_A_addToRearB_AB@457e2f02]" name="initList" is-config="true" duration-ms="0" started-at="2016-11-07T23:51:49Z" finished-at="2016-11-07T23:51:49Z">
          <params>
            <param index="0">
              <value>
                <![CDATA[singleLinkedList]]>
              </value>
            </param>
          </params>
          <reporter-output>
          </reporter-output>
        </test-method> <!-- initList -->
        <test-method status="PASS" signature="testItrNextRemove_remove()[pri:0, instance:ItrTest_A_addToRearB_AB@457e2f02]" name="testItrNextRemove_remove" duration-ms="0" started-at="2016-11-07T23:51:49Z" finished-at="2016-11-07T23:51:49Z">
          <exception class="java.lang.IllegalStateException">
            <message>
              <![CDATA[IUSingleLinkedListIterator - remove]]>
            </message>
            <full-stacktrace>
              <![CDATA[java.lang.IllegalStateException: IUSingleLinkedListIterator - remove
	at IUSingleLinkedList$ListIterator.remove(IUSingleLinkedList.java:464)
	at TestCase.remove(TestCase.java:291)
	at ItrTest_A_addToRearB_AB.testItrNextRemove_remove(ItrTest_A_addToRearB_AB.java:179)
	at sun.reflect.NativeMethodAccessorImpl.invoke0(Native Method)
	at sun.reflect.NativeMethodAccessorImpl.invoke(NativeMethodAccessorImpl.java:62)
	at sun.reflect.DelegatingMethodAccessorImpl.invoke(DelegatingMethodAccessorImpl.java:43)
	at java.lang.reflect.Method.invoke(Method.java:498)
	at org.testng.internal.MethodInvocationHelper.invokeMethod(MethodInvocationHelper.java:100)
	at org.testng.internal.Invoker.invokeMethod(Invoker.java:646)
	at org.testng.internal.Invoker.invokeTestMethod(Invoker.java:811)
	at org.testng.internal.Invoker.invokeTestMethods(Invoker.java:1137)
	at org.testng.internal.TestMethodWorker.invokeTestMethods(TestMethodWorker.java:129)
	at org.testng.internal.TestMethodWorker.run(TestMethodWorker.java:112)
	at org.testng.TestRunner.privateRun(TestRunner.java:753)
	at org.testng.TestRunner.run(TestRunner.java:607)
	at org.testng.SuiteRunner.runTest(SuiteRunner.java:368)
	at org.testng.SuiteRunner.runSequentially(SuiteRunner.java:363)
	at org.testng.SuiteRunner.privateRun(SuiteRunner.java:321)
	at org.testng.SuiteRunner.run(SuiteRunner.java:270)
	at org.testng.SuiteRunnerWorker.runSuite(SuiteRunnerWorker.java:52)
	at org.testng.SuiteRunnerWorker.run(SuiteRunnerWorker.java:86)
	at org.testng.TestNG.runSuitesSequentially(TestNG.java:1284)
	at org.testng.TestNG.runSuitesLocally(TestNG.java:1209)
	at org.testng.TestNG.runSuites(TestNG.java:1124)
	at org.testng.TestNG.run(TestNG.java:1096)
	at org.testng.remote.AbstractRemoteTestNG.run(AbstractRemoteTestNG.java:132)
	at org.testng.remote.RemoteTestNG.initAndRun(RemoteTestNG.java:236)
	at org.testng.remote.RemoteTestNG.main(RemoteTestNG.java:81)
]]>
            </full-stacktrace>
          </exception> <!-- java.lang.IllegalStateException -->
          <reporter-output>
          </reporter-output>
        </test-method> <!-- testItrNextRemove_remove -->
        <test-method status="PASS" signature="initList(java.lang.String)[pri:0, instance:ItrTest_A_addToRearB_AB@457e2f02]" name="initList" is-config="true" duration-ms="0" started-at="2016-11-07T23:51:49Z" finished-at="2016-11-07T23:51:49Z">
          <params>
            <param index="0">
              <value>
                <![CDATA[singleLinkedList]]>
              </value>
            </param>
          </params>
          <reporter-output>
          </reporter-output>
        </test-method> <!-- initList -->
        <test-method status="PASS" signature="testItrNext_hasNext()[pri:0, instance:ItrTest_A_addToRearB_AB@457e2f02]" name="testItrNext_hasNext" duration-ms="1" started-at="2016-11-07T23:51:49Z" finished-at="2016-11-07T23:51:49Z">
          <reporter-output>
          </reporter-output>
        </test-method> <!-- testItrNext_hasNext -->
        <test-method status="PASS" signature="initList(java.lang.String)[pri:0, instance:ItrTest_A_addToRearB_AB@457e2f02]" name="initList" is-config="true" duration-ms="0" started-at="2016-11-07T23:51:49Z" finished-at="2016-11-07T23:51:49Z">
          <params>
            <param index="0">
              <value>
                <![CDATA[singleLinkedList]]>
              </value>
            </param>
          </params>
          <reporter-output>
          </reporter-output>
        </test-method> <!-- initList -->
        <test-method status="PASS" signature="testItrNext_next()[pri:0, instance:ItrTest_A_addToRearB_AB@457e2f02]" name="testItrNext_next" duration-ms="0" started-at="2016-11-07T23:51:49Z" finished-at="2016-11-07T23:51:49Z">
          <reporter-output>
          </reporter-output>
        </test-method> <!-- testItrNext_next -->
        <test-method status="PASS" signature="testItrNext_remove()[pri:0, instance:ItrTest_A_addToRearB_AB@457e2f02]" name="testItrNext_remove" duration-ms="1" started-at="2016-11-07T23:51:49Z" finished-at="2016-11-07T23:51:49Z">
          <reporter-output>
          </reporter-output>
        </test-method> <!-- testItrNext_remove -->
        <test-method status="PASS" signature="initList(java.lang.String)[pri:0, instance:ItrTest_A_addToRearB_AB@457e2f02]" name="initList" is-config="true" duration-ms="0" started-at="2016-11-07T23:51:49Z" finished-at="2016-11-07T23:51:49Z">
          <params>
            <param index="0">
              <value>
                <![CDATA[singleLinkedList]]>
              </value>
            </param>
          </params>
          <reporter-output>
          </reporter-output>
        </test-method> <!-- initList -->
        <test-method status="PASS" signature="initList(java.lang.String)[pri:0, instance:ItrTest_A_addToRearB_AB@457e2f02]" name="initList" is-config="true" duration-ms="0" started-at="2016-11-07T23:51:49Z" finished-at="2016-11-07T23:51:49Z">
          <params>
            <param index="0">
              <value>
                <![CDATA[singleLinkedList]]>
              </value>
            </param>
          </params>
          <reporter-output>
          </reporter-output>
        </test-method> <!-- initList -->
        <test-method status="PASS" signature="testItr_hasNext()[pri:0, instance:ItrTest_A_addToRearB_AB@457e2f02]" name="testItr_hasNext" duration-ms="1" started-at="2016-11-07T23:51:49Z" finished-at="2016-11-07T23:51:49Z">
          <reporter-output>
          </reporter-output>
        </test-method> <!-- testItr_hasNext -->
        <test-method status="PASS" signature="initList(java.lang.String)[pri:0, instance:ItrTest_A_addToRearB_AB@457e2f02]" name="initList" is-config="true" duration-ms="0" started-at="2016-11-07T23:51:49Z" finished-at="2016-11-07T23:51:49Z">
          <params>
            <param index="0">
              <value>
                <![CDATA[singleLinkedList]]>
              </value>
            </param>
          </params>
          <reporter-output>
          </reporter-output>
        </test-method> <!-- initList -->
        <test-method status="PASS" signature="testItr_next()[pri:0, instance:ItrTest_A_addToRearB_AB@457e2f02]" name="testItr_next" duration-ms="1" started-at="2016-11-07T23:51:49Z" finished-at="2016-11-07T23:51:49Z">
          <reporter-output>
          </reporter-output>
        </test-method> <!-- testItr_next -->
        <test-method status="PASS" signature="initList(java.lang.String)[pri:0, instance:ItrTest_A_addToRearB_AB@457e2f02]" name="initList" is-config="true" duration-ms="0" started-at="2016-11-07T23:51:49Z" finished-at="2016-11-07T23:51:49Z">
          <params>
            <param index="0">
              <value>
                <![CDATA[singleLinkedList]]>
              </value>
            </param>
          </params>
          <reporter-output>
          </reporter-output>
        </test-method> <!-- initList -->
        <test-method status="PASS" signature="testItr_remove()[pri:0, instance:ItrTest_A_addToRearB_AB@457e2f02]" name="testItr_remove" duration-ms="0" started-at="2016-11-07T23:51:49Z" finished-at="2016-11-07T23:51:49Z">
          <exception class="java.lang.IllegalStateException">
            <message>
              <![CDATA[IUSingleLinkedListIterator - remove]]>
            </message>
            <full-stacktrace>
              <![CDATA[java.lang.IllegalStateException: IUSingleLinkedListIterator - remove
	at IUSingleLinkedList$ListIterator.remove(IUSingleLinkedList.java:464)
	at TestCase.remove(TestCase.java:291)
	at ItrTest_A_addToRearB_AB.testItr_remove(ItrTest_A_addToRearB_AB.java:77)
	at sun.reflect.NativeMethodAccessorImpl.invoke0(Native Method)
	at sun.reflect.NativeMethodAccessorImpl.invoke(NativeMethodAccessorImpl.java:62)
	at sun.reflect.DelegatingMethodAccessorImpl.invoke(DelegatingMethodAccessorImpl.java:43)
	at java.lang.reflect.Method.invoke(Method.java:498)
	at org.testng.internal.MethodInvocationHelper.invokeMethod(MethodInvocationHelper.java:100)
	at org.testng.internal.Invoker.invokeMethod(Invoker.java:646)
	at org.testng.internal.Invoker.invokeTestMethod(Invoker.java:811)
	at org.testng.internal.Invoker.invokeTestMethods(Invoker.java:1137)
	at org.testng.internal.TestMethodWorker.invokeTestMethods(TestMethodWorker.java:129)
	at org.testng.internal.TestMethodWorker.run(TestMethodWorker.java:112)
	at org.testng.TestRunner.privateRun(TestRunner.java:753)
	at org.testng.TestRunner.run(TestRunner.java:607)
	at org.testng.SuiteRunner.runTest(SuiteRunner.java:368)
	at org.testng.SuiteRunner.runSequentially(SuiteRunner.java:363)
	at org.testng.SuiteRunner.privateRun(SuiteRunner.java:321)
	at org.testng.SuiteRunner.run(SuiteRunner.java:270)
	at org.testng.SuiteRunnerWorker.runSuite(SuiteRunnerWorker.java:52)
	at org.testng.SuiteRunnerWorker.run(SuiteRunnerWorker.java:86)
	at org.testng.TestNG.runSuitesSequentially(TestNG.java:1284)
	at org.testng.TestNG.runSuitesLocally(TestNG.java:1209)
	at org.testng.TestNG.runSuites(TestNG.java:1124)
	at org.testng.TestNG.run(TestNG.java:1096)
	at org.testng.remote.AbstractRemoteTestNG.run(AbstractRemoteTestNG.java:132)
	at org.testng.remote.RemoteTestNG.initAndRun(RemoteTestNG.java:236)
	at org.testng.remote.RemoteTestNG.main(RemoteTestNG.java:81)
]]>
            </full-stacktrace>
          </exception> <!-- java.lang.IllegalStateException -->
          <reporter-output>
          </reporter-output>
        </test-method> <!-- testItr_remove -->
      </class> <!-- ItrTest_A_addToRearB_AB -->
      <class name="ItrTest_A_addToFrontB_BA">
        <test-method status="PASS" signature="testItrNextNextRemove_hasNext()[pri:0, instance:ItrTest_A_addToFrontB_BA@4cc0edeb]" name="testItrNextNextRemove_hasNext" duration-ms="0" started-at="2016-11-07T23:51:49Z" finished-at="2016-11-07T23:51:49Z">
          <reporter-output>
          </reporter-output>
        </test-method> <!-- testItrNextNextRemove_hasNext -->
        <test-method status="PASS" signature="initList(java.lang.String)[pri:0, instance:ItrTest_A_addToFrontB_BA@4cc0edeb]" name="initList" is-config="true" duration-ms="0" started-at="2016-11-07T23:51:49Z" finished-at="2016-11-07T23:51:49Z">
          <params>
            <param index="0">
              <value>
                <![CDATA[singleLinkedList]]>
              </value>
            </param>
          </params>
          <reporter-output>
          </reporter-output>
        </test-method> <!-- initList -->
        <test-method status="PASS" signature="initList(java.lang.String)[pri:0, instance:ItrTest_A_addToFrontB_BA@4cc0edeb]" name="initList" is-config="true" duration-ms="0" started-at="2016-11-07T23:51:49Z" finished-at="2016-11-07T23:51:49Z">
          <params>
            <param index="0">
              <value>
                <![CDATA[singleLinkedList]]>
              </value>
            </param>
          </params>
          <reporter-output>
          </reporter-output>
        </test-method> <!-- initList -->
        <test-method status="PASS" signature="testItrNextNextRemove_next()[pri:0, instance:ItrTest_A_addToFrontB_BA@4cc0edeb]" name="testItrNextNextRemove_next" duration-ms="4" started-at="2016-11-07T23:51:49Z" finished-at="2016-11-07T23:51:49Z">
          <exception class="java.util.NoSuchElementException">
            <message>
              <![CDATA[IUSingleLinkedListIterator - next]]>
            </message>
            <full-stacktrace>
              <![CDATA[java.util.NoSuchElementException: IUSingleLinkedListIterator - next
	at IUSingleLinkedList$ListIterator.next(IUSingleLinkedList.java:446)
	at TestCase.next(TestCase.java:281)
	at ItrTest_A_addToFrontB_BA.testItrNextNextRemove_next(ItrTest_A_addToFrontB_BA.java:236)
	at sun.reflect.NativeMethodAccessorImpl.invoke0(Native Method)
	at sun.reflect.NativeMethodAccessorImpl.invoke(NativeMethodAccessorImpl.java:62)
	at sun.reflect.DelegatingMethodAccessorImpl.invoke(DelegatingMethodAccessorImpl.java:43)
	at java.lang.reflect.Method.invoke(Method.java:498)
	at org.testng.internal.MethodInvocationHelper.invokeMethod(MethodInvocationHelper.java:100)
	at org.testng.internal.Invoker.invokeMethod(Invoker.java:646)
	at org.testng.internal.Invoker.invokeTestMethod(Invoker.java:811)
	at org.testng.internal.Invoker.invokeTestMethods(Invoker.java:1137)
	at org.testng.internal.TestMethodWorker.invokeTestMethods(TestMethodWorker.java:129)
	at org.testng.internal.TestMethodWorker.run(TestMethodWorker.java:112)
	at org.testng.TestRunner.privateRun(TestRunner.java:753)
	at org.testng.TestRunner.run(TestRunner.java:607)
	at org.testng.SuiteRunner.runTest(SuiteRunner.java:368)
	at org.testng.SuiteRunner.runSequentially(SuiteRunner.java:363)
	at org.testng.SuiteRunner.privateRun(SuiteRunner.java:321)
	at org.testng.SuiteRunner.run(SuiteRunner.java:270)
	at org.testng.SuiteRunnerWorker.runSuite(SuiteRunnerWorker.java:52)
	at org.testng.SuiteRunnerWorker.run(SuiteRunnerWorker.java:86)
	at org.testng.TestNG.runSuitesSequentially(TestNG.java:1284)
	at org.testng.TestNG.runSuitesLocally(TestNG.java:1209)
	at org.testng.TestNG.runSuites(TestNG.java:1124)
	at org.testng.TestNG.run(TestNG.java:1096)
	at org.testng.remote.AbstractRemoteTestNG.run(AbstractRemoteTestNG.java:132)
	at org.testng.remote.RemoteTestNG.initAndRun(RemoteTestNG.java:236)
	at org.testng.remote.RemoteTestNG.main(RemoteTestNG.java:81)
]]>
            </full-stacktrace>
          </exception> <!-- java.util.NoSuchElementException -->
          <reporter-output>
          </reporter-output>
        </test-method> <!-- testItrNextNextRemove_next -->
        <test-method status="PASS" signature="initList(java.lang.String)[pri:0, instance:ItrTest_A_addToFrontB_BA@4cc0edeb]" name="initList" is-config="true" duration-ms="1" started-at="2016-11-07T23:51:49Z" finished-at="2016-11-07T23:51:49Z">
          <params>
            <param index="0">
              <value>
                <![CDATA[singleLinkedList]]>
              </value>
            </param>
          </params>
          <reporter-output>
          </reporter-output>
        </test-method> <!-- initList -->
        <test-method status="PASS" signature="testItrNextNextRemove_remove()[pri:0, instance:ItrTest_A_addToFrontB_BA@4cc0edeb]" name="testItrNextNextRemove_remove" duration-ms="0" started-at="2016-11-07T23:51:49Z" finished-at="2016-11-07T23:51:49Z">
          <exception class="java.lang.IllegalStateException">
            <message>
              <![CDATA[IUSingleLinkedListIterator - remove]]>
            </message>
            <full-stacktrace>
              <![CDATA[java.lang.IllegalStateException: IUSingleLinkedListIterator - remove
	at IUSingleLinkedList$ListIterator.remove(IUSingleLinkedList.java:464)
	at TestCase.remove(TestCase.java:291)
	at ItrTest_A_addToFrontB_BA.testItrNextNextRemove_remove(ItrTest_A_addToFrontB_BA.java:247)
	at sun.reflect.NativeMethodAccessorImpl.invoke0(Native Method)
	at sun.reflect.NativeMethodAccessorImpl.invoke(NativeMethodAccessorImpl.java:62)
	at sun.reflect.DelegatingMethodAccessorImpl.invoke(DelegatingMethodAccessorImpl.java:43)
	at java.lang.reflect.Method.invoke(Method.java:498)
	at org.testng.internal.MethodInvocationHelper.invokeMethod(MethodInvocationHelper.java:100)
	at org.testng.internal.Invoker.invokeMethod(Invoker.java:646)
	at org.testng.internal.Invoker.invokeTestMethod(Invoker.java:811)
	at org.testng.internal.Invoker.invokeTestMethods(Invoker.java:1137)
	at org.testng.internal.TestMethodWorker.invokeTestMethods(TestMethodWorker.java:129)
	at org.testng.internal.TestMethodWorker.run(TestMethodWorker.java:112)
	at org.testng.TestRunner.privateRun(TestRunner.java:753)
	at org.testng.TestRunner.run(TestRunner.java:607)
	at org.testng.SuiteRunner.runTest(SuiteRunner.java:368)
	at org.testng.SuiteRunner.runSequentially(SuiteRunner.java:363)
	at org.testng.SuiteRunner.privateRun(SuiteRunner.java:321)
	at org.testng.SuiteRunner.run(SuiteRunner.java:270)
	at org.testng.SuiteRunnerWorker.runSuite(SuiteRunnerWorker.java:52)
	at org.testng.SuiteRunnerWorker.run(SuiteRunnerWorker.java:86)
	at org.testng.TestNG.runSuitesSequentially(TestNG.java:1284)
	at org.testng.TestNG.runSuitesLocally(TestNG.java:1209)
	at org.testng.TestNG.runSuites(TestNG.java:1124)
	at org.testng.TestNG.run(TestNG.java:1096)
	at org.testng.remote.AbstractRemoteTestNG.run(AbstractRemoteTestNG.java:132)
	at org.testng.remote.RemoteTestNG.initAndRun(RemoteTestNG.java:236)
	at org.testng.remote.RemoteTestNG.main(RemoteTestNG.java:81)
]]>
            </full-stacktrace>
          </exception> <!-- java.lang.IllegalStateException -->
          <reporter-output>
          </reporter-output>
        </test-method> <!-- testItrNextNextRemove_remove -->
        <test-method status="PASS" signature="initList(java.lang.String)[pri:0, instance:ItrTest_A_addToFrontB_BA@4cc0edeb]" name="initList" is-config="true" duration-ms="3" started-at="2016-11-07T23:51:49Z" finished-at="2016-11-07T23:51:49Z">
          <params>
            <param index="0">
              <value>
                <![CDATA[singleLinkedList]]>
              </value>
            </param>
          </params>
          <reporter-output>
          </reporter-output>
        </test-method> <!-- initList -->
        <test-method status="PASS" signature="testItrNextNext_hasNext()[pri:0, instance:ItrTest_A_addToFrontB_BA@4cc0edeb]" name="testItrNextNext_hasNext" duration-ms="1" started-at="2016-11-07T23:51:49Z" finished-at="2016-11-07T23:51:49Z">
          <reporter-output>
          </reporter-output>
        </test-method> <!-- testItrNextNext_hasNext -->
        <test-method status="PASS" signature="initList(java.lang.String)[pri:0, instance:ItrTest_A_addToFrontB_BA@4cc0edeb]" name="initList" is-config="true" duration-ms="0" started-at="2016-11-07T23:51:49Z" finished-at="2016-11-07T23:51:49Z">
          <params>
            <param index="0">
              <value>
                <![CDATA[singleLinkedList]]>
              </value>
            </param>
          </params>
          <reporter-output>
          </reporter-output>
        </test-method> <!-- initList -->
        <test-method status="PASS" signature="testItrNextNext_next()[pri:0, instance:ItrTest_A_addToFrontB_BA@4cc0edeb]" name="testItrNextNext_next" duration-ms="2" started-at="2016-11-07T23:51:49Z" finished-at="2016-11-07T23:51:49Z">
          <exception class="java.util.NoSuchElementException">
            <message>
              <![CDATA[IUSingleLinkedListIterator - next]]>
            </message>
            <full-stacktrace>
              <![CDATA[java.util.NoSuchElementException: IUSingleLinkedListIterator - next
	at IUSingleLinkedList$ListIterator.next(IUSingleLinkedList.java:446)
	at TestCase.next(TestCase.java:281)
	at ItrTest_A_addToFrontB_BA.testItrNextNext_next(ItrTest_A_addToFrontB_BA.java:134)
	at sun.reflect.NativeMethodAccessorImpl.invoke0(Native Method)
	at sun.reflect.NativeMethodAccessorImpl.invoke(NativeMethodAccessorImpl.java:62)
	at sun.reflect.DelegatingMethodAccessorImpl.invoke(DelegatingMethodAccessorImpl.java:43)
	at java.lang.reflect.Method.invoke(Method.java:498)
	at org.testng.internal.MethodInvocationHelper.invokeMethod(MethodInvocationHelper.java:100)
	at org.testng.internal.Invoker.invokeMethod(Invoker.java:646)
	at org.testng.internal.Invoker.invokeTestMethod(Invoker.java:811)
	at org.testng.internal.Invoker.invokeTestMethods(Invoker.java:1137)
	at org.testng.internal.TestMethodWorker.invokeTestMethods(TestMethodWorker.java:129)
	at org.testng.internal.TestMethodWorker.run(TestMethodWorker.java:112)
	at org.testng.TestRunner.privateRun(TestRunner.java:753)
	at org.testng.TestRunner.run(TestRunner.java:607)
	at org.testng.SuiteRunner.runTest(SuiteRunner.java:368)
	at org.testng.SuiteRunner.runSequentially(SuiteRunner.java:363)
	at org.testng.SuiteRunner.privateRun(SuiteRunner.java:321)
	at org.testng.SuiteRunner.run(SuiteRunner.java:270)
	at org.testng.SuiteRunnerWorker.runSuite(SuiteRunnerWorker.java:52)
	at org.testng.SuiteRunnerWorker.run(SuiteRunnerWorker.java:86)
	at org.testng.TestNG.runSuitesSequentially(TestNG.java:1284)
	at org.testng.TestNG.runSuitesLocally(TestNG.java:1209)
	at org.testng.TestNG.runSuites(TestNG.java:1124)
	at org.testng.TestNG.run(TestNG.java:1096)
	at org.testng.remote.AbstractRemoteTestNG.run(AbstractRemoteTestNG.java:132)
	at org.testng.remote.RemoteTestNG.initAndRun(RemoteTestNG.java:236)
	at org.testng.remote.RemoteTestNG.main(RemoteTestNG.java:81)
]]>
            </full-stacktrace>
          </exception> <!-- java.util.NoSuchElementException -->
          <reporter-output>
          </reporter-output>
        </test-method> <!-- testItrNextNext_next -->
        <test-method status="PASS" signature="initList(java.lang.String)[pri:0, instance:ItrTest_A_addToFrontB_BA@4cc0edeb]" name="initList" is-config="true" duration-ms="0" started-at="2016-11-07T23:51:49Z" finished-at="2016-11-07T23:51:49Z">
          <params>
            <param index="0">
              <value>
                <![CDATA[singleLinkedList]]>
              </value>
            </param>
          </params>
          <reporter-output>
          </reporter-output>
        </test-method> <!-- initList -->
        <test-method status="PASS" signature="testItrNextNext_remove()[pri:0, instance:ItrTest_A_addToFrontB_BA@4cc0edeb]" name="testItrNextNext_remove" duration-ms="1" started-at="2016-11-07T23:51:49Z" finished-at="2016-11-07T23:51:49Z">
          <reporter-output>
          </reporter-output>
        </test-method> <!-- testItrNextNext_remove -->
        <test-method status="PASS" signature="testItrNextRemoveNext_hasNext()[pri:0, instance:ItrTest_A_addToFrontB_BA@4cc0edeb]" name="testItrNextRemoveNext_hasNext" duration-ms="1" started-at="2016-11-07T23:51:49Z" finished-at="2016-11-07T23:51:49Z">
          <reporter-output>
          </reporter-output>
        </test-method> <!-- testItrNextRemoveNext_hasNext -->
        <test-method status="PASS" signature="initList(java.lang.String)[pri:0, instance:ItrTest_A_addToFrontB_BA@4cc0edeb]" name="initList" is-config="true" duration-ms="0" started-at="2016-11-07T23:51:49Z" finished-at="2016-11-07T23:51:49Z">
          <params>
            <param index="0">
              <value>
                <![CDATA[singleLinkedList]]>
              </value>
            </param>
          </params>
          <reporter-output>
          </reporter-output>
        </test-method> <!-- initList -->
        <test-method status="PASS" signature="testItrNextRemoveNext_next()[pri:0, instance:ItrTest_A_addToFrontB_BA@4cc0edeb]" name="testItrNextRemoveNext_next" duration-ms="1" started-at="2016-11-07T23:51:49Z" finished-at="2016-11-07T23:51:49Z">
          <exception class="java.util.NoSuchElementException">
            <message>
              <![CDATA[IUSingleLinkedListIterator - next]]>
            </message>
            <full-stacktrace>
              <![CDATA[java.util.NoSuchElementException: IUSingleLinkedListIterator - next
	at IUSingleLinkedList$ListIterator.next(IUSingleLinkedList.java:446)
	at TestCase.next(TestCase.java:281)
	at ItrTest_A_addToFrontB_BA.testItrNextRemoveNext_next(ItrTest_A_addToFrontB_BA.java:202)
	at sun.reflect.NativeMethodAccessorImpl.invoke0(Native Method)
	at sun.reflect.NativeMethodAccessorImpl.invoke(NativeMethodAccessorImpl.java:62)
	at sun.reflect.DelegatingMethodAccessorImpl.invoke(DelegatingMethodAccessorImpl.java:43)
	at java.lang.reflect.Method.invoke(Method.java:498)
	at org.testng.internal.MethodInvocationHelper.invokeMethod(MethodInvocationHelper.java:100)
	at org.testng.internal.Invoker.invokeMethod(Invoker.java:646)
	at org.testng.internal.Invoker.invokeTestMethod(Invoker.java:811)
	at org.testng.internal.Invoker.invokeTestMethods(Invoker.java:1137)
	at org.testng.internal.TestMethodWorker.invokeTestMethods(TestMethodWorker.java:129)
	at org.testng.internal.TestMethodWorker.run(TestMethodWorker.java:112)
	at org.testng.TestRunner.privateRun(TestRunner.java:753)
	at org.testng.TestRunner.run(TestRunner.java:607)
	at org.testng.SuiteRunner.runTest(SuiteRunner.java:368)
	at org.testng.SuiteRunner.runSequentially(SuiteRunner.java:363)
	at org.testng.SuiteRunner.privateRun(SuiteRunner.java:321)
	at org.testng.SuiteRunner.run(SuiteRunner.java:270)
	at org.testng.SuiteRunnerWorker.runSuite(SuiteRunnerWorker.java:52)
	at org.testng.SuiteRunnerWorker.run(SuiteRunnerWorker.java:86)
	at org.testng.TestNG.runSuitesSequentially(TestNG.java:1284)
	at org.testng.TestNG.runSuitesLocally(TestNG.java:1209)
	at org.testng.TestNG.runSuites(TestNG.java:1124)
	at org.testng.TestNG.run(TestNG.java:1096)
	at org.testng.remote.AbstractRemoteTestNG.run(AbstractRemoteTestNG.java:132)
	at org.testng.remote.RemoteTestNG.initAndRun(RemoteTestNG.java:236)
	at org.testng.remote.RemoteTestNG.main(RemoteTestNG.java:81)
]]>
            </full-stacktrace>
          </exception> <!-- java.util.NoSuchElementException -->
          <reporter-output>
          </reporter-output>
        </test-method> <!-- testItrNextRemoveNext_next -->
        <test-method status="PASS" signature="initList(java.lang.String)[pri:0, instance:ItrTest_A_addToFrontB_BA@4cc0edeb]" name="initList" is-config="true" duration-ms="0" started-at="2016-11-07T23:51:49Z" finished-at="2016-11-07T23:51:49Z">
          <params>
            <param index="0">
              <value>
                <![CDATA[singleLinkedList]]>
              </value>
            </param>
          </params>
          <reporter-output>
          </reporter-output>
        </test-method> <!-- initList -->
        <test-method status="PASS" signature="initList(java.lang.String)[pri:0, instance:ItrTest_A_addToFrontB_BA@4cc0edeb]" name="initList" is-config="true" duration-ms="0" started-at="2016-11-07T23:51:49Z" finished-at="2016-11-07T23:51:49Z">
          <params>
            <param index="0">
              <value>
                <![CDATA[singleLinkedList]]>
              </value>
            </param>
          </params>
          <reporter-output>
          </reporter-output>
        </test-method> <!-- initList -->
        <test-method status="PASS" signature="testItrNextRemoveNext_remove()[pri:0, instance:ItrTest_A_addToFrontB_BA@4cc0edeb]" name="testItrNextRemoveNext_remove" duration-ms="1" started-at="2016-11-07T23:51:49Z" finished-at="2016-11-07T23:51:49Z">
          <reporter-output>
          </reporter-output>
        </test-method> <!-- testItrNextRemoveNext_remove -->
        <test-method status="PASS" signature="testItrNextRemove_hasNext()[pri:0, instance:ItrTest_A_addToFrontB_BA@4cc0edeb]" name="testItrNextRemove_hasNext" duration-ms="1" started-at="2016-11-07T23:51:49Z" finished-at="2016-11-07T23:51:49Z">
          <reporter-output>
          </reporter-output>
        </test-method> <!-- testItrNextRemove_hasNext -->
        <test-method status="PASS" signature="initList(java.lang.String)[pri:0, instance:ItrTest_A_addToFrontB_BA@4cc0edeb]" name="initList" is-config="true" duration-ms="0" started-at="2016-11-07T23:51:49Z" finished-at="2016-11-07T23:51:49Z">
          <params>
            <param index="0">
              <value>
                <![CDATA[singleLinkedList]]>
              </value>
            </param>
          </params>
          <reporter-output>
          </reporter-output>
        </test-method> <!-- initList -->
        <test-method status="PASS" signature="initList(java.lang.String)[pri:0, instance:ItrTest_A_addToFrontB_BA@4cc0edeb]" name="initList" is-config="true" duration-ms="0" started-at="2016-11-07T23:51:49Z" finished-at="2016-11-07T23:51:49Z">
          <params>
            <param index="0">
              <value>
                <![CDATA[singleLinkedList]]>
              </value>
            </param>
          </params>
          <reporter-output>
          </reporter-output>
        </test-method> <!-- initList -->
        <test-method status="PASS" signature="testItrNextRemove_next()[pri:0, instance:ItrTest_A_addToFrontB_BA@4cc0edeb]" name="testItrNextRemove_next" duration-ms="1" started-at="2016-11-07T23:51:49Z" finished-at="2016-11-07T23:51:49Z">
          <reporter-output>
          </reporter-output>
        </test-method> <!-- testItrNextRemove_next -->
        <test-method status="PASS" signature="testItrNextRemove_remove()[pri:0, instance:ItrTest_A_addToFrontB_BA@4cc0edeb]" name="testItrNextRemove_remove" duration-ms="1" started-at="2016-11-07T23:51:49Z" finished-at="2016-11-07T23:51:49Z">
          <exception class="java.lang.IllegalStateException">
            <message>
              <![CDATA[IUSingleLinkedListIterator - remove]]>
            </message>
            <full-stacktrace>
              <![CDATA[java.lang.IllegalStateException: IUSingleLinkedListIterator - remove
	at IUSingleLinkedList$ListIterator.remove(IUSingleLinkedList.java:464)
	at TestCase.remove(TestCase.java:291)
	at ItrTest_A_addToFrontB_BA.testItrNextRemove_remove(ItrTest_A_addToFrontB_BA.java:179)
	at sun.reflect.NativeMethodAccessorImpl.invoke0(Native Method)
	at sun.reflect.NativeMethodAccessorImpl.invoke(NativeMethodAccessorImpl.java:62)
	at sun.reflect.DelegatingMethodAccessorImpl.invoke(DelegatingMethodAccessorImpl.java:43)
	at java.lang.reflect.Method.invoke(Method.java:498)
	at org.testng.internal.MethodInvocationHelper.invokeMethod(MethodInvocationHelper.java:100)
	at org.testng.internal.Invoker.invokeMethod(Invoker.java:646)
	at org.testng.internal.Invoker.invokeTestMethod(Invoker.java:811)
	at org.testng.internal.Invoker.invokeTestMethods(Invoker.java:1137)
	at org.testng.internal.TestMethodWorker.invokeTestMethods(TestMethodWorker.java:129)
	at org.testng.internal.TestMethodWorker.run(TestMethodWorker.java:112)
	at org.testng.TestRunner.privateRun(TestRunner.java:753)
	at org.testng.TestRunner.run(TestRunner.java:607)
	at org.testng.SuiteRunner.runTest(SuiteRunner.java:368)
	at org.testng.SuiteRunner.runSequentially(SuiteRunner.java:363)
	at org.testng.SuiteRunner.privateRun(SuiteRunner.java:321)
	at org.testng.SuiteRunner.run(SuiteRunner.java:270)
	at org.testng.SuiteRunnerWorker.runSuite(SuiteRunnerWorker.java:52)
	at org.testng.SuiteRunnerWorker.run(SuiteRunnerWorker.java:86)
	at org.testng.TestNG.runSuitesSequentially(TestNG.java:1284)
	at org.testng.TestNG.runSuitesLocally(TestNG.java:1209)
	at org.testng.TestNG.runSuites(TestNG.java:1124)
	at org.testng.TestNG.run(TestNG.java:1096)
	at org.testng.remote.AbstractRemoteTestNG.run(AbstractRemoteTestNG.java:132)
	at org.testng.remote.RemoteTestNG.initAndRun(RemoteTestNG.java:236)
	at org.testng.remote.RemoteTestNG.main(RemoteTestNG.java:81)
]]>
            </full-stacktrace>
          </exception> <!-- java.lang.IllegalStateException -->
          <reporter-output>
          </reporter-output>
        </test-method> <!-- testItrNextRemove_remove -->
        <test-method status="PASS" signature="initList(java.lang.String)[pri:0, instance:ItrTest_A_addToFrontB_BA@4cc0edeb]" name="initList" is-config="true" duration-ms="0" started-at="2016-11-07T23:51:49Z" finished-at="2016-11-07T23:51:49Z">
          <params>
            <param index="0">
              <value>
                <![CDATA[singleLinkedList]]>
              </value>
            </param>
          </params>
          <reporter-output>
          </reporter-output>
        </test-method> <!-- initList -->
        <test-method status="PASS" signature="testItrNext_hasNext()[pri:0, instance:ItrTest_A_addToFrontB_BA@4cc0edeb]" name="testItrNext_hasNext" duration-ms="0" started-at="2016-11-07T23:51:49Z" finished-at="2016-11-07T23:51:49Z">
          <reporter-output>
          </reporter-output>
        </test-method> <!-- testItrNext_hasNext -->
        <test-method status="PASS" signature="initList(java.lang.String)[pri:0, instance:ItrTest_A_addToFrontB_BA@4cc0edeb]" name="initList" is-config="true" duration-ms="0" started-at="2016-11-07T23:51:49Z" finished-at="2016-11-07T23:51:49Z">
          <params>
            <param index="0">
              <value>
                <![CDATA[singleLinkedList]]>
              </value>
            </param>
          </params>
          <reporter-output>
          </reporter-output>
        </test-method> <!-- initList -->
        <test-method status="PASS" signature="initList(java.lang.String)[pri:0, instance:ItrTest_A_addToFrontB_BA@4cc0edeb]" name="initList" is-config="true" duration-ms="0" started-at="2016-11-07T23:51:49Z" finished-at="2016-11-07T23:51:49Z">
          <params>
            <param index="0">
              <value>
                <![CDATA[singleLinkedList]]>
              </value>
            </param>
          </params>
          <reporter-output>
          </reporter-output>
        </test-method> <!-- initList -->
        <test-method status="PASS" signature="testItrNext_next()[pri:0, instance:ItrTest_A_addToFrontB_BA@4cc0edeb]" name="testItrNext_next" duration-ms="1" started-at="2016-11-07T23:51:49Z" finished-at="2016-11-07T23:51:49Z">
          <reporter-output>
          </reporter-output>
        </test-method> <!-- testItrNext_next -->
        <test-method status="PASS" signature="testItrNext_remove()[pri:0, instance:ItrTest_A_addToFrontB_BA@4cc0edeb]" name="testItrNext_remove" duration-ms="1" started-at="2016-11-07T23:51:49Z" finished-at="2016-11-07T23:51:49Z">
          <reporter-output>
          </reporter-output>
        </test-method> <!-- testItrNext_remove -->
        <test-method status="PASS" signature="initList(java.lang.String)[pri:0, instance:ItrTest_A_addToFrontB_BA@4cc0edeb]" name="initList" is-config="true" duration-ms="0" started-at="2016-11-07T23:51:49Z" finished-at="2016-11-07T23:51:49Z">
          <params>
            <param index="0">
              <value>
                <![CDATA[singleLinkedList]]>
              </value>
            </param>
          </params>
          <reporter-output>
          </reporter-output>
        </test-method> <!-- initList -->
        <test-method status="PASS" signature="initList(java.lang.String)[pri:0, instance:ItrTest_A_addToFrontB_BA@4cc0edeb]" name="initList" is-config="true" duration-ms="1" started-at="2016-11-07T23:51:49Z" finished-at="2016-11-07T23:51:49Z">
          <params>
            <param index="0">
              <value>
                <![CDATA[singleLinkedList]]>
              </value>
            </param>
          </params>
          <reporter-output>
          </reporter-output>
        </test-method> <!-- initList -->
        <test-method status="PASS" signature="testItr_hasNext()[pri:0, instance:ItrTest_A_addToFrontB_BA@4cc0edeb]" name="testItr_hasNext" duration-ms="1" started-at="2016-11-07T23:51:49Z" finished-at="2016-11-07T23:51:49Z">
          <reporter-output>
          </reporter-output>
        </test-method> <!-- testItr_hasNext -->
        <test-method status="PASS" signature="initList(java.lang.String)[pri:0, instance:ItrTest_A_addToFrontB_BA@4cc0edeb]" name="initList" is-config="true" duration-ms="0" started-at="2016-11-07T23:51:49Z" finished-at="2016-11-07T23:51:49Z">
          <params>
            <param index="0">
              <value>
                <![CDATA[singleLinkedList]]>
              </value>
            </param>
          </params>
          <reporter-output>
          </reporter-output>
        </test-method> <!-- initList -->
        <test-method status="PASS" signature="testItr_next()[pri:0, instance:ItrTest_A_addToFrontB_BA@4cc0edeb]" name="testItr_next" duration-ms="0" started-at="2016-11-07T23:51:49Z" finished-at="2016-11-07T23:51:49Z">
          <reporter-output>
          </reporter-output>
        </test-method> <!-- testItr_next -->
        <test-method status="PASS" signature="initList(java.lang.String)[pri:0, instance:ItrTest_A_addToFrontB_BA@4cc0edeb]" name="initList" is-config="true" duration-ms="1" started-at="2016-11-07T23:51:49Z" finished-at="2016-11-07T23:51:49Z">
          <params>
            <param index="0">
              <value>
                <![CDATA[singleLinkedList]]>
              </value>
            </param>
          </params>
          <reporter-output>
          </reporter-output>
        </test-method> <!-- initList -->
        <test-method status="PASS" signature="testItr_remove()[pri:0, instance:ItrTest_A_addToFrontB_BA@4cc0edeb]" name="testItr_remove" duration-ms="1" started-at="2016-11-07T23:51:49Z" finished-at="2016-11-07T23:51:49Z">
          <exception class="java.lang.IllegalStateException">
            <message>
              <![CDATA[IUSingleLinkedListIterator - remove]]>
            </message>
            <full-stacktrace>
              <![CDATA[java.lang.IllegalStateException: IUSingleLinkedListIterator - remove
	at IUSingleLinkedList$ListIterator.remove(IUSingleLinkedList.java:464)
	at TestCase.remove(TestCase.java:291)
	at ItrTest_A_addToFrontB_BA.testItr_remove(ItrTest_A_addToFrontB_BA.java:77)
	at sun.reflect.NativeMethodAccessorImpl.invoke0(Native Method)
	at sun.reflect.NativeMethodAccessorImpl.invoke(NativeMethodAccessorImpl.java:62)
	at sun.reflect.DelegatingMethodAccessorImpl.invoke(DelegatingMethodAccessorImpl.java:43)
	at java.lang.reflect.Method.invoke(Method.java:498)
	at org.testng.internal.MethodInvocationHelper.invokeMethod(MethodInvocationHelper.java:100)
	at org.testng.internal.Invoker.invokeMethod(Invoker.java:646)
	at org.testng.internal.Invoker.invokeTestMethod(Invoker.java:811)
	at org.testng.internal.Invoker.invokeTestMethods(Invoker.java:1137)
	at org.testng.internal.TestMethodWorker.invokeTestMethods(TestMethodWorker.java:129)
	at org.testng.internal.TestMethodWorker.run(TestMethodWorker.java:112)
	at org.testng.TestRunner.privateRun(TestRunner.java:753)
	at org.testng.TestRunner.run(TestRunner.java:607)
	at org.testng.SuiteRunner.runTest(SuiteRunner.java:368)
	at org.testng.SuiteRunner.runSequentially(SuiteRunner.java:363)
	at org.testng.SuiteRunner.privateRun(SuiteRunner.java:321)
	at org.testng.SuiteRunner.run(SuiteRunner.java:270)
	at org.testng.SuiteRunnerWorker.runSuite(SuiteRunnerWorker.java:52)
	at org.testng.SuiteRunnerWorker.run(SuiteRunnerWorker.java:86)
	at org.testng.TestNG.runSuitesSequentially(TestNG.java:1284)
	at org.testng.TestNG.runSuitesLocally(TestNG.java:1209)
	at org.testng.TestNG.runSuites(TestNG.java:1124)
	at org.testng.TestNG.run(TestNG.java:1096)
	at org.testng.remote.AbstractRemoteTestNG.run(AbstractRemoteTestNG.java:132)
	at org.testng.remote.RemoteTestNG.initAndRun(RemoteTestNG.java:236)
	at org.testng.remote.RemoteTestNG.main(RemoteTestNG.java:81)
]]>
            </full-stacktrace>
          </exception> <!-- java.lang.IllegalStateException -->
          <reporter-output>
          </reporter-output>
        </test-method> <!-- testItr_remove -->
      </class> <!-- ItrTest_A_addToFrontB_BA -->
      <class name="ItrTest_AB_removeB_A">
        <test-method status="PASS" signature="initList(java.lang.String)[pri:0, instance:ItrTest_AB_removeB_A@1593948d]" name="initList" is-config="true" duration-ms="1" started-at="2016-11-07T23:51:49Z" finished-at="2016-11-07T23:51:49Z">
          <params>
            <param index="0">
              <value>
                <![CDATA[singleLinkedList]]>
              </value>
            </param>
          </params>
          <reporter-output>
          </reporter-output>
        </test-method> <!-- initList -->
        <test-method status="PASS" signature="testItrNextRemove_hasNext()[pri:0, instance:ItrTest_AB_removeB_A@1593948d]" name="testItrNextRemove_hasNext" duration-ms="0" started-at="2016-11-07T23:51:49Z" finished-at="2016-11-07T23:51:49Z">
          <reporter-output>
          </reporter-output>
        </test-method> <!-- testItrNextRemove_hasNext -->
        <test-method status="PASS" signature="initList(java.lang.String)[pri:0, instance:ItrTest_AB_removeB_A@1593948d]" name="initList" is-config="true" duration-ms="0" started-at="2016-11-07T23:51:49Z" finished-at="2016-11-07T23:51:49Z">
          <params>
            <param index="0">
              <value>
                <![CDATA[singleLinkedList]]>
              </value>
            </param>
          </params>
          <reporter-output>
          </reporter-output>
        </test-method> <!-- initList -->
        <test-method status="PASS" signature="testItrNextRemove_next()[pri:0, instance:ItrTest_AB_removeB_A@1593948d]" name="testItrNextRemove_next" duration-ms="1" started-at="2016-11-07T23:51:49Z" finished-at="2016-11-07T23:51:49Z">
          <exception class="java.util.NoSuchElementException">
            <message>
              <![CDATA[IUSingleLinkedListIterator - next]]>
            </message>
            <full-stacktrace>
              <![CDATA[java.util.NoSuchElementException: IUSingleLinkedListIterator - next
	at IUSingleLinkedList$ListIterator.next(IUSingleLinkedList.java:446)
	at TestCase.next(TestCase.java:281)
	at ItrTest_AB_removeB_A.testItrNextRemove_next(ItrTest_AB_removeB_A.java:137)
	at sun.reflect.NativeMethodAccessorImpl.invoke0(Native Method)
	at sun.reflect.NativeMethodAccessorImpl.invoke(NativeMethodAccessorImpl.java:62)
	at sun.reflect.DelegatingMethodAccessorImpl.invoke(DelegatingMethodAccessorImpl.java:43)
	at java.lang.reflect.Method.invoke(Method.java:498)
	at org.testng.internal.MethodInvocationHelper.invokeMethod(MethodInvocationHelper.java:100)
	at org.testng.internal.Invoker.invokeMethod(Invoker.java:646)
	at org.testng.internal.Invoker.invokeTestMethod(Invoker.java:811)
	at org.testng.internal.Invoker.invokeTestMethods(Invoker.java:1137)
	at org.testng.internal.TestMethodWorker.invokeTestMethods(TestMethodWorker.java:129)
	at org.testng.internal.TestMethodWorker.run(TestMethodWorker.java:112)
	at org.testng.TestRunner.privateRun(TestRunner.java:753)
	at org.testng.TestRunner.run(TestRunner.java:607)
	at org.testng.SuiteRunner.runTest(SuiteRunner.java:368)
	at org.testng.SuiteRunner.runSequentially(SuiteRunner.java:363)
	at org.testng.SuiteRunner.privateRun(SuiteRunner.java:321)
	at org.testng.SuiteRunner.run(SuiteRunner.java:270)
	at org.testng.SuiteRunnerWorker.runSuite(SuiteRunnerWorker.java:52)
	at org.testng.SuiteRunnerWorker.run(SuiteRunnerWorker.java:86)
	at org.testng.TestNG.runSuitesSequentially(TestNG.java:1284)
	at org.testng.TestNG.runSuitesLocally(TestNG.java:1209)
	at org.testng.TestNG.runSuites(TestNG.java:1124)
	at org.testng.TestNG.run(TestNG.java:1096)
	at org.testng.remote.AbstractRemoteTestNG.run(AbstractRemoteTestNG.java:132)
	at org.testng.remote.RemoteTestNG.initAndRun(RemoteTestNG.java:236)
	at org.testng.remote.RemoteTestNG.main(RemoteTestNG.java:81)
]]>
            </full-stacktrace>
          </exception> <!-- java.util.NoSuchElementException -->
          <reporter-output>
          </reporter-output>
        </test-method> <!-- testItrNextRemove_next -->
        <test-method status="PASS" signature="initList(java.lang.String)[pri:0, instance:ItrTest_AB_removeB_A@1593948d]" name="initList" is-config="true" duration-ms="0" started-at="2016-11-07T23:51:49Z" finished-at="2016-11-07T23:51:49Z">
          <params>
            <param index="0">
              <value>
                <![CDATA[singleLinkedList]]>
              </value>
            </param>
          </params>
          <reporter-output>
          </reporter-output>
        </test-method> <!-- initList -->
        <test-method status="PASS" signature="testItrNextRemove_remove()[pri:0, instance:ItrTest_AB_removeB_A@1593948d]" name="testItrNextRemove_remove" duration-ms="1" started-at="2016-11-07T23:51:49Z" finished-at="2016-11-07T23:51:49Z">
          <exception class="java.lang.IllegalStateException">
            <message>
              <![CDATA[IUSingleLinkedListIterator - remove]]>
            </message>
            <full-stacktrace>
              <![CDATA[java.lang.IllegalStateException: IUSingleLinkedListIterator - remove
	at IUSingleLinkedList$ListIterator.remove(IUSingleLinkedList.java:464)
	at TestCase.remove(TestCase.java:291)
	at ItrTest_AB_removeB_A.testItrNextRemove_remove(ItrTest_AB_removeB_A.java:148)
	at sun.reflect.NativeMethodAccessorImpl.invoke0(Native Method)
	at sun.reflect.NativeMethodAccessorImpl.invoke(NativeMethodAccessorImpl.java:62)
	at sun.reflect.DelegatingMethodAccessorImpl.invoke(DelegatingMethodAccessorImpl.java:43)
	at java.lang.reflect.Method.invoke(Method.java:498)
	at org.testng.internal.MethodInvocationHelper.invokeMethod(MethodInvocationHelper.java:100)
	at org.testng.internal.Invoker.invokeMethod(Invoker.java:646)
	at org.testng.internal.Invoker.invokeTestMethod(Invoker.java:811)
	at org.testng.internal.Invoker.invokeTestMethods(Invoker.java:1137)
	at org.testng.internal.TestMethodWorker.invokeTestMethods(TestMethodWorker.java:129)
	at org.testng.internal.TestMethodWorker.run(TestMethodWorker.java:112)
	at org.testng.TestRunner.privateRun(TestRunner.java:753)
	at org.testng.TestRunner.run(TestRunner.java:607)
	at org.testng.SuiteRunner.runTest(SuiteRunner.java:368)
	at org.testng.SuiteRunner.runSequentially(SuiteRunner.java:363)
	at org.testng.SuiteRunner.privateRun(SuiteRunner.java:321)
	at org.testng.SuiteRunner.run(SuiteRunner.java:270)
	at org.testng.SuiteRunnerWorker.runSuite(SuiteRunnerWorker.java:52)
	at org.testng.SuiteRunnerWorker.run(SuiteRunnerWorker.java:86)
	at org.testng.TestNG.runSuitesSequentially(TestNG.java:1284)
	at org.testng.TestNG.runSuitesLocally(TestNG.java:1209)
	at org.testng.TestNG.runSuites(TestNG.java:1124)
	at org.testng.TestNG.run(TestNG.java:1096)
	at org.testng.remote.AbstractRemoteTestNG.run(AbstractRemoteTestNG.java:132)
	at org.testng.remote.RemoteTestNG.initAndRun(RemoteTestNG.java:236)
	at org.testng.remote.RemoteTestNG.main(RemoteTestNG.java:81)
]]>
            </full-stacktrace>
          </exception> <!-- java.lang.IllegalStateException -->
          <reporter-output>
          </reporter-output>
        </test-method> <!-- testItrNextRemove_remove -->
        <test-method status="PASS" signature="testItrNext_hasNext()[pri:0, instance:ItrTest_AB_removeB_A@1593948d]" name="testItrNext_hasNext" duration-ms="1" started-at="2016-11-07T23:51:49Z" finished-at="2016-11-07T23:51:49Z">
          <reporter-output>
          </reporter-output>
        </test-method> <!-- testItrNext_hasNext -->
        <test-method status="PASS" signature="initList(java.lang.String)[pri:0, instance:ItrTest_AB_removeB_A@1593948d]" name="initList" is-config="true" duration-ms="0" started-at="2016-11-07T23:51:49Z" finished-at="2016-11-07T23:51:49Z">
          <params>
            <param index="0">
              <value>
                <![CDATA[singleLinkedList]]>
              </value>
            </param>
          </params>
          <reporter-output>
          </reporter-output>
        </test-method> <!-- initList -->
        <test-method status="PASS" signature="initList(java.lang.String)[pri:0, instance:ItrTest_AB_removeB_A@1593948d]" name="initList" is-config="true" duration-ms="0" started-at="2016-11-07T23:51:49Z" finished-at="2016-11-07T23:51:49Z">
          <params>
            <param index="0">
              <value>
                <![CDATA[singleLinkedList]]>
              </value>
            </param>
          </params>
          <reporter-output>
          </reporter-output>
        </test-method> <!-- initList -->
        <test-method status="PASS" signature="testItrNext_next()[pri:0, instance:ItrTest_AB_removeB_A@1593948d]" name="testItrNext_next" duration-ms="1" started-at="2016-11-07T23:51:49Z" finished-at="2016-11-07T23:51:49Z">
          <exception class="java.util.NoSuchElementException">
            <message>
              <![CDATA[IUSingleLinkedListIterator - next]]>
            </message>
            <full-stacktrace>
              <![CDATA[java.util.NoSuchElementException: IUSingleLinkedListIterator - next
	at IUSingleLinkedList$ListIterator.next(IUSingleLinkedList.java:446)
	at TestCase.next(TestCase.java:281)
	at ItrTest_AB_removeB_A.testItrNext_next(ItrTest_AB_removeB_A.java:103)
	at sun.reflect.NativeMethodAccessorImpl.invoke0(Native Method)
	at sun.reflect.NativeMethodAccessorImpl.invoke(NativeMethodAccessorImpl.java:62)
	at sun.reflect.DelegatingMethodAccessorImpl.invoke(DelegatingMethodAccessorImpl.java:43)
	at java.lang.reflect.Method.invoke(Method.java:498)
	at org.testng.internal.MethodInvocationHelper.invokeMethod(MethodInvocationHelper.java:100)
	at org.testng.internal.Invoker.invokeMethod(Invoker.java:646)
	at org.testng.internal.Invoker.invokeTestMethod(Invoker.java:811)
	at org.testng.internal.Invoker.invokeTestMethods(Invoker.java:1137)
	at org.testng.internal.TestMethodWorker.invokeTestMethods(TestMethodWorker.java:129)
	at org.testng.internal.TestMethodWorker.run(TestMethodWorker.java:112)
	at org.testng.TestRunner.privateRun(TestRunner.java:753)
	at org.testng.TestRunner.run(TestRunner.java:607)
	at org.testng.SuiteRunner.runTest(SuiteRunner.java:368)
	at org.testng.SuiteRunner.runSequentially(SuiteRunner.java:363)
	at org.testng.SuiteRunner.privateRun(SuiteRunner.java:321)
	at org.testng.SuiteRunner.run(SuiteRunner.java:270)
	at org.testng.SuiteRunnerWorker.runSuite(SuiteRunnerWorker.java:52)
	at org.testng.SuiteRunnerWorker.run(SuiteRunnerWorker.java:86)
	at org.testng.TestNG.runSuitesSequentially(TestNG.java:1284)
	at org.testng.TestNG.runSuitesLocally(TestNG.java:1209)
	at org.testng.TestNG.runSuites(TestNG.java:1124)
	at org.testng.TestNG.run(TestNG.java:1096)
	at org.testng.remote.AbstractRemoteTestNG.run(AbstractRemoteTestNG.java:132)
	at org.testng.remote.RemoteTestNG.initAndRun(RemoteTestNG.java:236)
	at org.testng.remote.RemoteTestNG.main(RemoteTestNG.java:81)
]]>
            </full-stacktrace>
          </exception> <!-- java.util.NoSuchElementException -->
          <reporter-output>
          </reporter-output>
        </test-method> <!-- testItrNext_next -->
        <test-method status="PASS" signature="initList(java.lang.String)[pri:0, instance:ItrTest_AB_removeB_A@1593948d]" name="initList" is-config="true" duration-ms="0" started-at="2016-11-07T23:51:49Z" finished-at="2016-11-07T23:51:49Z">
          <params>
            <param index="0">
              <value>
                <![CDATA[singleLinkedList]]>
              </value>
            </param>
          </params>
          <reporter-output>
          </reporter-output>
        </test-method> <!-- initList -->
        <test-method status="PASS" signature="testItrNext_remove()[pri:0, instance:ItrTest_AB_removeB_A@1593948d]" name="testItrNext_remove" duration-ms="1" started-at="2016-11-07T23:51:49Z" finished-at="2016-11-07T23:51:49Z">
          <reporter-output>
          </reporter-output>
        </test-method> <!-- testItrNext_remove -->
        <test-method status="PASS" signature="initList(java.lang.String)[pri:0, instance:ItrTest_AB_removeB_A@1593948d]" name="initList" is-config="true" duration-ms="1" started-at="2016-11-07T23:51:49Z" finished-at="2016-11-07T23:51:49Z">
          <params>
            <param index="0">
              <value>
                <![CDATA[singleLinkedList]]>
              </value>
            </param>
          </params>
          <reporter-output>
          </reporter-output>
        </test-method> <!-- initList -->
        <test-method status="PASS" signature="testItr_hasNext()[pri:0, instance:ItrTest_AB_removeB_A@1593948d]" name="testItr_hasNext" duration-ms="0" started-at="2016-11-07T23:51:49Z" finished-at="2016-11-07T23:51:49Z">
          <reporter-output>
          </reporter-output>
        </test-method> <!-- testItr_hasNext -->
        <test-method status="PASS" signature="initList(java.lang.String)[pri:0, instance:ItrTest_AB_removeB_A@1593948d]" name="initList" is-config="true" duration-ms="0" started-at="2016-11-07T23:51:49Z" finished-at="2016-11-07T23:51:49Z">
          <params>
            <param index="0">
              <value>
                <![CDATA[singleLinkedList]]>
              </value>
            </param>
          </params>
          <reporter-output>
          </reporter-output>
        </test-method> <!-- initList -->
        <test-method status="PASS" signature="testItr_next()[pri:0, instance:ItrTest_AB_removeB_A@1593948d]" name="testItr_next" duration-ms="1" started-at="2016-11-07T23:51:49Z" finished-at="2016-11-07T23:51:49Z">
          <reporter-output>
          </reporter-output>
        </test-method> <!-- testItr_next -->
        <test-method status="PASS" signature="testItr_remove()[pri:0, instance:ItrTest_AB_removeB_A@1593948d]" name="testItr_remove" duration-ms="7" started-at="2016-11-07T23:51:49Z" finished-at="2016-11-07T23:51:49Z">
          <exception class="java.lang.IllegalStateException">
            <message>
              <![CDATA[IUSingleLinkedListIterator - remove]]>
            </message>
            <full-stacktrace>
              <![CDATA[java.lang.IllegalStateException: IUSingleLinkedListIterator - remove
	at IUSingleLinkedList$ListIterator.remove(IUSingleLinkedList.java:464)
	at TestCase.remove(TestCase.java:291)
	at ItrTest_AB_removeB_A.testItr_remove(ItrTest_AB_removeB_A.java:80)
	at sun.reflect.NativeMethodAccessorImpl.invoke0(Native Method)
	at sun.reflect.NativeMethodAccessorImpl.invoke(NativeMethodAccessorImpl.java:62)
	at sun.reflect.DelegatingMethodAccessorImpl.invoke(DelegatingMethodAccessorImpl.java:43)
	at java.lang.reflect.Method.invoke(Method.java:498)
	at org.testng.internal.MethodInvocationHelper.invokeMethod(MethodInvocationHelper.java:100)
	at org.testng.internal.Invoker.invokeMethod(Invoker.java:646)
	at org.testng.internal.Invoker.invokeTestMethod(Invoker.java:811)
	at org.testng.internal.Invoker.invokeTestMethods(Invoker.java:1137)
	at org.testng.internal.TestMethodWorker.invokeTestMethods(TestMethodWorker.java:129)
	at org.testng.internal.TestMethodWorker.run(TestMethodWorker.java:112)
	at org.testng.TestRunner.privateRun(TestRunner.java:753)
	at org.testng.TestRunner.run(TestRunner.java:607)
	at org.testng.SuiteRunner.runTest(SuiteRunner.java:368)
	at org.testng.SuiteRunner.runSequentially(SuiteRunner.java:363)
	at org.testng.SuiteRunner.privateRun(SuiteRunner.java:321)
	at org.testng.SuiteRunner.run(SuiteRunner.java:270)
	at org.testng.SuiteRunnerWorker.runSuite(SuiteRunnerWorker.java:52)
	at org.testng.SuiteRunnerWorker.run(SuiteRunnerWorker.java:86)
	at org.testng.TestNG.runSuitesSequentially(TestNG.java:1284)
	at org.testng.TestNG.runSuitesLocally(TestNG.java:1209)
	at org.testng.TestNG.runSuites(TestNG.java:1124)
	at org.testng.TestNG.run(TestNG.java:1096)
	at org.testng.remote.AbstractRemoteTestNG.run(AbstractRemoteTestNG.java:132)
	at org.testng.remote.RemoteTestNG.initAndRun(RemoteTestNG.java:236)
	at org.testng.remote.RemoteTestNG.main(RemoteTestNG.java:81)
]]>
            </full-stacktrace>
          </exception> <!-- java.lang.IllegalStateException -->
          <reporter-output>
          </reporter-output>
        </test-method> <!-- testItr_remove -->
        <test-method status="PASS" signature="initList(java.lang.String)[pri:0, instance:ItrTest_AB_removeB_A@1593948d]" name="initList" is-config="true" duration-ms="0" started-at="2016-11-07T23:51:49Z" finished-at="2016-11-07T23:51:49Z">
          <params>
            <param index="0">
              <value>
                <![CDATA[singleLinkedList]]>
              </value>
            </param>
          </params>
          <reporter-output>
          </reporter-output>
        </test-method> <!-- initList -->
      </class> <!-- ItrTest_AB_removeB_A -->
      <class name="ItrTest_AB_removeA_B">
        <test-method status="PASS" signature="initList(java.lang.String)[pri:0, instance:ItrTest_AB_removeA_B@675d3402]" name="initList" is-config="true" duration-ms="0" started-at="2016-11-07T23:51:49Z" finished-at="2016-11-07T23:51:49Z">
          <params>
            <param index="0">
              <value>
                <![CDATA[singleLinkedList]]>
              </value>
            </param>
          </params>
          <reporter-output>
          </reporter-output>
        </test-method> <!-- initList -->
        <test-method status="PASS" signature="testItrNextRemove_hasNext()[pri:0, instance:ItrTest_AB_removeA_B@675d3402]" name="testItrNextRemove_hasNext" duration-ms="4" started-at="2016-11-07T23:51:49Z" finished-at="2016-11-07T23:51:49Z">
          <reporter-output>
          </reporter-output>
        </test-method> <!-- testItrNextRemove_hasNext -->
        <test-method status="PASS" signature="initList(java.lang.String)[pri:0, instance:ItrTest_AB_removeA_B@675d3402]" name="initList" is-config="true" duration-ms="0" started-at="2016-11-07T23:51:49Z" finished-at="2016-11-07T23:51:49Z">
          <params>
            <param index="0">
              <value>
                <![CDATA[singleLinkedList]]>
              </value>
            </param>
          </params>
          <reporter-output>
          </reporter-output>
        </test-method> <!-- initList -->
        <test-method status="PASS" signature="testItrNextRemove_next()[pri:0, instance:ItrTest_AB_removeA_B@675d3402]" name="testItrNextRemove_next" duration-ms="1" started-at="2016-11-07T23:51:49Z" finished-at="2016-11-07T23:51:49Z">
          <exception class="java.util.NoSuchElementException">
            <message>
              <![CDATA[IUSingleLinkedListIterator - next]]>
            </message>
            <full-stacktrace>
              <![CDATA[java.util.NoSuchElementException: IUSingleLinkedListIterator - next
	at IUSingleLinkedList$ListIterator.next(IUSingleLinkedList.java:446)
	at TestCase.next(TestCase.java:281)
	at ItrTest_AB_removeA_B.testItrNextRemove_next(ItrTest_AB_removeA_B.java:137)
	at sun.reflect.NativeMethodAccessorImpl.invoke0(Native Method)
	at sun.reflect.NativeMethodAccessorImpl.invoke(NativeMethodAccessorImpl.java:62)
	at sun.reflect.DelegatingMethodAccessorImpl.invoke(DelegatingMethodAccessorImpl.java:43)
	at java.lang.reflect.Method.invoke(Method.java:498)
	at org.testng.internal.MethodInvocationHelper.invokeMethod(MethodInvocationHelper.java:100)
	at org.testng.internal.Invoker.invokeMethod(Invoker.java:646)
	at org.testng.internal.Invoker.invokeTestMethod(Invoker.java:811)
	at org.testng.internal.Invoker.invokeTestMethods(Invoker.java:1137)
	at org.testng.internal.TestMethodWorker.invokeTestMethods(TestMethodWorker.java:129)
	at org.testng.internal.TestMethodWorker.run(TestMethodWorker.java:112)
	at org.testng.TestRunner.privateRun(TestRunner.java:753)
	at org.testng.TestRunner.run(TestRunner.java:607)
	at org.testng.SuiteRunner.runTest(SuiteRunner.java:368)
	at org.testng.SuiteRunner.runSequentially(SuiteRunner.java:363)
	at org.testng.SuiteRunner.privateRun(SuiteRunner.java:321)
	at org.testng.SuiteRunner.run(SuiteRunner.java:270)
	at org.testng.SuiteRunnerWorker.runSuite(SuiteRunnerWorker.java:52)
	at org.testng.SuiteRunnerWorker.run(SuiteRunnerWorker.java:86)
	at org.testng.TestNG.runSuitesSequentially(TestNG.java:1284)
	at org.testng.TestNG.runSuitesLocally(TestNG.java:1209)
	at org.testng.TestNG.runSuites(TestNG.java:1124)
	at org.testng.TestNG.run(TestNG.java:1096)
	at org.testng.remote.AbstractRemoteTestNG.run(AbstractRemoteTestNG.java:132)
	at org.testng.remote.RemoteTestNG.initAndRun(RemoteTestNG.java:236)
	at org.testng.remote.RemoteTestNG.main(RemoteTestNG.java:81)
]]>
            </full-stacktrace>
          </exception> <!-- java.util.NoSuchElementException -->
          <reporter-output>
          </reporter-output>
        </test-method> <!-- testItrNextRemove_next -->
        <test-method status="PASS" signature="initList(java.lang.String)[pri:0, instance:ItrTest_AB_removeA_B@675d3402]" name="initList" is-config="true" duration-ms="1" started-at="2016-11-07T23:51:49Z" finished-at="2016-11-07T23:51:49Z">
          <params>
            <param index="0">
              <value>
                <![CDATA[singleLinkedList]]>
              </value>
            </param>
          </params>
          <reporter-output>
          </reporter-output>
        </test-method> <!-- initList -->
[...]
	at org.testng.internal.Invoker.invokeMethod(Invoker.java:646)
	at org.testng.internal.Invoker.invokeTestMethod(Invoker.java:811)
	at org.testng.internal.Invoker.invokeTestMethods(Invoker.java:1137)
	at org.testng.internal.TestMethodWorker.invokeTestMethods(TestMethodWorker.java:129)
	at org.testng.internal.TestMethodWorker.run(TestMethodWorker.java:112)
	at org.testng.TestRunner.privateRun(TestRunner.java:753)
	at org.testng.TestRunner.run(TestRunner.java:607)
	at org.testng.SuiteRunner.runTest(SuiteRunner.java:368)
	at org.testng.SuiteRunner.runSequentially(SuiteRunner.java:363)
	at org.testng.SuiteRunner.privateRun(SuiteRunner.java:321)
	at org.testng.SuiteRunner.run(SuiteRunner.java:270)
	at org.testng.SuiteRunnerWorker.runSuite(SuiteRunnerWorker.java:52)
	at org.testng.SuiteRunnerWorker.run(SuiteRunnerWorker.java:86)
	at org.testng.TestNG.runSuitesSequentially(TestNG.java:1284)
	at org.testng.TestNG.runSuitesLocally(TestNG.java:1209)
	at org.testng.TestNG.runSuites(TestNG.java:1124)
	at org.testng.TestNG.run(TestNG.java:1096)
	at org.testng.remote.AbstractRemoteTestNG.run(AbstractRemoteTestNG.java:132)
	at org.testng.remote.RemoteTestNG.initAndRun(RemoteTestNG.java:236)
	at org.testng.remote.RemoteTestNG.main(RemoteTestNG.java:81)
]]>
            </full-stacktrace>
          </exception> <!-- java.lang.AssertionError -->
          <reporter-output>
          </reporter-output>
        </test-method> <!-- testItrNextRemove_hasNext -->
        <test-method status="PASS" signature="initList(java.lang.String)[pri:0, instance:ItrTest_AB_remove1_A@1b604f19]" name="initList" is-config="true" duration-ms="1" started-at="2016-11-07T23:51:49Z" finished-at="2016-11-07T23:51:49Z">
          <params>
            <param index="0">
              <value>
                <![CDATA[singleLinkedList]]>
              </value>
            </param>
          </params>
          <reporter-output>
          </reporter-output>
        </test-method> <!-- initList -->
        <test-method status="FAIL" signature="testItrNextRemove_next()[pri:0, instance:ItrTest_AB_remove1_A@1b604f19]" name="testItrNextRemove_next" duration-ms="3" started-at="2016-11-07T23:51:49Z" finished-at="2016-11-07T23:51:49Z">
          <exception class="java.lang.AssertionError">
            <message>
              <![CDATA[expected [1] but found [2]]]>
            </message>
            <full-stacktrace>
              <![CDATA[java.lang.AssertionError: expected [1] but found [2]
	at org.testng.Assert.fail(Assert.java:94)
	at org.testng.Assert.failNotEquals(Assert.java:513)
	at org.testng.Assert.assertEqualsImpl(Assert.java:135)
	at org.testng.Assert.assertEquals(Assert.java:116)
	at org.testng.Assert.assertEquals(Assert.java:179)
	at TestCase.next(TestCase.java:282)
	at ItrTest_AB_remove1_A.testItrNextRemove_next(ItrTest_AB_remove1_A.java:137)
	at sun.reflect.NativeMethodAccessorImpl.invoke0(Native Method)
	at sun.reflect.NativeMethodAccessorImpl.invoke(NativeMethodAccessorImpl.java:62)
	at sun.reflect.DelegatingMethodAccessorImpl.invoke(DelegatingMethodAccessorImpl.java:43)
	at java.lang.reflect.Method.invoke(Method.java:498)
	at org.testng.internal.MethodInvocationHelper.invokeMethod(MethodInvocationHelper.java:100)
	at org.testng.internal.Invoker.invokeMethod(Invoker.java:646)
	at org.testng.internal.Invoker.invokeTestMethod(Invoker.java:811)
	at org.testng.internal.Invoker.invokeTestMethods(Invoker.java:1137)
	at org.testng.internal.TestMethodWorker.invokeTestMethods(TestMethodWorker.java:129)
	at org.testng.internal.TestMethodWorker.run(TestMethodWorker.java:112)
	at org.testng.TestRunner.privateRun(TestRunner.java:753)
	at org.testng.TestRunner.run(TestRunner.java:607)
	at org.testng.SuiteRunner.runTest(SuiteRunner.java:368)
	at org.testng.SuiteRunner.runSequentially(SuiteRunner.java:363)
	at org.testng.SuiteRunner.privateRun(SuiteRunner.java:321)
	at org.testng.SuiteRunner.run(SuiteRunner.java:270)
	at org.testng.SuiteRunnerWorker.runSuite(SuiteRunnerWorker.java:52)
	at org.testng.SuiteRunnerWorker.run(SuiteRunnerWorker.java:86)
	at org.testng.TestNG.runSuitesSequentially(TestNG.java:1284)
	at org.testng.TestNG.runSuitesLocally(TestNG.java:1209)
	at org.testng.TestNG.runSuites(TestNG.java:1124)
	at org.testng.TestNG.run(TestNG.java:1096)
	at org.testng.remote.AbstractRemoteTestNG.run(AbstractRemoteTestNG.java:132)
	at org.testng.remote.RemoteTestNG.initAndRun(RemoteTestNG.java:236)
	at org.testng.remote.RemoteTestNG.main(RemoteTestNG.java:81)
]]>
            </full-stacktrace>
          </exception> <!-- java.lang.AssertionError -->
          <reporter-output>
          </reporter-output>
        </test-method> <!-- testItrNextRemove_next -->
        <test-method status="PASS" signature="initList(java.lang.String)[pri:0, instance:ItrTest_AB_remove1_A@1b604f19]" name="initList" is-config="true" duration-ms="1" started-at="2016-11-07T23:51:49Z" finished-at="2016-11-07T23:51:49Z">
          <params>
            <param index="0">
              <value>
                <![CDATA[singleLinkedList]]>
              </value>
            </param>
          </params>
          <reporter-output>
          </reporter-output>
        </test-method> <!-- initList -->
        <test-method status="PASS" signature="testItrNextRemove_remove()[pri:0, instance:ItrTest_AB_remove1_A@1b604f19]" name="testItrNextRemove_remove" duration-ms="8" started-at="2016-11-07T23:51:49Z" finished-at="2016-11-07T23:51:49Z">
          <exception class="java.lang.IllegalStateException">
            <message>
              <![CDATA[IUSingleLinkedListIterator - remove]]>
            </message>
            <full-stacktrace>
              <![CDATA[java.lang.IllegalStateException: IUSingleLinkedListIterator - remove
	at IUSingleLinkedList$ListIterator.remove(IUSingleLinkedList.java:464)
	at TestCase.remove(TestCase.java:291)
	at ItrTest_AB_remove1_A.testItrNextRemove_remove(ItrTest_AB_remove1_A.java:148)
	at sun.reflect.NativeMethodAccessorImpl.invoke0(Native Method)
	at sun.reflect.NativeMethodAccessorImpl.invoke(NativeMethodAccessorImpl.java:62)
	at sun.reflect.DelegatingMethodAccessorImpl.invoke(DelegatingMethodAccessorImpl.java:43)
	at java.lang.reflect.Method.invoke(Method.java:498)
	at org.testng.internal.MethodInvocationHelper.invokeMethod(MethodInvocationHelper.java:100)
	at org.testng.internal.Invoker.invokeMethod(Invoker.java:646)
	at org.testng.internal.Invoker.invokeTestMethod(Invoker.java:811)
	at org.testng.internal.Invoker.invokeTestMethods(Invoker.java:1137)
	at org.testng.internal.TestMethodWorker.invokeTestMethods(TestMethodWorker.java:129)
	at org.testng.internal.TestMethodWorker.run(TestMethodWorker.java:112)
	at org.testng.TestRunner.privateRun(TestRunner.java:753)
	at org.testng.TestRunner.run(TestRunner.java:607)
	at org.testng.SuiteRunner.runTest(SuiteRunner.java:368)
	at org.testng.SuiteRunner.runSequentially(SuiteRunner.java:363)
	at org.testng.SuiteRunner.privateRun(SuiteRunner.java:321)
	at org.testng.SuiteRunner.run(SuiteRunner.java:270)
	at org.testng.SuiteRunnerWorker.runSuite(SuiteRunnerWorker.java:52)
	at org.testng.SuiteRunnerWorker.run(SuiteRunnerWorker.java:86)
	at org.testng.TestNG.runSuitesSequentially(TestNG.java:1284)
	at org.testng.TestNG.runSuitesLocally(TestNG.java:1209)
	at org.testng.TestNG.runSuites(TestNG.java:1124)
	at org.testng.TestNG.run(TestNG.java:1096)
	at org.testng.remote.AbstractRemoteTestNG.run(AbstractRemoteTestNG.java:132)
	at org.testng.remote.RemoteTestNG.initAndRun(RemoteTestNG.java:236)
	at org.testng.remote.RemoteTestNG.main(RemoteTestNG.java:81)
]]>
            </full-stacktrace>
          </exception> <!-- java.lang.IllegalStateException -->
          <reporter-output>
          </reporter-output>
        </test-method> <!-- testItrNextRemove_remove -->
        <test-method status="FAIL" signature="testItrNext_hasNext()[pri:0, instance:ItrTest_AB_remove1_A@1b604f19]" name="testItrNext_hasNext" duration-ms="0" started-at="2016-11-07T23:51:49Z" finished-at="2016-11-07T23:51:49Z">
          <exception class="java.lang.AssertionError">
            <message>
              <![CDATA[expected [false] but found [true]]]>
            </message>
            <full-stacktrace>
              <![CDATA[java.lang.AssertionError: expected [false] but found [true]
	at org.testng.Assert.fail(Assert.java:94)
	at org.testng.Assert.failNotEquals(Assert.java:513)
	at org.testng.Assert.assertEqualsImpl(Assert.java:135)
	at org.testng.Assert.assertEquals(Assert.java:116)
	at org.testng.Assert.assertEquals(Assert.java:305)
	at org.testng.Assert.assertEquals(Assert.java:315)
	at TestCase.hasNext(TestCase.java:271)
	at ItrTest_AB_remove1_A.testItrNext_hasNext(ItrTest_AB_remove1_A.java:92)
	at sun.reflect.NativeMethodAccessorImpl.invoke0(Native Method)
	at sun.reflect.NativeMethodAccessorImpl.invoke(NativeMethodAccessorImpl.java:62)
	at sun.reflect.DelegatingMethodAccessorImpl.invoke(DelegatingMethodAccessorImpl.java:43)
	at java.lang.reflect.Method.invoke(Method.java:498)
	at org.testng.internal.MethodInvocationHelper.invokeMethod(MethodInvocationHelper.java:100)
	at org.testng.internal.Invoker.invokeMethod(Invoker.java:646)
	at org.testng.internal.Invoker.invokeTestMethod(Invoker.java:811)
	at org.testng.internal.Invoker.invokeTestMethods(Invoker.java:1137)
	at org.testng.internal.TestMethodWorker.invokeTestMethods(TestMethodWorker.java:129)
	at org.testng.internal.TestMethodWorker.run(TestMethodWorker.java:112)
	at org.testng.TestRunner.privateRun(TestRunner.java:753)
	at org.testng.TestRunner.run(TestRunner.java:607)
	at org.testng.SuiteRunner.runTest(SuiteRunner.java:368)
	at org.testng.SuiteRunner.runSequentially(SuiteRunner.java:363)
	at org.testng.SuiteRunner.privateRun(SuiteRunner.java:321)
	at org.testng.SuiteRunner.run(SuiteRunner.java:270)
	at org.testng.SuiteRunnerWorker.runSuite(SuiteRunnerWorker.java:52)
	at org.testng.SuiteRunnerWorker.run(SuiteRunnerWorker.java:86)
	at org.testng.TestNG.runSuitesSequentially(TestNG.java:1284)
	at org.testng.TestNG.runSuitesLocally(TestNG.java:1209)
	at org.testng.TestNG.runSuites(TestNG.java:1124)
	at org.testng.TestNG.run(TestNG.java:1096)
	at org.testng.remote.AbstractRemoteTestNG.run(AbstractRemoteTestNG.java:132)
	at org.testng.remote.RemoteTestNG.initAndRun(RemoteTestNG.java:236)
	at org.testng.remote.RemoteTestNG.main(RemoteTestNG.java:81)
]]>
            </full-stacktrace>
          </exception> <!-- java.lang.AssertionError -->
          <reporter-output>
          </reporter-output>
        </test-method> <!-- testItrNext_hasNext -->
        <test-method status="PASS" signature="initList(java.lang.String)[pri:0, instance:ItrTest_AB_remove1_A@1b604f19]" name="initList" is-config="true" duration-ms="0" started-at="2016-11-07T23:51:49Z" finished-at="2016-11-07T23:51:49Z">
          <params>
            <param index="0">
              <value>
                <![CDATA[singleLinkedList]]>
              </value>
            </param>
          </params>
          <reporter-output>
          </reporter-output>
        </test-method> <!-- initList -->
        <test-method status="FAIL" signature="testItrNext_next()[pri:0, instance:ItrTest_AB_remove1_A@1b604f19]" name="testItrNext_next" duration-ms="0" started-at="2016-11-07T23:51:49Z" finished-at="2016-11-07T23:51:49Z">
          <exception class="java.lang.AssertionError">
            <message>
              <![CDATA[expected [1] but found [2]]]>
            </message>
            <full-stacktrace>
              <![CDATA[java.lang.AssertionError: expected [1] but found [2]
	at org.testng.Assert.fail(Assert.java:94)
	at org.testng.Assert.failNotEquals(Assert.java:513)
	at org.testng.Assert.assertEqualsImpl(Assert.java:135)
	at org.testng.Assert.assertEquals(Assert.java:116)
	at org.testng.Assert.assertEquals(Assert.java:179)
	at TestCase.next(TestCase.java:282)
	at ItrTest_AB_remove1_A.testItrNext_next(ItrTest_AB_remove1_A.java:103)
	at sun.reflect.NativeMethodAccessorImpl.invoke0(Native Method)
	at sun.reflect.NativeMethodAccessorImpl.invoke(NativeMethodAccessorImpl.java:62)
	at sun.reflect.DelegatingMethodAccessorImpl.invoke(DelegatingMethodAccessorImpl.java:43)
	at java.lang.reflect.Method.invoke(Method.java:498)
	at org.testng.internal.MethodInvocationHelper.invokeMethod(MethodInvocationHelper.java:100)
	at org.testng.internal.Invoker.invokeMethod(Invoker.java:646)
	at org.testng.internal.Invoker.invokeTestMethod(Invoker.java:811)
	at org.testng.internal.Invoker.invokeTestMethods(Invoker.java:1137)
	at org.testng.internal.TestMethodWorker.invokeTestMethods(TestMethodWorker.java:129)
	at org.testng.internal.TestMethodWorker.run(TestMethodWorker.java:112)
	at org.testng.TestRunner.privateRun(TestRunner.java:753)
	at org.testng.TestRunner.run(TestRunner.java:607)
	at org.testng.SuiteRunner.runTest(SuiteRunner.java:368)
	at org.testng.SuiteRunner.runSequentially(SuiteRunner.java:363)
	at org.testng.SuiteRunner.privateRun(SuiteRunner.java:321)
	at org.testng.SuiteRunner.run(SuiteRunner.java:270)
	at org.testng.SuiteRunnerWorker.runSuite(SuiteRunnerWorker.java:52)
	at org.testng.SuiteRunnerWorker.run(SuiteRunnerWorker.java:86)
	at org.testng.TestNG.runSuitesSequentially(TestNG.java:1284)
	at org.testng.TestNG.runSuitesLocally(TestNG.java:1209)
	at org.testng.TestNG.runSuites(TestNG.java:1124)
	at org.testng.TestNG.run(TestNG.java:1096)
	at org.testng.remote.AbstractRemoteTestNG.run(AbstractRemoteTestNG.java:132)
	at org.testng.remote.RemoteTestNG.initAndRun(RemoteTestNG.java:236)
	at org.testng.remote.RemoteTestNG.main(RemoteTestNG.java:81)
]]>
            </full-stacktrace>
          </exception> <!-- java.lang.AssertionError -->
          <reporter-output>
          </reporter-output>
        </test-method> <!-- testItrNext_next -->
        <test-method status="PASS" signature="initList(java.lang.String)[pri:0, instance:ItrTest_AB_remove1_A@1b604f19]" name="initList" is-config="true" duration-ms="0" started-at="2016-11-07T23:51:49Z" finished-at="2016-11-07T23:51:49Z">
          <params>
            <param index="0">
              <value>
                <![CDATA[singleLinkedList]]>
              </value>
            </param>
          </params>
          <reporter-output>
          </reporter-output>
        </test-method> <!-- initList -->
        <test-method status="PASS" signature="testItrNext_remove()[pri:0, instance:ItrTest_AB_remove1_A@1b604f19]" name="testItrNext_remove" duration-ms="1" started-at="2016-11-07T23:51:49Z" finished-at="2016-11-07T23:51:49Z">
          <reporter-output>
          </reporter-output>
        </test-method> <!-- testItrNext_remove -->
        <test-method status="PASS" signature="initList(java.lang.String)[pri:0, instance:ItrTest_AB_remove1_A@1b604f19]" name="initList" is-config="true" duration-ms="0" started-at="2016-11-07T23:51:49Z" finished-at="2016-11-07T23:51:49Z">
          <params>
            <param index="0">
              <value>
                <![CDATA[singleLinkedList]]>
              </value>
            </param>
          </params>
          <reporter-output>
          </reporter-output>
        </test-method> <!-- initList -->
        <test-method status="PASS" signature="testItr_hasNext()[pri:0, instance:ItrTest_AB_remove1_A@1b604f19]" name="testItr_hasNext" duration-ms="7" started-at="2016-11-07T23:51:49Z" finished-at="2016-11-07T23:51:49Z">
          <reporter-output>
          </reporter-output>
        </test-method> <!-- testItr_hasNext -->
        <test-method status="PASS" signature="initList(java.lang.String)[pri:0, instance:ItrTest_AB_remove1_A@1b604f19]" name="initList" is-config="true" duration-ms="0" started-at="2016-11-07T23:51:49Z" finished-at="2016-11-07T23:51:49Z">
          <params>
            <param index="0">
              <value>
                <![CDATA[singleLinkedList]]>
              </value>
            </param>
          </params>
          <reporter-output>
          </reporter-output>
        </test-method> <!-- initList -->
        <test-method status="PASS" signature="initList(java.lang.String)[pri:0, instance:ItrTest_AB_remove1_A@1b604f19]" name="initList" is-config="true" duration-ms="1" started-at="2016-11-07T23:51:49Z" finished-at="2016-11-07T23:51:49Z">
          <params>
            <param index="0">
              <value>
                <![CDATA[singleLinkedList]]>
              </value>
            </param>
          </params>
          <reporter-output>
          </reporter-output>
        </test-method> <!-- initList -->
        <test-method status="PASS" signature="testItr_next()[pri:0, instance:ItrTest_AB_remove1_A@1b604f19]" name="testItr_next" duration-ms="1" started-at="2016-11-07T23:51:49Z" finished-at="2016-11-07T23:51:49Z">
          <reporter-output>
          </reporter-output>
        </test-method> <!-- testItr_next -->
        <test-method status="PASS" signature="initList(java.lang.String)[pri:0, instance:ItrTest_AB_remove1_A@1b604f19]" name="initList" is-config="true" duration-ms="1" started-at="2016-11-07T23:51:49Z" finished-at="2016-11-07T23:51:49Z">
          <params>
            <param index="0">
              <value>
                <![CDATA[singleLinkedList]]>
              </value>
            </param>
          </params>
          <reporter-output>
          </reporter-output>
        </test-method> <!-- initList -->
        <test-method status="PASS" signature="testItr_remove()[pri:0, instance:ItrTest_AB_remove1_A@1b604f19]" name="testItr_remove" duration-ms="0" started-at="2016-11-07T23:51:49Z" finished-at="2016-11-07T23:51:49Z">
          <exception class="java.lang.IllegalStateException">
            <message>
              <![CDATA[IUSingleLinkedListIterator - remove]]>
            </message>
            <full-stacktrace>
              <![CDATA[java.lang.IllegalStateException: IUSingleLinkedListIterator - remove
	at IUSingleLinkedList$ListIterator.remove(IUSingleLinkedList.java:464)
	at TestCase.remove(TestCase.java:291)
	at ItrTest_AB_remove1_A.testItr_remove(ItrTest_AB_remove1_A.java:80)
	at sun.reflect.NativeMethodAccessorImpl.invoke0(Native Method)
	at sun.reflect.NativeMethodAccessorImpl.invoke(NativeMethodAccessorImpl.java:62)
	at sun.reflect.DelegatingMethodAccessorImpl.invoke(DelegatingMethodAccessorImpl.java:43)
	at java.lang.reflect.Method.invoke(Method.java:498)
	at org.testng.internal.MethodInvocationHelper.invokeMethod(MethodInvocationHelper.java:100)
	at org.testng.internal.Invoker.invokeMethod(Invoker.java:646)
	at org.testng.internal.Invoker.invokeTestMethod(Invoker.java:811)
	at org.testng.internal.Invoker.invokeTestMethods(Invoker.java:1137)
	at org.testng.internal.TestMethodWorker.invokeTestMethods(TestMethodWorker.java:129)
	at org.testng.internal.TestMethodWorker.run(TestMethodWorker.java:112)
	at org.testng.TestRunner.privateRun(TestRunner.java:753)
	at org.testng.TestRunner.run(TestRunner.java:607)
	at org.testng.SuiteRunner.runTest(SuiteRunner.java:368)
	at org.testng.SuiteRunner.runSequentially(SuiteRunner.java:363)
	at org.testng.SuiteRunner.privateRun(SuiteRunner.java:321)
	at org.testng.SuiteRunner.run(SuiteRunner.java:270)
	at org.testng.SuiteRunnerWorker.runSuite(SuiteRunnerWorker.java:52)
	at org.testng.SuiteRunnerWorker.run(SuiteRunnerWorker.java:86)
	at org.testng.TestNG.runSuitesSequentially(TestNG.java:1284)
	at org.testng.TestNG.runSuitesLocally(TestNG.java:1209)
	at org.testng.TestNG.runSuites(TestNG.java:1124)
	at org.testng.TestNG.run(TestNG.java:1096)
	at org.testng.remote.AbstractRemoteTestNG.run(AbstractRemoteTestNG.java:132)
	at org.testng.remote.RemoteTestNG.initAndRun(RemoteTestNG.java:236)
	at org.testng.remote.RemoteTestNG.main(RemoteTestNG.java:81)
]]>
            </full-stacktrace>
          </exception> <!-- java.lang.IllegalStateException -->
          <reporter-output>
          </reporter-output>
        </test-method> <!-- testItr_remove -->
      </class> <!-- ItrTest_AB_remove1_A -->
    </test> <!-- IUSingleList -->
  </suite> <!-- Iterator -->
</testng-results>
