<?xml version="1.0" encoding="UTF-8"?>
<!-- Generated by org.testng.reporters.JUnitXMLReporter -->
<testsuite hostname="Apollo" tests="38" failures="0" timestamp="12 Dec 2016 04:53:09 GMT" time="0.134" errors="0">
  <testcase name="@BeforeTest init" time="0.0" classname="SortTest">
    <failure type="org.testng.TestNGException" message="
Parameter &amp;apos;listType&amp;apos; is required by @Configuration on method init but has not been marked @Optional or defined
in /tmp/testng-eclipse-509942422/testng-customsuite.xml">
      <![CDATA[org.testng.TestNGException: 
Parameter 'listType' is required by @Configuration on method init but has not been marked @Optional or defined
in /tmp/testng-eclipse-509942422/testng-customsuite.xml
	at org.testng.internal.Parameters.createParameters(Parameters.java:156)
	at org.testng.internal.Parameters.createParameters(Parameters.java:370)
	at org.testng.internal.Parameters.createConfigurationParameters(Parameters.java:86)
	at org.testng.internal.Invoker.invokeConfigurations(Invoker.java:202)
	at org.testng.internal.Invoker.invokeConfigurations(Invoker.java:143)
	at org.testng.TestRunner.beforeRun(TestRunner.java:631)
	at org.testng.TestRunner.run(TestRunner.java:599)
	at org.testng.SuiteRunner.runTest(SuiteRunner.java:368)
	at org.testng.SuiteRunner.runSequentially(SuiteRunner.java:363)
	at org.testng.SuiteRunner.privateRun(SuiteRunner.java:321)
	at org.testng.SuiteRunner.run(SuiteRunner.java:270)
	at org.testng.SuiteRunnerWorker.runSuite(SuiteRunnerWorker.java:52)
	at org.testng.SuiteRunnerWorker.run(SuiteRunnerWorker.java:86)
	at org.testng.TestNG.runSuitesSequentially(TestNG.java:1284)
	at org.testng.TestNG.runSuitesLocally(TestNG.java:1209)
	at org.testng.TestNG.runSuites(TestNG.java:1124)
	at org.testng.TestNG.run(TestNG.java:1096)
	at org.testng.remote.AbstractRemoteTestNG.run(AbstractRemoteTestNG.java:132)
	at org.testng.remote.RemoteTestNG.initAndRun(RemoteTestNG.java:236)
	at org.testng.remote.RemoteTestNG.main(RemoteTestNG.java:81)
]]>
    </failure>
  </testcase> <!-- @BeforeTest init -->
  <testcase name="testSortComparator_A" time="0.005" classname="SortTest">
    <skipped/>
  </testcase> <!-- testSortComparator_A -->
  <testcase name="testSortComparator_AA" time="0.001" classname="SortTest">
    <skipped/>
  </testcase> <!-- testSortComparator_AA -->
  <testcase name="testSortComparator_AAB" time="0.002" classname="SortTest">
    <skipped/>
  </testcase> <!-- testSortComparator_AAB -->
  <testcase name="testSortComparator_AB" time="0.002" classname="SortTest">
    <skipped/>
  </testcase> <!-- testSortComparator_AB -->
  <testcase name="testSortComparator_ABA" time="0.002" classname="SortTest">
    <skipped/>
  </testcase> <!-- testSortComparator_ABA -->
  <testcase name="testSortComparator_ABC" time="0.001" classname="SortTest">
    <skipped/>
  </testcase> <!-- testSortComparator_ABC -->
  <testcase name="testSortComparator_ACB" time="0.001" classname="SortTest">
    <skipped/>
  </testcase> <!-- testSortComparator_ACB -->
  <testcase name="testSortComparator_BA" time="0.001" classname="SortTest">
    <skipped/>
  </testcase> <!-- testSortComparator_BA -->
  <testcase name="testSortComparator_BAA" time="0.001" classname="SortTest">
    <skipped/>
  </testcase> <!-- testSortComparator_BAA -->
  <testcase name="testSortComparator_BAB" time="0.001" classname="SortTest">
    <skipped/>
  </testcase> <!-- testSortComparator_BAB -->
  <testcase name="testSortComparator_BAC" time="0.001" classname="SortTest">
    <skipped/>
  </testcase> <!-- testSortComparator_BAC -->
  <testcase name="testSortComparator_BCA" time="0.001" classname="SortTest">
    <skipped/>
  </testcase> <!-- testSortComparator_BCA -->
  <testcase name="testSortComparator_BDAC" time="0.001" classname="SortTest">
    <skipped/>
  </testcase> <!-- testSortComparator_BDAC -->
  <testcase name="testSortComparator_BigList" time="0.001" classname="SortTest">
    <skipped/>
  </testcase> <!-- testSortComparator_BigList -->
  <testcase name="testSortComparator_CAB" time="0.001" classname="SortTest">
    <skipped/>
  </testcase> <!-- testSortComparator_CAB -->
  <testcase name="testSortComparator_CACB" time="0.001" classname="SortTest">
    <skipped/>
  </testcase> <!-- testSortComparator_CACB -->
  <testcase name="testSortComparator_CADB" time="0.001" classname="SortTest">
    <skipped/>
  </testcase> <!-- testSortComparator_CADB -->
  <testcase name="testSortComparator_CBA" time="0.001" classname="SortTest">
    <skipped/>
  </testcase> <!-- testSortComparator_CBA -->
  <testcase name="testSortComparator_newList" time="0.001" classname="SortTest">
    <skipped/>
  </testcase> <!-- testSortComparator_newList -->
  <testcase name="testSort_A" time="0.001" classname="SortTest">
    <skipped/>
  </testcase> <!-- testSort_A -->
  <testcase name="testSort_AA" time="0.001" classname="SortTest">
    <skipped/>
  </testcase> <!-- testSort_AA -->
  <testcase name="testSort_AAB" time="0.001" classname="SortTest">
    <skipped/>
  </testcase> <!-- testSort_AAB -->
  <testcase name="testSort_AB" time="0.001" classname="SortTest">
    <skipped/>
  </testcase> <!-- testSort_AB -->
  <testcase name="testSort_ABA" time="0.001" classname="SortTest">
    <skipped/>
  </testcase> <!-- testSort_ABA -->
  <testcase name="testSort_ABC" time="0.001" classname="SortTest">
    <skipped/>
  </testcase> <!-- testSort_ABC -->
  <testcase name="testSort_ACB" time="0.001" classname="SortTest">
    <skipped/>
  </testcase> <!-- testSort_ACB -->
  <testcase name="testSort_BA" time="0.001" classname="SortTest">
    <skipped/>
  </testcase> <!-- testSort_BA -->
  <testcase name="testSort_BAA" time="0.001" classname="SortTest">
    <skipped/>
  </testcase> <!-- testSort_BAA -->
  <testcase name="testSort_BAB" time="0.002" classname="SortTest">
    <skipped/>
  </testcase> <!-- testSort_BAB -->
  <testcase name="testSort_BAC" time="0.001" classname="SortTest">
    <skipped/>
  </testcase> <!-- testSort_BAC -->
  <testcase name="testSort_BCA" time="0.0" classname="SortTest">
    <skipped/>
  </testcase> <!-- testSort_BCA -->
  <testcase name="testSort_BDAC" time="0.001" classname="SortTest">
    <skipped/>
  </testcase> <!-- testSort_BDAC -->
  <testcase name="testSort_BigList" time="0.001" classname="SortTest">
    <skipped/>
  </testcase> <!-- testSort_BigList -->
  <testcase name="testSort_CAB" time="0.001" classname="SortTest">
    <skipped/>
  </testcase> <!-- testSort_CAB -->
  <testcase name="testSort_CACB" time="0.001" classname="SortTest">
    <skipped/>
  </testcase> <!-- testSort_CACB -->
  <testcase name="testSort_CADB" time="0.001" classname="SortTest">
    <skipped/>
  </testcase> <!-- testSort_CADB -->
  <testcase name="testSort_CBA" time="0.001" classname="SortTest">
    <skipped/>
  </testcase> <!-- testSort_CBA -->
  <testcase name="testSort_newList" time="0.0" classname="SortTest">
    <skipped/>
  </testcase> <!-- testSort_newList -->
</testsuite>
