<?xml version="1.0" encoding="UTF-8"?>
<!-- Generated by org.testng.reporters.JUnitXMLReporter -->
<testsuite hostname="Apollo" tests="1455" failures="886" timestamp="12 Dec 2016 21:02:26 GMT" time="17.007" errors="0">
  <testcase name="testItr_hasNext" time="0.056" classname="ItrTest_newList"/>
  <testcase name="testItr_next" time="0.002" classname="ItrTest_newList"/>
  <testcase name="testItr_remove" time="0.002" classname="ItrTest_newList"/>
  <testcase name="testItr_hasNext" time="0.001" classname="ItrTest_A_remove0_emptyList"/>
  <testcase name="testItr_next" time="0.001" classname="ItrTest_A_remove0_emptyList"/>
  <testcase name="testItr_remove" time="0.001" classname="ItrTest_A_remove0_emptyList"/>
  <testcase name="testItr_hasNext" time="0.001" classname="ItrTest_A_removeA_emptyList"/>
  <testcase name="testItr_next" time="0.0" classname="ItrTest_A_removeA_emptyList"/>
  <testcase name="testItr_remove" time="0.002" classname="ItrTest_A_removeA_emptyList"/>
  <testcase name="testItr_hasNext" time="0.001" classname="ItrTest_A_removeFirst_emptyList"/>
  <testcase name="testItr_next" time="0.002" classname="ItrTest_A_removeFirst_emptyList"/>
  <testcase name="testItr_remove" time="0.002" classname="ItrTest_A_removeFirst_emptyList"/>
  <testcase name="testItr_hasNext" time="0.0" classname="ItrTest_A_removeLast_emptyList"/>
  <testcase name="testItr_next" time="0.001" classname="ItrTest_A_removeLast_emptyList"/>
  <testcase name="testItr_remove" time="0.001" classname="ItrTest_A_removeLast_emptyList"/>
  <testcase name="testItrNextRemove_hasNext" time="0.0" classname="ItrTest_A_set0B_B"/>
  <testcase name="testItrNextRemove_next" time="0.001" classname="ItrTest_A_set0B_B"/>
  <testcase name="testItrNextRemove_remove" time="0.001" classname="ItrTest_A_set0B_B"/>
  <testcase name="testItrNext_hasNext" time="0.002" classname="ItrTest_A_set0B_B"/>
  <testcase name="testItrNext_next" time="0.001" classname="ItrTest_A_set0B_B"/>
  <testcase name="testItrNext_remove" time="0.001" classname="ItrTest_A_set0B_B"/>
  <testcase name="testItr_hasNext" time="0.003" classname="ItrTest_A_set0B_B"/>
  <testcase name="testItr_next" time="0.001" classname="ItrTest_A_set0B_B"/>
  <testcase name="testItr_remove" time="0.0" classname="ItrTest_A_set0B_B"/>
  <testcase name="testItrNextRemove_hasNext" time="0.001" classname="ItrTest_AB_removeA_B"/>
  <testcase name="testItrNextRemove_next" time="0.001" classname="ItrTest_AB_removeA_B"/>
  <testcase name="testItrNextRemove_remove" time="0.001" classname="ItrTest_AB_removeA_B"/>
  <testcase name="testItrNext_hasNext" time="0.001" classname="ItrTest_AB_removeA_B"/>
  <testcase name="testItrNext_next" time="0.001" classname="ItrTest_AB_removeA_B"/>
  <testcase name="testItrNext_remove" time="0.001" classname="ItrTest_AB_removeA_B"/>
  <testcase name="testItr_hasNext" time="0.001" classname="ItrTest_AB_removeA_B"/>
  <testcase name="testItr_next" time="0.001" classname="ItrTest_AB_removeA_B"/>
  <testcase name="testItr_remove" time="0.0" classname="ItrTest_AB_removeA_B"/>
  <testcase name="testItrNextRemove_hasNext" time="0.001" classname="ItrTest_AB_removeFirst_B"/>
  <testcase name="testItrNextRemove_next" time="0.001" classname="ItrTest_AB_removeFirst_B"/>
  <testcase name="testItrNextRemove_remove" time="0.001" classname="ItrTest_AB_removeFirst_B"/>
  <testcase name="testItrNext_hasNext" time="0.001" classname="ItrTest_AB_removeFirst_B"/>
  <testcase name="testItrNext_next" time="0.001" classname="ItrTest_AB_removeFirst_B"/>
  <testcase name="testItrNext_remove" time="0.001" classname="ItrTest_AB_removeFirst_B"/>
  <testcase name="testItr_hasNext" time="0.001" classname="ItrTest_AB_removeFirst_B"/>
  <testcase name="testItr_next" time="0.001" classname="ItrTest_AB_removeFirst_B"/>
  <testcase name="testItr_remove" time="0.0" classname="ItrTest_AB_removeFirst_B"/>
  <testcase name="testItrNextRemove_hasNext" time="0.001" classname="ItrTest_AB_removeLast_A">
    <failure type="java.lang.AssertionError" message="expected [false] but found [true]">
      <![CDATA[java.lang.AssertionError: expected [false] but found [true]
	at TestCase.hasNext(TestCase.java:285)
	at ItrTest_AB_removeLast_A.testItrNextRemove_hasNext(ItrTest_AB_removeLast_A.java:126)
... Removed 31 stack frames]]>
    </failure>
  </testcase> <!-- testItrNextRemove_hasNext -->
  <testcase name="testItrNextRemove_next" time="0.001" classname="ItrTest_AB_removeLast_A">
    <failure type="java.lang.AssertionError" message="expected [1] but found [2]">
      <![CDATA[java.lang.AssertionError: expected [1] but found [2]
	at TestCase.next(TestCase.java:296)
	at ItrTest_AB_removeLast_A.testItrNextRemove_next(ItrTest_AB_removeLast_A.java:137)
... Removed 30 stack frames]]>
    </failure>
  </testcase> <!-- testItrNextRemove_next -->
  <testcase name="testItrNextRemove_remove" time="0.001" classname="ItrTest_AB_removeLast_A"/>
  <testcase name="testItrNext_hasNext" time="0.001" classname="ItrTest_AB_removeLast_A">
    <failure type="java.lang.AssertionError" message="expected [false] but found [true]">
      <![CDATA[java.lang.AssertionError: expected [false] but found [true]
	at TestCase.hasNext(TestCase.java:285)
	at ItrTest_AB_removeLast_A.testItrNext_hasNext(ItrTest_AB_removeLast_A.java:92)
... Removed 31 stack frames]]>
    </failure>
  </testcase> <!-- testItrNext_hasNext -->
  <testcase name="testItrNext_next" time="0.001" classname="ItrTest_AB_removeLast_A">
    <failure type="java.lang.AssertionError" message="expected [1] but found [2]">
      <![CDATA[java.lang.AssertionError: expected [1] but found [2]
	at TestCase.next(TestCase.java:296)
	at ItrTest_AB_removeLast_A.testItrNext_next(ItrTest_AB_removeLast_A.java:103)
... Removed 30 stack frames]]>
    </failure>
  </testcase> <!-- testItrNext_next -->
  <testcase name="testItrNext_remove" time="0.001" classname="ItrTest_AB_removeLast_A"/>
  <testcase name="testItr_hasNext" time="0.0" classname="ItrTest_AB_removeLast_A"/>
  <testcase name="testItr_next" time="0.001" classname="ItrTest_AB_removeLast_A"/>
  <testcase name="testItr_remove" time="0.001" classname="ItrTest_AB_removeLast_A"/>
  <testcase name="testItrNextRemove_hasNext" time="0.0" classname="ItrTest_AB_removeB_A"/>
  <testcase name="testItrNextRemove_next" time="0.001" classname="ItrTest_AB_removeB_A"/>
  <testcase name="testItrNextRemove_remove" time="0.001" classname="ItrTest_AB_removeB_A"/>
  <testcase name="testItrNext_hasNext" time="0.001" classname="ItrTest_AB_removeB_A"/>
  <testcase name="testItrNext_next" time="0.0" classname="ItrTest_AB_removeB_A"/>
  <testcase name="testItrNext_remove" time="0.001" classname="ItrTest_AB_removeB_A"/>
  <testcase name="testItr_hasNext" time="0.001" classname="ItrTest_AB_removeB_A"/>
  <testcase name="testItr_next" time="0.0" classname="ItrTest_AB_removeB_A"/>
  <testcase name="testItr_remove" time="0.001" classname="ItrTest_AB_removeB_A"/>
  <testcase name="testItrNextRemove_hasNext" time="0.001" classname="ItrTest_AB_remove1_A">
    <failure type="java.lang.AssertionError" message="expected [false] but found [true]">
      <![CDATA[java.lang.AssertionError: expected [false] but found [true]
	at TestCase.hasNext(TestCase.java:285)
	at ItrTest_AB_remove1_A.testItrNextRemove_hasNext(ItrTest_AB_remove1_A.java:126)
... Removed 31 stack frames]]>
    </failure>
  </testcase> <!-- testItrNextRemove_hasNext -->
  <testcase name="testItrNextRemove_next" time="0.001" classname="ItrTest_AB_remove1_A">
    <failure type="java.lang.AssertionError" message="expected [1] but found [2]">
      <![CDATA[java.lang.AssertionError: expected [1] but found [2]
	at TestCase.next(TestCase.java:296)
	at ItrTest_AB_remove1_A.testItrNextRemove_next(ItrTest_AB_remove1_A.java:137)
... Removed 30 stack frames]]>
    </failure>
  </testcase> <!-- testItrNextRemove_next -->
  <testcase name="testItrNextRemove_remove" time="0.0" classname="ItrTest_AB_remove1_A"/>
  <testcase name="testItrNext_hasNext" time="0.001" classname="ItrTest_AB_remove1_A">
    <failure type="java.lang.AssertionError" message="expected [false] but found [true]">
      <![CDATA[java.lang.AssertionError: expected [false] but found [true]
	at TestCase.hasNext(TestCase.java:285)
	at ItrTest_AB_remove1_A.testItrNext_hasNext(ItrTest_AB_remove1_A.java:92)
... Removed 31 stack frames]]>
    </failure>
  </testcase> <!-- testItrNext_hasNext -->
  <testcase name="testItrNext_next" time="0.0" classname="ItrTest_AB_remove1_A">
    <failure type="java.lang.AssertionError" message="expected [1] but found [2]">
      <![CDATA[java.lang.AssertionError: expected [1] but found [2]
	at TestCase.next(TestCase.java:296)
	at ItrTest_AB_remove1_A.testItrNext_next(ItrTest_AB_remove1_A.java:103)
... Removed 30 stack frames]]>
    </failure>
  </testcase> <!-- testItrNext_next -->
  <testcase name="testItrNext_remove" time="0.0" classname="ItrTest_AB_remove1_A"/>
  <testcase name="testItr_hasNext" time="0.0" classname="ItrTest_AB_remove1_A"/>
  <testcase name="testItr_next" time="0.001" classname="ItrTest_AB_remove1_A"/>
  <testcase name="testItr_remove" time="0.0" classname="ItrTest_AB_remove1_A"/>
  <testcase name="testItrNextRemove_hasNext" time="0.001" classname="ItrTest_AB_remove0_B"/>
  <testcase name="testItrNextRemove_next" time="0.001" classname="ItrTest_AB_remove0_B"/>
  <testcase name="testItrNextRemove_remove" time="0.001" classname="ItrTest_AB_remove0_B"/>
  <testcase name="testItrNext_hasNext" time="0.0" classname="ItrTest_AB_remove0_B"/>
  <testcase name="testItrNext_next" time="0.001" classname="ItrTest_AB_remove0_B"/>
  <testcase name="testItrNext_remove" time="0.0" classname="ItrTest_AB_remove0_B"/>
  <testcase name="testItr_hasNext" time="0.0" classname="ItrTest_AB_remove0_B"/>
  <testcase name="testItr_next" time="0.001" classname="ItrTest_AB_remove0_B"/>
  <testcase name="testItr_remove" time="0.0" classname="ItrTest_AB_remove0_B"/>
  <testcase name="testItrNextNextRemove_hasNext" time="0.0" classname="ItrTest_A_addToFrontB_BA"/>
  <testcase name="testItrNextNextRemove_next" time="0.0" classname="ItrTest_A_addToFrontB_BA"/>
  <testcase name="testItrNextNextRemove_remove" time="0.001" classname="ItrTest_A_addToFrontB_BA"/>
  <testcase name="testItrNextNext_hasNext" time="0.001" classname="ItrTest_A_addToFrontB_BA"/>
  <testcase name="testItrNextNext_next" time="0.001" classname="ItrTest_A_addToFrontB_BA"/>
  <testcase name="testItrNextNext_remove" time="0.001" classname="ItrTest_A_addToFrontB_BA"/>
  <testcase name="testItrNextRemoveNext_hasNext" time="0.001" classname="ItrTest_A_addToFrontB_BA"/>
  <testcase name="testItrNextRemoveNext_next" time="0.0" classname="ItrTest_A_addToFrontB_BA"/>
  <testcase name="testItrNextRemoveNext_remove" time="0.001" classname="ItrTest_A_addToFrontB_BA"/>
  <testcase name="testItrNextRemove_hasNext" time="0.0" classname="ItrTest_A_addToFrontB_BA"/>
  <testcase name="testItrNextRemove_next" time="0.0" classname="ItrTest_A_addToFrontB_BA"/>
  <testcase name="testItrNextRemove_remove" time="0.001" classname="ItrTest_A_addToFrontB_BA"/>
  <testcase name="testItrNext_hasNext" time="0.0" classname="ItrTest_A_addToFrontB_BA"/>
  <testcase name="testItrNext_next" time="0.0" classname="ItrTest_A_addToFrontB_BA"/>
  <testcase name="testItrNext_remove" time="0.001" classname="ItrTest_A_addToFrontB_BA"/>
  <testcase name="testItr_hasNext" time="0.001" classname="ItrTest_A_addToFrontB_BA"/>
  <testcase name="testItr_next" time="0.001" classname="ItrTest_A_addToFrontB_BA"/>
  <testcase name="testItr_remove" time="0.0" classname="ItrTest_A_addToFrontB_BA"/>
  <testcase name="testItrNextNextRemove_hasNext" time="0.001" classname="ItrTest_A_addToRearB_AB"/>
  <testcase name="testItrNextNextRemove_next" time="0.001" classname="ItrTest_A_addToRearB_AB"/>
  <testcase name="testItrNextNextRemove_remove" time="0.001" classname="ItrTest_A_addToRearB_AB"/>
  <testcase name="testItrNextNext_hasNext" time="0.001" classname="ItrTest_A_addToRearB_AB"/>
  <testcase name="testItrNextNext_next" time="0.0" classname="ItrTest_A_addToRearB_AB"/>
  <testcase name="testItrNextNext_remove" time="0.0" classname="ItrTest_A_addToRearB_AB"/>
  <testcase name="testItrNextRemoveNext_hasNext" time="0.0" classname="ItrTest_A_addToRearB_AB"/>
  <testcase name="testItrNextRemoveNext_next" time="0.001" classname="ItrTest_A_addToRearB_AB"/>
  <testcase name="testItrNextRemoveNext_remove" time="0.001" classname="ItrTest_A_addToRearB_AB"/>
  <testcase name="testItrNextRemove_hasNext" time="0.0" classname="ItrTest_A_addToRearB_AB"/>
  <testcase name="testItrNextRemove_next" time="0.0" classname="ItrTest_A_addToRearB_AB"/>
  <testcase name="testItrNextRemove_remove" time="0.0" classname="ItrTest_A_addToRearB_AB"/>
  <testcase name="testItrNext_hasNext" time="0.0" classname="ItrTest_A_addToRearB_AB"/>
  <testcase name="testItrNext_next" time="0.0" classname="ItrTest_A_addToRearB_AB"/>
  <testcase name="testItrNext_remove" time="0.0" classname="ItrTest_A_addToRearB_AB"/>
  <testcase name="testItr_hasNext" time="0.0" classname="ItrTest_A_addToRearB_AB"/>
  <testcase name="testItr_next" time="0.0" classname="ItrTest_A_addToRearB_AB"/>
  <testcase name="testItr_remove" time="0.001" classname="ItrTest_A_addToRearB_AB"/>
  <testcase name="testItrNextNextRemove_hasNext" time="0.0" classname="ItrTest_ABC_remove1_AC"/>
  <testcase name="testItrNextNextRemove_next" time="0.0" classname="ItrTest_ABC_remove1_AC"/>
  <testcase name="testItrNextNextRemove_remove" time="0.0" classname="ItrTest_ABC_remove1_AC"/>
  <testcase name="testItrNextNext_hasNext" time="0.001" classname="ItrTest_ABC_remove1_AC"/>
  <testcase name="testItrNextNext_next" time="0.001" classname="ItrTest_ABC_remove1_AC"/>
  <testcase name="testItrNextNext_remove" time="0.001" classname="ItrTest_ABC_remove1_AC"/>
  <testcase name="testItrNextRemoveNext_hasNext" time="0.001" classname="ItrTest_ABC_remove1_AC"/>
  <testcase name="testItrNextRemoveNext_next" time="0.0" classname="ItrTest_ABC_remove1_AC"/>
  <testcase name="testItrNextRemoveNext_remove" time="0.001" classname="ItrTest_ABC_remove1_AC"/>
  <testcase name="testItrNextRemove_hasNext" time="0.0" classname="ItrTest_ABC_remove1_AC"/>
  <testcase name="testItrNextRemove_next" time="0.0" classname="ItrTest_ABC_remove1_AC"/>
  <testcase name="testItrNextRemove_remove" time="0.0" classname="ItrTest_ABC_remove1_AC"/>
  <testcase name="testItrNext_hasNext" time="0.0" classname="ItrTest_ABC_remove1_AC"/>
  <testcase name="testItrNext_next" time="0.001" classname="ItrTest_ABC_remove1_AC"/>
  <testcase name="testItrNext_remove" time="0.0" classname="ItrTest_ABC_remove1_AC"/>
  <testcase name="testItr_hasNext" time="0.001" classname="ItrTest_ABC_remove1_AC"/>
  <testcase name="testItr_next" time="0.0" classname="ItrTest_ABC_remove1_AC"/>
  <testcase name="testItr_remove" time="0.0" classname="ItrTest_ABC_remove1_AC"/>
  <testcase name="testItrNextNextRemove_hasNext" time="0.001" classname="ItrTest_ABC_removeA_BC"/>
  <testcase name="testItrNextNextRemove_next" time="0.0" classname="ItrTest_ABC_removeA_BC"/>
  <testcase name="testItrNextNextRemove_remove" time="0.0" classname="ItrTest_ABC_removeA_BC"/>
  <testcase name="testItrNextNext_hasNext" time="0.0" classname="ItrTest_ABC_removeA_BC"/>
  <testcase name="testItrNextNext_next" time="0.0" classname="ItrTest_ABC_removeA_BC"/>
  <testcase name="testItrNextNext_remove" time="0.0" classname="ItrTest_ABC_removeA_BC"/>
  <testcase name="testItrNextRemoveNext_hasNext" time="0.0" classname="ItrTest_ABC_removeA_BC"/>
  <testcase name="testItrNextRemoveNext_next" time="0.001" classname="ItrTest_ABC_removeA_BC"/>
  <testcase name="testItrNextRemoveNext_remove" time="0.0" classname="ItrTest_ABC_removeA_BC"/>
  <testcase name="testItrNextRemove_hasNext" time="0.0" classname="ItrTest_ABC_removeA_BC"/>
  <testcase name="testItrNextRemove_next" time="0.0" classname="ItrTest_ABC_removeA_BC"/>
  <testcase name="testItrNextRemove_remove" time="0.001" classname="ItrTest_ABC_removeA_BC"/>
  <testcase name="testItrNext_hasNext" time="0.0" classname="ItrTest_ABC_removeA_BC"/>
  <testcase name="testItrNext_next" time="0.0" classname="ItrTest_ABC_removeA_BC"/>
  <testcase name="testItrNext_remove" time="0.0" classname="ItrTest_ABC_removeA_BC"/>
  <testcase name="testItr_hasNext" time="0.001" classname="ItrTest_ABC_removeA_BC"/>
  <testcase name="testItr_next" time="0.001" classname="ItrTest_ABC_removeA_BC"/>
  <testcase name="testItr_remove" time="0.0" classname="ItrTest_ABC_removeA_BC"/>
  <testcase name="testItrNextNextRemove_hasNext" time="0.0" classname="ItrTest_ABC_removeFirst_BC"/>
  <testcase name="testItrNextNextRemove_next" time="0.001" classname="ItrTest_ABC_removeFirst_BC"/>
  <testcase name="testItrNextNextRemove_remove" time="0.001" classname="ItrTest_ABC_removeFirst_BC"/>
  <testcase name="testItrNextNext_hasNext" time="0.0" classname="ItrTest_ABC_removeFirst_BC"/>
  <testcase name="testItrNextNext_next" time="0.0" classname="ItrTest_ABC_removeFirst_BC"/>
  <testcase name="testItrNextNext_remove" time="0.0" classname="ItrTest_ABC_removeFirst_BC"/>
  <testcase name="testItrNextRemoveNext_hasNext" time="0.001" classname="ItrTest_ABC_removeFirst_BC"/>
  <testcase name="testItrNextRemoveNext_next" time="0.0" classname="ItrTest_ABC_removeFirst_BC"/>
  <testcase name="testItrNextRemoveNext_remove" time="0.0" classname="ItrTest_ABC_removeFirst_BC"/>
  <testcase name="testItrNextRemove_hasNext" time="0.0" classname="ItrTest_ABC_removeFirst_BC"/>
  <testcase name="testItrNextRemove_next" time="0.0" classname="ItrTest_ABC_removeFirst_BC"/>
  <testcase name="testItrNextRemove_remove" time="0.001" classname="ItrTest_ABC_removeFirst_BC"/>
  <testcase name="testItrNext_hasNext" time="0.0" classname="ItrTest_ABC_removeFirst_BC"/>
  <testcase name="testItrNext_next" time="0.0" classname="ItrTest_ABC_removeFirst_BC"/>
  <testcase name="testItrNext_remove" time="0.0" classname="ItrTest_ABC_removeFirst_BC"/>
  <testcase name="testItr_hasNext" time="0.001" classname="ItrTest_ABC_removeFirst_BC"/>
  <testcase name="testItr_next" time="0.0" classname="ItrTest_ABC_removeFirst_BC"/>
  <testcase name="testItr_remove" time="0.001" classname="ItrTest_ABC_removeFirst_BC"/>
  <testcase name="testItrNextRemove_hasNext" time="0.001" classname="ItrTest_emptyList_add0A_A"/>
  <testcase name="testItrNextRemove_next" time="0.0" classname="ItrTest_emptyList_add0A_A"/>
  <testcase name="testItrNextRemove_remove" time="0.001" classname="ItrTest_emptyList_add0A_A"/>
  <testcase name="testItrNext_hasNext" time="0.001" classname="ItrTest_emptyList_add0A_A"/>
  <testcase name="testItrNext_next" time="0.001" classname="ItrTest_emptyList_add0A_A"/>
  <testcase name="testItrNext_remove" time="0.0" classname="ItrTest_emptyList_add0A_A"/>
  <testcase name="testItr_hasNext" time="0.0" classname="ItrTest_emptyList_add0A_A"/>
  <testcase name="testItr_next" time="0.001" classname="ItrTest_emptyList_add0A_A"/>
  <testcase name="testItr_remove" time="0.0" classname="ItrTest_emptyList_add0A_A"/>
  <testcase name="testItrNextRemove_hasNext" time="0.001" classname="ItrTest_emptyList_addA_A"/>
  <testcase name="testItrNextRemove_next" time="0.0" classname="ItrTest_emptyList_addA_A"/>
  <testcase name="testItrNextRemove_remove" time="0.0" classname="ItrTest_emptyList_addA_A"/>
  <testcase name="testItrNext_hasNext" time="0.001" classname="ItrTest_emptyList_addA_A"/>
  <testcase name="testItrNext_next" time="0.0" classname="ItrTest_emptyList_addA_A"/>
  <testcase name="testItrNext_remove" time="0.0" classname="ItrTest_emptyList_addA_A"/>
  <testcase name="testItr_hasNext" time="0.001" classname="ItrTest_emptyList_addA_A"/>
  <testcase name="testItr_next" time="0.001" classname="ItrTest_emptyList_addA_A"/>
  <testcase name="testItr_remove" time="0.001" classname="ItrTest_emptyList_addA_A"/>
  <testcase name="testItrNextRemove_hasNext" time="0.0" classname="ItrTest_emptyList_addToFrontA_A"/>
  <testcase name="testItrNextRemove_next" time="0.0" classname="ItrTest_emptyList_addToFrontA_A"/>
  <testcase name="testItrNextRemove_remove" time="0.0" classname="ItrTest_emptyList_addToFrontA_A"/>
  <testcase name="testItrNext_hasNext" time="0.001" classname="ItrTest_emptyList_addToFrontA_A"/>
  <testcase name="testItrNext_next" time="0.001" classname="ItrTest_emptyList_addToFrontA_A"/>
  <testcase name="testItrNext_remove" time="0.001" classname="ItrTest_emptyList_addToFrontA_A"/>
  <testcase name="testItr_hasNext" time="0.001" classname="ItrTest_emptyList_addToFrontA_A"/>
  <testcase name="testItr_next" time="0.001" classname="ItrTest_emptyList_addToFrontA_A"/>
  <testcase name="testItr_remove" time="0.0" classname="ItrTest_emptyList_addToFrontA_A"/>
  <testcase name="testItrNextNextNextRemove_hasNext" time="0.0" classname="ItrTest_AB_addToFrontC_CAB"/>
  <testcase name="testItrNextNextNextRemove_next" time="0.001" classname="ItrTest_AB_addToFrontC_CAB"/>
  <testcase name="testItrNextNextNextRemove_remove" time="0.0" classname="ItrTest_AB_addToFrontC_CAB"/>
  <testcase name="testItrNextNextNext_hasNext" time="0.001" classname="ItrTest_AB_addToFrontC_CAB"/>
  <testcase name="testItrNextNextNext_next" time="0.0" classname="ItrTest_AB_addToFrontC_CAB"/>
  <testcase name="testItrNextNextNext_remove" time="0.001" classname="ItrTest_AB_addToFrontC_CAB"/>
  <testcase name="testItrNextNextRemoveNext_hasNext" time="0.001" classname="ItrTest_AB_addToFrontC_CAB"/>
  <testcase name="testItrNextNextRemoveNext_next" time="0.001" classname="ItrTest_AB_addToFrontC_CAB"/>
  <testcase name="testItrNextNextRemoveNext_remove" time="0.0" classname="ItrTest_AB_addToFrontC_CAB"/>
  <testcase name="testItrNextNextRemove_hasNext" time="0.0" classname="ItrTest_AB_addToFrontC_CAB"/>
  <testcase name="testItrNextNextRemove_next" time="0.0" classname="ItrTest_AB_addToFrontC_CAB"/>
  <testcase name="testItrNextNextRemove_remove" time="0.001" classname="ItrTest_AB_addToFrontC_CAB"/>
  <testcase name="testItrNextNext_hasNext" time="0.001" classname="ItrTest_AB_addToFrontC_CAB"/>
  <testcase name="testItrNextNext_next" time="0.0" classname="ItrTest_AB_addToFrontC_CAB"/>
  <testcase name="testItrNextNext_remove" time="0.0" classname="ItrTest_AB_addToFrontC_CAB"/>
  <testcase name="testItrNextRemoveNext_hasNext" time="0.0" classname="ItrTest_AB_addToFrontC_CAB"/>
  <testcase name="testItrNextRemoveNext_next" time="0.0" classname="ItrTest_AB_addToFrontC_CAB"/>
  <testcase name="testItrNextRemoveNext_remove" time="0.001" classname="ItrTest_AB_addToFrontC_CAB"/>
  <testcase name="testItrNextRemove_hasNext" time="0.0" classname="ItrTest_AB_addToFrontC_CAB"/>
  <testcase name="testItrNextRemove_next" time="0.001" classname="ItrTest_AB_addToFrontC_CAB"/>
  <testcase name="testItrNextRemove_remove" time="0.001" classname="ItrTest_AB_addToFrontC_CAB"/>
  <testcase name="testItrNext_hasNext" time="0.001" classname="ItrTest_AB_addToFrontC_CAB"/>
  <testcase name="testItrNext_next" time="0.001" classname="ItrTest_AB_addToFrontC_CAB"/>
  <testcase name="testItrNext_remove" time="0.001" classname="ItrTest_AB_addToFrontC_CAB"/>
  <testcase name="testItr_hasNext" time="0.001" classname="ItrTest_AB_addToFrontC_CAB"/>
  <testcase name="testItr_next" time="0.001" classname="ItrTest_AB_addToFrontC_CAB"/>
  <testcase name="testItr_remove" time="0.001" classname="ItrTest_AB_addToFrontC_CAB"/>
  <testcase name="testItrNextNextNextRemove_hasNext" time="0.0" classname="ItrTest_AB_addToRearC_ABC"/>
  <testcase name="testItrNextNextNextRemove_next" time="0.0" classname="ItrTest_AB_addToRearC_ABC"/>
  <testcase name="testItrNextNextNextRemove_remove" time="0.0" classname="ItrTest_AB_addToRearC_ABC"/>
  <testcase name="testItrNextNextNext_hasNext" time="0.001" classname="ItrTest_AB_addToRearC_ABC"/>
  <testcase name="testItrNextNextNext_next" time="0.0" classname="ItrTest_AB_addToRearC_ABC"/>
  <testcase name="testItrNextNextNext_remove" time="0.0" classname="ItrTest_AB_addToRearC_ABC"/>
  <testcase name="testItrNextNextRemoveNext_hasNext" time="0.001" classname="ItrTest_AB_addToRearC_ABC"/>
  <testcase name="testItrNextNextRemoveNext_next" time="0.0" classname="ItrTest_AB_addToRearC_ABC"/>
  <testcase name="testItrNextNextRemoveNext_remove" time="0.0" classname="ItrTest_AB_addToRearC_ABC"/>
  <testcase name="testItrNextNextRemove_hasNext" time="0.0" classname="ItrTest_AB_addToRearC_ABC"/>
  <testcase name="testItrNextNextRemove_next" time="0.0" classname="ItrTest_AB_addToRearC_ABC"/>
  <testcase name="testItrNextNextRemove_remove" time="0.001" classname="ItrTest_AB_addToRearC_ABC"/>
  <testcase name="testItrNextNext_hasNext" time="0.0" classname="ItrTest_AB_addToRearC_ABC"/>
  <testcase name="testItrNextNext_next" time="0.0" classname="ItrTest_AB_addToRearC_ABC"/>
  <testcase name="testItrNextNext_remove" time="0.001" classname="ItrTest_AB_addToRearC_ABC"/>
  <testcase name="testItrNextRemoveNext_hasNext" time="0.0" classname="ItrTest_AB_addToRearC_ABC"/>
  <testcase name="testItrNextRemoveNext_next" time="0.0" classname="ItrTest_AB_addToRearC_ABC"/>
  <testcase name="testItrNextRemoveNext_remove" time="0.001" classname="ItrTest_AB_addToRearC_ABC"/>
  <testcase name="testItrNextRemove_hasNext" time="0.0" classname="ItrTest_AB_addToRearC_ABC"/>
  <testcase name="testItrNextRemove_next" time="0.0" classname="ItrTest_AB_addToRearC_ABC">
    <failure type="java.lang.AssertionError" message="expected [1] but found [2]">
      <![CDATA[java.lang.AssertionError: expected [1] but found [2]
	at TestCase.next(TestCase.java:296)
	at ItrTest_AB_addToRearC_ABC.testItrNextRemove_next(ItrTest_AB_addToRearC_ABC.java:170)
... Removed 30 stack frames]]>
    </failure>
  </testcase> <!-- testItrNextRemove_next -->
  <testcase name="testItrNextRemove_remove" time="0.001" classname="ItrTest_AB_addToRearC_ABC"/>
  <testcase name="testItrNext_hasNext" time="0.001" classname="ItrTest_AB_addToRearC_ABC"/>
  <testcase name="testItrNext_next" time="0.001" classname="ItrTest_AB_addToRearC_ABC">
    <failure type="java.lang.AssertionError" message="expected [1] but found [2]">
      <![CDATA[java.lang.AssertionError: expected [1] but found [2]
	at TestCase.next(TestCase.java:296)
	at ItrTest_AB_addToRearC_ABC.testItrNext_next(ItrTest_AB_addToRearC_ABC.java:102)
... Removed 30 stack frames]]>
    </failure>
  </testcase> <!-- testItrNext_next -->
  <testcase name="testItrNext_remove" time="0.001" classname="ItrTest_AB_addToRearC_ABC"/>
  <testcase name="testItr_hasNext" time="0.001" classname="ItrTest_AB_addToRearC_ABC"/>
  <testcase name="testItr_next" time="0.0" classname="ItrTest_AB_addToRearC_ABC"/>
  <testcase name="testItr_remove" time="0.001" classname="ItrTest_AB_addToRearC_ABC"/>
  <testcase name="testListItrAdd_add" time="0.002" classname="ListItrTest_A_remove0_emptyList">
    <failure type="java.lang.IllegalStateException" message="IUDoubleLinkedListIterator - add">
      <![CDATA[java.lang.IllegalStateException: IUDoubleLinkedListIterator - add
	at IUDoubleLinkedList$IUDoubleLinkedListIterator.add(IUDoubleLinkedList.java:571)
	at TestCase.initListItr(TestCase.java:444)
	at ListItrTest_A_remove0_emptyList.testListItrAdd_add(ListItrTest_A_remove0_emptyList.java:213)
... Removed 25 stack frames]]>
    </failure>
  </testcase> <!-- testListItrAdd_add -->
  <testcase name="testListItrAdd_hasNext" time="0.0" classname="ListItrTest_A_remove0_emptyList">
    <failure type="java.lang.IllegalStateException" message="IUDoubleLinkedListIterator - add">
      <![CDATA[java.lang.IllegalStateException: IUDoubleLinkedListIterator - add
	at IUDoubleLinkedList$IUDoubleLinkedListIterator.add(IUDoubleLinkedList.java:571)
	at TestCase.initListItr(TestCase.java:444)
	at ListItrTest_A_remove0_emptyList.testListItrAdd_hasNext(ListItrTest_A_remove0_emptyList.java:158)
... Removed 25 stack frames]]>
    </failure>
  </testcase> <!-- testListItrAdd_hasNext -->
  <testcase name="testListItrAdd_hasPrevious" time="0.0" classname="ListItrTest_A_remove0_emptyList">
    <failure type="java.lang.IllegalStateException" message="IUDoubleLinkedListIterator - add">
      <![CDATA[java.lang.IllegalStateException: IUDoubleLinkedListIterator - add
	at IUDoubleLinkedList$IUDoubleLinkedListIterator.add(IUDoubleLinkedList.java:571)
	at TestCase.initListItr(TestCase.java:444)
	at ListItrTest_A_remove0_emptyList.testListItrAdd_hasPrevious(ListItrTest_A_remove0_emptyList.java:191)
... Removed 25 stack frames]]>
    </failure>
  </testcase> <!-- testListItrAdd_hasPrevious -->
  <testcase name="testListItrAdd_next" time="0.0" classname="ListItrTest_A_remove0_emptyList">
    <failure type="java.lang.IllegalStateException" message="IUDoubleLinkedListIterator - add">
      <![CDATA[java.lang.IllegalStateException: IUDoubleLinkedListIterator - add
	at IUDoubleLinkedList$IUDoubleLinkedListIterator.add(IUDoubleLinkedList.java:571)
	at TestCase.initListItr(TestCase.java:444)
	at ListItrTest_A_remove0_emptyList.testListItrAdd_next(ListItrTest_A_remove0_emptyList.java:169)
... Removed 25 stack frames]]>
    </failure>
  </testcase> <!-- testListItrAdd_next -->
  <testcase name="testListItrAdd_nextIndex" time="0.001" classname="ListItrTest_A_remove0_emptyList">
    <failure type="java.lang.IllegalStateException" message="IUDoubleLinkedListIterator - add">
      <![CDATA[java.lang.IllegalStateException: IUDoubleLinkedListIterator - add
	at IUDoubleLinkedList$IUDoubleLinkedListIterator.add(IUDoubleLinkedList.java:571)
	at TestCase.initListItr(TestCase.java:444)
	at ListItrTest_A_remove0_emptyList.testListItrAdd_nextIndex(ListItrTest_A_remove0_emptyList.java:224)
... Removed 25 stack frames]]>
    </failure>
  </testcase> <!-- testListItrAdd_nextIndex -->
  <testcase name="testListItrAdd_previous" time="0.001" classname="ListItrTest_A_remove0_emptyList">
    <failure type="java.lang.IllegalStateException" message="IUDoubleLinkedListIterator - add">
      <![CDATA[java.lang.IllegalStateException: IUDoubleLinkedListIterator - add
	at IUDoubleLinkedList$IUDoubleLinkedListIterator.add(IUDoubleLinkedList.java:571)
	at TestCase.initListItr(TestCase.java:444)
	at ListItrTest_A_remove0_emptyList.testListItrAdd_previous(ListItrTest_A_remove0_emptyList.java:202)
... Removed 25 stack frames]]>
    </failure>
  </testcase> <!-- testListItrAdd_previous -->
  <testcase name="testListItrAdd_previousIndex" time="0.0" classname="ListItrTest_A_remove0_emptyList">
    <failure type="java.lang.IllegalStateException" message="IUDoubleLinkedListIterator - add">
      <![CDATA[java.lang.IllegalStateException: IUDoubleLinkedListIterator - add
	at IUDoubleLinkedList$IUDoubleLinkedListIterator.add(IUDoubleLinkedList.java:571)
	at TestCase.initListItr(TestCase.java:444)
	at ListItrTest_A_remove0_emptyList.testListItrAdd_previousIndex(ListItrTest_A_remove0_emptyList.java:235)
... Removed 25 stack frames]]>
    </failure>
  </testcase> <!-- testListItrAdd_previousIndex -->
  <testcase name="testListItrAdd_remove" time="0.0" classname="ListItrTest_A_remove0_emptyList"/>
  <testcase name="testListItrAdd_set" time="0.0" classname="ListItrTest_A_remove0_emptyList"/>
  <testcase name="testListItr_add" time="0.0" classname="ListItrTest_A_remove0_emptyList">
    <failure type="java.lang.IllegalStateException" message="IUDoubleLinkedListIterator - add">
      <![CDATA[java.lang.IllegalStateException: IUDoubleLinkedListIterator - add
	at IUDoubleLinkedList$IUDoubleLinkedListIterator.add(IUDoubleLinkedList.java:571)
	at TestCase.add(TestCase.java:338)
	at ListItrTest_A_remove0_emptyList.testListItr_add(ListItrTest_A_remove0_emptyList.java:113)
... Removed 25 stack frames]]>
    </failure>
  </testcase> <!-- testListItr_add -->
  <testcase name="testListItr_hasNext" time="0.0" classname="ListItrTest_A_remove0_emptyList"/>
  <testcase name="testListItr_hasPrevious" time="0.001" classname="ListItrTest_A_remove0_emptyList">
    <failure type="java.lang.AssertionError" message="expected [false] but found [true]">
      <![CDATA[java.lang.AssertionError: expected [false] but found [true]
	at TestCase.hasPrevious(TestCase.java:317)
	at ListItrTest_A_remove0_emptyList.testListItr_hasPrevious(ListItrTest_A_remove0_emptyList.java:91)
... Removed 31 stack frames]]>
    </failure>
  </testcase> <!-- testListItr_hasPrevious -->
  <testcase name="testListItr_next" time="0.0" classname="ListItrTest_A_remove0_emptyList"/>
  <testcase name="testListItr_nextIndex" time="0.0" classname="ListItrTest_A_remove0_emptyList"/>
  <testcase name="testListItr_previous" time="0.001" classname="ListItrTest_A_remove0_emptyList">
    <failure type="java.lang.NullPointerException">
      <![CDATA[java.lang.NullPointerException
	at IUDoubleLinkedList$IUDoubleLinkedListIterator.previous(IUDoubleLinkedList.java:522)
	at TestCase.previous(TestCase.java:327)
	at ListItrTest_A_remove0_emptyList.testListItr_previous(ListItrTest_A_remove0_emptyList.java:102)
... Removed 25 stack frames]]>
    </failure>
  </testcase> <!-- testListItr_previous -->
  <testcase name="testListItr_previousIndex" time="0.001" classname="ListItrTest_A_remove0_emptyList"/>
  <testcase name="testListItr_remove" time="0.0" classname="ListItrTest_A_remove0_emptyList"/>
  <testcase name="testListItr_set" time="0.0" classname="ListItrTest_A_remove0_emptyList"/>
  <testcase name="testListItrAdd_add" time="0.001" classname="ListItrTest_A_removeA_emptyList">
    <failure type="java.lang.IllegalStateException" message="IUDoubleLinkedListIterator - add">
      <![CDATA[java.lang.IllegalStateException: IUDoubleLinkedListIterator - add
	at IUDoubleLinkedList$IUDoubleLinkedListIterator.add(IUDoubleLinkedList.java:571)
	at TestCase.initListItr(TestCase.java:444)
	at ListItrTest_A_removeA_emptyList.testListItrAdd_add(ListItrTest_A_removeA_emptyList.java:213)
... Removed 25 stack frames]]>
    </failure>
  </testcase> <!-- testListItrAdd_add -->
  <testcase name="testListItrAdd_hasNext" time="0.0" classname="ListItrTest_A_removeA_emptyList">
    <failure type="java.lang.IllegalStateException" message="IUDoubleLinkedListIterator - add">
      <![CDATA[java.lang.IllegalStateException: IUDoubleLinkedListIterator - add
	at IUDoubleLinkedList$IUDoubleLinkedListIterator.add(IUDoubleLinkedList.java:571)
	at TestCase.initListItr(TestCase.java:444)
	at ListItrTest_A_removeA_emptyList.testListItrAdd_hasNext(ListItrTest_A_removeA_emptyList.java:158)
... Removed 25 stack frames]]>
    </failure>
  </testcase> <!-- testListItrAdd_hasNext -->
  <testcase name="testListItrAdd_hasPrevious" time="0.0" classname="ListItrTest_A_removeA_emptyList">
    <failure type="java.lang.IllegalStateException" message="IUDoubleLinkedListIterator - add">
      <![CDATA[java.lang.IllegalStateException: IUDoubleLinkedListIterator - add
	at IUDoubleLinkedList$IUDoubleLinkedListIterator.add(IUDoubleLinkedList.java:571)
	at TestCase.initListItr(TestCase.java:444)
	at ListItrTest_A_removeA_emptyList.testListItrAdd_hasPrevious(ListItrTest_A_removeA_emptyList.java:191)
... Removed 25 stack frames]]>
    </failure>
  </testcase> <!-- testListItrAdd_hasPrevious -->
  <testcase name="testListItrAdd_next" time="0.0" classname="ListItrTest_A_removeA_emptyList">
    <failure type="java.lang.IllegalStateException" message="IUDoubleLinkedListIterator - add">
      <![CDATA[java.lang.IllegalStateException: IUDoubleLinkedListIterator - add
	at IUDoubleLinkedList$IUDoubleLinkedListIterator.add(IUDoubleLinkedList.java:571)
	at TestCase.initListItr(TestCase.java:444)
	at ListItrTest_A_removeA_emptyList.testListItrAdd_next(ListItrTest_A_removeA_emptyList.java:169)
... Removed 25 stack frames]]>
    </failure>
  </testcase> <!-- testListItrAdd_next -->
  <testcase name="testListItrAdd_nextIndex" time="0.0" classname="ListItrTest_A_removeA_emptyList">
    <failure type="java.lang.IllegalStateException" message="IUDoubleLinkedListIterator - add">
      <![CDATA[java.lang.IllegalStateException: IUDoubleLinkedListIterator - add
	at IUDoubleLinkedList$IUDoubleLinkedListIterator.add(IUDoubleLinkedList.java:571)
	at TestCase.initListItr(TestCase.java:444)
	at ListItrTest_A_removeA_emptyList.testListItrAdd_nextIndex(ListItrTest_A_removeA_emptyList.java:224)
... Removed 25 stack frames]]>
    </failure>
  </testcase> <!-- testListItrAdd_nextIndex -->
  <testcase name="testListItrAdd_previous" time="0.001" classname="ListItrTest_A_removeA_emptyList">
    <failure type="java.lang.IllegalStateException" message="IUDoubleLinkedListIterator - add">
      <![CDATA[java.lang.IllegalStateException: IUDoubleLinkedListIterator - add
	at IUDoubleLinkedList$IUDoubleLinkedListIterator.add(IUDoubleLinkedList.java:571)
	at TestCase.initListItr(TestCase.java:444)
	at ListItrTest_A_removeA_emptyList.testListItrAdd_previous(ListItrTest_A_removeA_emptyList.java:202)
... Removed 25 stack frames]]>
    </failure>
  </testcase> <!-- testListItrAdd_previous -->
  <testcase name="testListItrAdd_previousIndex" time="0.0" classname="ListItrTest_A_removeA_emptyList">
    <failure type="java.lang.IllegalStateException" message="IUDoubleLinkedListIterator - add">
      <![CDATA[java.lang.IllegalStateException: IUDoubleLinkedListIterator - add
	at IUDoubleLinkedList$IUDoubleLinkedListIterator.add(IUDoubleLinkedList.java:571)
	at TestCase.initListItr(TestCase.java:444)
	at ListItrTest_A_removeA_emptyList.testListItrAdd_previousIndex(ListItrTest_A_removeA_emptyList.java:235)
... Removed 25 stack frames]]>
    </failure>
  </testcase> <!-- testListItrAdd_previousIndex -->
  <testcase name="testListItrAdd_remove" time="0.0" classname="ListItrTest_A_removeA_emptyList"/>
  <testcase name="testListItrAdd_set" time="0.001" classname="ListItrTest_A_removeA_emptyList"/>
  <testcase name="testListItr_add" time="0.0" classname="ListItrTest_A_removeA_emptyList">
    <failure type="java.lang.IllegalStateException" message="IUDoubleLinkedListIterator - add">
      <![CDATA[java.lang.IllegalStateException: IUDoubleLinkedListIterator - add
	at IUDoubleLinkedList$IUDoubleLinkedListIterator.add(IUDoubleLinkedList.java:571)
	at TestCase.add(TestCase.java:338)
	at ListItrTest_A_removeA_emptyList.testListItr_add(ListItrTest_A_removeA_emptyList.java:113)
... Removed 25 stack frames]]>
    </failure>
  </testcase> <!-- testListItr_add -->
  <testcase name="testListItr_hasNext" time="0.0" classname="ListItrTest_A_removeA_emptyList"/>
  <testcase name="testListItr_hasPrevious" time="0.001" classname="ListItrTest_A_removeA_emptyList">
    <failure type="java.lang.AssertionError" message="expected [false] but found [true]">
      <![CDATA[java.lang.AssertionError: expected [false] but found [true]
	at TestCase.hasPrevious(TestCase.java:317)
	at ListItrTest_A_removeA_emptyList.testListItr_hasPrevious(ListItrTest_A_removeA_emptyList.java:91)
... Removed 31 stack frames]]>
    </failure>
  </testcase> <!-- testListItr_hasPrevious -->
  <testcase name="testListItr_next" time="0.001" classname="ListItrTest_A_removeA_emptyList"/>
  <testcase name="testListItr_nextIndex" time="0.0" classname="ListItrTest_A_removeA_emptyList"/>
  <testcase name="testListItr_previous" time="0.0" classname="ListItrTest_A_removeA_emptyList">
    <failure type="java.lang.NullPointerException">
      <![CDATA[java.lang.NullPointerException
	at IUDoubleLinkedList$IUDoubleLinkedListIterator.previous(IUDoubleLinkedList.java:522)
	at TestCase.previous(TestCase.java:327)
	at ListItrTest_A_removeA_emptyList.testListItr_previous(ListItrTest_A_removeA_emptyList.java:102)
... Removed 25 stack frames]]>
    </failure>
  </testcase> <!-- testListItr_previous -->
  <testcase name="testListItr_previousIndex" time="0.0" classname="ListItrTest_A_removeA_emptyList"/>
  <testcase name="testListItr_remove" time="0.0" classname="ListItrTest_A_removeA_emptyList"/>
  <testcase name="testListItr_set" time="0.001" classname="ListItrTest_A_removeA_emptyList"/>
  <testcase name="testListItrAdd_add" time="0.0" classname="ListItrTest_A_removeFirst_emptyList">
    <failure type="java.lang.IllegalStateException" message="IUDoubleLinkedListIterator - add">
      <![CDATA[java.lang.IllegalStateException: IUDoubleLinkedListIterator - add
	at IUDoubleLinkedList$IUDoubleLinkedListIterator.add(IUDoubleLinkedList.java:571)
	at TestCase.initListItr(TestCase.java:444)
	at ListItrTest_A_removeFirst_emptyList.testListItrAdd_add(ListItrTest_A_removeFirst_emptyList.java:213)
... Removed 25 stack frames]]>
    </failure>
  </testcase> <!-- testListItrAdd_add -->
  <testcase name="testListItrAdd_hasNext" time="0.0" classname="ListItrTest_A_removeFirst_emptyList">
    <failure type="java.lang.IllegalStateException" message="IUDoubleLinkedListIterator - add">
      <![CDATA[java.lang.IllegalStateException: IUDoubleLinkedListIterator - add
	at IUDoubleLinkedList$IUDoubleLinkedListIterator.add(IUDoubleLinkedList.java:571)
	at TestCase.initListItr(TestCase.java:444)
	at ListItrTest_A_removeFirst_emptyList.testListItrAdd_hasNext(ListItrTest_A_removeFirst_emptyList.java:158)
... Removed 25 stack frames]]>
    </failure>
  </testcase> <!-- testListItrAdd_hasNext -->
  <testcase name="testListItrAdd_hasPrevious" time="0.0" classname="ListItrTest_A_removeFirst_emptyList">
    <failure type="java.lang.IllegalStateException" message="IUDoubleLinkedListIterator - add">
      <![CDATA[java.lang.IllegalStateException: IUDoubleLinkedListIterator - add
	at IUDoubleLinkedList$IUDoubleLinkedListIterator.add(IUDoubleLinkedList.java:571)
	at TestCase.initListItr(TestCase.java:444)
	at ListItrTest_A_removeFirst_emptyList.testListItrAdd_hasPrevious(ListItrTest_A_removeFirst_emptyList.java:191)
... Removed 25 stack frames]]>
    </failure>
  </testcase> <!-- testListItrAdd_hasPrevious -->
  <testcase name="testListItrAdd_next" time="0.0" classname="ListItrTest_A_removeFirst_emptyList">
    <failure type="java.lang.IllegalStateException" message="IUDoubleLinkedListIterator - add">
      <![CDATA[java.lang.IllegalStateException: IUDoubleLinkedListIterator - add
	at IUDoubleLinkedList$IUDoubleLinkedListIterator.add(IUDoubleLinkedList.java:571)
	at TestCase.initListItr(TestCase.java:444)
	at ListItrTest_A_removeFirst_emptyList.testListItrAdd_next(ListItrTest_A_removeFirst_emptyList.java:169)
... Removed 25 stack frames]]>
    </failure>
  </testcase> <!-- testListItrAdd_next -->
  <testcase name="testListItrAdd_nextIndex" time="0.0" classname="ListItrTest_A_removeFirst_emptyList">
    <failure type="java.lang.IllegalStateException" message="IUDoubleLinkedListIterator - add">
      <![CDATA[java.lang.IllegalStateException: IUDoubleLinkedListIterator - add
	at IUDoubleLinkedList$IUDoubleLinkedListIterator.add(IUDoubleLinkedList.java:571)
	at TestCase.initListItr(TestCase.java:444)
	at ListItrTest_A_removeFirst_emptyList.testListItrAdd_nextIndex(ListItrTest_A_removeFirst_emptyList.java:224)
... Removed 25 stack frames]]>
    </failure>
  </testcase> <!-- testListItrAdd_nextIndex -->
  <testcase name="testListItrAdd_previous" time="0.0" classname="ListItrTest_A_removeFirst_emptyList">
    <failure type="java.lang.IllegalStateException" message="IUDoubleLinkedListIterator - add">
      <![CDATA[java.lang.IllegalStateException: IUDoubleLinkedListIterator - add
	at IUDoubleLinkedList$IUDoubleLinkedListIterator.add(IUDoubleLinkedList.java:571)
	at TestCase.initListItr(TestCase.java:444)
	at ListItrTest_A_removeFirst_emptyList.testListItrAdd_previous(ListItrTest_A_removeFirst_emptyList.java:202)
... Removed 25 stack frames]]>
    </failure>
  </testcase> <!-- testListItrAdd_previous -->
  <testcase name="testListItrAdd_previousIndex" time="0.0" classname="ListItrTest_A_removeFirst_emptyList">
    <failure type="java.lang.IllegalStateException" message="IUDoubleLinkedListIterator - add">
      <![CDATA[java.lang.IllegalStateException: IUDoubleLinkedListIterator - add
	at IUDoubleLinkedList$IUDoubleLinkedListIterator.add(IUDoubleLinkedList.java:571)
	at TestCase.initListItr(TestCase.java:444)
	at ListItrTest_A_removeFirst_emptyList.testListItrAdd_previousIndex(ListItrTest_A_removeFirst_emptyList.java:235)
... Removed 25 stack frames]]>
    </failure>
  </testcase> <!-- testListItrAdd_previousIndex -->
  <testcase name="testListItrAdd_remove" time="0.0" classname="ListItrTest_A_removeFirst_emptyList"/>
  <testcase name="testListItrAdd_set" time="0.0" classname="ListItrTest_A_removeFirst_emptyList"/>
  <testcase name="testListItr_add" time="0.0" classname="ListItrTest_A_removeFirst_emptyList">
    <failure type="java.lang.IllegalStateException" message="IUDoubleLinkedListIterator - add">
      <![CDATA[java.lang.IllegalStateException: IUDoubleLinkedListIterator - add
	at IUDoubleLinkedList$IUDoubleLinkedListIterator.add(IUDoubleLinkedList.java:571)
	at TestCase.add(TestCase.java:338)
	at ListItrTest_A_removeFirst_emptyList.testListItr_add(ListItrTest_A_removeFirst_emptyList.java:113)
... Removed 25 stack frames]]>
    </failure>
  </testcase> <!-- testListItr_add -->
  <testcase name="testListItr_hasNext" time="0.0" classname="ListItrTest_A_removeFirst_emptyList"/>
  <testcase name="testListItr_hasPrevious" time="0.0" classname="ListItrTest_A_removeFirst_emptyList">
    <failure type="java.lang.AssertionError" message="expected [false] but found [true]">
      <![CDATA[java.lang.AssertionError: expected [false] but found [true]
	at TestCase.hasPrevious(TestCase.java:317)
	at ListItrTest_A_removeFirst_emptyList.testListItr_hasPrevious(ListItrTest_A_removeFirst_emptyList.java:91)
... Removed 31 stack frames]]>
    </failure>
  </testcase> <!-- testListItr_hasPrevious -->
  <testcase name="testListItr_next" time="0.0" classname="ListItrTest_A_removeFirst_emptyList"/>
  <testcase name="testListItr_nextIndex" time="0.0" classname="ListItrTest_A_removeFirst_emptyList"/>
  <testcase name="testListItr_previous" time="0.0" classname="ListItrTest_A_removeFirst_emptyList">
    <failure type="java.lang.NullPointerException">
      <![CDATA[java.lang.NullPointerException
	at IUDoubleLinkedList$IUDoubleLinkedListIterator.previous(IUDoubleLinkedList.java:522)
	at TestCase.previous(TestCase.java:327)
	at ListItrTest_A_removeFirst_emptyList.testListItr_previous(ListItrTest_A_removeFirst_emptyList.java:102)
... Removed 25 stack frames]]>
    </failure>
  </testcase> <!-- testListItr_previous -->
  <testcase name="testListItr_previousIndex" time="0.001" classname="ListItrTest_A_removeFirst_emptyList"/>
  <testcase name="testListItr_remove" time="0.001" classname="ListItrTest_A_removeFirst_emptyList"/>
  <testcase name="testListItr_set" time="0.001" classname="ListItrTest_A_removeFirst_emptyList"/>
  <testcase name="testListItrAdd_add" time="0.0" classname="ListItrTest_A_removeLast_emptyList">
    <failure type="java.lang.IllegalStateException" message="IUDoubleLinkedListIterator - add">
      <![CDATA[java.lang.IllegalStateException: IUDoubleLinkedListIterator - add
	at IUDoubleLinkedList$IUDoubleLinkedListIterator.add(IUDoubleLinkedList.java:571)
	at TestCase.initListItr(TestCase.java:444)
	at ListItrTest_A_removeLast_emptyList.testListItrAdd_add(ListItrTest_A_removeLast_emptyList.java:213)
... Removed 25 stack frames]]>
    </failure>
  </testcase> <!-- testListItrAdd_add -->
  <testcase name="testListItrAdd_hasNext" time="0.0" classname="ListItrTest_A_removeLast_emptyList">
    <failure type="java.lang.IllegalStateException" message="IUDoubleLinkedListIterator - add">
      <![CDATA[java.lang.IllegalStateException: IUDoubleLinkedListIterator - add
	at IUDoubleLinkedList$IUDoubleLinkedListIterator.add(IUDoubleLinkedList.java:571)
	at TestCase.initListItr(TestCase.java:444)
	at ListItrTest_A_removeLast_emptyList.testListItrAdd_hasNext(ListItrTest_A_removeLast_emptyList.java:158)
... Removed 25 stack frames]]>
    </failure>
  </testcase> <!-- testListItrAdd_hasNext -->
  <testcase name="testListItrAdd_hasPrevious" time="0.0" classname="ListItrTest_A_removeLast_emptyList">
    <failure type="java.lang.IllegalStateException" message="IUDoubleLinkedListIterator - add">
      <![CDATA[java.lang.IllegalStateException: IUDoubleLinkedListIterator - add
	at IUDoubleLinkedList$IUDoubleLinkedListIterator.add(IUDoubleLinkedList.java:571)
	at TestCase.initListItr(TestCase.java:444)
	at ListItrTest_A_removeLast_emptyList.testListItrAdd_hasPrevious(ListItrTest_A_removeLast_emptyList.java:191)
... Removed 25 stack frames]]>
    </failure>
  </testcase> <!-- testListItrAdd_hasPrevious -->
  <testcase name="testListItrAdd_next" time="0.001" classname="ListItrTest_A_removeLast_emptyList">
    <failure type="java.lang.IllegalStateException" message="IUDoubleLinkedListIterator - add">
      <![CDATA[java.lang.IllegalStateException: IUDoubleLinkedListIterator - add
	at IUDoubleLinkedList$IUDoubleLinkedListIterator.add(IUDoubleLinkedList.java:571)
	at TestCase.initListItr(TestCase.java:444)
	at ListItrTest_A_removeLast_emptyList.testListItrAdd_next(ListItrTest_A_removeLast_emptyList.java:169)
... Removed 25 stack frames]]>
    </failure>
  </testcase> <!-- testListItrAdd_next -->
  <testcase name="testListItrAdd_nextIndex" time="0.001" classname="ListItrTest_A_removeLast_emptyList">
    <failure type="java.lang.IllegalStateException" message="IUDoubleLinkedListIterator - add">
      <![CDATA[java.lang.IllegalStateException: IUDoubleLinkedListIterator - add
	at IUDoubleLinkedList$IUDoubleLinkedListIterator.add(IUDoubleLinkedList.java:571)
	at TestCase.initListItr(TestCase.java:444)
	at ListItrTest_A_removeLast_emptyList.testListItrAdd_nextIndex(ListItrTest_A_removeLast_emptyList.java:224)
... Removed 25 stack frames]]>
    </failure>
  </testcase> <!-- testListItrAdd_nextIndex -->
  <testcase name="testListItrAdd_previous" time="0.0" classname="ListItrTest_A_removeLast_emptyList">
    <failure type="java.lang.IllegalStateException" message="IUDoubleLinkedListIterator - add">
      <![CDATA[java.lang.IllegalStateException: IUDoubleLinkedListIterator - add
	at IUDoubleLinkedList$IUDoubleLinkedListIterator.add(IUDoubleLinkedList.java:571)
	at TestCase.initListItr(TestCase.java:444)
	at ListItrTest_A_removeLast_emptyList.testListItrAdd_previous(ListItrTest_A_removeLast_emptyList.java:202)
... Removed 25 stack frames]]>
    </failure>
  </testcase> <!-- testListItrAdd_previous -->
  <testcase name="testListItrAdd_previousIndex" time="0.0" classname="ListItrTest_A_removeLast_emptyList">
    <failure type="java.lang.IllegalStateException" message="IUDoubleLinkedListIterator - add">
      <![CDATA[java.lang.IllegalStateException: IUDoubleLinkedListIterator - add
	at IUDoubleLinkedList$IUDoubleLinkedListIterator.add(IUDoubleLinkedList.java:571)
	at TestCase.initListItr(TestCase.java:444)
	at ListItrTest_A_removeLast_emptyList.testListItrAdd_previousIndex(ListItrTest_A_removeLast_emptyList.java:235)
... Removed 25 stack frames]]>
    </failure>
  </testcase> <!-- testListItrAdd_previousIndex -->
  <testcase name="testListItrAdd_remove" time="0.001" classname="ListItrTest_A_removeLast_emptyList"/>
  <testcase name="testListItrAdd_set" time="0.0" classname="ListItrTest_A_removeLast_emptyList"/>
  <testcase name="testListItr_add" time="0.0" classname="ListItrTest_A_removeLast_emptyList">
    <failure type="java.lang.IllegalStateException" message="IUDoubleLinkedListIterator - add">
      <![CDATA[java.lang.IllegalStateException: IUDoubleLinkedListIterator - add
	at IUDoubleLinkedList$IUDoubleLinkedListIterator.add(IUDoubleLinkedList.java:571)
	at TestCase.add(TestCase.java:338)
	at ListItrTest_A_removeLast_emptyList.testListItr_add(ListItrTest_A_removeLast_emptyList.java:113)
... Removed 25 stack frames]]>
    </failure>
  </testcase> <!-- testListItr_add -->
  <testcase name="testListItr_hasNext" time="0.001" classname="ListItrTest_A_removeLast_emptyList"/>
  <testcase name="testListItr_hasPrevious" time="0.0" classname="ListItrTest_A_removeLast_emptyList">
    <failure type="java.lang.AssertionError" message="expected [false] but found [true]">
      <![CDATA[java.lang.AssertionError: expected [false] but found [true]
	at TestCase.hasPrevious(TestCase.java:317)
	at ListItrTest_A_removeLast_emptyList.testListItr_hasPrevious(ListItrTest_A_removeLast_emptyList.java:91)
... Removed 31 stack frames]]>
    </failure>
  </testcase> <!-- testListItr_hasPrevious -->
  <testcase name="testListItr_next" time="0.001" classname="ListItrTest_A_removeLast_emptyList"/>
  <testcase name="testListItr_nextIndex" time="0.0" classname="ListItrTest_A_removeLast_emptyList"/>
  <testcase name="testListItr_previous" time="0.001" classname="ListItrTest_A_removeLast_emptyList">
    <failure type="java.lang.NullPointerException">
      <![CDATA[java.lang.NullPointerException
	at IUDoubleLinkedList$IUDoubleLinkedListIterator.previous(IUDoubleLinkedList.java:522)
	at TestCase.previous(TestCase.java:327)
	at ListItrTest_A_removeLast_emptyList.testListItr_previous(ListItrTest_A_removeLast_emptyList.java:102)
... Removed 25 stack frames]]>
    </failure>
  </testcase> <!-- testListItr_previous -->
  <testcase name="testListItr_previousIndex" time="0.0" classname="ListItrTest_A_removeLast_emptyList"/>
  <testcase name="testListItr_remove" time="0.001" classname="ListItrTest_A_removeLast_emptyList"/>
  <testcase name="testListItr_set" time="0.001" classname="ListItrTest_A_removeLast_emptyList"/>
  <testcase name="testListItrAdd_add" time="0.001" classname="ListItrTest_A_set0B_B">
    <failure type="java.lang.IllegalStateException" message="IUDoubleLinkedListIterator - add">
      <![CDATA[java.lang.IllegalStateException: IUDoubleLinkedListIterator - add
	at IUDoubleLinkedList$IUDoubleLinkedListIterator.add(IUDoubleLinkedList.java:571)
	at TestCase.initListItr(TestCase.java:444)
	at ListItrTest_A_set0B_B.testListItrAdd_add(ListItrTest_A_set0B_B.java:217)
... Removed 25 stack frames]]>
    </failure>
  </testcase> <!-- testListItrAdd_add -->
  <testcase name="testListItrAdd_hasNext" time="0.001" classname="ListItrTest_A_set0B_B">
    <failure type="java.lang.IllegalStateException" message="IUDoubleLinkedListIterator - add">
      <![CDATA[java.lang.IllegalStateException: IUDoubleLinkedListIterator - add
	at IUDoubleLinkedList$IUDoubleLinkedListIterator.add(IUDoubleLinkedList.java:571)
	at TestCase.initListItr(TestCase.java:444)
	at ListItrTest_A_set0B_B.testListItrAdd_hasNext(ListItrTest_A_set0B_B.java:162)
... Removed 25 stack frames]]>
    </failure>
  </testcase> <!-- testListItrAdd_hasNext -->
  <testcase name="testListItrAdd_hasPrevious" time="0.001" classname="ListItrTest_A_set0B_B">
    <failure type="java.lang.IllegalStateException" message="IUDoubleLinkedListIterator - add">
      <![CDATA[java.lang.IllegalStateException: IUDoubleLinkedListIterator - add
	at IUDoubleLinkedList$IUDoubleLinkedListIterator.add(IUDoubleLinkedList.java:571)
	at TestCase.initListItr(TestCase.java:444)
	at ListItrTest_A_set0B_B.testListItrAdd_hasPrevious(ListItrTest_A_set0B_B.java:195)
... Removed 25 stack frames]]>
    </failure>
  </testcase> <!-- testListItrAdd_hasPrevious -->
  <testcase name="testListItrAdd_next" time="0.0" classname="ListItrTest_A_set0B_B">
    <failure type="java.lang.IllegalStateException" message="IUDoubleLinkedListIterator - add">
      <![CDATA[java.lang.IllegalStateException: IUDoubleLinkedListIterator - add
	at IUDoubleLinkedList$IUDoubleLinkedListIterator.add(IUDoubleLinkedList.java:571)
	at TestCase.initListItr(TestCase.java:444)
	at ListItrTest_A_set0B_B.testListItrAdd_next(ListItrTest_A_set0B_B.java:173)
... Removed 25 stack frames]]>
    </failure>
  </testcase> <!-- testListItrAdd_next -->
  <testcase name="testListItrAdd_nextIndex" time="0.0" classname="ListItrTest_A_set0B_B">
    <failure type="java.lang.IllegalStateException" message="IUDoubleLinkedListIterator - add">
      <![CDATA[java.lang.IllegalStateException: IUDoubleLinkedListIterator - add
	at IUDoubleLinkedList$IUDoubleLinkedListIterator.add(IUDoubleLinkedList.java:571)
	at TestCase.initListItr(TestCase.java:444)
	at ListItrTest_A_set0B_B.testListItrAdd_nextIndex(ListItrTest_A_set0B_B.java:228)
... Removed 25 stack frames]]>
    </failure>
  </testcase> <!-- testListItrAdd_nextIndex -->
  <testcase name="testListItrAdd_previous" time="0.001" classname="ListItrTest_A_set0B_B">
    <failure type="java.lang.IllegalStateException" message="IUDoubleLinkedListIterator - add">
      <![CDATA[java.lang.IllegalStateException: IUDoubleLinkedListIterator - add
	at IUDoubleLinkedList$IUDoubleLinkedListIterator.add(IUDoubleLinkedList.java:571)
	at TestCase.initListItr(TestCase.java:444)
	at ListItrTest_A_set0B_B.testListItrAdd_previous(ListItrTest_A_set0B_B.java:206)
... Removed 25 stack frames]]>
    </failure>
  </testcase> <!-- testListItrAdd_previous -->
  <testcase name="testListItrAdd_previousIndex" time="0.0" classname="ListItrTest_A_set0B_B">
    <failure type="java.lang.IllegalStateException" message="IUDoubleLinkedListIterator - add">
      <![CDATA[java.lang.IllegalStateException: IUDoubleLinkedListIterator - add
	at IUDoubleLinkedList$IUDoubleLinkedListIterator.add(IUDoubleLinkedList.java:571)
	at TestCase.initListItr(TestCase.java:444)
	at ListItrTest_A_set0B_B.testListItrAdd_previousIndex(ListItrTest_A_set0B_B.java:239)
... Removed 25 stack frames]]>
    </failure>
  </testcase> <!-- testListItrAdd_previousIndex -->
  <testcase name="testListItrAdd_remove" time="0.0" classname="ListItrTest_A_set0B_B"/>
  <testcase name="testListItrAdd_set" time="0.001" classname="ListItrTest_A_set0B_B"/>
  <testcase name="testListItrNextAdd_add" time="0.0" classname="ListItrTest_A_set0B_B">
    <failure type="java.lang.IllegalStateException" message="IUDoubleLinkedListIterator - add">
      <![CDATA[java.lang.IllegalStateException: IUDoubleLinkedListIterator - add
	at IUDoubleLinkedList$IUDoubleLinkedListIterator.add(IUDoubleLinkedList.java:571)
	at TestCase.add(TestCase.java:338)
	at ListItrTest_A_set0B_B.testListItrNextAdd_add(ListItrTest_A_set0B_B.java:319)
... Removed 25 stack frames]]>
    </failure>
  </testcase> <!-- testListItrNextAdd_add -->
  <testcase name="testListItrNextAdd_hasNext" time="0.0" classname="ListItrTest_A_set0B_B"/>
  <testcase name="testListItrNextAdd_hasPrevious" time="0.0" classname="ListItrTest_A_set0B_B">
    <failure type="java.lang.AssertionError" message="expected [true] but found [false]">
      <![CDATA[java.lang.AssertionError: expected [true] but found [false]
	at TestCase.hasPrevious(TestCase.java:317)
	at ListItrTest_A_set0B_B.testListItrNextAdd_hasPrevious(ListItrTest_A_set0B_B.java:297)
... Removed 31 stack frames]]>
    </failure>
  </testcase> <!-- testListItrNextAdd_hasPrevious -->
  <testcase name="testListItrNextAdd_next" time="0.0" classname="ListItrTest_A_set0B_B"/>
  <testcase name="testListItrNextAdd_nextIndex" time="0.0" classname="ListItrTest_A_set0B_B"/>
  <testcase name="testListItrNextAdd_previous" time="0.001" classname="ListItrTest_A_set0B_B">
    <failure type="java.util.NoSuchElementException" message="IUDoubleLinkedListIterator - next">
      <![CDATA[java.util.NoSuchElementException: IUDoubleLinkedListIterator - next
	at IUDoubleLinkedList$IUDoubleLinkedListIterator.previous(IUDoubleLinkedList.java:517)
	at TestCase.previous(TestCase.java:327)
	at ListItrTest_A_set0B_B.testListItrNextAdd_previous(ListItrTest_A_set0B_B.java:308)
... Removed 25 stack frames]]>
    </failure>
  </testcase> <!-- testListItrNextAdd_previous -->
  <testcase name="testListItrNextAdd_previousIndex" time="0.0" classname="ListItrTest_A_set0B_B"/>
  <testcase name="testListItrNextAdd_remove" time="0.0" classname="ListItrTest_A_set0B_B"/>
  <testcase name="testListItrNextAdd_set" time="0.0" classname="ListItrTest_A_set0B_B"/>
  <testcase name="testListItrNextPrevAdd_add" time="0.0" classname="ListItrTest_A_set0B_B">
    <failure type="java.util.NoSuchElementException" message="IUDoubleLinkedListIterator - next">
      <![CDATA[java.util.NoSuchElementException: IUDoubleLinkedListIterator - next
	at IUDoubleLinkedList$IUDoubleLinkedListIterator.previous(IUDoubleLinkedList.java:517)
	at TestCase.initListItr(TestCase.java:486)
	at ListItrTest_A_set0B_B.testListItrNextPrevAdd_add(ListItrTest_A_set0B_B.java:520)
... Removed 25 stack frames]]>
    </failure>
  </testcase> <!-- testListItrNextPrevAdd_add -->
  <testcase name="testListItrNextPrevAdd_hasNext" time="0.0" classname="ListItrTest_A_set0B_B">
    <failure type="java.util.NoSuchElementException" message="IUDoubleLinkedListIterator - next">
      <![CDATA[java.util.NoSuchElementException: IUDoubleLinkedListIterator - next
	at IUDoubleLinkedList$IUDoubleLinkedListIterator.previous(IUDoubleLinkedList.java:517)
	at TestCase.initListItr(TestCase.java:486)
	at ListItrTest_A_set0B_B.testListItrNextPrevAdd_hasNext(ListItrTest_A_set0B_B.java:465)
... Removed 25 stack frames]]>
    </failure>
  </testcase> <!-- testListItrNextPrevAdd_hasNext -->
  <testcase name="testListItrNextPrevAdd_hasPrevious" time="0.0" classname="ListItrTest_A_set0B_B">
    <failure type="java.util.NoSuchElementException" message="IUDoubleLinkedListIterator - next">
      <![CDATA[java.util.NoSuchElementException: IUDoubleLinkedListIterator - next
	at IUDoubleLinkedList$IUDoubleLinkedListIterator.previous(IUDoubleLinkedList.java:517)
	at TestCase.initListItr(TestCase.java:486)
	at ListItrTest_A_set0B_B.testListItrNextPrevAdd_hasPrevious(ListItrTest_A_set0B_B.java:498)
... Removed 25 stack frames]]>
    </failure>
  </testcase> <!-- testListItrNextPrevAdd_hasPrevious -->
  <testcase name="testListItrNextPrevAdd_next" time="0.0" classname="ListItrTest_A_set0B_B">
    <failure type="java.util.NoSuchElementException" message="IUDoubleLinkedListIterator - next">
      <![CDATA[java.util.NoSuchElementException: IUDoubleLinkedListIterator - next
	at IUDoubleLinkedList$IUDoubleLinkedListIterator.previous(IUDoubleLinkedList.java:517)
	at TestCase.initListItr(TestCase.java:486)
	at ListItrTest_A_set0B_B.testListItrNextPrevAdd_next(ListItrTest_A_set0B_B.java:476)
... Removed 25 stack frames]]>
    </failure>
  </testcase> <!-- testListItrNextPrevAdd_next -->
  <testcase name="testListItrNextPrevAdd_nextIndex" time="0.0" classname="ListItrTest_A_set0B_B">
    <failure type="java.util.NoSuchElementException" message="IUDoubleLinkedListIterator - next">
      <![CDATA[java.util.NoSuchElementException: IUDoubleLinkedListIterator - next
	at IUDoubleLinkedList$IUDoubleLinkedListIterator.previous(IUDoubleLinkedList.java:517)
	at TestCase.initListItr(TestCase.java:486)
	at ListItrTest_A_set0B_B.testListItrNextPrevAdd_nextIndex(ListItrTest_A_set0B_B.java:531)
... Removed 25 stack frames]]>
    </failure>
  </testcase> <!-- testListItrNextPrevAdd_nextIndex -->
  <testcase name="testListItrNextPrevAdd_previous" time="0.001" classname="ListItrTest_A_set0B_B">
    <failure type="java.util.NoSuchElementException" message="IUDoubleLinkedListIterator - next">
      <![CDATA[java.util.NoSuchElementException: IUDoubleLinkedListIterator - next
	at IUDoubleLinkedList$IUDoubleLinkedListIterator.previous(IUDoubleLinkedList.java:517)
	at TestCase.initListItr(TestCase.java:486)
	at ListItrTest_A_set0B_B.testListItrNextPrevAdd_previous(ListItrTest_A_set0B_B.java:509)
... Removed 25 stack frames]]>
    </failure>
  </testcase> <!-- testListItrNextPrevAdd_previous -->
  <testcase name="testListItrNextPrevAdd_previousIndex" time="0.0" classname="ListItrTest_A_set0B_B">
    <failure type="java.util.NoSuchElementException" message="IUDoubleLinkedListIterator - next">
      <![CDATA[java.util.NoSuchElementException: IUDoubleLinkedListIterator - next
	at IUDoubleLinkedList$IUDoubleLinkedListIterator.previous(IUDoubleLinkedList.java:517)
	at TestCase.initListItr(TestCase.java:486)
	at ListItrTest_A_set0B_B.testListItrNextPrevAdd_previousIndex(ListItrTest_A_set0B_B.java:542)
... Removed 25 stack frames]]>
    </failure>
  </testcase> <!-- testListItrNextPrevAdd_previousIndex -->
  <testcase name="testListItrNextPrevAdd_remove" time="0.001" classname="ListItrTest_A_set0B_B">
    <failure type="java.util.NoSuchElementException" message="IUDoubleLinkedListIterator - next">
      <![CDATA[java.util.NoSuchElementException: IUDoubleLinkedListIterator - next
	at IUDoubleLinkedList$IUDoubleLinkedListIterator.previous(IUDoubleLinkedList.java:517)
	at TestCase.initListItr(TestCase.java:486)
	at ListItrTest_A_set0B_B.testListItrNextPrevAdd_remove(ListItrTest_A_set0B_B.java:487)
... Removed 25 stack frames]]>
    </failure>
  </testcase> <!-- testListItrNextPrevAdd_remove -->
  <testcase name="testListItrNextPrevAdd_set" time="0.0" classname="ListItrTest_A_set0B_B">
    <failure type="java.util.NoSuchElementException" message="IUDoubleLinkedListIterator - next">
      <![CDATA[java.util.NoSuchElementException: IUDoubleLinkedListIterator - next
	at IUDoubleLinkedList$IUDoubleLinkedListIterator.previous(IUDoubleLinkedList.java:517)
	at TestCase.initListItr(TestCase.java:486)
	at ListItrTest_A_set0B_B.testListItrNextPrevAdd_set(ListItrTest_A_set0B_B.java:553)
... Removed 25 stack frames]]>
    </failure>
  </testcase> <!-- testListItrNextPrevAdd_set -->
  <testcase name="testListItrNextPrevRemove_add" time="0.0" classname="ListItrTest_A_set0B_B">
    <failure type="java.util.NoSuchElementException" message="IUDoubleLinkedListIterator - next">
      <![CDATA[java.util.NoSuchElementException: IUDoubleLinkedListIterator - next
	at IUDoubleLinkedList$IUDoubleLinkedListIterator.previous(IUDoubleLinkedList.java:517)
	at TestCase.initListItr(TestCase.java:491)
	at ListItrTest_A_set0B_B.testListItrNextPrevRemove_add(ListItrTest_A_set0B_B.java:621)
... Removed 25 stack frames]]>
    </failure>
  </testcase> <!-- testListItrNextPrevRemove_add -->
  <testcase name="testListItrNextPrevRemove_hasNext" time="0.0" classname="ListItrTest_A_set0B_B">
    <failure type="java.util.NoSuchElementException" message="IUDoubleLinkedListIterator - next">
      <![CDATA[java.util.NoSuchElementException: IUDoubleLinkedListIterator - next
	at IUDoubleLinkedList$IUDoubleLinkedListIterator.previous(IUDoubleLinkedList.java:517)
	at TestCase.initListItr(TestCase.java:491)
	at ListItrTest_A_set0B_B.testListItrNextPrevRemove_hasNext(ListItrTest_A_set0B_B.java:566)
... Removed 25 stack frames]]>
    </failure>
  </testcase> <!-- testListItrNextPrevRemove_hasNext -->
  <testcase name="testListItrNextPrevRemove_hasPrevious" time="0.0" classname="ListItrTest_A_set0B_B">
    <failure type="java.util.NoSuchElementException" message="IUDoubleLinkedListIterator - next">
      <![CDATA[java.util.NoSuchElementException: IUDoubleLinkedListIterator - next
	at IUDoubleLinkedList$IUDoubleLinkedListIterator.previous(IUDoubleLinkedList.java:517)
	at TestCase.initListItr(TestCase.java:491)
	at ListItrTest_A_set0B_B.testListItrNextPrevRemove_hasPrevious(ListItrTest_A_set0B_B.java:599)
... Removed 25 stack frames]]>
    </failure>
  </testcase> <!-- testListItrNextPrevRemove_hasPrevious -->
  <testcase name="testListItrNextPrevRemove_next" time="0.001" classname="ListItrTest_A_set0B_B"/>
  <testcase name="testListItrNextPrevRemove_nextIndex" time="0.001" classname="ListItrTest_A_set0B_B">
    <failure type="java.util.NoSuchElementException" message="IUDoubleLinkedListIterator - next">
      <![CDATA[java.util.NoSuchElementException: IUDoubleLinkedListIterator - next
	at IUDoubleLinkedList$IUDoubleLinkedListIterator.previous(IUDoubleLinkedList.java:517)
	at TestCase.initListItr(TestCase.java:491)
	at ListItrTest_A_set0B_B.testListItrNextPrevRemove_nextIndex(ListItrTest_A_set0B_B.java:632)
... Removed 25 stack frames]]>
    </failure>
  </testcase> <!-- testListItrNextPrevRemove_nextIndex -->
  <testcase name="testListItrNextPrevRemove_previous" time="0.0" classname="ListItrTest_A_set0B_B"/>
  <testcase name="testListItrNextPrevRemove_previousIndex" time="0.0" classname="ListItrTest_A_set0B_B">
    <failure type="java.util.NoSuchElementException" message="IUDoubleLinkedListIterator - next">
      <![CDATA[java.util.NoSuchElementException: IUDoubleLinkedListIterator - next
	at IUDoubleLinkedList$IUDoubleLinkedListIterator.previous(IUDoubleLinkedList.java:517)
	at TestCase.initListItr(TestCase.java:491)
	at ListItrTest_A_set0B_B.testListItrNextPrevRemove_previousIndex(ListItrTest_A_set0B_B.java:643)
... Removed 25 stack frames]]>
    </failure>
  </testcase> <!-- testListItrNextPrevRemove_previousIndex -->
  <testcase name="testListItrNextPrevRemove_remove" time="0.0" classname="ListItrTest_A_set0B_B">
    <failure type="java.util.NoSuchElementException" message="IUDoubleLinkedListIterator - next">
      <![CDATA[java.util.NoSuchElementException: IUDoubleLinkedListIterator - next
	at IUDoubleLinkedList$IUDoubleLinkedListIterator.previous(IUDoubleLinkedList.java:517)
	at TestCase.initListItr(TestCase.java:491)
	at ListItrTest_A_set0B_B.testListItrNextPrevRemove_remove(ListItrTest_A_set0B_B.java:588)
... Removed 25 stack frames]]>
    </failure>
  </testcase> <!-- testListItrNextPrevRemove_remove -->
  <testcase name="testListItrNextPrevRemove_set" time="0.001" classname="ListItrTest_A_set0B_B">
    <failure type="java.util.NoSuchElementException" message="IUDoubleLinkedListIterator - next">
      <![CDATA[java.util.NoSuchElementException: IUDoubleLinkedListIterator - next
	at IUDoubleLinkedList$IUDoubleLinkedListIterator.previous(IUDoubleLinkedList.java:517)
	at TestCase.initListItr(TestCase.java:491)
	at ListItrTest_A_set0B_B.testListItrNextPrevRemove_set(ListItrTest_A_set0B_B.java:654)
... Removed 25 stack frames]]>
    </failure>
  </testcase> <!-- testListItrNextPrevRemove_set -->
  <testcase name="testListItrNextPrev_add" time="0.0" classname="ListItrTest_A_set0B_B">
    <failure type="java.util.NoSuchElementException" message="IUDoubleLinkedListIterator - next">
      <![CDATA[java.util.NoSuchElementException: IUDoubleLinkedListIterator - next
	at IUDoubleLinkedList$IUDoubleLinkedListIterator.previous(IUDoubleLinkedList.java:517)
	at TestCase.initListItr(TestCase.java:452)
	at ListItrTest_A_set0B_B.testListItrNextPrev_add(ListItrTest_A_set0B_B.java:419)
... Removed 25 stack frames]]>
    </failure>
  </testcase> <!-- testListItrNextPrev_add -->
  <testcase name="testListItrNextPrev_hasNext" time="0.0" classname="ListItrTest_A_set0B_B">
    <failure type="java.util.NoSuchElementException" message="IUDoubleLinkedListIterator - next">
      <![CDATA[java.util.NoSuchElementException: IUDoubleLinkedListIterator - next
	at IUDoubleLinkedList$IUDoubleLinkedListIterator.previous(IUDoubleLinkedList.java:517)
	at TestCase.initListItr(TestCase.java:452)
	at ListItrTest_A_set0B_B.testListItrNextPrev_hasNext(ListItrTest_A_set0B_B.java:364)
... Removed 25 stack frames]]>
    </failure>
  </testcase> <!-- testListItrNextPrev_hasNext -->
  <testcase name="testListItrNextPrev_hasPrevious" time="0.0" classname="ListItrTest_A_set0B_B">
    <failure type="java.util.NoSuchElementException" message="IUDoubleLinkedListIterator - next">
      <![CDATA[java.util.NoSuchElementException: IUDoubleLinkedListIterator - next
	at IUDoubleLinkedList$IUDoubleLinkedListIterator.previous(IUDoubleLinkedList.java:517)
	at TestCase.initListItr(TestCase.java:452)
	at ListItrTest_A_set0B_B.testListItrNextPrev_hasPrevious(ListItrTest_A_set0B_B.java:397)
... Removed 25 stack frames]]>
    </failure>
  </testcase> <!-- testListItrNextPrev_hasPrevious -->
  <testcase name="testListItrNextPrev_next" time="0.0" classname="ListItrTest_A_set0B_B">
    <failure type="java.util.NoSuchElementException" message="IUDoubleLinkedListIterator - next">
      <![CDATA[java.util.NoSuchElementException: IUDoubleLinkedListIterator - next
	at IUDoubleLinkedList$IUDoubleLinkedListIterator.previous(IUDoubleLinkedList.java:517)
	at TestCase.initListItr(TestCase.java:452)
	at ListItrTest_A_set0B_B.testListItrNextPrev_next(ListItrTest_A_set0B_B.java:375)
... Removed 25 stack frames]]>
    </failure>
  </testcase> <!-- testListItrNextPrev_next -->
  <testcase name="testListItrNextPrev_nextIndex" time="0.001" classname="ListItrTest_A_set0B_B">
    <failure type="java.util.NoSuchElementException" message="IUDoubleLinkedListIterator - next">
      <![CDATA[java.util.NoSuchElementException: IUDoubleLinkedListIterator - next
	at IUDoubleLinkedList$IUDoubleLinkedListIterator.previous(IUDoubleLinkedList.java:517)
	at TestCase.initListItr(TestCase.java:452)
	at ListItrTest_A_set0B_B.testListItrNextPrev_nextIndex(ListItrTest_A_set0B_B.java:430)
... Removed 25 stack frames]]>
    </failure>
  </testcase> <!-- testListItrNextPrev_nextIndex -->
  <testcase name="testListItrNextPrev_previous" time="0.0" classname="ListItrTest_A_set0B_B"/>
  <testcase name="testListItrNextPrev_previousIndex" time="0.0" classname="ListItrTest_A_set0B_B">
    <failure type="java.util.NoSuchElementException" message="IUDoubleLinkedListIterator - next">
      <![CDATA[java.util.NoSuchElementException: IUDoubleLinkedListIterator - next
	at IUDoubleLinkedList$IUDoubleLinkedListIterator.previous(IUDoubleLinkedList.java:517)
	at TestCase.initListItr(TestCase.java:452)
	at ListItrTest_A_set0B_B.testListItrNextPrev_previousIndex(ListItrTest_A_set0B_B.java:441)
... Removed 25 stack frames]]>
    </failure>
  </testcase> <!-- testListItrNextPrev_previousIndex -->
  <testcase name="testListItrNextPrev_remove" time="0.0" classname="ListItrTest_A_set0B_B">
    <failure type="java.util.NoSuchElementException" message="IUDoubleLinkedListIterator - next">
      <![CDATA[java.util.NoSuchElementException: IUDoubleLinkedListIterator - next
	at IUDoubleLinkedList$IUDoubleLinkedListIterator.previous(IUDoubleLinkedList.java:517)
	at TestCase.initListItr(TestCase.java:452)
	at ListItrTest_A_set0B_B.testListItrNextPrev_remove(ListItrTest_A_set0B_B.java:386)
... Removed 25 stack frames]]>
    </failure>
  </testcase> <!-- testListItrNextPrev_remove -->
  <testcase name="testListItrNextPrev_set" time="0.0" classname="ListItrTest_A_set0B_B">
    <failure type="java.util.NoSuchElementException" message="IUDoubleLinkedListIterator - next">
      <![CDATA[java.util.NoSuchElementException: IUDoubleLinkedListIterator - next
	at IUDoubleLinkedList$IUDoubleLinkedListIterator.previous(IUDoubleLinkedList.java:517)
	at TestCase.initListItr(TestCase.java:452)
	at ListItrTest_A_set0B_B.testListItrNextPrev_set(ListItrTest_A_set0B_B.java:452)
... Removed 25 stack frames]]>
    </failure>
  </testcase> <!-- testListItrNextPrev_set -->
  <testcase name="testListItr_add" time="0.0" classname="ListItrTest_A_set0B_B">
    <failure type="java.lang.IllegalStateException" message="IUDoubleLinkedListIterator - add">
      <![CDATA[java.lang.IllegalStateException: IUDoubleLinkedListIterator - add
	at IUDoubleLinkedList$IUDoubleLinkedListIterator.add(IUDoubleLinkedList.java:571)
	at TestCase.add(TestCase.java:338)
	at ListItrTest_A_set0B_B.testListItr_add(ListItrTest_A_set0B_B.java:117)
... Removed 25 stack frames]]>
    </failure>
  </testcase> <!-- testListItr_add -->
  <testcase name="testListItr_hasNext" time="0.001" classname="ListItrTest_A_set0B_B"/>
  <testcase name="testListItr_hasPrevious" time="0.0" classname="ListItrTest_A_set0B_B">
    <failure type="java.lang.AssertionError" message="expected [false] but found [true]">
      <![CDATA[java.lang.AssertionError: expected [false] but found [true]
	at TestCase.hasPrevious(TestCase.java:317)
	at ListItrTest_A_set0B_B.testListItr_hasPrevious(ListItrTest_A_set0B_B.java:95)
... Removed 31 stack frames]]>
    </failure>
  </testcase> <!-- testListItr_hasPrevious -->
  <testcase name="testListItr_next" time="0.0" classname="ListItrTest_A_set0B_B"/>
  <testcase name="testListItr_nextIndex" time="0.0" classname="ListItrTest_A_set0B_B"/>
  <testcase name="testListItr_previous" time="0.0" classname="ListItrTest_A_set0B_B">
    <failure type="java.lang.NullPointerException">
      <![CDATA[java.lang.NullPointerException
	at IUDoubleLinkedList$IUDoubleLinkedListIterator.previous(IUDoubleLinkedList.java:522)
	at TestCase.previous(TestCase.java:327)
	at ListItrTest_A_set0B_B.testListItr_previous(ListItrTest_A_set0B_B.java:106)
... Removed 25 stack frames]]>
    </failure>
  </testcase> <!-- testListItr_previous -->
  <testcase name="testListItr_previousIndex" time="0.0" classname="ListItrTest_A_set0B_B"/>
  <testcase name="testListItr_remove" time="0.001" classname="ListItrTest_A_set0B_B"/>
  <testcase name="testListItr_set" time="0.001" classname="ListItrTest_A_set0B_B"/>
  <testcase name="testListItrAdd_add" time="0.0" classname="ListItrTest_AB_removeA_B">
    <failure type="java.lang.IllegalStateException" message="IUDoubleLinkedListIterator - add">
      <![CDATA[java.lang.IllegalStateException: IUDoubleLinkedListIterator - add
	at IUDoubleLinkedList$IUDoubleLinkedListIterator.add(IUDoubleLinkedList.java:571)
	at TestCase.initListItr(TestCase.java:444)
	at ListItrTest_AB_removeA_B.testListItrAdd_add(ListItrTest_AB_removeA_B.java:218)
... Removed 25 stack frames]]>
    </failure>
  </testcase> <!-- testListItrAdd_add -->
  <testcase name="testListItrAdd_hasNext" time="0.0" classname="ListItrTest_AB_removeA_B">
    <failure type="java.lang.IllegalStateException" message="IUDoubleLinkedListIterator - add">
      <![CDATA[java.lang.IllegalStateException: IUDoubleLinkedListIterator - add
	at IUDoubleLinkedList$IUDoubleLinkedListIterator.add(IUDoubleLinkedList.java:571)
	at TestCase.initListItr(TestCase.java:444)
	at ListItrTest_AB_removeA_B.testListItrAdd_hasNext(ListItrTest_AB_removeA_B.java:163)
... Removed 25 stack frames]]>
    </failure>
  </testcase> <!-- testListItrAdd_hasNext -->
  <testcase name="testListItrAdd_hasPrevious" time="0.001" classname="ListItrTest_AB_removeA_B">
    <failure type="java.lang.IllegalStateException" message="IUDoubleLinkedListIterator - add">
      <![CDATA[java.lang.IllegalStateException: IUDoubleLinkedListIterator - add
	at IUDoubleLinkedList$IUDoubleLinkedListIterator.add(IUDoubleLinkedList.java:571)
	at TestCase.initListItr(TestCase.java:444)
	at ListItrTest_AB_removeA_B.testListItrAdd_hasPrevious(ListItrTest_AB_removeA_B.java:196)
... Removed 25 stack frames]]>
    </failure>
  </testcase> <!-- testListItrAdd_hasPrevious -->
  <testcase name="testListItrAdd_next" time="0.001" classname="ListItrTest_AB_removeA_B">
    <failure type="java.lang.IllegalStateException" message="IUDoubleLinkedListIterator - add">
      <![CDATA[java.lang.IllegalStateException: IUDoubleLinkedListIterator - add
	at IUDoubleLinkedList$IUDoubleLinkedListIterator.add(IUDoubleLinkedList.java:571)
	at TestCase.initListItr(TestCase.java:444)
	at ListItrTest_AB_removeA_B.testListItrAdd_next(ListItrTest_AB_removeA_B.java:174)
... Removed 25 stack frames]]>
    </failure>
  </testcase> <!-- testListItrAdd_next -->
  <testcase name="testListItrAdd_nextIndex" time="0.0" classname="ListItrTest_AB_removeA_B">
    <failure type="java.lang.IllegalStateException" message="IUDoubleLinkedListIterator - add">
      <![CDATA[java.lang.IllegalStateException: IUDoubleLinkedListIterator - add
	at IUDoubleLinkedList$IUDoubleLinkedListIterator.add(IUDoubleLinkedList.java:571)
	at TestCase.initListItr(TestCase.java:444)
	at ListItrTest_AB_removeA_B.testListItrAdd_nextIndex(ListItrTest_AB_removeA_B.java:229)
... Removed 25 stack frames]]>
    </failure>
  </testcase> <!-- testListItrAdd_nextIndex -->
  <testcase name="testListItrAdd_previous" time="0.0" classname="ListItrTest_AB_removeA_B">
    <failure type="java.lang.IllegalStateException" message="IUDoubleLinkedListIterator - add">
      <![CDATA[java.lang.IllegalStateException: IUDoubleLinkedListIterator - add
	at IUDoubleLinkedList$IUDoubleLinkedListIterator.add(IUDoubleLinkedList.java:571)
	at TestCase.initListItr(TestCase.java:444)
	at ListItrTest_AB_removeA_B.testListItrAdd_previous(ListItrTest_AB_removeA_B.java:207)
... Removed 25 stack frames]]>
    </failure>
  </testcase> <!-- testListItrAdd_previous -->
  <testcase name="testListItrAdd_previousIndex" time="0.0" classname="ListItrTest_AB_removeA_B">
    <failure type="java.lang.IllegalStateException" message="IUDoubleLinkedListIterator - add">
      <![CDATA[java.lang.IllegalStateException: IUDoubleLinkedListIterator - add
	at IUDoubleLinkedList$IUDoubleLinkedListIterator.add(IUDoubleLinkedList.java:571)
	at TestCase.initListItr(TestCase.java:444)
[...]
	at ListItrTest_AB_addToRearC_ABC.testListItrNextNextPrev_previous(ListItrTest_AB_addToRearC_ABC.java:711)
... Removed 25 stack frames]]>
    </failure>
  </testcase> <!-- testListItrNextNextPrev_previous -->
  <testcase name="testListItrNextNextPrev_previousIndex" time="0.0" classname="ListItrTest_AB_addToRearC_ABC">
    <failure type="java.util.NoSuchElementException" message="IUDoubleLinkedListIterator - next">
      <![CDATA[java.util.NoSuchElementException: IUDoubleLinkedListIterator - next
	at IUDoubleLinkedList$IUDoubleLinkedListIterator.previous(IUDoubleLinkedList.java:517)
	at TestCase.initListItr(TestCase.java:482)
	at ListItrTest_AB_addToRearC_ABC.testListItrNextNextPrev_previousIndex(ListItrTest_AB_addToRearC_ABC.java:744)
... Removed 25 stack frames]]>
    </failure>
  </testcase> <!-- testListItrNextNextPrev_previousIndex -->
  <testcase name="testListItrNextNextPrev_remove" time="0.0" classname="ListItrTest_AB_addToRearC_ABC">
    <failure type="java.util.NoSuchElementException" message="IUDoubleLinkedListIterator - next">
      <![CDATA[java.util.NoSuchElementException: IUDoubleLinkedListIterator - next
	at IUDoubleLinkedList$IUDoubleLinkedListIterator.previous(IUDoubleLinkedList.java:517)
	at TestCase.initListItr(TestCase.java:482)
	at ListItrTest_AB_addToRearC_ABC.testListItrNextNextPrev_remove(ListItrTest_AB_addToRearC_ABC.java:689)
... Removed 25 stack frames]]>
    </failure>
  </testcase> <!-- testListItrNextNextPrev_remove -->
  <testcase name="testListItrNextNextPrev_set" time="0.0" classname="ListItrTest_AB_addToRearC_ABC">
    <failure type="java.util.NoSuchElementException" message="IUDoubleLinkedListIterator - next">
      <![CDATA[java.util.NoSuchElementException: IUDoubleLinkedListIterator - next
	at IUDoubleLinkedList$IUDoubleLinkedListIterator.previous(IUDoubleLinkedList.java:517)
	at TestCase.initListItr(TestCase.java:482)
	at ListItrTest_AB_addToRearC_ABC.testListItrNextNextPrev_set(ListItrTest_AB_addToRearC_ABC.java:755)
... Removed 25 stack frames]]>
    </failure>
  </testcase> <!-- testListItrNextNextPrev_set -->
  <testcase name="testListItrNextPrevAdd_add" time="0.0" classname="ListItrTest_AB_addToRearC_ABC">
    <failure type="java.util.NoSuchElementException" message="IUDoubleLinkedListIterator - next">
      <![CDATA[java.util.NoSuchElementException: IUDoubleLinkedListIterator - next
	at IUDoubleLinkedList$IUDoubleLinkedListIterator.previous(IUDoubleLinkedList.java:517)
	at TestCase.initListItr(TestCase.java:486)
	at ListItrTest_AB_addToRearC_ABC.testListItrNextPrevAdd_add(ListItrTest_AB_addToRearC_ABC.java:520)
... Removed 25 stack frames]]>
    </failure>
  </testcase> <!-- testListItrNextPrevAdd_add -->
  <testcase name="testListItrNextPrevAdd_hasNext" time="0.0" classname="ListItrTest_AB_addToRearC_ABC">
    <failure type="java.util.NoSuchElementException" message="IUDoubleLinkedListIterator - next">
      <![CDATA[java.util.NoSuchElementException: IUDoubleLinkedListIterator - next
	at IUDoubleLinkedList$IUDoubleLinkedListIterator.previous(IUDoubleLinkedList.java:517)
	at TestCase.initListItr(TestCase.java:486)
	at ListItrTest_AB_addToRearC_ABC.testListItrNextPrevAdd_hasNext(ListItrTest_AB_addToRearC_ABC.java:465)
... Removed 25 stack frames]]>
    </failure>
  </testcase> <!-- testListItrNextPrevAdd_hasNext -->
  <testcase name="testListItrNextPrevAdd_hasPrevious" time="0.0" classname="ListItrTest_AB_addToRearC_ABC">
    <failure type="java.util.NoSuchElementException" message="IUDoubleLinkedListIterator - next">
      <![CDATA[java.util.NoSuchElementException: IUDoubleLinkedListIterator - next
	at IUDoubleLinkedList$IUDoubleLinkedListIterator.previous(IUDoubleLinkedList.java:517)
	at TestCase.initListItr(TestCase.java:486)
	at ListItrTest_AB_addToRearC_ABC.testListItrNextPrevAdd_hasPrevious(ListItrTest_AB_addToRearC_ABC.java:498)
... Removed 25 stack frames]]>
    </failure>
  </testcase> <!-- testListItrNextPrevAdd_hasPrevious -->
  <testcase name="testListItrNextPrevAdd_next" time="0.0" classname="ListItrTest_AB_addToRearC_ABC">
    <failure type="java.util.NoSuchElementException" message="IUDoubleLinkedListIterator - next">
      <![CDATA[java.util.NoSuchElementException: IUDoubleLinkedListIterator - next
	at IUDoubleLinkedList$IUDoubleLinkedListIterator.previous(IUDoubleLinkedList.java:517)
	at TestCase.initListItr(TestCase.java:486)
	at ListItrTest_AB_addToRearC_ABC.testListItrNextPrevAdd_next(ListItrTest_AB_addToRearC_ABC.java:476)
... Removed 25 stack frames]]>
    </failure>
  </testcase> <!-- testListItrNextPrevAdd_next -->
  <testcase name="testListItrNextPrevAdd_nextIndex" time="0.001" classname="ListItrTest_AB_addToRearC_ABC">
    <failure type="java.util.NoSuchElementException" message="IUDoubleLinkedListIterator - next">
      <![CDATA[java.util.NoSuchElementException: IUDoubleLinkedListIterator - next
	at IUDoubleLinkedList$IUDoubleLinkedListIterator.previous(IUDoubleLinkedList.java:517)
	at TestCase.initListItr(TestCase.java:486)
	at ListItrTest_AB_addToRearC_ABC.testListItrNextPrevAdd_nextIndex(ListItrTest_AB_addToRearC_ABC.java:531)
... Removed 25 stack frames]]>
    </failure>
  </testcase> <!-- testListItrNextPrevAdd_nextIndex -->
  <testcase name="testListItrNextPrevAdd_previous" time="0.0" classname="ListItrTest_AB_addToRearC_ABC">
    <failure type="java.util.NoSuchElementException" message="IUDoubleLinkedListIterator - next">
      <![CDATA[java.util.NoSuchElementException: IUDoubleLinkedListIterator - next
	at IUDoubleLinkedList$IUDoubleLinkedListIterator.previous(IUDoubleLinkedList.java:517)
	at TestCase.initListItr(TestCase.java:486)
	at ListItrTest_AB_addToRearC_ABC.testListItrNextPrevAdd_previous(ListItrTest_AB_addToRearC_ABC.java:509)
... Removed 25 stack frames]]>
    </failure>
  </testcase> <!-- testListItrNextPrevAdd_previous -->
  <testcase name="testListItrNextPrevAdd_previousIndex" time="0.0" classname="ListItrTest_AB_addToRearC_ABC">
    <failure type="java.util.NoSuchElementException" message="IUDoubleLinkedListIterator - next">
      <![CDATA[java.util.NoSuchElementException: IUDoubleLinkedListIterator - next
	at IUDoubleLinkedList$IUDoubleLinkedListIterator.previous(IUDoubleLinkedList.java:517)
	at TestCase.initListItr(TestCase.java:486)
	at ListItrTest_AB_addToRearC_ABC.testListItrNextPrevAdd_previousIndex(ListItrTest_AB_addToRearC_ABC.java:542)
... Removed 25 stack frames]]>
    </failure>
  </testcase> <!-- testListItrNextPrevAdd_previousIndex -->
  <testcase name="testListItrNextPrevAdd_remove" time="0.0" classname="ListItrTest_AB_addToRearC_ABC">
    <failure type="java.util.NoSuchElementException" message="IUDoubleLinkedListIterator - next">
      <![CDATA[java.util.NoSuchElementException: IUDoubleLinkedListIterator - next
	at IUDoubleLinkedList$IUDoubleLinkedListIterator.previous(IUDoubleLinkedList.java:517)
	at TestCase.initListItr(TestCase.java:486)
	at ListItrTest_AB_addToRearC_ABC.testListItrNextPrevAdd_remove(ListItrTest_AB_addToRearC_ABC.java:487)
... Removed 25 stack frames]]>
    </failure>
  </testcase> <!-- testListItrNextPrevAdd_remove -->
  <testcase name="testListItrNextPrevAdd_set" time="0.0" classname="ListItrTest_AB_addToRearC_ABC">
    <failure type="java.util.NoSuchElementException" message="IUDoubleLinkedListIterator - next">
      <![CDATA[java.util.NoSuchElementException: IUDoubleLinkedListIterator - next
	at IUDoubleLinkedList$IUDoubleLinkedListIterator.previous(IUDoubleLinkedList.java:517)
	at TestCase.initListItr(TestCase.java:486)
	at ListItrTest_AB_addToRearC_ABC.testListItrNextPrevAdd_set(ListItrTest_AB_addToRearC_ABC.java:553)
... Removed 25 stack frames]]>
    </failure>
  </testcase> <!-- testListItrNextPrevAdd_set -->
  <testcase name="testListItrNextPrevRemove_add" time="0.0" classname="ListItrTest_AB_addToRearC_ABC">
    <failure type="java.util.NoSuchElementException" message="IUDoubleLinkedListIterator - next">
      <![CDATA[java.util.NoSuchElementException: IUDoubleLinkedListIterator - next
	at IUDoubleLinkedList$IUDoubleLinkedListIterator.previous(IUDoubleLinkedList.java:517)
	at TestCase.initListItr(TestCase.java:491)
	at ListItrTest_AB_addToRearC_ABC.testListItrNextPrevRemove_add(ListItrTest_AB_addToRearC_ABC.java:621)
... Removed 25 stack frames]]>
    </failure>
  </testcase> <!-- testListItrNextPrevRemove_add -->
  <testcase name="testListItrNextPrevRemove_hasNext" time="0.001" classname="ListItrTest_AB_addToRearC_ABC">
    <failure type="java.util.NoSuchElementException" message="IUDoubleLinkedListIterator - next">
      <![CDATA[java.util.NoSuchElementException: IUDoubleLinkedListIterator - next
	at IUDoubleLinkedList$IUDoubleLinkedListIterator.previous(IUDoubleLinkedList.java:517)
	at TestCase.initListItr(TestCase.java:491)
	at ListItrTest_AB_addToRearC_ABC.testListItrNextPrevRemove_hasNext(ListItrTest_AB_addToRearC_ABC.java:566)
... Removed 25 stack frames]]>
    </failure>
  </testcase> <!-- testListItrNextPrevRemove_hasNext -->
  <testcase name="testListItrNextPrevRemove_hasPrevious" time="0.0" classname="ListItrTest_AB_addToRearC_ABC">
    <failure type="java.util.NoSuchElementException" message="IUDoubleLinkedListIterator - next">
      <![CDATA[java.util.NoSuchElementException: IUDoubleLinkedListIterator - next
	at IUDoubleLinkedList$IUDoubleLinkedListIterator.previous(IUDoubleLinkedList.java:517)
	at TestCase.initListItr(TestCase.java:491)
	at ListItrTest_AB_addToRearC_ABC.testListItrNextPrevRemove_hasPrevious(ListItrTest_AB_addToRearC_ABC.java:599)
... Removed 25 stack frames]]>
    </failure>
  </testcase> <!-- testListItrNextPrevRemove_hasPrevious -->
  <testcase name="testListItrNextPrevRemove_next" time="0.0" classname="ListItrTest_AB_addToRearC_ABC">
    <failure type="java.util.NoSuchElementException" message="IUDoubleLinkedListIterator - next">
      <![CDATA[java.util.NoSuchElementException: IUDoubleLinkedListIterator - next
	at IUDoubleLinkedList$IUDoubleLinkedListIterator.previous(IUDoubleLinkedList.java:517)
	at TestCase.initListItr(TestCase.java:491)
	at ListItrTest_AB_addToRearC_ABC.testListItrNextPrevRemove_next(ListItrTest_AB_addToRearC_ABC.java:577)
... Removed 25 stack frames]]>
    </failure>
  </testcase> <!-- testListItrNextPrevRemove_next -->
  <testcase name="testListItrNextPrevRemove_nextIndex" time="0.0" classname="ListItrTest_AB_addToRearC_ABC">
    <failure type="java.util.NoSuchElementException" message="IUDoubleLinkedListIterator - next">
      <![CDATA[java.util.NoSuchElementException: IUDoubleLinkedListIterator - next
	at IUDoubleLinkedList$IUDoubleLinkedListIterator.previous(IUDoubleLinkedList.java:517)
	at TestCase.initListItr(TestCase.java:491)
	at ListItrTest_AB_addToRearC_ABC.testListItrNextPrevRemove_nextIndex(ListItrTest_AB_addToRearC_ABC.java:632)
... Removed 25 stack frames]]>
    </failure>
  </testcase> <!-- testListItrNextPrevRemove_nextIndex -->
  <testcase name="testListItrNextPrevRemove_previous" time="0.0" classname="ListItrTest_AB_addToRearC_ABC"/>
  <testcase name="testListItrNextPrevRemove_previousIndex" time="0.0" classname="ListItrTest_AB_addToRearC_ABC">
    <failure type="java.util.NoSuchElementException" message="IUDoubleLinkedListIterator - next">
      <![CDATA[java.util.NoSuchElementException: IUDoubleLinkedListIterator - next
	at IUDoubleLinkedList$IUDoubleLinkedListIterator.previous(IUDoubleLinkedList.java:517)
	at TestCase.initListItr(TestCase.java:491)
	at ListItrTest_AB_addToRearC_ABC.testListItrNextPrevRemove_previousIndex(ListItrTest_AB_addToRearC_ABC.java:643)
... Removed 25 stack frames]]>
    </failure>
  </testcase> <!-- testListItrNextPrevRemove_previousIndex -->
  <testcase name="testListItrNextPrevRemove_remove" time="0.0" classname="ListItrTest_AB_addToRearC_ABC">
    <failure type="java.util.NoSuchElementException" message="IUDoubleLinkedListIterator - next">
      <![CDATA[java.util.NoSuchElementException: IUDoubleLinkedListIterator - next
	at IUDoubleLinkedList$IUDoubleLinkedListIterator.previous(IUDoubleLinkedList.java:517)
	at TestCase.initListItr(TestCase.java:491)
	at ListItrTest_AB_addToRearC_ABC.testListItrNextPrevRemove_remove(ListItrTest_AB_addToRearC_ABC.java:588)
... Removed 25 stack frames]]>
    </failure>
  </testcase> <!-- testListItrNextPrevRemove_remove -->
  <testcase name="testListItrNextPrevRemove_set" time="0.0" classname="ListItrTest_AB_addToRearC_ABC">
    <failure type="java.util.NoSuchElementException" message="IUDoubleLinkedListIterator - next">
      <![CDATA[java.util.NoSuchElementException: IUDoubleLinkedListIterator - next
	at IUDoubleLinkedList$IUDoubleLinkedListIterator.previous(IUDoubleLinkedList.java:517)
	at TestCase.initListItr(TestCase.java:491)
	at ListItrTest_AB_addToRearC_ABC.testListItrNextPrevRemove_set(ListItrTest_AB_addToRearC_ABC.java:654)
... Removed 25 stack frames]]>
    </failure>
  </testcase> <!-- testListItrNextPrevRemove_set -->
  <testcase name="testListItrNextPrev_add" time="0.0" classname="ListItrTest_AB_addToRearC_ABC">
    <failure type="java.util.NoSuchElementException" message="IUDoubleLinkedListIterator - next">
      <![CDATA[java.util.NoSuchElementException: IUDoubleLinkedListIterator - next
	at IUDoubleLinkedList$IUDoubleLinkedListIterator.previous(IUDoubleLinkedList.java:517)
	at TestCase.initListItr(TestCase.java:452)
	at ListItrTest_AB_addToRearC_ABC.testListItrNextPrev_add(ListItrTest_AB_addToRearC_ABC.java:419)
... Removed 25 stack frames]]>
    </failure>
  </testcase> <!-- testListItrNextPrev_add -->
  <testcase name="testListItrNextPrev_hasNext" time="0.0" classname="ListItrTest_AB_addToRearC_ABC">
    <failure type="java.util.NoSuchElementException" message="IUDoubleLinkedListIterator - next">
      <![CDATA[java.util.NoSuchElementException: IUDoubleLinkedListIterator - next
	at IUDoubleLinkedList$IUDoubleLinkedListIterator.previous(IUDoubleLinkedList.java:517)
	at TestCase.initListItr(TestCase.java:452)
	at ListItrTest_AB_addToRearC_ABC.testListItrNextPrev_hasNext(ListItrTest_AB_addToRearC_ABC.java:364)
... Removed 25 stack frames]]>
    </failure>
  </testcase> <!-- testListItrNextPrev_hasNext -->
  <testcase name="testListItrNextPrev_hasPrevious" time="0.0" classname="ListItrTest_AB_addToRearC_ABC">
    <failure type="java.util.NoSuchElementException" message="IUDoubleLinkedListIterator - next">
      <![CDATA[java.util.NoSuchElementException: IUDoubleLinkedListIterator - next
	at IUDoubleLinkedList$IUDoubleLinkedListIterator.previous(IUDoubleLinkedList.java:517)
	at TestCase.initListItr(TestCase.java:452)
	at ListItrTest_AB_addToRearC_ABC.testListItrNextPrev_hasPrevious(ListItrTest_AB_addToRearC_ABC.java:397)
... Removed 25 stack frames]]>
    </failure>
  </testcase> <!-- testListItrNextPrev_hasPrevious -->
  <testcase name="testListItrNextPrev_next" time="0.0" classname="ListItrTest_AB_addToRearC_ABC">
    <failure type="java.util.NoSuchElementException" message="IUDoubleLinkedListIterator - next">
      <![CDATA[java.util.NoSuchElementException: IUDoubleLinkedListIterator - next
	at IUDoubleLinkedList$IUDoubleLinkedListIterator.previous(IUDoubleLinkedList.java:517)
	at TestCase.initListItr(TestCase.java:452)
	at ListItrTest_AB_addToRearC_ABC.testListItrNextPrev_next(ListItrTest_AB_addToRearC_ABC.java:375)
... Removed 25 stack frames]]>
    </failure>
  </testcase> <!-- testListItrNextPrev_next -->
  <testcase name="testListItrNextPrev_nextIndex" time="0.0" classname="ListItrTest_AB_addToRearC_ABC">
    <failure type="java.util.NoSuchElementException" message="IUDoubleLinkedListIterator - next">
      <![CDATA[java.util.NoSuchElementException: IUDoubleLinkedListIterator - next
	at IUDoubleLinkedList$IUDoubleLinkedListIterator.previous(IUDoubleLinkedList.java:517)
	at TestCase.initListItr(TestCase.java:452)
	at ListItrTest_AB_addToRearC_ABC.testListItrNextPrev_nextIndex(ListItrTest_AB_addToRearC_ABC.java:430)
... Removed 25 stack frames]]>
    </failure>
  </testcase> <!-- testListItrNextPrev_nextIndex -->
  <testcase name="testListItrNextPrev_previous" time="0.0" classname="ListItrTest_AB_addToRearC_ABC"/>
  <testcase name="testListItrNextPrev_previousIndex" time="0.0" classname="ListItrTest_AB_addToRearC_ABC">
    <failure type="java.util.NoSuchElementException" message="IUDoubleLinkedListIterator - next">
      <![CDATA[java.util.NoSuchElementException: IUDoubleLinkedListIterator - next
	at IUDoubleLinkedList$IUDoubleLinkedListIterator.previous(IUDoubleLinkedList.java:517)
	at TestCase.initListItr(TestCase.java:452)
	at ListItrTest_AB_addToRearC_ABC.testListItrNextPrev_previousIndex(ListItrTest_AB_addToRearC_ABC.java:441)
... Removed 25 stack frames]]>
    </failure>
  </testcase> <!-- testListItrNextPrev_previousIndex -->
  <testcase name="testListItrNextPrev_remove" time="0.0" classname="ListItrTest_AB_addToRearC_ABC">
    <failure type="java.util.NoSuchElementException" message="IUDoubleLinkedListIterator - next">
      <![CDATA[java.util.NoSuchElementException: IUDoubleLinkedListIterator - next
	at IUDoubleLinkedList$IUDoubleLinkedListIterator.previous(IUDoubleLinkedList.java:517)
	at TestCase.initListItr(TestCase.java:452)
	at ListItrTest_AB_addToRearC_ABC.testListItrNextPrev_remove(ListItrTest_AB_addToRearC_ABC.java:386)
... Removed 25 stack frames]]>
    </failure>
  </testcase> <!-- testListItrNextPrev_remove -->
  <testcase name="testListItrNextPrev_set" time="0.0" classname="ListItrTest_AB_addToRearC_ABC">
    <failure type="java.util.NoSuchElementException" message="IUDoubleLinkedListIterator - next">
      <![CDATA[java.util.NoSuchElementException: IUDoubleLinkedListIterator - next
	at IUDoubleLinkedList$IUDoubleLinkedListIterator.previous(IUDoubleLinkedList.java:517)
	at TestCase.initListItr(TestCase.java:452)
	at ListItrTest_AB_addToRearC_ABC.testListItrNextPrev_set(ListItrTest_AB_addToRearC_ABC.java:452)
... Removed 25 stack frames]]>
    </failure>
  </testcase> <!-- testListItrNextPrev_set -->
  <testcase name="testListItr_add" time="0.0" classname="ListItrTest_AB_addToRearC_ABC">
    <failure type="java.lang.IllegalStateException" message="IUDoubleLinkedListIterator - add">
      <![CDATA[java.lang.IllegalStateException: IUDoubleLinkedListIterator - add
	at IUDoubleLinkedList$IUDoubleLinkedListIterator.add(IUDoubleLinkedList.java:571)
	at TestCase.add(TestCase.java:338)
	at ListItrTest_AB_addToRearC_ABC.testListItr_add(ListItrTest_AB_addToRearC_ABC.java:117)
... Removed 25 stack frames]]>
    </failure>
  </testcase> <!-- testListItr_add -->
  <testcase name="testListItr_hasNext" time="0.0" classname="ListItrTest_AB_addToRearC_ABC"/>
  <testcase name="testListItr_hasPrevious" time="0.001" classname="ListItrTest_AB_addToRearC_ABC">
    <failure type="java.lang.AssertionError" message="expected [false] but found [true]">
      <![CDATA[java.lang.AssertionError: expected [false] but found [true]
	at TestCase.hasPrevious(TestCase.java:317)
	at ListItrTest_AB_addToRearC_ABC.testListItr_hasPrevious(ListItrTest_AB_addToRearC_ABC.java:95)
... Removed 31 stack frames]]>
    </failure>
  </testcase> <!-- testListItr_hasPrevious -->
  <testcase name="testListItr_next" time="0.0" classname="ListItrTest_AB_addToRearC_ABC"/>
  <testcase name="testListItr_nextIndex" time="0.0" classname="ListItrTest_AB_addToRearC_ABC"/>
  <testcase name="testListItr_previous" time="0.0" classname="ListItrTest_AB_addToRearC_ABC">
    <failure type="java.lang.NullPointerException">
      <![CDATA[java.lang.NullPointerException
	at IUDoubleLinkedList$IUDoubleLinkedListIterator.previous(IUDoubleLinkedList.java:522)
	at TestCase.previous(TestCase.java:327)
	at ListItrTest_AB_addToRearC_ABC.testListItr_previous(ListItrTest_AB_addToRearC_ABC.java:106)
... Removed 25 stack frames]]>
    </failure>
  </testcase> <!-- testListItr_previous -->
  <testcase name="testListItr_previousIndex" time="0.0" classname="ListItrTest_AB_addToRearC_ABC"/>
  <testcase name="testListItr_remove" time="0.0" classname="ListItrTest_AB_addToRearC_ABC"/>
  <testcase name="testListItr_set" time="0.0" classname="ListItrTest_AB_addToRearC_ABC"/>
</testsuite>
