<?xml version="1.0" encoding="UTF-8"?>
<testng-results skipped="0" failed="0" total="434" passed="434">
  <reporter-output>
  </reporter-output>
  <suite name="Indexed Unordered List" duration-ms="1422" started-at="2016-10-31T22:47:22Z" finished-at="2016-10-31T22:47:23Z">
    <groups>
    </groups>
    <test name="IUArrayList" duration-ms="1422" started-at="2016-10-31T22:47:22Z" finished-at="2016-10-31T22:47:23Z">
      <class name="Test_A_addToFrontB_BA">
        <test-method status="PASS" signature="testAdd()[pri:0, instance:Test_A_addToFrontB_BA@7c16905e]" name="testAdd" duration-ms="0" started-at="2016-10-31T16:47:23Z" finished-at="2016-10-31T16:47:23Z">
          <reporter-output>
          </reporter-output>
        </test-method> <!-- testAdd -->
        <test-method status="PASS" signature="initialize(java.lang.String)[pri:0, instance:Test_A_addToFrontB_BA@7c16905e]" name="initialize" is-config="true" duration-ms="0" started-at="2016-10-31T16:47:23Z" finished-at="2016-10-31T16:47:23Z">
          <params>
            <param index="0">
              <value>
                <![CDATA[arrayList]]>
              </value>
            </param>
          </params>
          <reporter-output>
          </reporter-output>
        </test-method> <!-- initialize -->
        <test-method status="PASS" signature="initialize(java.lang.String)[pri:0, instance:Test_A_addToFrontB_BA@7c16905e]" name="initialize" is-config="true" duration-ms="0" started-at="2016-10-31T16:47:23Z" finished-at="2016-10-31T16:47:23Z">
          <params>
            <param index="0">
              <value>
                <![CDATA[arrayList]]>
              </value>
            </param>
          </params>
          <reporter-output>
          </reporter-output>
        </test-method> <!-- initialize -->
        <test-method status="PASS" signature="testAddAfter_invalidElement()[pri:0, instance:Test_A_addToFrontB_BA@7c16905e]" name="testAddAfter_invalidElement" duration-ms="1" started-at="2016-10-31T16:47:23Z" finished-at="2016-10-31T16:47:23Z">
          <exception class="java.util.NoSuchElementException">
            <message>
              <![CDATA[IUArrayList - addAfter(T element, T target)]]>
            </message>
            <full-stacktrace>
              <![CDATA[java.util.NoSuchElementException: IUArrayList - addAfter(T element, T target)
	at IUArrayList.addAfter(IUArrayList.java:224)
	at TestCase.addAfter(TestCase.java:259)
	at Test_A_addToFrontB_BA.testAddAfter_invalidElement(Test_A_addToFrontB_BA.java:211)
	at sun.reflect.NativeMethodAccessorImpl.invoke0(Native Method)
	at sun.reflect.NativeMethodAccessorImpl.invoke(NativeMethodAccessorImpl.java:62)
	at sun.reflect.DelegatingMethodAccessorImpl.invoke(DelegatingMethodAccessorImpl.java:43)
	at java.lang.reflect.Method.invoke(Method.java:498)
	at org.testng.internal.MethodInvocationHelper.invokeMethod(MethodInvocationHelper.java:100)
	at org.testng.internal.Invoker.invokeMethod(Invoker.java:646)
	at org.testng.internal.Invoker.invokeTestMethod(Invoker.java:811)
	at org.testng.internal.Invoker.invokeTestMethods(Invoker.java:1137)
	at org.testng.internal.TestMethodWorker.invokeTestMethods(TestMethodWorker.java:129)
	at org.testng.internal.TestMethodWorker.run(TestMethodWorker.java:112)
	at org.testng.TestRunner.privateRun(TestRunner.java:753)
	at org.testng.TestRunner.run(TestRunner.java:607)
	at org.testng.SuiteRunner.runTest(SuiteRunner.java:368)
	at org.testng.SuiteRunner.runSequentially(SuiteRunner.java:363)
	at org.testng.SuiteRunner.privateRun(SuiteRunner.java:321)
	at org.testng.SuiteRunner.run(SuiteRunner.java:270)
	at org.testng.SuiteRunnerWorker.runSuite(SuiteRunnerWorker.java:52)
	at org.testng.SuiteRunnerWorker.run(SuiteRunnerWorker.java:86)
	at org.testng.TestNG.runSuitesSequentially(TestNG.java:1284)
	at org.testng.TestNG.runSuitesLocally(TestNG.java:1209)
	at org.testng.TestNG.runSuites(TestNG.java:1124)
	at org.testng.TestNG.run(TestNG.java:1096)
	at org.testng.remote.AbstractRemoteTestNG.run(AbstractRemoteTestNG.java:132)
	at org.testng.remote.RemoteTestNG.initAndRun(RemoteTestNG.java:236)
	at org.testng.remote.RemoteTestNG.main(RemoteTestNG.java:81)
]]>
            </full-stacktrace>
          </exception> <!-- java.util.NoSuchElementException -->
          <reporter-output>
          </reporter-output>
        </test-method> <!-- testAddAfter_invalidElement -->
        <test-method status="PASS" signature="initialize(java.lang.String)[pri:0, instance:Test_A_addToFrontB_BA@7c16905e]" name="initialize" is-config="true" duration-ms="1" started-at="2016-10-31T16:47:23Z" finished-at="2016-10-31T16:47:23Z">
          <params>
            <param index="0">
              <value>
                <![CDATA[arrayList]]>
              </value>
            </param>
          </params>
          <reporter-output>
          </reporter-output>
        </test-method> <!-- initialize -->
        <test-method status="PASS" signature="testAddAfter_validElement(java.lang.Integer)[pri:0, instance:Test_A_addToFrontB_BA@7c16905e]" name="testAddAfter_validElement" duration-ms="3" started-at="2016-10-31T16:47:23Z" data-provider="validElements" finished-at="2016-10-31T16:47:23Z">
          <params>
            <param index="0">
              <value>
                <![CDATA[2]]>
              </value>
            </param>
          </params>
          <reporter-output>
          </reporter-output>
        </test-method> <!-- testAddAfter_validElement -->
        <test-method status="PASS" signature="testAddAfter_validElement(java.lang.Integer)[pri:0, instance:Test_A_addToFrontB_BA@7c16905e]" name="testAddAfter_validElement" duration-ms="2" started-at="2016-10-31T16:47:23Z" data-provider="validElements" finished-at="2016-10-31T16:47:23Z">
          <params>
            <param index="0">
              <value>
                <![CDATA[1]]>
              </value>
            </param>
          </params>
          <reporter-output>
          </reporter-output>
        </test-method> <!-- testAddAfter_validElement -->
        <test-method status="PASS" signature="initialize(java.lang.String)[pri:0, instance:Test_A_addToFrontB_BA@7c16905e]" name="initialize" is-config="true" duration-ms="0" started-at="2016-10-31T16:47:23Z" finished-at="2016-10-31T16:47:23Z">
          <params>
            <param index="0">
              <value>
                <![CDATA[arrayList]]>
              </value>
            </param>
          </params>
          <reporter-output>
          </reporter-output>
        </test-method> <!-- initialize -->
        <test-method status="PASS" signature="testAddToFront()[pri:0, instance:Test_A_addToFrontB_BA@7c16905e]" name="testAddToFront" duration-ms="0" started-at="2016-10-31T16:47:23Z" finished-at="2016-10-31T16:47:23Z">
          <reporter-output>
          </reporter-output>
        </test-method> <!-- testAddToFront -->
        <test-method status="PASS" signature="initialize(java.lang.String)[pri:0, instance:Test_A_addToFrontB_BA@7c16905e]" name="initialize" is-config="true" duration-ms="0" started-at="2016-10-31T16:47:23Z" finished-at="2016-10-31T16:47:23Z">
          <params>
            <param index="0">
              <value>
                <![CDATA[arrayList]]>
              </value>
            </param>
          </params>
          <reporter-output>
          </reporter-output>
        </test-method> <!-- initialize -->
        <test-method status="PASS" signature="initialize(java.lang.String)[pri:0, instance:Test_A_addToFrontB_BA@7c16905e]" name="initialize" is-config="true" duration-ms="0" started-at="2016-10-31T16:47:23Z" finished-at="2016-10-31T16:47:23Z">
          <params>
            <param index="0">
              <value>
                <![CDATA[arrayList]]>
              </value>
            </param>
          </params>
          <reporter-output>
          </reporter-output>
        </test-method> <!-- initialize -->
        <test-method status="PASS" signature="testAddToRear()[pri:0, instance:Test_A_addToFrontB_BA@7c16905e]" name="testAddToRear" duration-ms="1" started-at="2016-10-31T16:47:23Z" finished-at="2016-10-31T16:47:23Z">
          <reporter-output>
          </reporter-output>
        </test-method> <!-- testAddToRear -->
        <test-method status="PASS" signature="initialize(java.lang.String)[pri:0, instance:Test_A_addToFrontB_BA@7c16905e]" name="initialize" is-config="true" duration-ms="0" started-at="2016-10-31T16:47:23Z" finished-at="2016-10-31T16:47:23Z">
          <params>
            <param index="0">
              <value>
                <![CDATA[arrayList]]>
              </value>
            </param>
          </params>
          <reporter-output>
          </reporter-output>
        </test-method> <!-- initialize -->
        <test-method status="PASS" signature="testAdd_invalidIndex(int)[pri:0, instance:Test_A_addToFrontB_BA@7c16905e]" name="testAdd_invalidIndex" duration-ms="1" started-at="2016-10-31T16:47:23Z" data-provider="invalidAddIndexes" finished-at="2016-10-31T16:47:23Z">
          <params>
            <param index="0">
              <value>
                <![CDATA[-1]]>
              </value>
            </param>
          </params>
          <exception class="java.lang.IndexOutOfBoundsException">
            <message>
              <![CDATA[IUArrayList - add(index)]]>
            </message>
            <full-stacktrace>
              <![CDATA[java.lang.IndexOutOfBoundsException: IUArrayList - add(index)
	at IUArrayList.add(IUArrayList.java:139)
	at TestCase.add(TestCase.java:170)
	at Test_A_addToFrontB_BA.testAdd_invalidIndex(Test_A_addToFrontB_BA.java:231)
	at sun.reflect.NativeMethodAccessorImpl.invoke0(Native Method)
	at sun.reflect.NativeMethodAccessorImpl.invoke(NativeMethodAccessorImpl.java:62)
	at sun.reflect.DelegatingMethodAccessorImpl.invoke(DelegatingMethodAccessorImpl.java:43)
	at java.lang.reflect.Method.invoke(Method.java:498)
	at org.testng.internal.MethodInvocationHelper.invokeMethod(MethodInvocationHelper.java:100)
	at org.testng.internal.Invoker.invokeMethod(Invoker.java:646)
	at org.testng.internal.Invoker.invokeTestMethod(Invoker.java:811)
	at org.testng.internal.Invoker.invokeTestMethods(Invoker.java:1137)
	at org.testng.internal.TestMethodWorker.invokeTestMethods(TestMethodWorker.java:129)
	at org.testng.internal.TestMethodWorker.run(TestMethodWorker.java:112)
	at org.testng.TestRunner.privateRun(TestRunner.java:753)
	at org.testng.TestRunner.run(TestRunner.java:607)
	at org.testng.SuiteRunner.runTest(SuiteRunner.java:368)
	at org.testng.SuiteRunner.runSequentially(SuiteRunner.java:363)
	at org.testng.SuiteRunner.privateRun(SuiteRunner.java:321)
	at org.testng.SuiteRunner.run(SuiteRunner.java:270)
	at org.testng.SuiteRunnerWorker.runSuite(SuiteRunnerWorker.java:52)
	at org.testng.SuiteRunnerWorker.run(SuiteRunnerWorker.java:86)
	at org.testng.TestNG.runSuitesSequentially(TestNG.java:1284)
	at org.testng.TestNG.runSuitesLocally(TestNG.java:1209)
	at org.testng.TestNG.runSuites(TestNG.java:1124)
	at org.testng.TestNG.run(TestNG.java:1096)
	at org.testng.remote.AbstractRemoteTestNG.run(AbstractRemoteTestNG.java:132)
	at org.testng.remote.RemoteTestNG.initAndRun(RemoteTestNG.java:236)
	at org.testng.remote.RemoteTestNG.main(RemoteTestNG.java:81)
]]>
            </full-stacktrace>
          </exception> <!-- java.lang.IndexOutOfBoundsException -->
          <reporter-output>
          </reporter-output>
        </test-method> <!-- testAdd_invalidIndex -->
        <test-method status="PASS" signature="testAdd_invalidIndex(int)[pri:0, instance:Test_A_addToFrontB_BA@7c16905e]" name="testAdd_invalidIndex" duration-ms="1" started-at="2016-10-31T16:47:23Z" data-provider="invalidAddIndexes" finished-at="2016-10-31T16:47:23Z">
          <params>
            <param index="0">
              <value>
                <![CDATA[3]]>
              </value>
            </param>
          </params>
          <exception class="java.lang.IndexOutOfBoundsException">
            <message>
              <![CDATA[IUArrayList - add(index)]]>
            </message>
            <full-stacktrace>
              <![CDATA[java.lang.IndexOutOfBoundsException: IUArrayList - add(index)
	at IUArrayList.add(IUArrayList.java:139)
	at TestCase.add(TestCase.java:170)
	at Test_A_addToFrontB_BA.testAdd_invalidIndex(Test_A_addToFrontB_BA.java:231)
	at sun.reflect.NativeMethodAccessorImpl.invoke0(Native Method)
	at sun.reflect.NativeMethodAccessorImpl.invoke(NativeMethodAccessorImpl.java:62)
	at sun.reflect.DelegatingMethodAccessorImpl.invoke(DelegatingMethodAccessorImpl.java:43)
	at java.lang.reflect.Method.invoke(Method.java:498)
	at org.testng.internal.MethodInvocationHelper.invokeMethod(MethodInvocationHelper.java:100)
	at org.testng.internal.Invoker.invokeMethod(Invoker.java:646)
	at org.testng.internal.Invoker.invokeTestMethod(Invoker.java:811)
	at org.testng.internal.Invoker.invokeTestMethods(Invoker.java:1137)
	at org.testng.internal.TestMethodWorker.invokeTestMethods(TestMethodWorker.java:129)
	at org.testng.internal.TestMethodWorker.run(TestMethodWorker.java:112)
	at org.testng.TestRunner.privateRun(TestRunner.java:753)
	at org.testng.TestRunner.run(TestRunner.java:607)
	at org.testng.SuiteRunner.runTest(SuiteRunner.java:368)
	at org.testng.SuiteRunner.runSequentially(SuiteRunner.java:363)
	at org.testng.SuiteRunner.privateRun(SuiteRunner.java:321)
	at org.testng.SuiteRunner.run(SuiteRunner.java:270)
	at org.testng.SuiteRunnerWorker.runSuite(SuiteRunnerWorker.java:52)
	at org.testng.SuiteRunnerWorker.run(SuiteRunnerWorker.java:86)
	at org.testng.TestNG.runSuitesSequentially(TestNG.java:1284)
	at org.testng.TestNG.runSuitesLocally(TestNG.java:1209)
	at org.testng.TestNG.runSuites(TestNG.java:1124)
	at org.testng.TestNG.run(TestNG.java:1096)
	at org.testng.remote.AbstractRemoteTestNG.run(AbstractRemoteTestNG.java:132)
	at org.testng.remote.RemoteTestNG.initAndRun(RemoteTestNG.java:236)
	at org.testng.remote.RemoteTestNG.main(RemoteTestNG.java:81)
]]>
            </full-stacktrace>
          </exception> <!-- java.lang.IndexOutOfBoundsException -->
          <reporter-output>
          </reporter-output>
        </test-method> <!-- testAdd_invalidIndex -->
        <test-method status="PASS" signature="initialize(java.lang.String)[pri:0, instance:Test_A_addToFrontB_BA@7c16905e]" name="initialize" is-config="true" duration-ms="0" started-at="2016-10-31T16:47:23Z" finished-at="2016-10-31T16:47:23Z">
          <params>
            <param index="0">
              <value>
                <![CDATA[arrayList]]>
              </value>
            </param>
          </params>
          <reporter-output>
          </reporter-output>
        </test-method> <!-- initialize -->
        <test-method status="PASS" signature="testAdd_validIndex(int)[pri:0, instance:Test_A_addToFrontB_BA@7c16905e]" name="testAdd_validIndex" duration-ms="0" started-at="2016-10-31T16:47:23Z" data-provider="validAddIndexes" finished-at="2016-10-31T16:47:23Z">
          <params>
            <param index="0">
              <value>
                <![CDATA[0]]>
              </value>
            </param>
          </params>
          <reporter-output>
          </reporter-output>
        </test-method> <!-- testAdd_validIndex -->
        <test-method status="PASS" signature="initialize(java.lang.String)[pri:0, instance:Test_A_addToFrontB_BA@7c16905e]" name="initialize" is-config="true" duration-ms="0" started-at="2016-10-31T16:47:23Z" finished-at="2016-10-31T16:47:23Z">
          <params>
            <param index="0">
              <value>
                <![CDATA[arrayList]]>
              </value>
            </param>
          </params>
          <reporter-output>
          </reporter-output>
        </test-method> <!-- initialize -->
        <test-method status="PASS" signature="initialize(java.lang.String)[pri:0, instance:Test_A_addToFrontB_BA@7c16905e]" name="initialize" is-config="true" duration-ms="0" started-at="2016-10-31T16:47:23Z" finished-at="2016-10-31T16:47:23Z">
          <params>
            <param index="0">
              <value>
                <![CDATA[arrayList]]>
              </value>
            </param>
          </params>
          <reporter-output>
          </reporter-output>
        </test-method> <!-- initialize -->
        <test-method status="PASS" signature="testAdd_validIndex(int)[pri:0, instance:Test_A_addToFrontB_BA@7c16905e]" name="testAdd_validIndex" duration-ms="1" started-at="2016-10-31T16:47:23Z" data-provider="validAddIndexes" finished-at="2016-10-31T16:47:23Z">
          <params>
            <param index="0">
              <value>
                <![CDATA[1]]>
              </value>
            </param>
          </params>
          <reporter-output>
          </reporter-output>
        </test-method> <!-- testAdd_validIndex -->
        <test-method status="PASS" signature="testAdd_validIndex(int)[pri:0, instance:Test_A_addToFrontB_BA@7c16905e]" name="testAdd_validIndex" duration-ms="1" started-at="2016-10-31T16:47:23Z" data-provider="validAddIndexes" finished-at="2016-10-31T16:47:23Z">
          <params>
            <param index="0">
              <value>
                <![CDATA[2]]>
              </value>
            </param>
          </params>
          <reporter-output>
          </reporter-output>
        </test-method> <!-- testAdd_validIndex -->
        <test-method status="PASS" signature="initialize(java.lang.String)[pri:0, instance:Test_A_addToFrontB_BA@7c16905e]" name="initialize" is-config="true" duration-ms="0" started-at="2016-10-31T16:47:23Z" finished-at="2016-10-31T16:47:23Z">
          <params>
            <param index="0">
              <value>
                <![CDATA[arrayList]]>
              </value>
            </param>
          </params>
          <reporter-output>
          </reporter-output>
        </test-method> <!-- initialize -->
        <test-method status="PASS" signature="testContains_invalidElement()[pri:0, instance:Test_A_addToFrontB_BA@7c16905e]" name="testContains_invalidElement" duration-ms="0" started-at="2016-10-31T16:47:23Z" finished-at="2016-10-31T16:47:23Z">
          <reporter-output>
          </reporter-output>
        </test-method> <!-- testContains_invalidElement -->
        <test-method status="PASS" signature="initialize(java.lang.String)[pri:0, instance:Test_A_addToFrontB_BA@7c16905e]" name="initialize" is-config="true" duration-ms="0" started-at="2016-10-31T16:47:23Z" finished-at="2016-10-31T16:47:23Z">
          <params>
            <param index="0">
              <value>
                <![CDATA[arrayList]]>
              </value>
            </param>
          </params>
          <reporter-output>
          </reporter-output>
        </test-method> <!-- initialize -->
        <test-method status="PASS" signature="testContains_validElement(java.lang.Integer)[pri:0, instance:Test_A_addToFrontB_BA@7c16905e]" name="testContains_validElement" duration-ms="1" started-at="2016-10-31T16:47:23Z" data-provider="validElements" finished-at="2016-10-31T16:47:23Z">
          <params>
            <param index="0">
              <value>
                <![CDATA[2]]>
              </value>
            </param>
          </params>
          <reporter-output>
          </reporter-output>
        </test-method> <!-- testContains_validElement -->
        <test-method status="PASS" signature="initialize(java.lang.String)[pri:0, instance:Test_A_addToFrontB_BA@7c16905e]" name="initialize" is-config="true" duration-ms="0" started-at="2016-10-31T16:47:23Z" finished-at="2016-10-31T16:47:23Z">
          <params>
            <param index="0">
              <value>
                <![CDATA[arrayList]]>
              </value>
            </param>
          </params>
          <reporter-output>
          </reporter-output>
        </test-method> <!-- initialize -->
        <test-method status="PASS" signature="initialize(java.lang.String)[pri:0, instance:Test_A_addToFrontB_BA@7c16905e]" name="initialize" is-config="true" duration-ms="0" started-at="2016-10-31T16:47:23Z" finished-at="2016-10-31T16:47:23Z">
          <params>
            <param index="0">
              <value>
                <![CDATA[arrayList]]>
              </value>
            </param>
          </params>
          <reporter-output>
          </reporter-output>
        </test-method> <!-- initialize -->
        <test-method status="PASS" signature="testContains_validElement(java.lang.Integer)[pri:0, instance:Test_A_addToFrontB_BA@7c16905e]" name="testContains_validElement" duration-ms="1" started-at="2016-10-31T16:47:23Z" data-provider="validElements" finished-at="2016-10-31T16:47:23Z">
          <params>
            <param index="0">
              <value>
                <![CDATA[1]]>
              </value>
            </param>
          </params>
          <reporter-output>
          </reporter-output>
        </test-method> <!-- testContains_validElement -->
        <test-method status="PASS" signature="initialize(java.lang.String)[pri:0, instance:Test_A_addToFrontB_BA@7c16905e]" name="initialize" is-config="true" duration-ms="0" started-at="2016-10-31T16:47:23Z" finished-at="2016-10-31T16:47:23Z">
          <params>
            <param index="0">
              <value>
                <![CDATA[arrayList]]>
              </value>
            </param>
          </params>
          <reporter-output>
          </reporter-output>
        </test-method> <!-- initialize -->
        <test-method status="PASS" signature="testFirst()[pri:0, instance:Test_A_addToFrontB_BA@7c16905e]" name="testFirst" duration-ms="1" started-at="2016-10-31T16:47:23Z" finished-at="2016-10-31T16:47:23Z">
          <reporter-output>
          </reporter-output>
        </test-method> <!-- testFirst -->
        <test-method status="PASS" signature="initialize(java.lang.String)[pri:0, instance:Test_A_addToFrontB_BA@7c16905e]" name="initialize" is-config="true" duration-ms="4" started-at="2016-10-31T16:47:23Z" finished-at="2016-10-31T16:47:23Z">
          <params>
            <param index="0">
              <value>
                <![CDATA[arrayList]]>
              </value>
            </param>
          </params>
          <reporter-output>
          </reporter-output>
        </test-method> <!-- initialize -->
        <test-method status="PASS" signature="testGet_invalidIndex(int)[pri:0, instance:Test_A_addToFrontB_BA@7c16905e]" name="testGet_invalidIndex" duration-ms="3" started-at="2016-10-31T16:47:23Z" data-provider="invalidIndexes" finished-at="2016-10-31T16:47:23Z">
          <params>
            <param index="0">
              <value>
                <![CDATA[-1]]>
              </value>
            </param>
          </params>
          <exception class="java.lang.IndexOutOfBoundsException">
            <message>
              <![CDATA[IUArrayList - get]]>
            </message>
            <full-stacktrace>
              <![CDATA[java.lang.IndexOutOfBoundsException: IUArrayList - get
	at IUArrayList.get(IUArrayList.java:98)
	at TestCase.get(TestCase.java:214)
	at Test_A_addToFrontB_BA.testGet_invalidIndex(Test_A_addToFrontB_BA.java:301)
	at sun.reflect.NativeMethodAccessorImpl.invoke0(Native Method)
	at sun.reflect.NativeMethodAccessorImpl.invoke(NativeMethodAccessorImpl.java:62)
	at sun.reflect.DelegatingMethodAccessorImpl.invoke(DelegatingMethodAccessorImpl.java:43)
	at java.lang.reflect.Method.invoke(Method.java:498)
	at org.testng.internal.MethodInvocationHelper.invokeMethod(MethodInvocationHelper.java:100)
	at org.testng.internal.Invoker.invokeMethod(Invoker.java:646)
	at org.testng.internal.Invoker.invokeTestMethod(Invoker.java:811)
	at org.testng.internal.Invoker.invokeTestMethods(Invoker.java:1137)
	at org.testng.internal.TestMethodWorker.invokeTestMethods(TestMethodWorker.java:129)
	at org.testng.internal.TestMethodWorker.run(TestMethodWorker.java:112)
	at org.testng.TestRunner.privateRun(TestRunner.java:753)
	at org.testng.TestRunner.run(TestRunner.java:607)
	at org.testng.SuiteRunner.runTest(SuiteRunner.java:368)
	at org.testng.SuiteRunner.runSequentially(SuiteRunner.java:363)
	at org.testng.SuiteRunner.privateRun(SuiteRunner.java:321)
	at org.testng.SuiteRunner.run(SuiteRunner.java:270)
	at org.testng.SuiteRunnerWorker.runSuite(SuiteRunnerWorker.java:52)
	at org.testng.SuiteRunnerWorker.run(SuiteRunnerWorker.java:86)
	at org.testng.TestNG.runSuitesSequentially(TestNG.java:1284)
	at org.testng.TestNG.runSuitesLocally(TestNG.java:1209)
	at org.testng.TestNG.runSuites(TestNG.java:1124)
	at org.testng.TestNG.run(TestNG.java:1096)
	at org.testng.remote.AbstractRemoteTestNG.run(AbstractRemoteTestNG.java:132)
	at org.testng.remote.RemoteTestNG.initAndRun(RemoteTestNG.java:236)
	at org.testng.remote.RemoteTestNG.main(RemoteTestNG.java:81)
]]>
            </full-stacktrace>
          </exception> <!-- java.lang.IndexOutOfBoundsException -->
          <reporter-output>
          </reporter-output>
        </test-method> <!-- testGet_invalidIndex -->
        <test-method status="PASS" signature="testGet_invalidIndex(int)[pri:0, instance:Test_A_addToFrontB_BA@7c16905e]" name="testGet_invalidIndex" duration-ms="0" started-at="2016-10-31T16:47:23Z" data-provider="invalidIndexes" finished-at="2016-10-31T16:47:23Z">
          <params>
            <param index="0">
              <value>
                <![CDATA[2]]>
              </value>
            </param>
          </params>
          <exception class="java.lang.IndexOutOfBoundsException">
            <message>
              <![CDATA[IUArrayList - get]]>
            </message>
            <full-stacktrace>
              <![CDATA[java.lang.IndexOutOfBoundsException: IUArrayList - get
	at IUArrayList.get(IUArrayList.java:98)
	at TestCase.get(TestCase.java:214)
	at Test_A_addToFrontB_BA.testGet_invalidIndex(Test_A_addToFrontB_BA.java:301)
	at sun.reflect.NativeMethodAccessorImpl.invoke0(Native Method)
	at sun.reflect.NativeMethodAccessorImpl.invoke(NativeMethodAccessorImpl.java:62)
	at sun.reflect.DelegatingMethodAccessorImpl.invoke(DelegatingMethodAccessorImpl.java:43)
	at java.lang.reflect.Method.invoke(Method.java:498)
	at org.testng.internal.MethodInvocationHelper.invokeMethod(MethodInvocationHelper.java:100)
	at org.testng.internal.Invoker.invokeMethod(Invoker.java:646)
	at org.testng.internal.Invoker.invokeTestMethod(Invoker.java:811)
	at org.testng.internal.Invoker.invokeTestMethods(Invoker.java:1137)
	at org.testng.internal.TestMethodWorker.invokeTestMethods(TestMethodWorker.java:129)
	at org.testng.internal.TestMethodWorker.run(TestMethodWorker.java:112)
	at org.testng.TestRunner.privateRun(TestRunner.java:753)
	at org.testng.TestRunner.run(TestRunner.java:607)
	at org.testng.SuiteRunner.runTest(SuiteRunner.java:368)
	at org.testng.SuiteRunner.runSequentially(SuiteRunner.java:363)
	at org.testng.SuiteRunner.privateRun(SuiteRunner.java:321)
	at org.testng.SuiteRunner.run(SuiteRunner.java:270)
	at org.testng.SuiteRunnerWorker.runSuite(SuiteRunnerWorker.java:52)
	at org.testng.SuiteRunnerWorker.run(SuiteRunnerWorker.java:86)
	at org.testng.TestNG.runSuitesSequentially(TestNG.java:1284)
	at org.testng.TestNG.runSuitesLocally(TestNG.java:1209)
	at org.testng.TestNG.runSuites(TestNG.java:1124)
	at org.testng.TestNG.run(TestNG.java:1096)
	at org.testng.remote.AbstractRemoteTestNG.run(AbstractRemoteTestNG.java:132)
	at org.testng.remote.RemoteTestNG.initAndRun(RemoteTestNG.java:236)
	at org.testng.remote.RemoteTestNG.main(RemoteTestNG.java:81)
]]>
            </full-stacktrace>
          </exception> <!-- java.lang.IndexOutOfBoundsException -->
          <reporter-output>
          </reporter-output>
        </test-method> <!-- testGet_invalidIndex -->
        <test-method status="PASS" signature="initialize(java.lang.String)[pri:0, instance:Test_A_addToFrontB_BA@7c16905e]" name="initialize" is-config="true" duration-ms="0" started-at="2016-10-31T16:47:23Z" finished-at="2016-10-31T16:47:23Z">
          <params>
            <param index="0">
              <value>
                <![CDATA[arrayList]]>
              </value>
            </param>
          </params>
          <reporter-output>
          </reporter-output>
        </test-method> <!-- initialize -->
        <test-method status="PASS" signature="initialize(java.lang.String)[pri:0, instance:Test_A_addToFrontB_BA@7c16905e]" name="initialize" is-config="true" duration-ms="1" started-at="2016-10-31T16:47:23Z" finished-at="2016-10-31T16:47:23Z">
          <params>
            <param index="0">
              <value>
                <![CDATA[arrayList]]>
              </value>
            </param>
          </params>
          <reporter-output>
          </reporter-output>
        </test-method> <!-- initialize -->
        <test-method status="PASS" signature="testGet_validIndex(int, java.lang.Integer)[pri:0, instance:Test_A_addToFrontB_BA@7c16905e]" name="testGet_validIndex" duration-ms="0" started-at="2016-10-31T16:47:23Z" data-provider="indexedValidElements" finished-at="2016-10-31T16:47:23Z">
          <params>
            <param index="0">
              <value>
                <![CDATA[0]]>
              </value>
            </param>
            <param index="1">
              <value>
                <![CDATA[2]]>
              </value>
            </param>
          </params>
          <reporter-output>
          </reporter-output>
        </test-method> <!-- testGet_validIndex -->
        <test-method status="PASS" signature="initialize(java.lang.String)[pri:0, instance:Test_A_addToFrontB_BA@7c16905e]" name="initialize" is-config="true" duration-ms="0" started-at="2016-10-31T16:47:23Z" finished-at="2016-10-31T16:47:23Z">
          <params>
            <param index="0">
              <value>
                <![CDATA[arrayList]]>
              </value>
            </param>
          </params>
          <reporter-output>
          </reporter-output>
        </test-method> <!-- initialize -->
        <test-method status="PASS" signature="testGet_validIndex(int, java.lang.Integer)[pri:0, instance:Test_A_addToFrontB_BA@7c16905e]" name="testGet_validIndex" duration-ms="1" started-at="2016-10-31T16:47:23Z" data-provider="indexedValidElements" finished-at="2016-10-31T16:47:23Z">
          <params>
            <param index="0">
              <value>
                <![CDATA[1]]>
              </value>
            </param>
            <param index="1">
              <value>
                <![CDATA[1]]>
              </value>
            </param>
          </params>
          <reporter-output>
          </reporter-output>
        </test-method> <!-- testGet_validIndex -->
        <test-method status="PASS" signature="initialize(java.lang.String)[pri:0, instance:Test_A_addToFrontB_BA@7c16905e]" name="initialize" is-config="true" duration-ms="0" started-at="2016-10-31T16:47:23Z" finished-at="2016-10-31T16:47:23Z">
          <params>
            <param index="0">
              <value>
                <![CDATA[arrayList]]>
              </value>
            </param>
          </params>
          <reporter-output>
          </reporter-output>
        </test-method> <!-- initialize -->
        <test-method status="PASS" signature="testIndexOf_invalidElement()[pri:0, instance:Test_A_addToFrontB_BA@7c16905e]" name="testIndexOf_invalidElement" duration-ms="4" started-at="2016-10-31T16:47:23Z" finished-at="2016-10-31T16:47:23Z">
          <reporter-output>
          </reporter-output>
        </test-method> <!-- testIndexOf_invalidElement -->
        <test-method status="PASS" signature="testIndexOf_validElement(int, java.lang.Integer)[pri:0, instance:Test_A_addToFrontB_BA@7c16905e]" name="testIndexOf_validElement" duration-ms="1" started-at="2016-10-31T16:47:23Z" data-provider="indexedValidElements" finished-at="2016-10-31T16:47:23Z">
          <params>
            <param index="0">
              <value>
                <![CDATA[0]]>
              </value>
            </param>
            <param index="1">
              <value>
                <![CDATA[2]]>
              </value>
            </param>
          </params>
          <reporter-output>
          </reporter-output>
        </test-method> <!-- testIndexOf_validElement -->
        <test-method status="PASS" signature="initialize(java.lang.String)[pri:0, instance:Test_A_addToFrontB_BA@7c16905e]" name="initialize" is-config="true" duration-ms="0" started-at="2016-10-31T16:47:23Z" finished-at="2016-10-31T16:47:23Z">
          <params>
            <param index="0">
              <value>
                <![CDATA[arrayList]]>
              </value>
            </param>
          </params>
          <reporter-output>
          </reporter-output>
        </test-method> <!-- initialize -->
        <test-method status="PASS" signature="initialize(java.lang.String)[pri:0, instance:Test_A_addToFrontB_BA@7c16905e]" name="initialize" is-config="true" duration-ms="0" started-at="2016-10-31T16:47:23Z" finished-at="2016-10-31T16:47:23Z">
          <params>
            <param index="0">
              <value>
                <![CDATA[arrayList]]>
              </value>
            </param>
          </params>
          <reporter-output>
          </reporter-output>
        </test-method> <!-- initialize -->
        <test-method status="PASS" signature="testIndexOf_validElement(int, java.lang.Integer)[pri:0, instance:Test_A_addToFrontB_BA@7c16905e]" name="testIndexOf_validElement" duration-ms="1" started-at="2016-10-31T16:47:23Z" data-provider="indexedValidElements" finished-at="2016-10-31T16:47:23Z">
          <params>
            <param index="0">
              <value>
                <![CDATA[1]]>
              </value>
            </param>
            <param index="1">
              <value>
                <![CDATA[1]]>
              </value>
            </param>
          </params>
          <reporter-output>
          </reporter-output>
        </test-method> <!-- testIndexOf_validElement -->
        <test-method status="PASS" signature="initialize(java.lang.String)[pri:0, instance:Test_A_addToFrontB_BA@7c16905e]" name="initialize" is-config="true" duration-ms="1" started-at="2016-10-31T16:47:23Z" finished-at="2016-10-31T16:47:23Z">
          <params>
            <param index="0">
              <value>
                <![CDATA[arrayList]]>
              </value>
            </param>
          </params>
          <reporter-output>
          </reporter-output>
        </test-method> <!-- initialize -->
        <test-method status="PASS" signature="testIsEmpty()[pri:0, instance:Test_A_addToFrontB_BA@7c16905e]" name="testIsEmpty" duration-ms="0" started-at="2016-10-31T16:47:23Z" finished-at="2016-10-31T16:47:23Z">
          <reporter-output>
          </reporter-output>
        </test-method> <!-- testIsEmpty -->
        <test-method status="PASS" signature="initialize(java.lang.String)[pri:0, instance:Test_A_addToFrontB_BA@7c16905e]" name="initialize" is-config="true" duration-ms="0" started-at="2016-10-31T16:47:23Z" finished-at="2016-10-31T16:47:23Z">
          <params>
            <param index="0">
              <value>
                <![CDATA[arrayList]]>
              </value>
            </param>
          </params>
          <reporter-output>
          </reporter-output>
        </test-method> <!-- initialize -->
        <test-method status="PASS" signature="testIterator()[pri:0, instance:Test_A_addToFrontB_BA@7c16905e]" name="testIterator" duration-ms="1" started-at="2016-10-31T16:47:23Z" finished-at="2016-10-31T16:47:23Z">
          <reporter-output>
          </reporter-output>
        </test-method> <!-- testIterator -->
        <test-method status="PASS" signature="initialize(java.lang.String)[pri:0, instance:Test_A_addToFrontB_BA@7c16905e]" name="initialize" is-config="true" duration-ms="1" started-at="2016-10-31T16:47:23Z" finished-at="2016-10-31T16:47:23Z">
          <params>
            <param index="0">
              <value>
                <![CDATA[arrayList]]>
              </value>
            </param>
          </params>
          <reporter-output>
          </reporter-output>
        </test-method> <!-- initialize -->
        <test-method status="PASS" signature="testLast()[pri:0, instance:Test_A_addToFrontB_BA@7c16905e]" name="testLast" duration-ms="0" started-at="2016-10-31T16:47:23Z" finished-at="2016-10-31T16:47:23Z">
          <reporter-output>
          </reporter-output>
        </test-method> <!-- testLast -->
        <test-method status="PASS" signature="initialize(java.lang.String)[pri:0, instance:Test_A_addToFrontB_BA@7c16905e]" name="initialize" is-config="true" duration-ms="0" started-at="2016-10-31T16:47:23Z" finished-at="2016-10-31T16:47:23Z">
          <params>
            <param index="0">
              <value>
                <![CDATA[arrayList]]>
              </value>
            </param>
          </params>
          <reporter-output>
          </reporter-output>
        </test-method> <!-- initialize -->
        <test-method status="PASS" signature="testRemoveFirst()[pri:0, instance:Test_A_addToFrontB_BA@7c16905e]" name="testRemoveFirst" duration-ms="1" started-at="2016-10-31T16:47:23Z" finished-at="2016-10-31T16:47:23Z">
          <reporter-output>
          </reporter-output>
        </test-method> <!-- testRemoveFirst -->
        <test-method status="PASS" signature="initialize(java.lang.String)[pri:0, instance:Test_A_addToFrontB_BA@7c16905e]" name="initialize" is-config="true" duration-ms="0" started-at="2016-10-31T16:47:23Z" finished-at="2016-10-31T16:47:23Z">
          <params>
            <param index="0">
              <value>
                <![CDATA[arrayList]]>
              </value>
            </param>
          </params>
          <reporter-output>
          </reporter-output>
        </test-method> <!-- initialize -->
        <test-method status="PASS" signature="testRemoveLast()[pri:0, instance:Test_A_addToFrontB_BA@7c16905e]" name="testRemoveLast" duration-ms="0" started-at="2016-10-31T16:47:23Z" finished-at="2016-10-31T16:47:23Z">
          <reporter-output>
          </reporter-output>
        </test-method> <!-- testRemoveLast -->
        <test-method status="PASS" signature="testRemove_invalidElement()[pri:0, instance:Test_A_addToFrontB_BA@7c16905e]" name="testRemove_invalidElement" duration-ms="0" started-at="2016-10-31T16:47:23Z" finished-at="2016-10-31T16:47:23Z">
          <exception class="java.util.NoSuchElementException">
            <message>
              <![CDATA[IUArrayList - indexOf]]>
            </message>
            <full-stacktrace>
              <![CDATA[java.util.NoSuchElementException: IUArrayList - indexOf
	at IUArrayList.remove(IUArrayList.java:276)
	at TestCase.remove(TestCase.java:92)
	at Test_A_addToFrontB_BA.testRemove_invalidElement(Test_A_addToFrontB_BA.java:101)
	at sun.reflect.NativeMethodAccessorImpl.invoke0(Native Method)
	at sun.reflect.NativeMethodAccessorImpl.invoke(NativeMethodAccessorImpl.java:62)
	at sun.reflect.DelegatingMethodAccessorImpl.invoke(DelegatingMethodAccessorImpl.java:43)
	at java.lang.reflect.Method.invoke(Method.java:498)
	at org.testng.internal.MethodInvocationHelper.invokeMethod(MethodInvocationHelper.java:100)
	at org.testng.internal.Invoker.invokeMethod(Invoker.java:646)
	at org.testng.internal.Invoker.invokeTestMethod(Invoker.java:811)
	at org.testng.internal.Invoker.invokeTestMethods(Invoker.java:1137)
	at org.testng.internal.TestMethodWorker.invokeTestMethods(TestMethodWorker.java:129)
	at org.testng.internal.TestMethodWorker.run(TestMethodWorker.java:112)
	at org.testng.TestRunner.privateRun(TestRunner.java:753)
	at org.testng.TestRunner.run(TestRunner.java:607)
	at org.testng.SuiteRunner.runTest(SuiteRunner.java:368)
	at org.testng.SuiteRunner.runSequentially(SuiteRunner.java:363)
	at org.testng.SuiteRunner.privateRun(SuiteRunner.java:321)
	at org.testng.SuiteRunner.run(SuiteRunner.java:270)
	at org.testng.SuiteRunnerWorker.runSuite(SuiteRunnerWorker.java:52)
	at org.testng.SuiteRunnerWorker.run(SuiteRunnerWorker.java:86)
	at org.testng.TestNG.runSuitesSequentially(TestNG.java:1284)
	at org.testng.TestNG.runSuitesLocally(TestNG.java:1209)
	at org.testng.TestNG.runSuites(TestNG.java:1124)
	at org.testng.TestNG.run(TestNG.java:1096)
	at org.testng.remote.AbstractRemoteTestNG.run(AbstractRemoteTestNG.java:132)
	at org.testng.remote.RemoteTestNG.initAndRun(RemoteTestNG.java:236)
	at org.testng.remote.RemoteTestNG.main(RemoteTestNG.java:81)
]]>
            </full-stacktrace>
          </exception> <!-- java.util.NoSuchElementException -->
          <reporter-output>
          </reporter-output>
        </test-method> <!-- testRemove_invalidElement -->
        <test-method status="PASS" signature="initialize(java.lang.String)[pri:0, instance:Test_A_addToFrontB_BA@7c16905e]" name="initialize" is-config="true" duration-ms="0" started-at="2016-10-31T16:47:23Z" finished-at="2016-10-31T16:47:23Z">
          <params>
            <param index="0">
              <value>
                <![CDATA[arrayList]]>
              </value>
            </param>
          </params>
          <reporter-output>
          </reporter-output>
        </test-method> <!-- initialize -->
        <test-method status="PASS" signature="initialize(java.lang.String)[pri:0, instance:Test_A_addToFrontB_BA@7c16905e]" name="initialize" is-config="true" duration-ms="1" started-at="2016-10-31T16:47:23Z" finished-at="2016-10-31T16:47:23Z">
          <params>
            <param index="0">
              <value>
                <![CDATA[arrayList]]>
              </value>
            </param>
          </params>
          <reporter-output>
          </reporter-output>
        </test-method> <!-- initialize -->
        <test-method status="PASS" signature="testRemove_invalidIndex(int)[pri:0, instance:Test_A_addToFrontB_BA@7c16905e]" name="testRemove_invalidIndex" duration-ms="1" started-at="2016-10-31T16:47:23Z" data-provider="invalidIndexes" finished-at="2016-10-31T16:47:23Z">
          <params>
            <param index="0">
              <value>
                <![CDATA[-1]]>
              </value>
            </param>
          </params>
          <exception class="java.lang.IndexOutOfBoundsException">
            <message>
              <![CDATA[IUArrayList - add(index)]]>
            </message>
            <full-stacktrace>
              <![CDATA[java.lang.IndexOutOfBoundsException: IUArrayList - add(index)
	at IUArrayList.remove(IUArrayList.java:243)
	at TestCase.remove(TestCase.java:181)
	at Test_A_addToFrontB_BA.testRemove_invalidIndex(Test_A_addToFrontB_BA.java:251)
	at sun.reflect.NativeMethodAccessorImpl.invoke0(Native Method)
	at sun.reflect.NativeMethodAccessorImpl.invoke(NativeMethodAccessorImpl.java:62)
	at sun.reflect.DelegatingMethodAccessorImpl.invoke(DelegatingMethodAccessorImpl.java:43)
	at java.lang.reflect.Method.invoke(Method.java:498)
	at org.testng.internal.MethodInvocationHelper.invokeMethod(MethodInvocationHelper.java:100)
	at org.testng.internal.Invoker.invokeMethod(Invoker.java:646)
	at org.testng.internal.Invoker.invokeTestMethod(Invoker.java:811)
	at org.testng.internal.Invoker.invokeTestMethods(Invoker.java:1137)
	at org.testng.internal.TestMethodWorker.invokeTestMethods(TestMethodWorker.java:129)
	at org.testng.internal.TestMethodWorker.run(TestMethodWorker.java:112)
	at org.testng.TestRunner.privateRun(TestRunner.java:753)
	at org.testng.TestRunner.run(TestRunner.java:607)
	at org.testng.SuiteRunner.runTest(SuiteRunner.java:368)
	at org.testng.SuiteRunner.runSequentially(SuiteRunner.java:363)
	at org.testng.SuiteRunner.privateRun(SuiteRunner.java:321)
	at org.testng.SuiteRunner.run(SuiteRunner.java:270)
	at org.testng.SuiteRunnerWorker.runSuite(SuiteRunnerWorker.java:52)
	at org.testng.SuiteRunnerWorker.run(SuiteRunnerWorker.java:86)
	at org.testng.TestNG.runSuitesSequentially(TestNG.java:1284)
	at org.testng.TestNG.runSuitesLocally(TestNG.java:1209)
	at org.testng.TestNG.runSuites(TestNG.java:1124)
	at org.testng.TestNG.run(TestNG.java:1096)
	at org.testng.remote.AbstractRemoteTestNG.run(AbstractRemoteTestNG.java:132)
	at org.testng.remote.RemoteTestNG.initAndRun(RemoteTestNG.java:236)
	at org.testng.remote.RemoteTestNG.main(RemoteTestNG.java:81)
]]>
            </full-stacktrace>
          </exception> <!-- java.lang.IndexOutOfBoundsException -->
          <reporter-output>
          </reporter-output>
        </test-method> <!-- testRemove_invalidIndex -->
        <test-method status="PASS" signature="initialize(java.lang.String)[pri:0, instance:Test_A_addToFrontB_BA@7c16905e]" name="initialize" is-config="true" duration-ms="1" started-at="2016-10-31T16:47:23Z" finished-at="2016-10-31T16:47:23Z">
          <params>
            <param index="0">
              <value>
                <![CDATA[arrayList]]>
              </value>
            </param>
          </params>
          <reporter-output>
          </reporter-output>
        </test-method> <!-- initialize -->
        <test-method status="PASS" signature="testRemove_invalidIndex(int)[pri:0, instance:Test_A_addToFrontB_BA@7c16905e]" name="testRemove_invalidIndex" duration-ms="0" started-at="2016-10-31T16:47:23Z" data-provider="invalidIndexes" finished-at="2016-10-31T16:47:23Z">
          <params>
            <param index="0">
              <value>
                <![CDATA[2]]>
              </value>
            </param>
          </params>
          <exception class="java.lang.IndexOutOfBoundsException">
            <message>
              <![CDATA[IUArrayList - add(index)]]>
            </message>
            <full-stacktrace>
              <![CDATA[java.lang.IndexOutOfBoundsException: IUArrayList - add(index)
	at IUArrayList.remove(IUArrayList.java:243)
	at TestCase.remove(TestCase.java:181)
	at Test_A_addToFrontB_BA.testRemove_invalidIndex(Test_A_addToFrontB_BA.java:251)
	at sun.reflect.NativeMethodAccessorImpl.invoke0(Native Method)
	at sun.reflect.NativeMethodAccessorImpl.invoke(NativeMethodAccessorImpl.java:62)
	at sun.reflect.DelegatingMethodAccessorImpl.invoke(DelegatingMethodAccessorImpl.java:43)
	at java.lang.reflect.Method.invoke(Method.java:498)
	at org.testng.internal.MethodInvocationHelper.invokeMethod(MethodInvocationHelper.java:100)
	at org.testng.internal.Invoker.invokeMethod(Invoker.java:646)
	at org.testng.internal.Invoker.invokeTestMethod(Invoker.java:811)
	at org.testng.internal.Invoker.invokeTestMethods(Invoker.java:1137)
	at org.testng.internal.TestMethodWorker.invokeTestMethods(TestMethodWorker.java:129)
	at org.testng.internal.TestMethodWorker.run(TestMethodWorker.java:112)
	at org.testng.TestRunner.privateRun(TestRunner.java:753)
	at org.testng.TestRunner.run(TestRunner.java:607)
	at org.testng.SuiteRunner.runTest(SuiteRunner.java:368)
	at org.testng.SuiteRunner.runSequentially(SuiteRunner.java:363)
	at org.testng.SuiteRunner.privateRun(SuiteRunner.java:321)
	at org.testng.SuiteRunner.run(SuiteRunner.java:270)
	at org.testng.SuiteRunnerWorker.runSuite(SuiteRunnerWorker.java:52)
	at org.testng.SuiteRunnerWorker.run(SuiteRunnerWorker.java:86)
	at org.testng.TestNG.runSuitesSequentially(TestNG.java:1284)
	at org.testng.TestNG.runSuitesLocally(TestNG.java:1209)
	at org.testng.TestNG.runSuites(TestNG.java:1124)
	at org.testng.TestNG.run(TestNG.java:1096)
	at org.testng.remote.AbstractRemoteTestNG.run(AbstractRemoteTestNG.java:132)
	at org.testng.remote.RemoteTestNG.initAndRun(RemoteTestNG.java:236)
	at org.testng.remote.RemoteTestNG.main(RemoteTestNG.java:81)
]]>
            </full-stacktrace>
          </exception> <!-- java.lang.IndexOutOfBoundsException -->
          <reporter-output>
          </reporter-output>
        </test-method> <!-- testRemove_invalidIndex -->
        <test-method status="PASS" signature="initialize(java.lang.String)[pri:0, instance:Test_A_addToFrontB_BA@7c16905e]" name="initialize" is-config="true" duration-ms="0" started-at="2016-10-31T16:47:23Z" finished-at="2016-10-31T16:47:23Z">
          <params>
            <param index="0">
              <value>
                <![CDATA[arrayList]]>
              </value>
            </param>
          </params>
          <reporter-output>
          </reporter-output>
        </test-method> <!-- initialize -->
        <test-method status="PASS" signature="testRemove_validElement(java.lang.Integer)[pri:0, instance:Test_A_addToFrontB_BA@7c16905e]" name="testRemove_validElement" duration-ms="1" started-at="2016-10-31T16:47:23Z" data-provider="validElements" finished-at="2016-10-31T16:47:23Z">
          <params>
            <param index="0">
              <value>
                <![CDATA[2]]>
              </value>
            </param>
          </params>
          <reporter-output>
          </reporter-output>
        </test-method> <!-- testRemove_validElement -->
        <test-method status="PASS" signature="testRemove_validElement(java.lang.Integer)[pri:0, instance:Test_A_addToFrontB_BA@7c16905e]" name="testRemove_validElement" duration-ms="1" started-at="2016-10-31T16:47:23Z" data-provider="validElements" finished-at="2016-10-31T16:47:23Z">
          <params>
            <param index="0">
              <value>
                <![CDATA[1]]>
              </value>
            </param>
          </params>
          <reporter-output>
          </reporter-output>
        </test-method> <!-- testRemove_validElement -->
        <test-method status="PASS" signature="initialize(java.lang.String)[pri:0, instance:Test_A_addToFrontB_BA@7c16905e]" name="initialize" is-config="true" duration-ms="0" started-at="2016-10-31T16:47:23Z" finished-at="2016-10-31T16:47:23Z">
          <params>
            <param index="0">
              <value>
                <![CDATA[arrayList]]>
              </value>
            </param>
          </params>
          <reporter-output>
          </reporter-output>
        </test-method> <!-- initialize -->
        <test-method status="PASS" signature="testRemove_validIndex(int, java.lang.Integer)[pri:0, instance:Test_A_addToFrontB_BA@7c16905e]" name="testRemove_validIndex" duration-ms="0" started-at="2016-10-31T16:47:23Z" data-provider="indexedValidElements" finished-at="2016-10-31T16:47:23Z">
          <params>
            <param index="0">
              <value>
                <![CDATA[0]]>
              </value>
            </param>
            <param index="1">
              <value>
                <![CDATA[2]]>
              </value>
            </param>
          </params>
          <reporter-output>
          </reporter-output>
        </test-method> <!-- testRemove_validIndex -->
        <test-method status="PASS" signature="initialize(java.lang.String)[pri:0, instance:Test_A_addToFrontB_BA@7c16905e]" name="initialize" is-config="true" duration-ms="0" started-at="2016-10-31T16:47:23Z" finished-at="2016-10-31T16:47:23Z">
          <params>
            <param index="0">
              <value>
                <![CDATA[arrayList]]>
              </value>
            </param>
          </params>
          <reporter-output>
          </reporter-output>
        </test-method> <!-- initialize -->
        <test-method status="PASS" signature="initialize(java.lang.String)[pri:0, instance:Test_A_addToFrontB_BA@7c16905e]" name="initialize" is-config="true" duration-ms="2" started-at="2016-10-31T16:47:23Z" finished-at="2016-10-31T16:47:23Z">
          <params>
            <param index="0">
              <value>
                <![CDATA[arrayList]]>
              </value>
            </param>
          </params>
          <reporter-output>
          </reporter-output>
        </test-method> <!-- initialize -->
        <test-method status="PASS" signature="testRemove_validIndex(int, java.lang.Integer)[pri:0, instance:Test_A_addToFrontB_BA@7c16905e]" name="testRemove_validIndex" duration-ms="0" started-at="2016-10-31T16:47:23Z" data-provider="indexedValidElements" finished-at="2016-10-31T16:47:23Z">
          <params>
            <param index="0">
              <value>
                <![CDATA[1]]>
              </value>
            </param>
            <param index="1">
              <value>
                <![CDATA[1]]>
              </value>
            </param>
          </params>
          <reporter-output>
          </reporter-output>
        </test-method> <!-- testRemove_validIndex -->
        <test-method status="PASS" signature="testSet_invalidIndex(int)[pri:0, instance:Test_A_addToFrontB_BA@7c16905e]" name="testSet_invalidIndex" duration-ms="1" started-at="2016-10-31T16:47:23Z" data-provider="invalidIndexes" finished-at="2016-10-31T16:47:23Z">
          <params>
            <param index="0">
              <value>
                <![CDATA[-1]]>
              </value>
            </param>
          </params>
          <exception class="java.lang.IndexOutOfBoundsException">
            <message>
              <![CDATA[IUArrayList - set]]>
            </message>
            <full-stacktrace>
              <![CDATA[java.lang.IndexOutOfBoundsException: IUArrayList - set
	at IUArrayList.set(IUArrayList.java:83)
	at TestCase.set(TestCase.java:193)
	at Test_A_addToFrontB_BA.testSet_invalidIndex(Test_A_addToFrontB_BA.java:271)
	at sun.reflect.NativeMethodAccessorImpl.invoke0(Native Method)
	at sun.reflect.NativeMethodAccessorImpl.invoke(NativeMethodAccessorImpl.java:62)
	at sun.reflect.DelegatingMethodAccessorImpl.invoke(DelegatingMethodAccessorImpl.java:43)
	at java.lang.reflect.Method.invoke(Method.java:498)
	at org.testng.internal.MethodInvocationHelper.invokeMethod(MethodInvocationHelper.java:100)
	at org.testng.internal.Invoker.invokeMethod(Invoker.java:646)
	at org.testng.internal.Invoker.invokeTestMethod(Invoker.java:811)
	at org.testng.internal.Invoker.invokeTestMethods(Invoker.java:1137)
	at org.testng.internal.TestMethodWorker.invokeTestMethods(TestMethodWorker.java:129)
	at org.testng.internal.TestMethodWorker.run(TestMethodWorker.java:112)
	at org.testng.TestRunner.privateRun(TestRunner.java:753)
	at org.testng.TestRunner.run(TestRunner.java:607)
	at org.testng.SuiteRunner.runTest(SuiteRunner.java:368)
	at org.testng.SuiteRunner.runSequentially(SuiteRunner.java:363)
	at org.testng.SuiteRunner.privateRun(SuiteRunner.java:321)
	at org.testng.SuiteRunner.run(SuiteRunner.java:270)
	at org.testng.SuiteRunnerWorker.runSuite(SuiteRunnerWorker.java:52)
	at org.testng.SuiteRunnerWorker.run(SuiteRunnerWorker.java:86)
	at org.testng.TestNG.runSuitesSequentially(TestNG.java:1284)
	at org.testng.TestNG.runSuitesLocally(TestNG.java:1209)
	at org.testng.TestNG.runSuites(TestNG.java:1124)
	at org.testng.TestNG.run(TestNG.java:1096)
	at org.testng.remote.AbstractRemoteTestNG.run(AbstractRemoteTestNG.java:132)
	at org.testng.remote.RemoteTestNG.initAndRun(RemoteTestNG.java:236)
	at org.testng.remote.RemoteTestNG.main(RemoteTestNG.java:81)
]]>
            </full-stacktrace>
          </exception> <!-- java.lang.IndexOutOfBoundsException -->
          <reporter-output>
          </reporter-output>
        </test-method> <!-- testSet_invalidIndex -->
        <test-method status="PASS" signature="initialize(java.lang.String)[pri:0, instance:Test_A_addToFrontB_BA@7c16905e]" name="initialize" is-config="true" duration-ms="0" started-at="2016-10-31T16:47:23Z" finished-at="2016-10-31T16:47:23Z">
          <params>
            <param index="0">
              <value>
                <![CDATA[arrayList]]>
              </value>
            </param>
          </params>
          <reporter-output>
          </reporter-output>
        </test-method> <!-- initialize -->
        <test-method status="PASS" signature="initialize(java.lang.String)[pri:0, instance:Test_A_addToFrontB_BA@7c16905e]" name="initialize" is-config="true" duration-ms="1" started-at="2016-10-31T16:47:23Z" finished-at="2016-10-31T16:47:23Z">
          <params>
            <param index="0">
              <value>
                <![CDATA[arrayList]]>
              </value>
            </param>
          </params>
          <reporter-output>
          </reporter-output>
        </test-method> <!-- initialize -->
        <test-method status="PASS" signature="testSet_invalidIndex(int)[pri:0, instance:Test_A_addToFrontB_BA@7c16905e]" name="testSet_invalidIndex" duration-ms="0" started-at="2016-10-31T16:47:23Z" data-provider="invalidIndexes" finished-at="2016-10-31T16:47:23Z">
          <params>
            <param index="0">
              <value>
                <![CDATA[2]]>
              </value>
            </param>
          </params>
          <exception class="java.lang.IndexOutOfBoundsException">
            <message>
              <![CDATA[IUArrayList - set]]>
            </message>
            <full-stacktrace>
              <![CDATA[java.lang.IndexOutOfBoundsException: IUArrayList - set
	at IUArrayList.set(IUArrayList.java:83)
	at TestCase.set(TestCase.java:193)
	at Test_A_addToFrontB_BA.testSet_invalidIndex(Test_A_addToFrontB_BA.java:271)
	at sun.reflect.NativeMethodAccessorImpl.invoke0(Native Method)
	at sun.reflect.NativeMethodAccessorImpl.invoke(NativeMethodAccessorImpl.java:62)
	at sun.reflect.DelegatingMethodAccessorImpl.invoke(DelegatingMethodAccessorImpl.java:43)
	at java.lang.reflect.Method.invoke(Method.java:498)
	at org.testng.internal.MethodInvocationHelper.invokeMethod(MethodInvocationHelper.java:100)
	at org.testng.internal.Invoker.invokeMethod(Invoker.java:646)
	at org.testng.internal.Invoker.invokeTestMethod(Invoker.java:811)
	at org.testng.internal.Invoker.invokeTestMethods(Invoker.java:1137)
	at org.testng.internal.TestMethodWorker.invokeTestMethods(TestMethodWorker.java:129)
	at org.testng.internal.TestMethodWorker.run(TestMethodWorker.java:112)
	at org.testng.TestRunner.privateRun(TestRunner.java:753)
	at org.testng.TestRunner.run(TestRunner.java:607)
	at org.testng.SuiteRunner.runTest(SuiteRunner.java:368)
	at org.testng.SuiteRunner.runSequentially(SuiteRunner.java:363)
	at org.testng.SuiteRunner.privateRun(SuiteRunner.java:321)
	at org.testng.SuiteRunner.run(SuiteRunner.java:270)
	at org.testng.SuiteRunnerWorker.runSuite(SuiteRunnerWorker.java:52)
	at org.testng.SuiteRunnerWorker.run(SuiteRunnerWorker.java:86)
	at org.testng.TestNG.runSuitesSequentially(TestNG.java:1284)
	at org.testng.TestNG.runSuitesLocally(TestNG.java:1209)
	at org.testng.TestNG.runSuites(TestNG.java:1124)
	at org.testng.TestNG.run(TestNG.java:1096)
	at org.testng.remote.AbstractRemoteTestNG.run(AbstractRemoteTestNG.java:132)
	at org.testng.remote.RemoteTestNG.initAndRun(RemoteTestNG.java:236)
	at org.testng.remote.RemoteTestNG.main(RemoteTestNG.java:81)
]]>
            </full-stacktrace>
          </exception> <!-- java.lang.IndexOutOfBoundsException -->
          <reporter-output>
          </reporter-output>
        </test-method> <!-- testSet_invalidIndex -->
        <test-method status="PASS" signature="initialize(java.lang.String)[pri:0, instance:Test_A_addToFrontB_BA@7c16905e]" name="initialize" is-config="true" duration-ms="0" started-at="2016-10-31T16:47:23Z" finished-at="2016-10-31T16:47:23Z">
          <params>
            <param index="0">
              <value>
                <![CDATA[arrayList]]>
              </value>
            </param>
          </params>
          <reporter-output>
          </reporter-output>
        </test-method> <!-- initialize -->
        <test-method status="PASS" signature="testSet_validIndex(int)[pri:0, instance:Test_A_addToFrontB_BA@7c16905e]" name="testSet_validIndex" duration-ms="0" started-at="2016-10-31T16:47:23Z" data-provider="validIndexes" finished-at="2016-10-31T16:47:23Z">
          <params>
            <param index="0">
              <value>
                <![CDATA[0]]>
              </value>
            </param>
          </params>
          <reporter-output>
          </reporter-output>
        </test-method> <!-- testSet_validIndex -->
        <test-method status="PASS" signature="initialize(java.lang.String)[pri:0, instance:Test_A_addToFrontB_BA@7c16905e]" name="initialize" is-config="true" duration-ms="0" started-at="2016-10-31T16:47:23Z" finished-at="2016-10-31T16:47:23Z">
          <params>
            <param index="0">
              <value>
                <![CDATA[arrayList]]>
              </value>
            </param>
          </params>
          <reporter-output>
          </reporter-output>
        </test-method> <!-- initialize -->
        <test-method status="PASS" signature="testSet_validIndex(int)[pri:0, instance:Test_A_addToFrontB_BA@7c16905e]" name="testSet_validIndex" duration-ms="0" started-at="2016-10-31T16:47:23Z" data-provider="validIndexes" finished-at="2016-10-31T16:47:23Z">
          <params>
            <param index="0">
              <value>
                <![CDATA[1]]>
              </value>
            </param>
          </params>
          <reporter-output>
          </reporter-output>
        </test-method> <!-- testSet_validIndex -->
        <test-method status="PASS" signature="initialize(java.lang.String)[pri:0, instance:Test_A_addToFrontB_BA@7c16905e]" name="initialize" is-config="true" duration-ms="1" started-at="2016-10-31T16:47:23Z" finished-at="2016-10-31T16:47:23Z">
          <params>
            <param index="0">
              <value>
                <![CDATA[arrayList]]>
              </value>
            </param>
          </params>
          <reporter-output>
          </reporter-output>
        </test-method> <!-- initialize -->
        <test-method status="PASS" signature="testSize()[pri:0, instance:Test_A_addToFrontB_BA@7c16905e]" name="testSize" duration-ms="0" started-at="2016-10-31T16:47:23Z" finished-at="2016-10-31T16:47:23Z">
          <reporter-output>
          </reporter-output>
        </test-method> <!-- testSize -->
      </class> <!-- Test_A_addToFrontB_BA -->
      <class name="Test_A_remove0_emptyList">
        <test-method status="PASS" signature="initialize(java.lang.String)[pri:0, instance:Test_A_remove0_emptyList@2a5ca609]" name="initialize" is-config="true" duration-ms="4" started-at="2016-10-31T16:47:23Z" finished-at="2016-10-31T16:47:23Z">
          <params>
            <param index="0">
              <value>
                <![CDATA[arrayList]]>
              </value>
            </param>
          </params>
          <reporter-output>
          </reporter-output>
        </test-method> <!-- initialize -->
        <test-method status="PASS" signature="testAdd()[pri:0, instance:Test_A_remove0_emptyList@2a5ca609]" name="testAdd" duration-ms="1" started-at="2016-10-31T16:47:23Z" finished-at="2016-10-31T16:47:23Z">
          <reporter-output>
          </reporter-output>
        </test-method> <!-- testAdd -->
        <test-method status="PASS" signature="initialize(java.lang.String)[pri:0, instance:Test_A_remove0_emptyList@2a5ca609]" name="initialize" is-config="true" duration-ms="5" started-at="2016-10-31T16:47:23Z" finished-at="2016-10-31T16:47:23Z">
          <params>
            <param index="0">
              <value>
                <![CDATA[arrayList]]>
              </value>
            </param>
          </params>
          <reporter-output>
          </reporter-output>
        </test-method> <!-- initialize -->
        <test-method status="PASS" signature="testAddAfter_invalidElement()[pri:0, instance:Test_A_remove0_emptyList@2a5ca609]" name="testAddAfter_invalidElement" duration-ms="0" started-at="2016-10-31T16:47:23Z" finished-at="2016-10-31T16:47:23Z">
          <exception class="java.util.NoSuchElementException">
            <message>
              <![CDATA[IUArrayList - addAfter(T element, T target)]]>
            </message>
            <full-stacktrace>
              <![CDATA[java.util.NoSuchElementException: IUArrayList - addAfter(T element, T target)
	at IUArrayList.addAfter(IUArrayList.java:224)
	at TestCase.addAfter(TestCase.java:259)
	at Test_A_remove0_emptyList.testAddAfter_invalidElement(Test_A_remove0_emptyList.java:176)
	at sun.reflect.NativeMethodAccessorImpl.invoke0(Native Method)
	at sun.reflect.NativeMethodAccessorImpl.invoke(NativeMethodAccessorImpl.java:62)
	at sun.reflect.DelegatingMethodAccessorImpl.invoke(DelegatingMethodAccessorImpl.java:43)
	at java.lang.reflect.Method.invoke(Method.java:498)
	at org.testng.internal.MethodInvocationHelper.invokeMethod(MethodInvocationHelper.java:100)
	at org.testng.internal.Invoker.invokeMethod(Invoker.java:646)
	at org.testng.internal.Invoker.invokeTestMethod(Invoker.java:811)
	at org.testng.internal.Invoker.invokeTestMethods(Invoker.java:1137)
	at org.testng.internal.TestMethodWorker.invokeTestMethods(TestMethodWorker.java:129)
	at org.testng.internal.TestMethodWorker.run(TestMethodWorker.java:112)
	at org.testng.TestRunner.privateRun(TestRunner.java:753)
	at org.testng.TestRunner.run(TestRunner.java:607)
	at org.testng.SuiteRunner.runTest(SuiteRunner.java:368)
	at org.testng.SuiteRunner.runSequentially(SuiteRunner.java:363)
	at org.testng.SuiteRunner.privateRun(SuiteRunner.java:321)
	at org.testng.SuiteRunner.run(SuiteRunner.java:270)
	at org.testng.SuiteRunnerWorker.runSuite(SuiteRunnerWorker.java:52)
	at org.testng.SuiteRunnerWorker.run(SuiteRunnerWorker.java:86)
	at org.testng.TestNG.runSuitesSequentially(TestNG.java:1284)
	at org.testng.TestNG.runSuitesLocally(TestNG.java:1209)
	at org.testng.TestNG.runSuites(TestNG.java:1124)
	at org.testng.TestNG.run(TestNG.java:1096)
	at org.testng.remote.AbstractRemoteTestNG.run(AbstractRemoteTestNG.java:132)
	at org.testng.remote.RemoteTestNG.initAndRun(RemoteTestNG.java:236)
	at org.testng.remote.RemoteTestNG.main(RemoteTestNG.java:81)
]]>
            </full-stacktrace>
          </exception> <!-- java.util.NoSuchElementException -->
          <reporter-output>
          </reporter-output>
        </test-method> <!-- testAddAfter_invalidElement -->
        <test-method status="PASS" signature="testAddToFront()[pri:0, instance:Test_A_remove0_emptyList@2a5ca609]" name="testAddToFront" duration-ms="0" started-at="2016-10-31T16:47:23Z" finished-at="2016-10-31T16:47:23Z">
          <reporter-output>
          </reporter-output>
        </test-method> <!-- testAddToFront -->
        <test-method status="PASS" signature="initialize(java.lang.String)[pri:0, instance:Test_A_remove0_emptyList@2a5ca609]" name="initialize" is-config="true" duration-ms="0" started-at="2016-10-31T16:47:23Z" finished-at="2016-10-31T16:47:23Z">
          <params>
            <param index="0">
              <value>
                <![CDATA[arrayList]]>
              </value>
            </param>
          </params>
          <reporter-output>
          </reporter-output>
        </test-method> <!-- initialize -->
        <test-method status="PASS" signature="initialize(java.lang.String)[pri:0, instance:Test_A_remove0_emptyList@2a5ca609]" name="initialize" is-config="true" duration-ms="0" started-at="2016-10-31T16:47:23Z" finished-at="2016-10-31T16:47:23Z">
          <params>
            <param index="0">
              <value>
                <![CDATA[arrayList]]>
              </value>
            </param>
          </params>
          <reporter-output>
          </reporter-output>
        </test-method> <!-- initialize -->
        <test-method status="PASS" signature="testAddToRear()[pri:0, instance:Test_A_remove0_emptyList@2a5ca609]" name="testAddToRear" duration-ms="0" started-at="2016-10-31T16:47:23Z" finished-at="2016-10-31T16:47:23Z">
          <reporter-output>
          </reporter-output>
        </test-method> <!-- testAddToRear -->
        <test-method status="PASS" signature="initialize(java.lang.String)[pri:0, instance:Test_A_remove0_emptyList@2a5ca609]" name="initialize" is-config="true" duration-ms="0" started-at="2016-10-31T16:47:23Z" finished-at="2016-10-31T16:47:23Z">
          <params>
            <param index="0">
              <value>
                <![CDATA[arrayList]]>
              </value>
            </param>
          </params>
          <reporter-output>
          </reporter-output>
        </test-method> <!-- initialize -->
        <test-method status="PASS" signature="testAdd_invalidIndex(int)[pri:0, instance:Test_A_remove0_emptyList@2a5ca609]" name="testAdd_invalidIndex" duration-ms="1" started-at="2016-10-31T16:47:23Z" data-provider="invalidAddIndexes" finished-at="2016-10-31T16:47:23Z">
          <params>
            <param index="0">
              <value>
                <![CDATA[-1]]>
              </value>
            </param>
          </params>
          <exception class="java.lang.IndexOutOfBoundsException">
            <message>
              <![CDATA[IUArrayList - add(index)]]>
            </message>
            <full-stacktrace>
              <![CDATA[java.lang.IndexOutOfBoundsException: IUArrayList - add(index)
	at IUArrayList.add(IUArrayList.java:139)
	at TestCase.add(TestCase.java:170)
	at Test_A_remove0_emptyList.testAdd_invalidIndex(Test_A_remove0_emptyList.java:196)
	at sun.reflect.NativeMethodAccessorImpl.invoke0(Native Method)
	at sun.reflect.NativeMethodAccessorImpl.invoke(NativeMethodAccessorImpl.java:62)
	at sun.reflect.DelegatingMethodAccessorImpl.invoke(DelegatingMethodAccessorImpl.java:43)
	at java.lang.reflect.Method.invoke(Method.java:498)
	at org.testng.internal.MethodInvocationHelper.invokeMethod(MethodInvocationHelper.java:100)
	at org.testng.internal.Invoker.invokeMethod(Invoker.java:646)
	at org.testng.internal.Invoker.invokeTestMethod(Invoker.java:811)
	at org.testng.internal.Invoker.invokeTestMethods(Invoker.java:1137)
	at org.testng.internal.TestMethodWorker.invokeTestMethods(TestMethodWorker.java:129)
	at org.testng.internal.TestMethodWorker.run(TestMethodWorker.java:112)
	at org.testng.TestRunner.privateRun(TestRunner.java:753)
	at org.testng.TestRunner.run(TestRunner.java:607)
	at org.testng.SuiteRunner.runTest(SuiteRunner.java:368)
	at org.testng.SuiteRunner.runSequentially(SuiteRunner.java:363)
	at org.testng.SuiteRunner.privateRun(SuiteRunner.java:321)
	at org.testng.SuiteRunner.run(SuiteRunner.java:270)
	at org.testng.SuiteRunnerWorker.runSuite(SuiteRunnerWorker.java:52)
	at org.testng.SuiteRunnerWorker.run(SuiteRunnerWorker.java:86)
	at org.testng.TestNG.runSuitesSequentially(TestNG.java:1284)
	at org.testng.TestNG.runSuitesLocally(TestNG.java:1209)
	at org.testng.TestNG.runSuites(TestNG.java:1124)
	at org.testng.TestNG.run(TestNG.java:1096)
	at org.testng.remote.AbstractRemoteTestNG.run(AbstractRemoteTestNG.java:132)
	at org.testng.remote.RemoteTestNG.initAndRun(RemoteTestNG.java:236)
	at org.testng.remote.RemoteTestNG.main(RemoteTestNG.java:81)
]]>
            </full-stacktrace>
          </exception> <!-- java.lang.IndexOutOfBoundsException -->
          <reporter-output>
          </reporter-output>
        </test-method> <!-- testAdd_invalidIndex -->
        <test-method status="PASS" signature="initialize(java.lang.String)[pri:0, instance:Test_A_remove0_emptyList@2a5ca609]" name="initialize" is-config="true" duration-ms="1" started-at="2016-10-31T16:47:23Z" finished-at="2016-10-31T16:47:23Z">
          <params>
            <param index="0">
              <value>
                <![CDATA[arrayList]]>
              </value>
            </param>
          </params>
          <reporter-output>
          </reporter-output>
        </test-method> <!-- initialize -->
        <test-method status="PASS" signature="testAdd_invalidIndex(int)[pri:0, instance:Test_A_remove0_emptyList@2a5ca609]" name="testAdd_invalidIndex" duration-ms="0" started-at="2016-10-31T16:47:23Z" data-provider="invalidAddIndexes" finished-at="2016-10-31T16:47:23Z">
          <params>
            <param index="0">
              <value>
                <![CDATA[1]]>
              </value>
            </param>
          </params>
          <exception class="java.lang.IndexOutOfBoundsException">
            <message>
              <![CDATA[IUArrayList - add(index)]]>
            </message>
            <full-stacktrace>
              <![CDATA[java.lang.IndexOutOfBoundsException: IUArrayList - add(index)
	at IUArrayList.add(IUArrayList.java:139)
	at TestCase.add(TestCase.java:170)
	at Test_A_remove0_emptyList.testAdd_invalidIndex(Test_A_remove0_emptyList.java:196)
	at sun.reflect.NativeMethodAccessorImpl.invoke0(Native Method)
	at sun.reflect.NativeMethodAccessorImpl.invoke(NativeMethodAccessorImpl.java:62)
	at sun.reflect.DelegatingMethodAccessorImpl.invoke(DelegatingMethodAccessorImpl.java:43)
	at java.lang.reflect.Method.invoke(Method.java:498)
	at org.testng.internal.MethodInvocationHelper.invokeMethod(MethodInvocationHelper.java:100)
	at org.testng.internal.Invoker.invokeMethod(Invoker.java:646)
	at org.testng.internal.Invoker.invokeTestMethod(Invoker.java:811)
	at org.testng.internal.Invoker.invokeTestMethods(Invoker.java:1137)
	at org.testng.internal.TestMethodWorker.invokeTestMethods(TestMethodWorker.java:129)
	at org.testng.internal.TestMethodWorker.run(TestMethodWorker.java:112)
	at org.testng.TestRunner.privateRun(TestRunner.java:753)
	at org.testng.TestRunner.run(TestRunner.java:607)
	at org.testng.SuiteRunner.runTest(SuiteRunner.java:368)
	at org.testng.SuiteRunner.runSequentially(SuiteRunner.java:363)
	at org.testng.SuiteRunner.privateRun(SuiteRunner.java:321)
	at org.testng.SuiteRunner.run(SuiteRunner.java:270)
	at org.testng.SuiteRunnerWorker.runSuite(SuiteRunnerWorker.java:52)
	at org.testng.SuiteRunnerWorker.run(SuiteRunnerWorker.java:86)
	at org.testng.TestNG.runSuitesSequentially(TestNG.java:1284)
	at org.testng.TestNG.runSuitesLocally(TestNG.java:1209)
	at org.testng.TestNG.runSuites(TestNG.java:1124)
	at org.testng.TestNG.run(TestNG.java:1096)
	at org.testng.remote.AbstractRemoteTestNG.run(AbstractRemoteTestNG.java:132)
	at org.testng.remote.RemoteTestNG.initAndRun(RemoteTestNG.java:236)
	at org.testng.remote.RemoteTestNG.main(RemoteTestNG.java:81)
]]>
            </full-stacktrace>
          </exception> <!-- java.lang.IndexOutOfBoundsException -->
          <reporter-output>
          </reporter-output>
        </test-method> <!-- testAdd_invalidIndex -->
        <test-method status="PASS" signature="initialize(java.lang.String)[pri:0, instance:Test_A_remove0_emptyList@2a5ca609]" name="initialize" is-config="true" duration-ms="0" started-at="2016-10-31T16:47:23Z" finished-at="2016-10-31T16:47:23Z">
          <params>
            <param index="0">
              <value>
                <![CDATA[arrayList]]>
              </value>
            </param>
          </params>
          <reporter-output>
          </reporter-output>
        </test-method> <!-- initialize -->
        <test-method status="PASS" signature="testAdd_validIndex()[pri:0, instance:Test_A_remove0_emptyList@2a5ca609]" name="testAdd_validIndex" duration-ms="1" started-at="2016-10-31T16:47:23Z" finished-at="2016-10-31T16:47:23Z">
          <reporter-output>
          </reporter-output>
        </test-method> <!-- testAdd_validIndex -->
        <test-method status="PASS" signature="initialize(java.lang.String)[pri:0, instance:Test_A_remove0_emptyList@2a5ca609]" name="initialize" is-config="true" duration-ms="0" started-at="2016-10-31T16:47:23Z" finished-at="2016-10-31T16:47:23Z">
          <params>
            <param index="0">
              <value>
                <![CDATA[arrayList]]>
              </value>
            </param>
          </params>
          <reporter-output>
          </reporter-output>
        </test-method> <!-- initialize -->
        <test-method status="PASS" signature="testContains_invalidElement()[pri:0, instance:Test_A_remove0_emptyList@2a5ca609]" name="testContains_invalidElement" duration-ms="1" started-at="2016-10-31T16:47:23Z" finished-at="2016-10-31T16:47:23Z">
          <reporter-output>
          </reporter-output>
        </test-method> <!-- testContains_invalidElement -->
        <test-method status="PASS" signature="testFirst()[pri:0, instance:Test_A_remove0_emptyList@2a5ca609]" name="testFirst" duration-ms="1" started-at="2016-10-31T16:47:23Z" finished-at="2016-10-31T16:47:23Z">
          <exception class="java.lang.IllegalStateException">
            <message>
              <![CDATA[IUArrayList - first]]>
            </message>
            <full-stacktrace>
              <![CDATA[java.lang.IllegalStateException: IUArrayList - first
	at IUArrayList.first(IUArrayList.java:32)
	at TestCase.first(TestCase.java:103)
	at Test_A_remove0_emptyList.testFirst(Test_A_remove0_emptyList.java:96)
	at sun.reflect.NativeMethodAccessorImpl.invoke0(Native Method)
	at sun.reflect.NativeMethodAccessorImpl.invoke(NativeMethodAccessorImpl.java:62)
	at sun.reflect.DelegatingMethodAccessorImpl.invoke(DelegatingMethodAccessorImpl.java:43)
	at java.lang.reflect.Method.invoke(Method.java:498)
	at org.testng.internal.MethodInvocationHelper.invokeMethod(MethodInvocationHelper.java:100)
	at org.testng.internal.Invoker.invokeMethod(Invoker.java:646)
	at org.testng.internal.Invoker.invokeTestMethod(Invoker.java:811)
	at org.testng.internal.Invoker.invokeTestMethods(Invoker.java:1137)
	at org.testng.internal.TestMethodWorker.invokeTestMethods(TestMethodWorker.java:129)
	at org.testng.internal.TestMethodWorker.run(TestMethodWorker.java:112)
	at org.testng.TestRunner.privateRun(TestRunner.java:753)
	at org.testng.TestRunner.run(TestRunner.java:607)
	at org.testng.SuiteRunner.runTest(SuiteRunner.java:368)
	at org.testng.SuiteRunner.runSequentially(SuiteRunner.java:363)
	at org.testng.SuiteRunner.privateRun(SuiteRunner.java:321)
	at org.testng.SuiteRunner.run(SuiteRunner.java:270)
	at org.testng.SuiteRunnerWorker.runSuite(SuiteRunnerWorker.java:52)
	at org.testng.SuiteRunnerWorker.run(SuiteRunnerWorker.java:86)
	at org.testng.TestNG.runSuitesSequentially(TestNG.java:1284)
	at org.testng.TestNG.runSuitesLocally(TestNG.java:1209)
	at org.testng.TestNG.runSuites(TestNG.java:1124)
	at org.testng.TestNG.run(TestNG.java:1096)
	at org.testng.remote.AbstractRemoteTestNG.run(AbstractRemoteTestNG.java:132)
	at org.testng.remote.RemoteTestNG.initAndRun(RemoteTestNG.java:236)
	at org.testng.remote.RemoteTestNG.main(RemoteTestNG.java:81)
]]>
            </full-stacktrace>
          </exception> <!-- java.lang.IllegalStateException -->
          <reporter-output>
          </reporter-output>
        </test-method> <!-- testFirst -->
        <test-method status="PASS" signature="initialize(java.lang.String)[pri:0, instance:Test_A_remove0_emptyList@2a5ca609]" name="initialize" is-config="true" duration-ms="0" started-at="2016-10-31T16:47:23Z" finished-at="2016-10-31T16:47:23Z">
          <params>
            <param index="0">
              <value>
                <![CDATA[arrayList]]>
              </value>
            </param>
          </params>
          <reporter-output>
          </reporter-output>
        </test-method> <!-- initialize -->
        <test-method status="PASS" signature="initialize(java.lang.String)[pri:0, instance:Test_A_remove0_emptyList@2a5ca609]" name="initialize" is-config="true" duration-ms="5" started-at="2016-10-31T16:47:23Z" finished-at="2016-10-31T16:47:23Z">
          <params>
            <param index="0">
              <value>
                <![CDATA[arrayList]]>
              </value>
            </param>
          </params>
          <reporter-output>
          </reporter-output>
        </test-method> <!-- initialize -->
        <test-method status="PASS" signature="testGet()[pri:0, instance:Test_A_remove0_emptyList@2a5ca609]" name="testGet" duration-ms="1" started-at="2016-10-31T16:47:23Z" finished-at="2016-10-31T16:47:23Z">
          <exception class="java.lang.IndexOutOfBoundsException">
            <message>
              <![CDATA[IUArrayList - get]]>
            </message>
            <full-stacktrace>
              <![CDATA[java.lang.IndexOutOfBoundsException: IUArrayList - get
	at IUArrayList.get(IUArrayList.java:98)
	at TestCase.get(TestCase.java:214)
	at Test_A_remove0_emptyList.testGet(Test_A_remove0_emptyList.java:238)
	at sun.reflect.NativeMethodAccessorImpl.invoke0(Native Method)
	at sun.reflect.NativeMethodAccessorImpl.invoke(NativeMethodAccessorImpl.java:62)
	at sun.reflect.DelegatingMethodAccessorImpl.invoke(DelegatingMethodAccessorImpl.java:43)
	at java.lang.reflect.Method.invoke(Method.java:498)
[...]
          <params>
            <param index="0">
              <value>
                <![CDATA[arrayList]]>
              </value>
            </param>
          </params>
          <reporter-output>
          </reporter-output>
        </test-method> <!-- initialize -->
        <test-method status="PASS" signature="initialize(java.lang.String)[pri:0, instance:Test_newList@4520ebad]" name="initialize" is-config="true" duration-ms="1" started-at="2016-10-31T16:47:22Z" finished-at="2016-10-31T16:47:22Z">
          <params>
            <param index="0">
              <value>
                <![CDATA[arrayList]]>
              </value>
            </param>
          </params>
          <reporter-output>
          </reporter-output>
        </test-method> <!-- initialize -->
        <test-method status="PASS" signature="testIterator()[pri:0, instance:Test_newList@4520ebad]" name="testIterator" duration-ms="1" started-at="2016-10-31T16:47:22Z" finished-at="2016-10-31T16:47:22Z">
          <reporter-output>
          </reporter-output>
        </test-method> <!-- testIterator -->
        <test-method status="PASS" signature="initialize(java.lang.String)[pri:0, instance:Test_newList@4520ebad]" name="initialize" is-config="true" duration-ms="0" started-at="2016-10-31T16:47:22Z" finished-at="2016-10-31T16:47:22Z">
          <params>
            <param index="0">
              <value>
                <![CDATA[arrayList]]>
              </value>
            </param>
          </params>
          <reporter-output>
          </reporter-output>
        </test-method> <!-- initialize -->
        <test-method status="PASS" signature="testLast()[pri:0, instance:Test_newList@4520ebad]" name="testLast" duration-ms="1" started-at="2016-10-31T16:47:22Z" finished-at="2016-10-31T16:47:22Z">
          <exception class="java.lang.IllegalStateException">
            <message>
              <![CDATA[IUArrayList - first]]>
            </message>
            <full-stacktrace>
              <![CDATA[java.lang.IllegalStateException: IUArrayList - first
	at IUArrayList.last(IUArrayList.java:41)
	at TestCase.last(TestCase.java:114)
	at Test_newList.testLast(Test_newList.java:102)
	at sun.reflect.NativeMethodAccessorImpl.invoke0(Native Method)
	at sun.reflect.NativeMethodAccessorImpl.invoke(NativeMethodAccessorImpl.java:62)
	at sun.reflect.DelegatingMethodAccessorImpl.invoke(DelegatingMethodAccessorImpl.java:43)
	at java.lang.reflect.Method.invoke(Method.java:498)
	at org.testng.internal.MethodInvocationHelper.invokeMethod(MethodInvocationHelper.java:100)
	at org.testng.internal.Invoker.invokeMethod(Invoker.java:646)
	at org.testng.internal.Invoker.invokeTestMethod(Invoker.java:811)
	at org.testng.internal.Invoker.invokeTestMethods(Invoker.java:1137)
	at org.testng.internal.TestMethodWorker.invokeTestMethods(TestMethodWorker.java:129)
	at org.testng.internal.TestMethodWorker.run(TestMethodWorker.java:112)
	at org.testng.TestRunner.privateRun(TestRunner.java:753)
	at org.testng.TestRunner.run(TestRunner.java:607)
	at org.testng.SuiteRunner.runTest(SuiteRunner.java:368)
	at org.testng.SuiteRunner.runSequentially(SuiteRunner.java:363)
	at org.testng.SuiteRunner.privateRun(SuiteRunner.java:321)
	at org.testng.SuiteRunner.run(SuiteRunner.java:270)
	at org.testng.SuiteRunnerWorker.runSuite(SuiteRunnerWorker.java:52)
	at org.testng.SuiteRunnerWorker.run(SuiteRunnerWorker.java:86)
	at org.testng.TestNG.runSuitesSequentially(TestNG.java:1284)
	at org.testng.TestNG.runSuitesLocally(TestNG.java:1209)
	at org.testng.TestNG.runSuites(TestNG.java:1124)
	at org.testng.TestNG.run(TestNG.java:1096)
	at org.testng.remote.AbstractRemoteTestNG.run(AbstractRemoteTestNG.java:132)
	at org.testng.remote.RemoteTestNG.initAndRun(RemoteTestNG.java:236)
	at org.testng.remote.RemoteTestNG.main(RemoteTestNG.java:81)
]]>
            </full-stacktrace>
          </exception> <!-- java.lang.IllegalStateException -->
          <reporter-output>
          </reporter-output>
        </test-method> <!-- testLast -->
        <test-method status="PASS" signature="testRemoveFirst()[pri:0, instance:Test_newList@4520ebad]" name="testRemoveFirst" duration-ms="1" started-at="2016-10-31T16:47:22Z" finished-at="2016-10-31T16:47:22Z">
          <exception class="java.lang.IllegalStateException">
            <message>
              <![CDATA[IUArrayList - removeFirst]]>
            </message>
            <full-stacktrace>
              <![CDATA[java.lang.IllegalStateException: IUArrayList - removeFirst
	at IUArrayList.removeFirst(IUArrayList.java:294)
	at TestCase.removeFirst(TestCase.java:70)
	at Test_newList.testRemoveFirst(Test_newList.java:62)
	at sun.reflect.NativeMethodAccessorImpl.invoke0(Native Method)
	at sun.reflect.NativeMethodAccessorImpl.invoke(NativeMethodAccessorImpl.java:62)
	at sun.reflect.DelegatingMethodAccessorImpl.invoke(DelegatingMethodAccessorImpl.java:43)
	at java.lang.reflect.Method.invoke(Method.java:498)
	at org.testng.internal.MethodInvocationHelper.invokeMethod(MethodInvocationHelper.java:100)
	at org.testng.internal.Invoker.invokeMethod(Invoker.java:646)
	at org.testng.internal.Invoker.invokeTestMethod(Invoker.java:811)
	at org.testng.internal.Invoker.invokeTestMethods(Invoker.java:1137)
	at org.testng.internal.TestMethodWorker.invokeTestMethods(TestMethodWorker.java:129)
	at org.testng.internal.TestMethodWorker.run(TestMethodWorker.java:112)
	at org.testng.TestRunner.privateRun(TestRunner.java:753)
	at org.testng.TestRunner.run(TestRunner.java:607)
	at org.testng.SuiteRunner.runTest(SuiteRunner.java:368)
	at org.testng.SuiteRunner.runSequentially(SuiteRunner.java:363)
	at org.testng.SuiteRunner.privateRun(SuiteRunner.java:321)
	at org.testng.SuiteRunner.run(SuiteRunner.java:270)
	at org.testng.SuiteRunnerWorker.runSuite(SuiteRunnerWorker.java:52)
	at org.testng.SuiteRunnerWorker.run(SuiteRunnerWorker.java:86)
	at org.testng.TestNG.runSuitesSequentially(TestNG.java:1284)
	at org.testng.TestNG.runSuitesLocally(TestNG.java:1209)
	at org.testng.TestNG.runSuites(TestNG.java:1124)
	at org.testng.TestNG.run(TestNG.java:1096)
	at org.testng.remote.AbstractRemoteTestNG.run(AbstractRemoteTestNG.java:132)
	at org.testng.remote.RemoteTestNG.initAndRun(RemoteTestNG.java:236)
	at org.testng.remote.RemoteTestNG.main(RemoteTestNG.java:81)
]]>
            </full-stacktrace>
          </exception> <!-- java.lang.IllegalStateException -->
          <reporter-output>
          </reporter-output>
        </test-method> <!-- testRemoveFirst -->
        <test-method status="PASS" signature="initialize(java.lang.String)[pri:0, instance:Test_newList@4520ebad]" name="initialize" is-config="true" duration-ms="0" started-at="2016-10-31T16:47:22Z" finished-at="2016-10-31T16:47:22Z">
          <params>
            <param index="0">
              <value>
                <![CDATA[arrayList]]>
              </value>
            </param>
          </params>
          <reporter-output>
          </reporter-output>
        </test-method> <!-- initialize -->
        <test-method status="PASS" signature="initialize(java.lang.String)[pri:0, instance:Test_newList@4520ebad]" name="initialize" is-config="true" duration-ms="1" started-at="2016-10-31T16:47:22Z" finished-at="2016-10-31T16:47:22Z">
          <params>
            <param index="0">
              <value>
                <![CDATA[arrayList]]>
              </value>
            </param>
          </params>
          <reporter-output>
          </reporter-output>
        </test-method> <!-- initialize -->
        <test-method status="PASS" signature="testRemoveLast()[pri:0, instance:Test_newList@4520ebad]" name="testRemoveLast" duration-ms="1" started-at="2016-10-31T16:47:22Z" finished-at="2016-10-31T16:47:22Z">
          <exception class="java.lang.IllegalStateException">
            <message>
              <![CDATA[IUArrayList - removeLast]]>
            </message>
            <full-stacktrace>
              <![CDATA[java.lang.IllegalStateException: IUArrayList - removeLast
	at IUArrayList.removeLast(IUArrayList.java:312)
	at TestCase.removeLast(TestCase.java:81)
	at Test_newList.testRemoveLast(Test_newList.java:72)
	at sun.reflect.NativeMethodAccessorImpl.invoke0(Native Method)
	at sun.reflect.NativeMethodAccessorImpl.invoke(NativeMethodAccessorImpl.java:62)
	at sun.reflect.DelegatingMethodAccessorImpl.invoke(DelegatingMethodAccessorImpl.java:43)
	at java.lang.reflect.Method.invoke(Method.java:498)
	at org.testng.internal.MethodInvocationHelper.invokeMethod(MethodInvocationHelper.java:100)
	at org.testng.internal.Invoker.invokeMethod(Invoker.java:646)
	at org.testng.internal.Invoker.invokeTestMethod(Invoker.java:811)
	at org.testng.internal.Invoker.invokeTestMethods(Invoker.java:1137)
	at org.testng.internal.TestMethodWorker.invokeTestMethods(TestMethodWorker.java:129)
	at org.testng.internal.TestMethodWorker.run(TestMethodWorker.java:112)
	at org.testng.TestRunner.privateRun(TestRunner.java:753)
	at org.testng.TestRunner.run(TestRunner.java:607)
	at org.testng.SuiteRunner.runTest(SuiteRunner.java:368)
	at org.testng.SuiteRunner.runSequentially(SuiteRunner.java:363)
	at org.testng.SuiteRunner.privateRun(SuiteRunner.java:321)
	at org.testng.SuiteRunner.run(SuiteRunner.java:270)
	at org.testng.SuiteRunnerWorker.runSuite(SuiteRunnerWorker.java:52)
	at org.testng.SuiteRunnerWorker.run(SuiteRunnerWorker.java:86)
	at org.testng.TestNG.runSuitesSequentially(TestNG.java:1284)
	at org.testng.TestNG.runSuitesLocally(TestNG.java:1209)
	at org.testng.TestNG.runSuites(TestNG.java:1124)
	at org.testng.TestNG.run(TestNG.java:1096)
	at org.testng.remote.AbstractRemoteTestNG.run(AbstractRemoteTestNG.java:132)
	at org.testng.remote.RemoteTestNG.initAndRun(RemoteTestNG.java:236)
	at org.testng.remote.RemoteTestNG.main(RemoteTestNG.java:81)
]]>
            </full-stacktrace>
          </exception> <!-- java.lang.IllegalStateException -->
          <reporter-output>
          </reporter-output>
        </test-method> <!-- testRemoveLast -->
        <test-method status="PASS" signature="testRemove_invalidElement()[pri:0, instance:Test_newList@4520ebad]" name="testRemove_invalidElement" duration-ms="1" started-at="2016-10-31T16:47:22Z" finished-at="2016-10-31T16:47:22Z">
          <exception class="java.util.NoSuchElementException">
            <message>
              <![CDATA[IUArrayList - indexOf]]>
            </message>
            <full-stacktrace>
              <![CDATA[java.util.NoSuchElementException: IUArrayList - indexOf
	at IUArrayList.remove(IUArrayList.java:276)
	at TestCase.remove(TestCase.java:92)
	at Test_newList.testRemove_invalidElement(Test_newList.java:82)
	at sun.reflect.NativeMethodAccessorImpl.invoke0(Native Method)
	at sun.reflect.NativeMethodAccessorImpl.invoke(NativeMethodAccessorImpl.java:62)
	at sun.reflect.DelegatingMethodAccessorImpl.invoke(DelegatingMethodAccessorImpl.java:43)
	at java.lang.reflect.Method.invoke(Method.java:498)
	at org.testng.internal.MethodInvocationHelper.invokeMethod(MethodInvocationHelper.java:100)
	at org.testng.internal.Invoker.invokeMethod(Invoker.java:646)
	at org.testng.internal.Invoker.invokeTestMethod(Invoker.java:811)
	at org.testng.internal.Invoker.invokeTestMethods(Invoker.java:1137)
	at org.testng.internal.TestMethodWorker.invokeTestMethods(TestMethodWorker.java:129)
	at org.testng.internal.TestMethodWorker.run(TestMethodWorker.java:112)
	at org.testng.TestRunner.privateRun(TestRunner.java:753)
	at org.testng.TestRunner.run(TestRunner.java:607)
	at org.testng.SuiteRunner.runTest(SuiteRunner.java:368)
	at org.testng.SuiteRunner.runSequentially(SuiteRunner.java:363)
	at org.testng.SuiteRunner.privateRun(SuiteRunner.java:321)
	at org.testng.SuiteRunner.run(SuiteRunner.java:270)
	at org.testng.SuiteRunnerWorker.runSuite(SuiteRunnerWorker.java:52)
	at org.testng.SuiteRunnerWorker.run(SuiteRunnerWorker.java:86)
	at org.testng.TestNG.runSuitesSequentially(TestNG.java:1284)
	at org.testng.TestNG.runSuitesLocally(TestNG.java:1209)
	at org.testng.TestNG.runSuites(TestNG.java:1124)
	at org.testng.TestNG.run(TestNG.java:1096)
	at org.testng.remote.AbstractRemoteTestNG.run(AbstractRemoteTestNG.java:132)
	at org.testng.remote.RemoteTestNG.initAndRun(RemoteTestNG.java:236)
	at org.testng.remote.RemoteTestNG.main(RemoteTestNG.java:81)
]]>
            </full-stacktrace>
          </exception> <!-- java.util.NoSuchElementException -->
          <reporter-output>
          </reporter-output>
        </test-method> <!-- testRemove_invalidElement -->
        <test-method status="PASS" signature="initialize(java.lang.String)[pri:0, instance:Test_newList@4520ebad]" name="initialize" is-config="true" duration-ms="0" started-at="2016-10-31T16:47:22Z" finished-at="2016-10-31T16:47:22Z">
          <params>
            <param index="0">
              <value>
                <![CDATA[arrayList]]>
              </value>
            </param>
          </params>
          <reporter-output>
          </reporter-output>
        </test-method> <!-- initialize -->
        <test-method status="PASS" signature="initialize(java.lang.String)[pri:0, instance:Test_newList@4520ebad]" name="initialize" is-config="true" duration-ms="0" started-at="2016-10-31T16:47:22Z" finished-at="2016-10-31T16:47:22Z">
          <params>
            <param index="0">
              <value>
                <![CDATA[arrayList]]>
              </value>
            </param>
          </params>
          <reporter-output>
          </reporter-output>
        </test-method> <!-- initialize -->
        <test-method status="PASS" signature="testRemove_invalidIndex()[pri:0, instance:Test_newList@4520ebad]" name="testRemove_invalidIndex" duration-ms="1" started-at="2016-10-31T16:47:22Z" finished-at="2016-10-31T16:47:22Z">
          <exception class="java.lang.IndexOutOfBoundsException">
            <message>
              <![CDATA[IUArrayList - add(index)]]>
            </message>
            <full-stacktrace>
              <![CDATA[java.lang.IndexOutOfBoundsException: IUArrayList - add(index)
	at IUArrayList.remove(IUArrayList.java:243)
	at TestCase.remove(TestCase.java:181)
	at Test_newList.testRemove_invalidIndex(Test_newList.java:202)
	at sun.reflect.NativeMethodAccessorImpl.invoke0(Native Method)
	at sun.reflect.NativeMethodAccessorImpl.invoke(NativeMethodAccessorImpl.java:62)
	at sun.reflect.DelegatingMethodAccessorImpl.invoke(DelegatingMethodAccessorImpl.java:43)
	at java.lang.reflect.Method.invoke(Method.java:498)
	at org.testng.internal.MethodInvocationHelper.invokeMethod(MethodInvocationHelper.java:100)
	at org.testng.internal.Invoker.invokeMethod(Invoker.java:646)
	at org.testng.internal.Invoker.invokeTestMethod(Invoker.java:811)
	at org.testng.internal.Invoker.invokeTestMethods(Invoker.java:1137)
	at org.testng.internal.TestMethodWorker.invokeTestMethods(TestMethodWorker.java:129)
	at org.testng.internal.TestMethodWorker.run(TestMethodWorker.java:112)
	at org.testng.TestRunner.privateRun(TestRunner.java:753)
	at org.testng.TestRunner.run(TestRunner.java:607)
	at org.testng.SuiteRunner.runTest(SuiteRunner.java:368)
	at org.testng.SuiteRunner.runSequentially(SuiteRunner.java:363)
	at org.testng.SuiteRunner.privateRun(SuiteRunner.java:321)
	at org.testng.SuiteRunner.run(SuiteRunner.java:270)
	at org.testng.SuiteRunnerWorker.runSuite(SuiteRunnerWorker.java:52)
	at org.testng.SuiteRunnerWorker.run(SuiteRunnerWorker.java:86)
	at org.testng.TestNG.runSuitesSequentially(TestNG.java:1284)
	at org.testng.TestNG.runSuitesLocally(TestNG.java:1209)
	at org.testng.TestNG.runSuites(TestNG.java:1124)
	at org.testng.TestNG.run(TestNG.java:1096)
	at org.testng.remote.AbstractRemoteTestNG.run(AbstractRemoteTestNG.java:132)
	at org.testng.remote.RemoteTestNG.initAndRun(RemoteTestNG.java:236)
	at org.testng.remote.RemoteTestNG.main(RemoteTestNG.java:81)
]]>
            </full-stacktrace>
          </exception> <!-- java.lang.IndexOutOfBoundsException -->
          <reporter-output>
          </reporter-output>
        </test-method> <!-- testRemove_invalidIndex -->
        <test-method status="PASS" signature="initialize(java.lang.String)[pri:0, instance:Test_newList@4520ebad]" name="initialize" is-config="true" duration-ms="0" started-at="2016-10-31T16:47:22Z" finished-at="2016-10-31T16:47:22Z">
          <params>
            <param index="0">
              <value>
                <![CDATA[arrayList]]>
              </value>
            </param>
          </params>
          <reporter-output>
          </reporter-output>
        </test-method> <!-- initialize -->
        <test-method status="PASS" signature="testSet()[pri:0, instance:Test_newList@4520ebad]" name="testSet" duration-ms="1" started-at="2016-10-31T16:47:22Z" finished-at="2016-10-31T16:47:22Z">
          <exception class="java.lang.IndexOutOfBoundsException">
            <message>
              <![CDATA[IUArrayList - set]]>
            </message>
            <full-stacktrace>
              <![CDATA[java.lang.IndexOutOfBoundsException: IUArrayList - set
	at IUArrayList.set(IUArrayList.java:83)
	at TestCase.set(TestCase.java:193)
	at Test_newList.testSet(Test_newList.java:213)
	at sun.reflect.NativeMethodAccessorImpl.invoke0(Native Method)
	at sun.reflect.NativeMethodAccessorImpl.invoke(NativeMethodAccessorImpl.java:62)
	at sun.reflect.DelegatingMethodAccessorImpl.invoke(DelegatingMethodAccessorImpl.java:43)
	at java.lang.reflect.Method.invoke(Method.java:498)
	at org.testng.internal.MethodInvocationHelper.invokeMethod(MethodInvocationHelper.java:100)
	at org.testng.internal.Invoker.invokeMethod(Invoker.java:646)
	at org.testng.internal.Invoker.invokeTestMethod(Invoker.java:811)
	at org.testng.internal.Invoker.invokeTestMethods(Invoker.java:1137)
	at org.testng.internal.TestMethodWorker.invokeTestMethods(TestMethodWorker.java:129)
	at org.testng.internal.TestMethodWorker.run(TestMethodWorker.java:112)
	at org.testng.TestRunner.privateRun(TestRunner.java:753)
	at org.testng.TestRunner.run(TestRunner.java:607)
	at org.testng.SuiteRunner.runTest(SuiteRunner.java:368)
	at org.testng.SuiteRunner.runSequentially(SuiteRunner.java:363)
	at org.testng.SuiteRunner.privateRun(SuiteRunner.java:321)
	at org.testng.SuiteRunner.run(SuiteRunner.java:270)
	at org.testng.SuiteRunnerWorker.runSuite(SuiteRunnerWorker.java:52)
	at org.testng.SuiteRunnerWorker.run(SuiteRunnerWorker.java:86)
	at org.testng.TestNG.runSuitesSequentially(TestNG.java:1284)
	at org.testng.TestNG.runSuitesLocally(TestNG.java:1209)
	at org.testng.TestNG.runSuites(TestNG.java:1124)
	at org.testng.TestNG.run(TestNG.java:1096)
	at org.testng.remote.AbstractRemoteTestNG.run(AbstractRemoteTestNG.java:132)
	at org.testng.remote.RemoteTestNG.initAndRun(RemoteTestNG.java:236)
	at org.testng.remote.RemoteTestNG.main(RemoteTestNG.java:81)
]]>
            </full-stacktrace>
          </exception> <!-- java.lang.IndexOutOfBoundsException -->
          <reporter-output>
          </reporter-output>
        </test-method> <!-- testSet -->
        <test-method status="PASS" signature="initialize(java.lang.String)[pri:0, instance:Test_newList@4520ebad]" name="initialize" is-config="true" duration-ms="0" started-at="2016-10-31T16:47:22Z" finished-at="2016-10-31T16:47:22Z">
          <params>
            <param index="0">
              <value>
                <![CDATA[arrayList]]>
              </value>
            </param>
          </params>
          <reporter-output>
          </reporter-output>
        </test-method> <!-- initialize -->
        <test-method status="PASS" signature="testSize()[pri:0, instance:Test_newList@4520ebad]" name="testSize" duration-ms="2" started-at="2016-10-31T16:47:22Z" finished-at="2016-10-31T16:47:22Z">
          <reporter-output>
          </reporter-output>
        </test-method> <!-- testSize -->
      </class> <!-- Test_newList -->
    </test> <!-- IUArrayList -->
  </suite> <!-- Indexed Unordered List -->
</testng-results>
