<?xml version="1.0" encoding="UTF-8"?>
<!-- Generated by org.testng.reporters.JUnitXMLReporter -->
<testsuite hostname="Apollo" tests="38" failures="0" timestamp="12 Dec 2016 04:53:14 GMT" time="0.188" errors="0">
  <testcase name="testSortComparator_A" time="0.01" classname="SortTest"/>
  <testcase name="testSortComparator_AA" time="0.002" classname="SortTest"/>
  <testcase name="testSortComparator_AAB" time="0.006" classname="SortTest"/>
  <testcase name="testSortComparator_AB" time="0.001" classname="SortTest"/>
  <testcase name="testSortComparator_ABA" time="0.002" classname="SortTest"/>
  <testcase name="testSortComparator_ABC" time="0.001" classname="SortTest"/>
  <testcase name="testSortComparator_ACB" time="0.002" classname="SortTest"/>
  <testcase name="testSortComparator_BA" time="0.001" classname="SortTest"/>
  <testcase name="testSortComparator_BAA" time="0.001" classname="SortTest"/>
  <testcase name="testSortComparator_BAB" time="0.001" classname="SortTest"/>
  <testcase name="testSortComparator_BAC" time="0.001" classname="SortTest"/>
  <testcase name="testSortComparator_BCA" time="0.001" classname="SortTest"/>
  <testcase name="testSortComparator_BDAC" time="0.002" classname="SortTest"/>
  <testcase name="testSortComparator_BigList" time="0.011" classname="SortTest"/>
  <testcase name="testSortComparator_CAB" time="0.001" classname="SortTest"/>
  <testcase name="testSortComparator_CACB" time="0.002" classname="SortTest"/>
  <testcase name="testSortComparator_CADB" time="0.001" classname="SortTest"/>
  <testcase name="testSortComparator_CBA" time="0.001" classname="SortTest"/>
  <testcase name="testSortComparator_newList" time="0.001" classname="SortTest"/>
  <testcase name="testSort_A" time="0.001" classname="SortTest"/>
  <testcase name="testSort_AA" time="0.001" classname="SortTest"/>
  <testcase name="testSort_AAB" time="0.001" classname="SortTest"/>
  <testcase name="testSort_AB" time="0.001" classname="SortTest"/>
  <testcase name="testSort_ABA" time="0.001" classname="SortTest"/>
  <testcase name="testSort_ABC" time="0.002" classname="SortTest"/>
  <testcase name="testSort_ACB" time="0.001" classname="SortTest"/>
  <testcase name="testSort_BA" time="0.002" classname="SortTest"/>
  <testcase name="testSort_BAA" time="0.001" classname="SortTest"/>
  <testcase name="testSort_BAB" time="0.008" classname="SortTest"/>
  <testcase name="testSort_BAC" time="0.001" classname="SortTest"/>
  <testcase name="testSort_BCA" time="0.0" classname="SortTest"/>
  <testcase name="testSort_BDAC" time="0.002" classname="SortTest"/>
  <testcase name="testSort_BigList" time="0.003" classname="SortTest"/>
  <testcase name="testSort_CAB" time="0.001" classname="SortTest"/>
  <testcase name="testSort_CACB" time="0.001" classname="SortTest"/>
  <testcase name="testSort_CADB" time="0.001" classname="SortTest"/>
  <testcase name="testSort_CBA" time="0.001" classname="SortTest"/>
  <testcase name="testSort_newList" time="0.001" classname="SortTest"/>
</testsuite>
