<?xml version="1.0" encoding="UTF-8"?>
<!-- Generated by org.testng.reporters.JUnitXMLReporter -->
<testsuite hostname="Apollo" tests="699" failures="0" timestamp="8 Nov 2016 06:51:39 GMT" time="2.077" errors="0">
  <testcase name="testAdd" time="0.006" classname="Test_newList"/>
  <testcase name="testAddAfter_invalidElement" time="0.002" classname="Test_newList"/>
  <testcase name="testAddToFront" time="0.002" classname="Test_newList"/>
  <testcase name="testAddToRear" time="0.002" classname="Test_newList"/>
  <testcase name="testAdd_invalidIndex" time="0.002" classname="Test_newList"/>
  <testcase name="testAdd_invalidIndex" time="0.002" classname="Test_newList"/>
  <testcase name="testAdd_validIndex" time="0.002" classname="Test_newList"/>
  <testcase name="testContains_invalidElement" time="0.003" classname="Test_newList"/>
  <testcase name="testFirst" time="0.001" classname="Test_newList"/>
  <testcase name="testGet" time="0.002" classname="Test_newList"/>
  <testcase name="testIndexOf_invalidElement" time="0.001" classname="Test_newList"/>
  <testcase name="testIsEmpty" time="0.001" classname="Test_newList"/>
  <testcase name="testIterator" time="0.001" classname="Test_newList"/>
  <testcase name="testLast" time="0.001" classname="Test_newList"/>
  <testcase name="testRemoveFirst" time="0.002" classname="Test_newList"/>
  <testcase name="testRemoveLast" time="0.001" classname="Test_newList"/>
  <testcase name="testRemove_invalidElement" time="0.014" classname="Test_newList"/>
  <testcase name="testRemove_invalidIndex" time="0.001" classname="Test_newList"/>
  <testcase name="testSet" time="0.001" classname="Test_newList"/>
  <testcase name="testSize" time="0.002" classname="Test_newList"/>
  <testcase name="testAdd" time="0.001" classname="Test_emptyList_addToFrontA_A"/>
  <testcase name="testAddAfter_invalidElement" time="0.003" classname="Test_emptyList_addToFrontA_A"/>
  <testcase name="testAddAfter_validElement" time="0.001" classname="Test_emptyList_addToFrontA_A"/>
  <testcase name="testAddToFront" time="0.001" classname="Test_emptyList_addToFrontA_A"/>
  <testcase name="testAddToRear" time="0.0" classname="Test_emptyList_addToFrontA_A"/>
  <testcase name="testAdd_invalidIndex" time="0.001" classname="Test_emptyList_addToFrontA_A"/>
  <testcase name="testAdd_invalidIndex" time="0.001" classname="Test_emptyList_addToFrontA_A"/>
  <testcase name="testAdd_validIndex" time="0.001" classname="Test_emptyList_addToFrontA_A"/>
  <testcase name="testAdd_validIndex" time="0.002" classname="Test_emptyList_addToFrontA_A"/>
  <testcase name="testContains_invalidElement" time="0.001" classname="Test_emptyList_addToFrontA_A"/>
  <testcase name="testContains_validElement" time="0.001" classname="Test_emptyList_addToFrontA_A"/>
  <testcase name="testFirst" time="0.001" classname="Test_emptyList_addToFrontA_A"/>
  <testcase name="testGet_invalidIndex" time="0.0" classname="Test_emptyList_addToFrontA_A"/>
  <testcase name="testGet_invalidIndex" time="0.001" classname="Test_emptyList_addToFrontA_A"/>
  <testcase name="testGet_validIndex" time="0.0" classname="Test_emptyList_addToFrontA_A"/>
  <testcase name="testIndexOf_invalidElement" time="0.001" classname="Test_emptyList_addToFrontA_A"/>
  <testcase name="testIndexOf_validElement" time="0.0" classname="Test_emptyList_addToFrontA_A"/>
  <testcase name="testIsEmpty" time="0.0" classname="Test_emptyList_addToFrontA_A"/>
  <testcase name="testIterator" time="0.001" classname="Test_emptyList_addToFrontA_A"/>
  <testcase name="testLast" time="0.001" classname="Test_emptyList_addToFrontA_A"/>
  <testcase name="testRemoveFirst" time="0.008" classname="Test_emptyList_addToFrontA_A"/>
  <testcase name="testRemoveLast" time="0.0" classname="Test_emptyList_addToFrontA_A"/>
  <testcase name="testRemove_invalidElement" time="0.001" classname="Test_emptyList_addToFrontA_A"/>
  <testcase name="testRemove_invalidIndex" time="0.001" classname="Test_emptyList_addToFrontA_A"/>
  <testcase name="testRemove_invalidIndex" time="0.001" classname="Test_emptyList_addToFrontA_A"/>
  <testcase name="testRemove_validElement" time="0.0" classname="Test_emptyList_addToFrontA_A"/>
  <testcase name="testRemove_validIndex" time="0.001" classname="Test_emptyList_addToFrontA_A"/>
  <testcase name="testSet_invalidIndex" time="0.001" classname="Test_emptyList_addToFrontA_A"/>
  <testcase name="testSet_invalidIndex" time="0.001" classname="Test_emptyList_addToFrontA_A"/>
  <testcase name="testSet_validIndex" time="0.001" classname="Test_emptyList_addToFrontA_A"/>
  <testcase name="testSize" time="0.002" classname="Test_emptyList_addToFrontA_A"/>
  <testcase name="testAdd" time="0.001" classname="Test_emptyList_addToRearA_A"/>
  <testcase name="testAddAfter_invalidElement" time="0.001" classname="Test_emptyList_addToRearA_A"/>
  <testcase name="testAddAfter_validElement" time="0.002" classname="Test_emptyList_addToRearA_A"/>
  <testcase name="testAddToFront" time="0.001" classname="Test_emptyList_addToRearA_A"/>
  <testcase name="testAddToRear" time="0.001" classname="Test_emptyList_addToRearA_A"/>
  <testcase name="testAdd_invalidIndex" time="0.001" classname="Test_emptyList_addToRearA_A"/>
  <testcase name="testAdd_invalidIndex" time="0.0" classname="Test_emptyList_addToRearA_A"/>
  <testcase name="testAdd_validIndex" time="0.0" classname="Test_emptyList_addToRearA_A"/>
  <testcase name="testAdd_validIndex" time="0.002" classname="Test_emptyList_addToRearA_A"/>
  <testcase name="testContains_invalidElement" time="0.0" classname="Test_emptyList_addToRearA_A"/>
  <testcase name="testContains_validElement" time="0.001" classname="Test_emptyList_addToRearA_A"/>
  <testcase name="testFirst" time="0.001" classname="Test_emptyList_addToRearA_A"/>
  <testcase name="testGet_invalidIndex" time="0.003" classname="Test_emptyList_addToRearA_A"/>
  <testcase name="testGet_invalidIndex" time="0.001" classname="Test_emptyList_addToRearA_A"/>
  <testcase name="testGet_validIndex" time="0.001" classname="Test_emptyList_addToRearA_A"/>
  <testcase name="testIndexOf_invalidElement" time="0.001" classname="Test_emptyList_addToRearA_A"/>
  <testcase name="testIndexOf_validElement" time="0.001" classname="Test_emptyList_addToRearA_A"/>
  <testcase name="testIsEmpty" time="0.0" classname="Test_emptyList_addToRearA_A"/>
  <testcase name="testIterator" time="0.001" classname="Test_emptyList_addToRearA_A"/>
  <testcase name="testLast" time="0.001" classname="Test_emptyList_addToRearA_A"/>
  <testcase name="testRemoveFirst" time="0.0" classname="Test_emptyList_addToRearA_A"/>
  <testcase name="testRemoveLast" time="0.001" classname="Test_emptyList_addToRearA_A"/>
  <testcase name="testRemove_invalidElement" time="0.001" classname="Test_emptyList_addToRearA_A"/>
  <testcase name="testRemove_invalidIndex" time="0.001" classname="Test_emptyList_addToRearA_A"/>
  <testcase name="testRemove_invalidIndex" time="0.0" classname="Test_emptyList_addToRearA_A"/>
  <testcase name="testRemove_validElement" time="0.0" classname="Test_emptyList_addToRearA_A"/>
  <testcase name="testRemove_validIndex" time="0.001" classname="Test_emptyList_addToRearA_A"/>
  <testcase name="testSet_invalidIndex" time="0.001" classname="Test_emptyList_addToRearA_A"/>
  <testcase name="testSet_invalidIndex" time="0.0" classname="Test_emptyList_addToRearA_A"/>
  <testcase name="testSet_validIndex" time="0.001" classname="Test_emptyList_addToRearA_A"/>
  <testcase name="testSize" time="0.001" classname="Test_emptyList_addToRearA_A"/>
  <testcase name="testAdd" time="0.001" classname="Test_emptyList_addA_A"/>
  <testcase name="testAddAfter_invalidElement" time="0.0" classname="Test_emptyList_addA_A"/>
  <testcase name="testAddAfter_validElement" time="0.001" classname="Test_emptyList_addA_A"/>
  <testcase name="testAddToFront" time="0.004" classname="Test_emptyList_addA_A"/>
  <testcase name="testAddToRear" time="0.001" classname="Test_emptyList_addA_A"/>
  <testcase name="testAdd_invalidIndex" time="0.001" classname="Test_emptyList_addA_A"/>
  <testcase name="testAdd_invalidIndex" time="0.0" classname="Test_emptyList_addA_A"/>
  <testcase name="testAdd_validIndex" time="0.001" classname="Test_emptyList_addA_A"/>
  <testcase name="testAdd_validIndex" time="0.0" classname="Test_emptyList_addA_A"/>
  <testcase name="testContains_invalidElement" time="0.0" classname="Test_emptyList_addA_A"/>
  <testcase name="testContains_validElement" time="0.0" classname="Test_emptyList_addA_A"/>
  <testcase name="testFirst" time="0.006" classname="Test_emptyList_addA_A"/>
  <testcase name="testGet_invalidIndex" time="0.002" classname="Test_emptyList_addA_A"/>
  <testcase name="testGet_invalidIndex" time="0.001" classname="Test_emptyList_addA_A"/>
  <testcase name="testGet_validIndex" time="0.001" classname="Test_emptyList_addA_A"/>
  <testcase name="testIndexOf_invalidElement" time="0.001" classname="Test_emptyList_addA_A"/>
  <testcase name="testIndexOf_validElement" time="0.0" classname="Test_emptyList_addA_A"/>
  <testcase name="testIsEmpty" time="0.0" classname="Test_emptyList_addA_A"/>
  <testcase name="testIterator" time="0.001" classname="Test_emptyList_addA_A"/>
  <testcase name="testLast" time="0.0" classname="Test_emptyList_addA_A"/>
  <testcase name="testRemoveFirst" time="0.001" classname="Test_emptyList_addA_A"/>
  <testcase name="testRemoveLast" time="0.001" classname="Test_emptyList_addA_A"/>
  <testcase name="testRemove_invalidElement" time="0.0" classname="Test_emptyList_addA_A"/>
  <testcase name="testRemove_invalidIndex" time="0.001" classname="Test_emptyList_addA_A"/>
  <testcase name="testRemove_invalidIndex" time="0.001" classname="Test_emptyList_addA_A"/>
  <testcase name="testRemove_validElement" time="0.0" classname="Test_emptyList_addA_A"/>
  <testcase name="testRemove_validIndex" time="0.0" classname="Test_emptyList_addA_A"/>
  <testcase name="testSet_invalidIndex" time="0.005" classname="Test_emptyList_addA_A"/>
  <testcase name="testSet_invalidIndex" time="0.001" classname="Test_emptyList_addA_A"/>
  <testcase name="testSet_validIndex" time="0.001" classname="Test_emptyList_addA_A"/>
  <testcase name="testSize" time="0.001" classname="Test_emptyList_addA_A"/>
  <testcase name="testAdd" time="0.001" classname="Test_A_removeFirst_emptyList"/>
  <testcase name="testAddAfter_invalidElement" time="0.0" classname="Test_A_removeFirst_emptyList"/>
  <testcase name="testAddToFront" time="0.001" classname="Test_A_removeFirst_emptyList"/>
  <testcase name="testAddToRear" time="0.001" classname="Test_A_removeFirst_emptyList"/>
  <testcase name="testAdd_invalidIndex" time="0.0" classname="Test_A_removeFirst_emptyList"/>
  <testcase name="testAdd_invalidIndex" time="0.001" classname="Test_A_removeFirst_emptyList"/>
  <testcase name="testAdd_validIndex" time="0.0" classname="Test_A_removeFirst_emptyList"/>
  <testcase name="testContains_invalidElement" time="0.0" classname="Test_A_removeFirst_emptyList"/>
  <testcase name="testFirst" time="0.001" classname="Test_A_removeFirst_emptyList"/>
  <testcase name="testGet" time="0.001" classname="Test_A_removeFirst_emptyList"/>
  <testcase name="testIndexOf_invalidElement" time="0.0" classname="Test_A_removeFirst_emptyList"/>
  <testcase name="testIsEmpty" time="0.002" classname="Test_A_removeFirst_emptyList"/>
  <testcase name="testIterator" time="0.001" classname="Test_A_removeFirst_emptyList"/>
  <testcase name="testLast" time="0.0" classname="Test_A_removeFirst_emptyList"/>
  <testcase name="testRemoveFirst" time="0.002" classname="Test_A_removeFirst_emptyList"/>
  <testcase name="testRemoveLast" time="0.001" classname="Test_A_removeFirst_emptyList"/>
  <testcase name="testRemove_invalidElement" time="0.0" classname="Test_A_removeFirst_emptyList"/>
  <testcase name="testRemove_invalidIndex" time="0.0" classname="Test_A_removeFirst_emptyList"/>
  <testcase name="testSet" time="0.001" classname="Test_A_removeFirst_emptyList"/>
  <testcase name="testSize" time="0.0" classname="Test_A_removeFirst_emptyList"/>
  <testcase name="testAdd" time="0.0" classname="Test_A_removeLast_emptyList"/>
  <testcase name="testAddAfter_invalidElement" time="0.0" classname="Test_A_removeLast_emptyList"/>
  <testcase name="testAddToFront" time="0.001" classname="Test_A_removeLast_emptyList"/>
  <testcase name="testAddToRear" time="0.001" classname="Test_A_removeLast_emptyList"/>
  <testcase name="testAdd_invalidIndex" time="0.0" classname="Test_A_removeLast_emptyList"/>
  <testcase name="testAdd_invalidIndex" time="0.0" classname="Test_A_removeLast_emptyList"/>
  <testcase name="testAdd_validIndex" time="0.0" classname="Test_A_removeLast_emptyList"/>
  <testcase name="testContains_invalidElement" time="0.0" classname="Test_A_removeLast_emptyList"/>
  <testcase name="testFirst" time="0.0" classname="Test_A_removeLast_emptyList"/>
  <testcase name="testGet" time="0.0" classname="Test_A_removeLast_emptyList"/>
  <testcase name="testIndexOf_invalidElement" time="0.0" classname="Test_A_removeLast_emptyList"/>
  <testcase name="testIsEmpty" time="0.002" classname="Test_A_removeLast_emptyList"/>
  <testcase name="testIterator" time="0.0" classname="Test_A_removeLast_emptyList"/>
  <testcase name="testLast" time="0.001" classname="Test_A_removeLast_emptyList"/>
  <testcase name="testRemoveFirst" time="0.0" classname="Test_A_removeLast_emptyList"/>
  <testcase name="testRemoveLast" time="0.0" classname="Test_A_removeLast_emptyList"/>
  <testcase name="testRemove_invalidElement" time="0.001" classname="Test_A_removeLast_emptyList"/>
  <testcase name="testRemove_invalidIndex" time="0.0" classname="Test_A_removeLast_emptyList"/>
  <testcase name="testSet" time="0.001" classname="Test_A_removeLast_emptyList"/>
  <testcase name="testSize" time="0.0" classname="Test_A_removeLast_emptyList"/>
  <testcase name="testAdd" time="0.001" classname="Test_A_removeA_emptyList"/>
  <testcase name="testAddAfter_invalidElement" time="0.0" classname="Test_A_removeA_emptyList"/>
  <testcase name="testAddToFront" time="0.001" classname="Test_A_removeA_emptyList"/>
  <testcase name="testAddToRear" time="0.001" classname="Test_A_removeA_emptyList"/>
  <testcase name="testAdd_invalidIndex" time="0.0" classname="Test_A_removeA_emptyList"/>
  <testcase name="testAdd_invalidIndex" time="0.001" classname="Test_A_removeA_emptyList"/>
  <testcase name="testAdd_validIndex" time="0.0" classname="Test_A_removeA_emptyList"/>
  <testcase name="testContains_invalidElement" time="0.0" classname="Test_A_removeA_emptyList"/>
  <testcase name="testFirst" time="0.001" classname="Test_A_removeA_emptyList"/>
  <testcase name="testGet" time="0.0" classname="Test_A_removeA_emptyList"/>
  <testcase name="testIndexOf_invalidElement" time="0.001" classname="Test_A_removeA_emptyList"/>
  <testcase name="testIsEmpty" time="0.001" classname="Test_A_removeA_emptyList"/>
  <testcase name="testIterator" time="0.001" classname="Test_A_removeA_emptyList"/>
  <testcase name="testLast" time="0.001" classname="Test_A_removeA_emptyList"/>
  <testcase name="testRemoveFirst" time="0.0" classname="Test_A_removeA_emptyList"/>
  <testcase name="testRemoveLast" time="0.0" classname="Test_A_removeA_emptyList"/>
  <testcase name="testRemove_invalidElement" time="0.001" classname="Test_A_removeA_emptyList"/>
  <testcase name="testRemove_invalidIndex" time="0.0" classname="Test_A_removeA_emptyList"/>
  <testcase name="testSet" time="0.0" classname="Test_A_removeA_emptyList"/>
  <testcase name="testSize" time="0.001" classname="Test_A_removeA_emptyList"/>
  <testcase name="testAdd" time="0.0" classname="Test_A_addToFrontB_BA"/>
  <testcase name="testAddAfter_invalidElement" time="0.0" classname="Test_A_addToFrontB_BA"/>
  <testcase name="testAddAfter_validElement" time="0.0" classname="Test_A_addToFrontB_BA"/>
  <testcase name="testAddAfter_validElement" time="0.004" classname="Test_A_addToFrontB_BA"/>
  <testcase name="testAddToFront" time="0.001" classname="Test_A_addToFrontB_BA"/>
  <testcase name="testAddToRear" time="0.001" classname="Test_A_addToFrontB_BA"/>
  <testcase name="testAdd_invalidIndex" time="0.0" classname="Test_A_addToFrontB_BA"/>
  <testcase name="testAdd_invalidIndex" time="0.001" classname="Test_A_addToFrontB_BA"/>
  <testcase name="testAdd_validIndex" time="0.0" classname="Test_A_addToFrontB_BA"/>
  <testcase name="testAdd_validIndex" time="0.0" classname="Test_A_addToFrontB_BA"/>
  <testcase name="testAdd_validIndex" time="0.0" classname="Test_A_addToFrontB_BA"/>
  <testcase name="testContains_invalidElement" time="0.0" classname="Test_A_addToFrontB_BA"/>
  <testcase name="testContains_validElement" time="0.0" classname="Test_A_addToFrontB_BA"/>
  <testcase name="testContains_validElement" time="0.0" classname="Test_A_addToFrontB_BA"/>
  <testcase name="testFirst" time="0.0" classname="Test_A_addToFrontB_BA"/>
  <testcase name="testGet_invalidIndex" time="0.001" classname="Test_A_addToFrontB_BA"/>
  <testcase name="testGet_invalidIndex" time="0.001" classname="Test_A_addToFrontB_BA"/>
  <testcase name="testGet_validIndex" time="0.0" classname="Test_A_addToFrontB_BA"/>
  <testcase name="testGet_validIndex" time="0.0" classname="Test_A_addToFrontB_BA"/>
  <testcase name="testIndexOf_invalidElement" time="0.001" classname="Test_A_addToFrontB_BA"/>
  <testcase name="testIndexOf_validElement" time="0.001" classname="Test_A_addToFrontB_BA"/>
  <testcase name="testIndexOf_validElement" time="0.0" classname="Test_A_addToFrontB_BA"/>
  <testcase name="testIsEmpty" time="0.0" classname="Test_A_addToFrontB_BA"/>
  <testcase name="testIterator" time="0.0" classname="Test_A_addToFrontB_BA"/>
  <testcase name="testLast" time="0.0" classname="Test_A_addToFrontB_BA"/>
  <testcase name="testRemoveFirst" time="0.0" classname="Test_A_addToFrontB_BA"/>
  <testcase name="testRemoveLast" time="0.001" classname="Test_A_addToFrontB_BA"/>
  <testcase name="testRemove_invalidElement" time="0.0" classname="Test_A_addToFrontB_BA"/>
  <testcase name="testRemove_invalidIndex" time="0.0" classname="Test_A_addToFrontB_BA"/>
  <testcase name="testRemove_invalidIndex" time="0.001" classname="Test_A_addToFrontB_BA"/>
  <testcase name="testRemove_validElement" time="0.0" classname="Test_A_addToFrontB_BA"/>
  <testcase name="testRemove_validElement" time="0.0" classname="Test_A_addToFrontB_BA"/>
  <testcase name="testRemove_validIndex" time="0.001" classname="Test_A_addToFrontB_BA"/>
  <testcase name="testRemove_validIndex" time="0.0" classname="Test_A_addToFrontB_BA"/>
  <testcase name="testSet_invalidIndex" time="0.0" classname="Test_A_addToFrontB_BA"/>
  <testcase name="testSet_invalidIndex" time="0.001" classname="Test_A_addToFrontB_BA"/>
  <testcase name="testSet_validIndex" time="0.0" classname="Test_A_addToFrontB_BA"/>
  <testcase name="testSet_validIndex" time="0.0" classname="Test_A_addToFrontB_BA"/>
  <testcase name="testSize" time="0.0" classname="Test_A_addToFrontB_BA"/>
  <testcase name="testAdd" time="0.0" classname="Test_A_addToRearB_AB"/>
  <testcase name="testAddAfter_invalidElement" time="0.0" classname="Test_A_addToRearB_AB"/>
  <testcase name="testAddAfter_validElement" time="0.001" classname="Test_A_addToRearB_AB"/>
  <testcase name="testAddAfter_validElement" time="0.0" classname="Test_A_addToRearB_AB"/>
  <testcase name="testAddToFront" time="0.001" classname="Test_A_addToRearB_AB"/>
  <testcase name="testAddToRear" time="0.0" classname="Test_A_addToRearB_AB"/>
  <testcase name="testAdd_invalidIndex" time="0.004" classname="Test_A_addToRearB_AB"/>
  <testcase name="testAdd_invalidIndex" time="0.0" classname="Test_A_addToRearB_AB"/>
  <testcase name="testAdd_validIndex" time="0.001" classname="Test_A_addToRearB_AB"/>
  <testcase name="testAdd_validIndex" time="0.0" classname="Test_A_addToRearB_AB"/>
  <testcase name="testAdd_validIndex" time="0.0" classname="Test_A_addToRearB_AB"/>
  <testcase name="testContains_invalidElement" time="0.0" classname="Test_A_addToRearB_AB"/>
  <testcase name="testContains_validElement" time="0.001" classname="Test_A_addToRearB_AB"/>
  <testcase name="testContains_validElement" time="0.001" classname="Test_A_addToRearB_AB"/>
  <testcase name="testFirst" time="0.001" classname="Test_A_addToRearB_AB"/>
  <testcase name="testGet_invalidIndex" time="0.003" classname="Test_A_addToRearB_AB"/>
  <testcase name="testGet_invalidIndex" time="0.0" classname="Test_A_addToRearB_AB"/>
  <testcase name="testGet_validIndex" time="0.001" classname="Test_A_addToRearB_AB"/>
  <testcase name="testGet_validIndex" time="0.002" classname="Test_A_addToRearB_AB"/>
  <testcase name="testIndexOf_invalidElement" time="0.002" classname="Test_A_addToRearB_AB"/>
  <testcase name="testIndexOf_validElement" time="0.001" classname="Test_A_addToRearB_AB"/>
  <testcase name="testIndexOf_validElement" time="0.001" classname="Test_A_addToRearB_AB"/>
  <testcase name="testIsEmpty" time="0.001" classname="Test_A_addToRearB_AB"/>
  <testcase name="testIterator" time="0.001" classname="Test_A_addToRearB_AB"/>
  <testcase name="testLast" time="0.001" classname="Test_A_addToRearB_AB"/>
  <testcase name="testRemoveFirst" time="0.0" classname="Test_A_addToRearB_AB"/>
  <testcase name="testRemoveLast" time="0.001" classname="Test_A_addToRearB_AB"/>
  <testcase name="testRemove_invalidElement" time="0.001" classname="Test_A_addToRearB_AB"/>
  <testcase name="testRemove_invalidIndex" time="0.0" classname="Test_A_addToRearB_AB"/>
  <testcase name="testRemove_invalidIndex" time="0.0" classname="Test_A_addToRearB_AB"/>
  <testcase name="testRemove_validElement" time="0.001" classname="Test_A_addToRearB_AB"/>
  <testcase name="testRemove_validElement" time="0.0" classname="Test_A_addToRearB_AB"/>
  <testcase name="testRemove_validIndex" time="0.0" classname="Test_A_addToRearB_AB"/>
  <testcase name="testRemove_validIndex" time="0.0" classname="Test_A_addToRearB_AB"/>
  <testcase name="testSet_invalidIndex" time="0.001" classname="Test_A_addToRearB_AB"/>
  <testcase name="testSet_invalidIndex" time="0.0" classname="Test_A_addToRearB_AB"/>
  <testcase name="testSet_validIndex" time="0.001" classname="Test_A_addToRearB_AB"/>
  <testcase name="testSet_validIndex" time="0.0" classname="Test_A_addToRearB_AB"/>
  <testcase name="testSize" time="0.0" classname="Test_A_addToRearB_AB"/>
  <testcase name="testAdd" time="0.001" classname="Test_A_remove0_emptyList"/>
  <testcase name="testAddAfter_invalidElement" time="0.0" classname="Test_A_remove0_emptyList"/>
  <testcase name="testAddToFront" time="0.0" classname="Test_A_remove0_emptyList"/>
  <testcase name="testAddToRear" time="0.012" classname="Test_A_remove0_emptyList"/>
  <testcase name="testAdd_invalidIndex" time="0.001" classname="Test_A_remove0_emptyList"/>
  <testcase name="testAdd_invalidIndex" time="0.001" classname="Test_A_remove0_emptyList"/>
  <testcase name="testAdd_validIndex" time="0.001" classname="Test_A_remove0_emptyList"/>
  <testcase name="testContains_invalidElement" time="0.001" classname="Test_A_remove0_emptyList"/>
  <testcase name="testFirst" time="0.0" classname="Test_A_remove0_emptyList"/>
  <testcase name="testGet" time="0.0" classname="Test_A_remove0_emptyList"/>
  <testcase name="testIndexOf_invalidElement" time="0.0" classname="Test_A_remove0_emptyList"/>
  <testcase name="testIsEmpty" time="0.0" classname="Test_A_remove0_emptyList"/>
  <testcase name="testIterator" time="0.001" classname="Test_A_remove0_emptyList"/>
  <testcase name="testLast" time="0.001" classname="Test_A_remove0_emptyList"/>
  <testcase name="testRemoveFirst" time="0.001" classname="Test_A_remove0_emptyList"/>
  <testcase name="testRemoveLast" time="0.001" classname="Test_A_remove0_emptyList"/>
  <testcase name="testRemove_invalidElement" time="0.0" classname="Test_A_remove0_emptyList"/>
  <testcase name="testRemove_invalidIndex" time="0.0" classname="Test_A_remove0_emptyList"/>
  <testcase name="testSet" time="0.001" classname="Test_A_remove0_emptyList"/>
  <testcase name="testSize" time="0.0" classname="Test_A_remove0_emptyList"/>
  <testcase name="testAdd" time="0.0" classname="Test_A_set0B_B"/>
  <testcase name="testAddAfter_invalidElement" time="0.0" classname="Test_A_set0B_B"/>
  <testcase name="testAddAfter_validElement" time="0.001" classname="Test_A_set0B_B"/>
  <testcase name="testAddToFront" time="0.002" classname="Test_A_set0B_B"/>
  <testcase name="testAddToRear" time="0.0" classname="Test_A_set0B_B"/>
  <testcase name="testAdd_invalidIndex" time="0.0" classname="Test_A_set0B_B"/>
  <testcase name="testAdd_invalidIndex" time="0.0" classname="Test_A_set0B_B"/>
  <testcase name="testAdd_validIndex" time="0.001" classname="Test_A_set0B_B"/>
  <testcase name="testAdd_validIndex" time="0.001" classname="Test_A_set0B_B"/>
  <testcase name="testContains_invalidElement" time="0.0" classname="Test_A_set0B_B"/>
  <testcase name="testContains_validElement" time="0.001" classname="Test_A_set0B_B"/>
  <testcase name="testFirst" time="0.001" classname="Test_A_set0B_B"/>
  <testcase name="testGet_invalidIndex" time="0.001" classname="Test_A_set0B_B"/>
  <testcase name="testGet_invalidIndex" time="0.001" classname="Test_A_set0B_B"/>
  <testcase name="testGet_validIndex" time="0.001" classname="Test_A_set0B_B"/>
  <testcase name="testIndexOf_invalidElement" time="0.0" classname="Test_A_set0B_B"/>
  <testcase name="testIndexOf_validElement" time="0.001" classname="Test_A_set0B_B"/>
  <testcase name="testIsEmpty" time="0.0" classname="Test_A_set0B_B"/>
  <testcase name="testIterator" time="0.001" classname="Test_A_set0B_B"/>
  <testcase name="testLast" time="0.001" classname="Test_A_set0B_B"/>
  <testcase name="testRemoveFirst" time="0.001" classname="Test_A_set0B_B"/>
  <testcase name="testRemoveLast" time="0.0" classname="Test_A_set0B_B"/>
  <testcase name="testRemove_invalidElement" time="0.001" classname="Test_A_set0B_B"/>
  <testcase name="testRemove_invalidIndex" time="0.0" classname="Test_A_set0B_B"/>
  <testcase name="testRemove_invalidIndex" time="0.001" classname="Test_A_set0B_B"/>
  <testcase name="testRemove_validElement" time="0.0" classname="Test_A_set0B_B"/>
  <testcase name="testRemove_validIndex" time="0.001" classname="Test_A_set0B_B"/>
  <testcase name="testSet_invalidIndex" time="0.001" classname="Test_A_set0B_B"/>
  <testcase name="testSet_invalidIndex" time="0.001" classname="Test_A_set0B_B"/>
  <testcase name="testSet_validIndex" time="0.001" classname="Test_A_set0B_B"/>
  <testcase name="testSize" time="0.0" classname="Test_A_set0B_B"/>
  <testcase name="testAdd" time="0.001" classname="Test_AB_removeFirst_B"/>
  <testcase name="testAddAfter_invalidElement" time="0.001" classname="Test_AB_removeFirst_B"/>
  <testcase name="testAddAfter_validElement" time="0.0" classname="Test_AB_removeFirst_B"/>
  <testcase name="testAddToFront" time="0.001" classname="Test_AB_removeFirst_B"/>
  <testcase name="testAddToRear" time="0.001" classname="Test_AB_removeFirst_B"/>
  <testcase name="testAdd_invalidIndex" time="0.001" classname="Test_AB_removeFirst_B"/>
  <testcase name="testAdd_invalidIndex" time="0.0" classname="Test_AB_removeFirst_B"/>
  <testcase name="testAdd_validIndex" time="0.0" classname="Test_AB_removeFirst_B"/>
  <testcase name="testAdd_validIndex" time="0.0" classname="Test_AB_removeFirst_B"/>
  <testcase name="testContains_invalidElement" time="0.0" classname="Test_AB_removeFirst_B"/>
  <testcase name="testContains_validElement" time="0.001" classname="Test_AB_removeFirst_B"/>
  <testcase name="testFirst" time="0.001" classname="Test_AB_removeFirst_B"/>
  <testcase name="testGet_invalidIndex" time="0.001" classname="Test_AB_removeFirst_B"/>
  <testcase name="testGet_invalidIndex" time="0.0" classname="Test_AB_removeFirst_B"/>
  <testcase name="testGet_validIndex" time="0.001" classname="Test_AB_removeFirst_B"/>
  <testcase name="testIndexOf_invalidElement" time="0.008" classname="Test_AB_removeFirst_B"/>
  <testcase name="testIndexOf_validElement" time="0.0" classname="Test_AB_removeFirst_B"/>
  <testcase name="testIsEmpty" time="0.0" classname="Test_AB_removeFirst_B"/>
  <testcase name="testIterator" time="0.0" classname="Test_AB_removeFirst_B"/>
  <testcase name="testLast" time="0.0" classname="Test_AB_removeFirst_B"/>
  <testcase name="testRemoveFirst" time="0.0" classname="Test_AB_removeFirst_B"/>
  <testcase name="testRemoveLast" time="0.001" classname="Test_AB_removeFirst_B"/>
  <testcase name="testRemove_invalidElement" time="0.0" classname="Test_AB_removeFirst_B"/>
  <testcase name="testRemove_invalidIndex" time="0.005" classname="Test_AB_removeFirst_B"/>
  <testcase name="testRemove_invalidIndex" time="0.001" classname="Test_AB_removeFirst_B"/>
  <testcase name="testRemove_validElement" time="0.001" classname="Test_AB_removeFirst_B"/>
  <testcase name="testRemove_validIndex" time="0.001" classname="Test_AB_removeFirst_B"/>
  <testcase name="testSet_invalidIndex" time="0.0" classname="Test_AB_removeFirst_B"/>
  <testcase name="testSet_invalidIndex" time="0.0" classname="Test_AB_removeFirst_B"/>
  <testcase name="testSet_validIndex" time="0.0" classname="Test_AB_removeFirst_B"/>
  <testcase name="testSize" time="0.0" classname="Test_AB_removeFirst_B"/>
  <testcase name="testAdd" time="0.0" classname="Test_AB_removeLast_A"/>
  <testcase name="testAddAfter_invalidElement" time="0.001" classname="Test_AB_removeLast_A"/>
  <testcase name="testAddAfter_validElement" time="0.001" classname="Test_AB_removeLast_A"/>
  <testcase name="testAddToFront" time="0.001" classname="Test_AB_removeLast_A"/>
  <testcase name="testAddToRear" time="0.001" classname="Test_AB_removeLast_A"/>
  <testcase name="testAdd_invalidIndex" time="0.001" classname="Test_AB_removeLast_A"/>
  <testcase name="testAdd_invalidIndex" time="0.001" classname="Test_AB_removeLast_A"/>
  <testcase name="testAdd_validIndex" time="0.001" classname="Test_AB_removeLast_A"/>
  <testcase name="testAdd_validIndex" time="0.0" classname="Test_AB_removeLast_A"/>
  <testcase name="testContains_invalidElement" time="0.0" classname="Test_AB_removeLast_A"/>
  <testcase name="testContains_validElement" time="0.0" classname="Test_AB_removeLast_A"/>
  <testcase name="testFirst" time="0.008" classname="Test_AB_removeLast_A"/>
  <testcase name="testGet_invalidIndex" time="0.0" classname="Test_AB_removeLast_A"/>
  <testcase name="testGet_invalidIndex" time="0.0" classname="Test_AB_removeLast_A"/>
  <testcase name="testGet_validIndex" time="0.009" classname="Test_AB_removeLast_A"/>
  <testcase name="testIndexOf_invalidElement" time="0.0" classname="Test_AB_removeLast_A"/>
  <testcase name="testIndexOf_validElement" time="0.0" classname="Test_AB_removeLast_A"/>
  <testcase name="testIsEmpty" time="0.001" classname="Test_AB_removeLast_A"/>
  <testcase name="testIterator" time="0.001" classname="Test_AB_removeLast_A"/>
  <testcase name="testLast" time="0.004" classname="Test_AB_removeLast_A"/>
  <testcase name="testRemoveFirst" time="0.0" classname="Test_AB_removeLast_A"/>
  <testcase name="testRemoveLast" time="0.001" classname="Test_AB_removeLast_A"/>
  <testcase name="testRemove_invalidElement" time="0.0" classname="Test_AB_removeLast_A"/>
  <testcase name="testRemove_invalidIndex" time="0.0" classname="Test_AB_removeLast_A"/>
  <testcase name="testRemove_invalidIndex" time="0.0" classname="Test_AB_removeLast_A"/>
  <testcase name="testRemove_validElement" time="0.0" classname="Test_AB_removeLast_A"/>
  <testcase name="testRemove_validIndex" time="0.0" classname="Test_AB_removeLast_A"/>
  <testcase name="testSet_invalidIndex" time="0.0" classname="Test_AB_removeLast_A"/>
  <testcase name="testSet_invalidIndex" time="0.001" classname="Test_AB_removeLast_A"/>
  <testcase name="testSet_validIndex" time="0.001" classname="Test_AB_removeLast_A"/>
  <testcase name="testSize" time="0.001" classname="Test_AB_removeLast_A"/>
  <testcase name="testAdd" time="0.002" classname="Test_AB_removeB_A"/>
  <testcase name="testAddAfter_invalidElement" time="0.001" classname="Test_AB_removeB_A"/>
  <testcase name="testAddAfter_validElement" time="0.0" classname="Test_AB_removeB_A"/>
  <testcase name="testAddToFront" time="0.0" classname="Test_AB_removeB_A"/>
  <testcase name="testAddToRear" time="0.0" classname="Test_AB_removeB_A"/>
  <testcase name="testAdd_invalidIndex" time="0.001" classname="Test_AB_removeB_A"/>
  <testcase name="testAdd_invalidIndex" time="0.0" classname="Test_AB_removeB_A"/>
  <testcase name="testAdd_validIndex" time="0.0" classname="Test_AB_removeB_A"/>
  <testcase name="testAdd_validIndex" time="0.0" classname="Test_AB_removeB_A"/>
  <testcase name="testContains_invalidElement" time="0.001" classname="Test_AB_removeB_A"/>
  <testcase name="testContains_validElement" time="0.0" classname="Test_AB_removeB_A"/>
  <testcase name="testFirst" time="0.0" classname="Test_AB_removeB_A"/>
  <testcase name="testGet_invalidIndex" time="0.0" classname="Test_AB_removeB_A"/>
  <testcase name="testGet_invalidIndex" time="0.0" classname="Test_AB_removeB_A"/>
  <testcase name="testGet_validIndex" time="0.0" classname="Test_AB_removeB_A"/>
  <testcase name="testIndexOf_invalidElement" time="0.0" classname="Test_AB_removeB_A"/>
  <testcase name="testIndexOf_validElement" time="0.0" classname="Test_AB_removeB_A"/>
  <testcase name="testIsEmpty" time="0.0" classname="Test_AB_removeB_A"/>
  <testcase name="testIterator" time="0.0" classname="Test_AB_removeB_A"/>
  <testcase name="testLast" time="0.0" classname="Test_AB_removeB_A"/>
  <testcase name="testRemoveFirst" time="0.001" classname="Test_AB_removeB_A"/>
  <testcase name="testRemoveLast" time="0.0" classname="Test_AB_removeB_A"/>
  <testcase name="testRemove_invalidElement" time="0.0" classname="Test_AB_removeB_A"/>
  <testcase name="testRemove_invalidIndex" time="0.0" classname="Test_AB_removeB_A"/>
  <testcase name="testRemove_invalidIndex" time="0.0" classname="Test_AB_removeB_A"/>
  <testcase name="testRemove_validElement" time="0.0" classname="Test_AB_removeB_A"/>
  <testcase name="testRemove_validIndex" time="0.0" classname="Test_AB_removeB_A"/>
  <testcase name="testSet_invalidIndex" time="0.0" classname="Test_AB_removeB_A"/>
  <testcase name="testSet_invalidIndex" time="0.0" classname="Test_AB_removeB_A"/>
  <testcase name="testSet_validIndex" time="0.0" classname="Test_AB_removeB_A"/>
  <testcase name="testSize" time="0.0" classname="Test_AB_removeB_A"/>
  <testcase name="testAdd" time="0.0" classname="Test_AB_removeA_B"/>
  <testcase name="testAddAfter_invalidElement" time="0.0" classname="Test_AB_removeA_B"/>
  <testcase name="testAddAfter_validElement" time="0.0" classname="Test_AB_removeA_B"/>
  <testcase name="testAddToFront" time="0.0" classname="Test_AB_removeA_B"/>
  <testcase name="testAddToRear" time="0.001" classname="Test_AB_removeA_B"/>
  <testcase name="testAdd_invalidIndex" time="0.002" classname="Test_AB_removeA_B"/>
  <testcase name="testAdd_invalidIndex" time="0.007" classname="Test_AB_removeA_B"/>
  <testcase name="testAdd_validIndex" time="0.0" classname="Test_AB_removeA_B"/>
  <testcase name="testAdd_validIndex" time="0.0" classname="Test_AB_removeA_B"/>
  <testcase name="testContains_invalidElement" time="0.001" classname="Test_AB_removeA_B"/>
  <testcase name="testContains_validElement" time="0.0" classname="Test_AB_removeA_B"/>
  <testcase name="testFirst" time="0.0" classname="Test_AB_removeA_B"/>
  <testcase name="testGet_invalidIndex" time="0.0" classname="Test_AB_removeA_B"/>
  <testcase name="testGet_invalidIndex" time="0.001" classname="Test_AB_removeA_B"/>
  <testcase name="testGet_validIndex" time="0.001" classname="Test_AB_removeA_B"/>
  <testcase name="testIndexOf_invalidElement" time="0.001" classname="Test_AB_removeA_B"/>
  <testcase name="testIndexOf_validElement" time="0.001" classname="Test_AB_removeA_B"/>
  <testcase name="testIsEmpty" time="0.001" classname="Test_AB_removeA_B"/>
  <testcase name="testIterator" time="0.0" classname="Test_AB_removeA_B"/>
  <testcase name="testLast" time="0.0" classname="Test_AB_removeA_B"/>
  <testcase name="testRemoveFirst" time="0.0" classname="Test_AB_removeA_B"/>
  <testcase name="testRemoveLast" time="0.001" classname="Test_AB_removeA_B"/>
  <testcase name="testRemove_invalidElement" time="0.0" classname="Test_AB_removeA_B"/>
  <testcase name="testRemove_invalidIndex" time="0.0" classname="Test_AB_removeA_B"/>
  <testcase name="testRemove_invalidIndex" time="0.0" classname="Test_AB_removeA_B"/>
  <testcase name="testRemove_validElement" time="0.0" classname="Test_AB_removeA_B"/>
  <testcase name="testRemove_validIndex" time="0.0" classname="Test_AB_removeA_B"/>
  <testcase name="testSet_invalidIndex" time="0.0" classname="Test_AB_removeA_B"/>
  <testcase name="testSet_invalidIndex" time="0.0" classname="Test_AB_removeA_B"/>
  <testcase name="testSet_validIndex" time="0.0" classname="Test_AB_removeA_B"/>
  <testcase name="testSize" time="0.0" classname="Test_AB_removeA_B"/>
  <testcase name="testAdd" time="0.0" classname="Test_AB_remove0_B"/>
  <testcase name="testAddAfter_invalidElement" time="0.001" classname="Test_AB_remove0_B"/>
  <testcase name="testAddAfter_validElement" time="0.001" classname="Test_AB_remove0_B"/>
  <testcase name="testAddToFront" time="0.001" classname="Test_AB_remove0_B"/>
  <testcase name="testAddToRear" time="0.0" classname="Test_AB_remove0_B"/>
  <testcase name="testAdd_invalidIndex" time="0.001" classname="Test_AB_remove0_B"/>
  <testcase name="testAdd_invalidIndex" time="0.002" classname="Test_AB_remove0_B"/>
  <testcase name="testAdd_validIndex" time="0.0" classname="Test_AB_remove0_B"/>
  <testcase name="testAdd_validIndex" time="0.0" classname="Test_AB_remove0_B"/>
  <testcase name="testContains_invalidElement" time="0.001" classname="Test_AB_remove0_B"/>
  <testcase name="testContains_validElement" time="0.0" classname="Test_AB_remove0_B"/>
  <testcase name="testFirst" time="0.0" classname="Test_AB_remove0_B"/>
  <testcase name="testGet_invalidIndex" time="0.0" classname="Test_AB_remove0_B"/>
  <testcase name="testGet_invalidIndex" time="0.0" classname="Test_AB_remove0_B"/>
  <testcase name="testGet_validIndex" time="0.0" classname="Test_AB_remove0_B"/>
  <testcase name="testIndexOf_invalidElement" time="0.001" classname="Test_AB_remove0_B"/>
  <testcase name="testIndexOf_validElement" time="0.001" classname="Test_AB_remove0_B"/>
  <testcase name="testIsEmpty" time="0.001" classname="Test_AB_remove0_B"/>
  <testcase name="testIterator" time="0.0" classname="Test_AB_remove0_B"/>
  <testcase name="testLast" time="0.0" classname="Test_AB_remove0_B"/>
  <testcase name="testRemoveFirst" time="0.004" classname="Test_AB_remove0_B"/>
  <testcase name="testRemoveLast" time="0.002" classname="Test_AB_remove0_B"/>
  <testcase name="testRemove_invalidElement" time="0.001" classname="Test_AB_remove0_B"/>
  <testcase name="testRemove_invalidIndex" time="0.0" classname="Test_AB_remove0_B"/>
  <testcase name="testRemove_invalidIndex" time="0.001" classname="Test_AB_remove0_B"/>
  <testcase name="testRemove_validElement" time="0.0" classname="Test_AB_remove0_B"/>
  <testcase name="testRemove_validIndex" time="0.001" classname="Test_AB_remove0_B"/>
  <testcase name="testSet_invalidIndex" time="0.001" classname="Test_AB_remove0_B"/>
  <testcase name="testSet_invalidIndex" time="0.0" classname="Test_AB_remove0_B"/>
  <testcase name="testSet_validIndex" time="0.001" classname="Test_AB_remove0_B"/>
  <testcase name="testSize" time="0.0" classname="Test_AB_remove0_B"/>
  <testcase name="testAdd" time="0.001" classname="Test_AB_remove1_A"/>
  <testcase name="testAddAfter_invalidElement" time="0.001" classname="Test_AB_remove1_A"/>
  <testcase name="testAddAfter_validElement" time="0.001" classname="Test_AB_remove1_A"/>
  <testcase name="testAddToFront" time="0.0" classname="Test_AB_remove1_A"/>
  <testcase name="testAddToRear" time="0.0" classname="Test_AB_remove1_A"/>
  <testcase name="testAdd_invalidIndex" time="0.001" classname="Test_AB_remove1_A"/>
  <testcase name="testAdd_invalidIndex" time="0.0" classname="Test_AB_remove1_A"/>
  <testcase name="testAdd_validIndex" time="0.0" classname="Test_AB_remove1_A"/>
  <testcase name="testAdd_validIndex" time="0.001" classname="Test_AB_remove1_A"/>
  <testcase name="testContains_invalidElement" time="0.0" classname="Test_AB_remove1_A"/>
  <testcase name="testContains_validElement" time="0.0" classname="Test_AB_remove1_A"/>
  <testcase name="testFirst" time="0.001" classname="Test_AB_remove1_A"/>
  <testcase name="testGet_invalidIndex" time="0.001" classname="Test_AB_remove1_A"/>
  <testcase name="testGet_invalidIndex" time="0.001" classname="Test_AB_remove1_A"/>
  <testcase name="testGet_validIndex" time="0.001" classname="Test_AB_remove1_A"/>
  <testcase name="testIndexOf_invalidElement" time="0.0" classname="Test_AB_remove1_A"/>
  <testcase name="testIndexOf_validElement" time="0.0" classname="Test_AB_remove1_A"/>
  <testcase name="testIsEmpty" time="0.0" classname="Test_AB_remove1_A"/>
  <testcase name="testIterator" time="0.001" classname="Test_AB_remove1_A"/>
  <testcase name="testLast" time="0.0" classname="Test_AB_remove1_A"/>
  <testcase name="testRemoveFirst" time="0.0" classname="Test_AB_remove1_A"/>
  <testcase name="testRemoveLast" time="0.001" classname="Test_AB_remove1_A"/>
  <testcase name="testRemove_invalidElement" time="0.001" classname="Test_AB_remove1_A"/>
  <testcase name="testRemove_invalidIndex" time="0.001" classname="Test_AB_remove1_A"/>
  <testcase name="testRemove_invalidIndex" time="0.001" classname="Test_AB_remove1_A"/>
  <testcase name="testRemove_validElement" time="0.001" classname="Test_AB_remove1_A"/>
  <testcase name="testRemove_validIndex" time="0.001" classname="Test_AB_remove1_A"/>
  <testcase name="testSet_invalidIndex" time="0.0" classname="Test_AB_remove1_A"/>
  <testcase name="testSet_invalidIndex" time="0.0" classname="Test_AB_remove1_A"/>
  <testcase name="testSet_validIndex" time="0.001" classname="Test_AB_remove1_A"/>
  <testcase name="testSize" time="0.0" classname="Test_AB_remove1_A"/>
  <testcase name="testAdd" time="0.001" classname="Test_ABC_remove1_AC"/>
  <testcase name="testAddAfter_invalidElement" time="0.0" classname="Test_ABC_remove1_AC"/>
  <testcase name="testAddAfter_validElement" time="0.0" classname="Test_ABC_remove1_AC"/>
  <testcase name="testAddAfter_validElement" time="0.0" classname="Test_ABC_remove1_AC"/>
  <testcase name="testAddToFront" time="0.001" classname="Test_ABC_remove1_AC"/>
  <testcase name="testAddToRear" time="0.0" classname="Test_ABC_remove1_AC"/>
  <testcase name="testAdd_invalidIndex" time="0.0" classname="Test_ABC_remove1_AC"/>
  <testcase name="testAdd_invalidIndex" time="0.0" classname="Test_ABC_remove1_AC"/>
  <testcase name="testAdd_validIndex" time="0.0" classname="Test_ABC_remove1_AC"/>
  <testcase name="testAdd_validIndex" time="0.0" classname="Test_ABC_remove1_AC"/>
  <testcase name="testAdd_validIndex" time="0.0" classname="Test_ABC_remove1_AC"/>
  <testcase name="testContains_invalidElement" time="0.0" classname="Test_ABC_remove1_AC"/>
  <testcase name="testContains_validElement" time="0.0" classname="Test_ABC_remove1_AC"/>
  <testcase name="testContains_validElement" time="0.001" classname="Test_ABC_remove1_AC"/>
  <testcase name="testFirst" time="0.0" classname="Test_ABC_remove1_AC"/>
  <testcase name="testGet_invalidIndex" time="0.001" classname="Test_ABC_remove1_AC"/>
  <testcase name="testGet_invalidIndex" time="0.0" classname="Test_ABC_remove1_AC"/>
  <testcase name="testGet_validIndex" time="0.0" classname="Test_ABC_remove1_AC"/>
  <testcase name="testGet_validIndex" time="0.0" classname="Test_ABC_remove1_AC"/>
  <testcase name="testIndexOf" time="0.0" classname="Test_ABC_remove1_AC"/>
  <testcase name="testIndexOf" time="0.0" classname="Test_ABC_remove1_AC"/>
  <testcase name="testIndexOf" time="0.0" classname="Test_ABC_remove1_AC"/>
  <testcase name="testIsEmpty" time="0.0" classname="Test_ABC_remove1_AC"/>
  <testcase name="testIterator" time="0.0" classname="Test_ABC_remove1_AC"/>
  <testcase name="testLast" time="0.0" classname="Test_ABC_remove1_AC"/>
  <testcase name="testRemoveFirst" time="0.0" classname="Test_ABC_remove1_AC"/>
  <testcase name="testRemoveLast" time="0.0" classname="Test_ABC_remove1_AC"/>
  <testcase name="testRemove_invalidElement" time="0.001" classname="Test_ABC_remove1_AC"/>
  <testcase name="testRemove_invalidIndex" time="0.0" classname="Test_ABC_remove1_AC"/>
  <testcase name="testRemove_invalidIndex" time="0.0" classname="Test_ABC_remove1_AC"/>
  <testcase name="testRemove_validElement" time="0.0" classname="Test_ABC_remove1_AC"/>
  <testcase name="testRemove_validElement" time="0.001" classname="Test_ABC_remove1_AC"/>
  <testcase name="testRemove_validIndex" time="0.001" classname="Test_ABC_remove1_AC"/>
  <testcase name="testRemove_validIndex" time="0.0" classname="Test_ABC_remove1_AC"/>
  <testcase name="testSet_invalidIndex" time="0.0" classname="Test_ABC_remove1_AC"/>
  <testcase name="testSet_invalidIndex" time="0.0" classname="Test_ABC_remove1_AC"/>
  <testcase name="testSet_validIndex" time="0.0" classname="Test_ABC_remove1_AC"/>
  <testcase name="testSet_validIndex" time="0.0" classname="Test_ABC_remove1_AC"/>
  <testcase name="testSize" time="0.0" classname="Test_ABC_remove1_AC"/>
  <testcase name="testAdd" time="0.001" classname="Test_ABC_removeA_BC"/>
  <testcase name="testAddAfter_invalidElement" time="0.001" classname="Test_ABC_removeA_BC"/>
  <testcase name="testAddAfter_validElement" time="0.001" classname="Test_ABC_removeA_BC"/>
  <testcase name="testAddAfter_validElement" time="0.0" classname="Test_ABC_removeA_BC"/>
  <testcase name="testAddToFront" time="0.0" classname="Test_ABC_removeA_BC"/>
  <testcase name="testAddToRear" time="0.0" classname="Test_ABC_removeA_BC"/>
  <testcase name="testAdd_invalidIndex" time="0.0" classname="Test_ABC_removeA_BC"/>
  <testcase name="testAdd_invalidIndex" time="0.001" classname="Test_ABC_removeA_BC"/>
  <testcase name="testAdd_validIndex" time="0.0" classname="Test_ABC_removeA_BC"/>
  <testcase name="testAdd_validIndex" time="0.0" classname="Test_ABC_removeA_BC"/>
  <testcase name="testAdd_validIndex" time="0.0" classname="Test_ABC_removeA_BC"/>
  <testcase name="testContains_invalidElement" time="0.001" classname="Test_ABC_removeA_BC"/>
  <testcase name="testContains_validElement" time="0.001" classname="Test_ABC_removeA_BC"/>
  <testcase name="testContains_validElement" time="0.0" classname="Test_ABC_removeA_BC"/>
  <testcase name="testFirst" time="0.0" classname="Test_ABC_removeA_BC"/>
  <testcase name="testGet_invalidIndex" time="0.0" classname="Test_ABC_removeA_BC"/>
  <testcase name="testGet_invalidIndex" time="0.0" classname="Test_ABC_removeA_BC"/>
  <testcase name="testGet_validIndex" time="0.0" classname="Test_ABC_removeA_BC"/>
  <testcase name="testGet_validIndex" time="0.0" classname="Test_ABC_removeA_BC"/>
  <testcase name="testIndexOf_invalidElement" time="0.001" classname="Test_ABC_removeA_BC"/>
  <testcase name="testIndexOf_validElement" time="0.0" classname="Test_ABC_removeA_BC"/>
  <testcase name="testIndexOf_validElement" time="0.0" classname="Test_ABC_removeA_BC"/>
  <testcase name="testIsEmpty" time="0.0" classname="Test_ABC_removeA_BC"/>
  <testcase name="testIterator" time="0.0" classname="Test_ABC_removeA_BC"/>
  <testcase name="testLast" time="0.0" classname="Test_ABC_removeA_BC"/>
  <testcase name="testRemoveFirst" time="0.0" classname="Test_ABC_removeA_BC"/>
  <testcase name="testRemoveLast" time="0.0" classname="Test_ABC_removeA_BC"/>
  <testcase name="testRemove_invalidElement" time="0.0" classname="Test_ABC_removeA_BC"/>
  <testcase name="testRemove_invalidIndex" time="0.0" classname="Test_ABC_removeA_BC"/>
  <testcase name="testRemove_invalidIndex" time="0.0" classname="Test_ABC_removeA_BC"/>
  <testcase name="testRemove_validElement" time="0.001" classname="Test_ABC_removeA_BC"/>
  <testcase name="testRemove_validElement" time="0.0" classname="Test_ABC_removeA_BC"/>
  <testcase name="testRemove_validIndex" time="0.0" classname="Test_ABC_removeA_BC"/>
  <testcase name="testRemove_validIndex" time="0.0" classname="Test_ABC_removeA_BC"/>
  <testcase name="testSet_invalidIndex" time="0.001" classname="Test_ABC_removeA_BC"/>
  <testcase name="testSet_invalidIndex" time="0.006" classname="Test_ABC_removeA_BC"/>
  <testcase name="testSet_validIndex" time="0.001" classname="Test_ABC_removeA_BC"/>
  <testcase name="testSet_validIndex" time="0.0" classname="Test_ABC_removeA_BC"/>
  <testcase name="testSize" time="0.0" classname="Test_ABC_removeA_BC"/>
  <testcase name="testAdd" time="0.001" classname="Test_ABC_removeFirst_BC"/>
  <testcase name="testAddAfter_invalidElement" time="0.0" classname="Test_ABC_removeFirst_BC"/>
  <testcase name="testAddAfter_validElement" time="0.001" classname="Test_ABC_removeFirst_BC"/>
  <testcase name="testAddAfter_validElement" time="0.0" classname="Test_ABC_removeFirst_BC"/>
  <testcase name="testAddToFront" time="0.0" classname="Test_ABC_removeFirst_BC"/>
  <testcase name="testAddToRear" time="0.001" classname="Test_ABC_removeFirst_BC"/>
  <testcase name="testAdd_invalidIndex" time="0.0" classname="Test_ABC_removeFirst_BC"/>
  <testcase name="testAdd_invalidIndex" time="0.0" classname="Test_ABC_removeFirst_BC"/>
  <testcase name="testAdd_validIndex" time="0.0" classname="Test_ABC_removeFirst_BC"/>
  <testcase name="testAdd_validIndex" time="0.0" classname="Test_ABC_removeFirst_BC"/>
  <testcase name="testAdd_validIndex" time="0.001" classname="Test_ABC_removeFirst_BC"/>
  <testcase name="testContains_invalidElement" time="0.0" classname="Test_ABC_removeFirst_BC"/>
  <testcase name="testContains_validElement" time="0.0" classname="Test_ABC_removeFirst_BC"/>
  <testcase name="testContains_validElement" time="0.0" classname="Test_ABC_removeFirst_BC"/>
  <testcase name="testFirst" time="0.0" classname="Test_ABC_removeFirst_BC"/>
  <testcase name="testGet_invalidIndex" time="0.001" classname="Test_ABC_removeFirst_BC"/>
  <testcase name="testGet_invalidIndex" time="0.001" classname="Test_ABC_removeFirst_BC"/>
  <testcase name="testGet_validIndex" time="0.0" classname="Test_ABC_removeFirst_BC"/>
  <testcase name="testGet_validIndex" time="0.0" classname="Test_ABC_removeFirst_BC"/>
  <testcase name="testIndexOf_invalidElement" time="0.0" classname="Test_ABC_removeFirst_BC"/>
  <testcase name="testIndexOf_validElement" time="0.0" classname="Test_ABC_removeFirst_BC"/>
  <testcase name="testIndexOf_validElement" time="0.0" classname="Test_ABC_removeFirst_BC"/>
  <testcase name="testIsEmpty" time="0.0" classname="Test_ABC_removeFirst_BC"/>
  <testcase name="testIterator" time="0.0" classname="Test_ABC_removeFirst_BC"/>
  <testcase name="testLast" time="0.0" classname="Test_ABC_removeFirst_BC"/>
  <testcase name="testRemoveFirst" time="0.0" classname="Test_ABC_removeFirst_BC"/>
  <testcase name="testRemoveLast" time="0.001" classname="Test_ABC_removeFirst_BC"/>
  <testcase name="testRemove_invalidElement" time="0.0" classname="Test_ABC_removeFirst_BC"/>
  <testcase name="testRemove_invalidIndex" time="0.0" classname="Test_ABC_removeFirst_BC"/>
  <testcase name="testRemove_invalidIndex" time="0.0" classname="Test_ABC_removeFirst_BC"/>
  <testcase name="testRemove_validElement" time="0.0" classname="Test_ABC_removeFirst_BC"/>
  <testcase name="testRemove_validElement" time="0.0" classname="Test_ABC_removeFirst_BC"/>
  <testcase name="testRemove_validIndex" time="0.001" classname="Test_ABC_removeFirst_BC"/>
  <testcase name="testRemove_validIndex" time="0.0" classname="Test_ABC_removeFirst_BC"/>
  <testcase name="testSet_invalidIndex" time="0.001" classname="Test_ABC_removeFirst_BC"/>
  <testcase name="testSet_invalidIndex" time="0.001" classname="Test_ABC_removeFirst_BC"/>
  <testcase name="testSet_validIndex" time="0.001" classname="Test_ABC_removeFirst_BC"/>
  <testcase name="testSet_validIndex" time="0.0" classname="Test_ABC_removeFirst_BC"/>
  <testcase name="testSize" time="0.0" classname="Test_ABC_removeFirst_BC"/>
  <testcase name="testAdd" time="0.001" classname="Test_20"/>
  <testcase name="testAddAfter_invalidElement" time="0.001" classname="Test_20"/>
  <testcase name="testAddAfter_validElement" time="0.001" classname="Test_20"/>
  <testcase name="testAddAfter_validElement" time="0.0" classname="Test_20"/>
  <testcase name="testAddAfter_validElement" time="0.003" classname="Test_20"/>
  <testcase name="testAddToFront" time="0.0" classname="Test_20"/>
  <testcase name="testAddToRear" time="0.0" classname="Test_20"/>
  <testcase name="testAdd_invalidIndex" time="0.0" classname="Test_20"/>
  <testcase name="testAdd_invalidIndex" time="0.0" classname="Test_20"/>
  <testcase name="testAdd_validIndex" time="0.0" classname="Test_20"/>
  <testcase name="testAdd_validIndex" time="0.0" classname="Test_20"/>
  <testcase name="testAdd_validIndex" time="0.0" classname="Test_20"/>
  <testcase name="testAdd_validIndex" time="0.001" classname="Test_20"/>
  <testcase name="testContains_invalidElement" time="0.0" classname="Test_20"/>
  <testcase name="testContains_validElement" time="0.0" classname="Test_20"/>
  <testcase name="testContains_validElement" time="0.0" classname="Test_20"/>
  <testcase name="testContains_validElement" time="0.0" classname="Test_20"/>
  <testcase name="testFirst" time="0.0" classname="Test_20"/>
  <testcase name="testGet_invalidIndex" time="0.001" classname="Test_20"/>
  <testcase name="testGet_invalidIndex" time="0.0" classname="Test_20"/>
  <testcase name="testGet_validIndex" time="0.001" classname="Test_20"/>
  <testcase name="testGet_validIndex" time="0.0" classname="Test_20"/>
  <testcase name="testGet_validIndex" time="0.001" classname="Test_20"/>
  <testcase name="testIndexOf_invalidElement" time="0.0" classname="Test_20"/>
  <testcase name="testIndexOf_validElement" time="0.0" classname="Test_20"/>
  <testcase name="testIndexOf_validElement" time="0.001" classname="Test_20"/>
  <testcase name="testIndexOf_validElement" time="0.0" classname="Test_20"/>
  <testcase name="testIsEmpty" time="0.0" classname="Test_20"/>
  <testcase name="testIterator" time="0.0" classname="Test_20"/>
  <testcase name="testLast" time="0.001" classname="Test_20"/>
  <testcase name="testRemoveFirst" time="0.0" classname="Test_20"/>
  <testcase name="testRemoveLast" time="0.001" classname="Test_20"/>
  <testcase name="testRemove_invalidElement" time="0.0" classname="Test_20"/>
  <testcase name="testRemove_invalidIndex" time="0.001" classname="Test_20"/>
  <testcase name="testRemove_invalidIndex" time="0.001" classname="Test_20"/>
  <testcase name="testRemove_validElement" time="0.0" classname="Test_20"/>
  <testcase name="testRemove_validElement" time="0.001" classname="Test_20"/>
  <testcase name="testRemove_validElement" time="0.0" classname="Test_20"/>
  <testcase name="testRemove_validIndex" time="0.0" classname="Test_20"/>
  <testcase name="testRemove_validIndex" time="0.001" classname="Test_20"/>
  <testcase name="testRemove_validIndex" time="0.0" classname="Test_20"/>
  <testcase name="testSet_invalidIndex" time="0.0" classname="Test_20"/>
  <testcase name="testSet_invalidIndex" time="0.0" classname="Test_20"/>
  <testcase name="testSet_validIndex" time="0.0" classname="Test_20"/>
  <testcase name="testSet_validIndex" time="0.0" classname="Test_20"/>
  <testcase name="testSet_validIndex" time="0.0" classname="Test_20"/>
  <testcase name="testSize" time="0.001" classname="Test_20"/>
  <testcase name="testAdd" time="0.0" classname="Test_21"/>
  <testcase name="testAddAfter_invalidElement" time="0.0" classname="Test_21"/>
  <testcase name="testAddAfter_validElement" time="0.0" classname="Test_21"/>
  <testcase name="testAddAfter_validElement" time="0.001" classname="Test_21"/>
  <testcase name="testAddAfter_validElement" time="0.0" classname="Test_21"/>
  <testcase name="testAddToFront" time="0.001" classname="Test_21"/>
  <testcase name="testAddToRear" time="0.0" classname="Test_21"/>
  <testcase name="testAdd_invalidIndex" time="0.0" classname="Test_21"/>
  <testcase name="testAdd_invalidIndex" time="0.0" classname="Test_21"/>
  <testcase name="testAdd_validIndex" time="0.0" classname="Test_21"/>
  <testcase name="testAdd_validIndex" time="0.0" classname="Test_21"/>
  <testcase name="testAdd_validIndex" time="0.0" classname="Test_21"/>
  <testcase name="testAdd_validIndex" time="0.0" classname="Test_21"/>
  <testcase name="testContains_invalidElement" time="0.0" classname="Test_21"/>
  <testcase name="testContains_validElement" time="0.0" classname="Test_21"/>
  <testcase name="testContains_validElement" time="0.0" classname="Test_21"/>
  <testcase name="testContains_validElement" time="0.001" classname="Test_21"/>
  <testcase name="testFirst" time="0.0" classname="Test_21"/>
  <testcase name="testGet_invalidIndex" time="0.0" classname="Test_21"/>
  <testcase name="testGet_invalidIndex" time="0.0" classname="Test_21"/>
  <testcase name="testGet_validIndex" time="0.0" classname="Test_21"/>
  <testcase name="testGet_validIndex" time="0.0" classname="Test_21"/>
  <testcase name="testGet_validIndex" time="0.01" classname="Test_21"/>
  <testcase name="testIndexOf_invalidElement" time="0.0" classname="Test_21"/>
  <testcase name="testIndexOf_validElement" time="0.0" classname="Test_21"/>
  <testcase name="testIndexOf_validElement" time="0.0" classname="Test_21"/>
  <testcase name="testIndexOf_validElement" time="0.001" classname="Test_21"/>
  <testcase name="testIsEmpty" time="0.0" classname="Test_21"/>
  <testcase name="testIterator" time="0.0" classname="Test_21"/>
  <testcase name="testLast" time="0.001" classname="Test_21"/>
  <testcase name="testRemoveFirst" time="0.0" classname="Test_21"/>
  <testcase name="testRemoveLast" time="0.001" classname="Test_21"/>
  <testcase name="testRemove_invalidElement" time="0.0" classname="Test_21"/>
  <testcase name="testRemove_invalidIndex" time="0.0" classname="Test_21"/>
  <testcase name="testRemove_invalidIndex" time="0.0" classname="Test_21"/>
  <testcase name="testRemove_validElement" time="0.001" classname="Test_21"/>
  <testcase name="testRemove_validElement" time="0.0" classname="Test_21"/>
  <testcase name="testRemove_validElement" time="0.0" classname="Test_21"/>
  <testcase name="testRemove_validIndex" time="0.0" classname="Test_21"/>
  <testcase name="testRemove_validIndex" time="0.001" classname="Test_21"/>
  <testcase name="testRemove_validIndex" time="0.0" classname="Test_21"/>
  <testcase name="testSet_invalidIndex" time="0.0" classname="Test_21"/>
  <testcase name="testSet_invalidIndex" time="0.0" classname="Test_21"/>
  <testcase name="testSet_validIndex" time="0.001" classname="Test_21"/>
  <testcase name="testSet_validIndex" time="0.0" classname="Test_21"/>
  <testcase name="testSet_validIndex" time="0.0" classname="Test_21"/>
  <testcase name="testSize" time="0.0" classname="Test_21"/>
</testsuite>
